<?xml version="1.0" encoding="UTF-8"?>
<coverage generated="1780858302716" clover="3.2.0">
  <project timestamp="1780858302716" name="All files">
    <metrics statements="226" coveredstatements="180" conditionals="159" coveredconditionals="104" methods="21" coveredmethods="14" elements="406" coveredelements="298" complexity="0" loc="226" ncloc="226" packages="1" files="4" classes="4"/>
    <file name="generatePlan.js" path="D:\Fitdesi\functions\src\generatePlan.js">
      <metrics statements="102" coveredstatements="78" conditionals="57" coveredconditionals="31" methods="14" coveredmethods="7"/>
      <line num="3" count="1" type="stmt"/>
      <line num="4" count="1" type="stmt"/>
      <line num="5" count="1" type="stmt"/>
      <line num="7" count="1" type="stmt"/>
      <line num="8" count="1" type="stmt"/>
      <line num="10" count="1" type="stmt"/>
      <line num="13" count="0" type="stmt"/>
      <line num="14" count="0" type="cond" truecount="0" falsecount="2"/>
      <line num="15" count="0" type="stmt"/>
      <line num="16" count="0" type="stmt"/>
      <line num="17" count="0" type="stmt"/>
      <line num="21" count="5" type="stmt"/>
      <line num="22" count="5" type="stmt"/>
      <line num="23" count="5" type="stmt"/>
      <line num="25" count="1" type="stmt"/>
      <line num="29" count="1" type="stmt"/>
      <line num="30" count="8" type="cond" truecount="1" falsecount="1"/>
      <line num="31" count="0" type="stmt"/>
      <line num="34" count="8" type="stmt"/>
      <line num="35" count="8" type="cond" truecount="2" falsecount="0"/>
      <line num="36" count="1" type="stmt"/>
      <line num="39" count="7" type="stmt"/>
      <line num="40" count="7" type="stmt"/>
      <line num="41" count="7" type="stmt"/>
      <line num="43" count="7" type="stmt"/>
      <line num="44" count="7" type="stmt"/>
      <line num="46" count="6" type="stmt"/>
      <line num="47" count="6" type="cond" truecount="1" falsecount="1"/>
      <line num="48" count="0" type="stmt"/>
      <line num="58" count="6" type="stmt"/>
      <line num="60" count="6" type="stmt"/>
      <line num="66" count="6" type="stmt"/>
      <line num="68" count="0" type="stmt"/>
      <line num="69" count="0" type="stmt"/>
      <line num="72" count="0" type="stmt"/>
      <line num="75" count="0" type="stmt"/>
      <line num="76" count="0" type="stmt"/>
      <line num="78" count="0" type="cond" truecount="0" falsecount="2"/>
      <line num="83" count="0" type="stmt"/>
      <line num="88" count="6" type="stmt"/>
      <line num="89" count="6" type="cond" truecount="1" falsecount="1"/>
      <line num="90" count="0" type="stmt"/>
      <line num="93" count="6" type="stmt"/>
      <line num="126" count="6" type="stmt"/>
      <line num="127" count="6" type="stmt"/>
      <line num="128" count="6" type="stmt"/>
      <line num="131" count="6" type="cond" truecount="1" falsecount="1"/>
      <line num="132" count="6" type="stmt"/>
      <line num="133" count="6" type="stmt"/>
      <line num="134" count="6" type="stmt"/>
      <line num="135" count="6" type="stmt"/>
      <line num="142" count="6" type="stmt"/>
      <line num="143" count="6" type="stmt"/>
      <line num="144" count="6" type="stmt"/>
      <line num="145" count="1" type="stmt"/>
      <line num="146" count="1" type="stmt"/>
      <line num="150" count="6" type="stmt"/>
      <line num="156" count="6" type="stmt"/>
      <line num="157" count="4" type="stmt"/>
      <line num="158" count="4" type="stmt"/>
      <line num="159" count="4" type="stmt"/>
      <line num="161" count="2" type="stmt"/>
      <line num="162" count="2" type="stmt"/>
      <line num="165" count="0" type="stmt"/>
      <line num="169" count="6" type="stmt"/>
      <line num="170" count="6" type="cond" truecount="4" falsecount="0"/>
      <line num="171" count="1" type="stmt"/>
      <line num="172" count="1" type="stmt"/>
      <line num="173" count="1" type="stmt"/>
      <line num="174" count="1" type="stmt"/>
      <line num="175" count="1" type="stmt"/>
      <line num="176" count="0" type="stmt"/>
      <line num="177" count="0" type="stmt"/>
      <line num="181" count="1" type="stmt"/>
      <line num="182" count="1" type="stmt"/>
      <line num="196" count="1" type="cond" truecount="1" falsecount="1"/>
      <line num="197" count="1" type="stmt"/>
      <line num="198" count="1" type="cond" truecount="1" falsecount="1"/>
      <line num="200" count="0" type="stmt"/>
      <line num="201" count="0" type="stmt"/>
      <line num="205" count="1" type="stmt"/>
      <line num="206" count="1" type="stmt"/>
      <line num="207" count="1" type="stmt"/>
      <line num="209" count="0" type="stmt"/>
      <line num="210" count="0" type="stmt"/>
      <line num="212" count="5" type="cond" truecount="2" falsecount="0"/>
      <line num="213" count="1" type="stmt"/>
      <line num="216" count="6" type="cond" truecount="2" falsecount="0"/>
      <line num="217" count="1" type="stmt"/>
      <line num="218" count="1" type="cond" truecount="1" falsecount="1"/>
      <line num="219" count="1" type="stmt"/>
      <line num="221" count="0" type="stmt"/>
      <line num="224" count="5" type="stmt"/>
      <line num="225" count="4" type="stmt"/>
      <line num="228" count="2" type="cond" truecount="4" falsecount="1"/>
      <line num="232" count="2" type="stmt"/>
      <line num="239" count="2" type="stmt"/>
      <line num="242" count="5" type="stmt"/>
      <line num="243" count="5" type="cond" truecount="2" falsecount="0"/>
      <line num="245" count="3" type="cond" truecount="1" falsecount="1"/>
      <line num="246" count="3" type="stmt"/>
      <line num="248" count="0" type="stmt"/>
    </file>
    <file name="rateLimiter.js" path="D:\Fitdesi\functions\src\rateLimiter.js">
      <metrics statements="23" coveredstatements="19" conditionals="19" coveredconditionals="13" methods="2" coveredmethods="2"/>
      <line num="18" count="1" type="stmt"/>
      <line num="30" count="7" type="stmt"/>
      <line num="32" count="7" type="stmt"/>
      <line num="33" count="7" type="stmt"/>
      <line num="34" count="7" type="cond" truecount="1" falsecount="1"/>
      <line num="35" count="0" type="stmt"/>
      <line num="38" count="7" type="stmt"/>
      <line num="39" count="7" type="cond" truecount="1" falsecount="1"/>
      <line num="40" count="7" type="cond" truecount="2" falsecount="0"/>
      <line num="42" count="7" type="stmt"/>
      <line num="43" count="7" type="cond" truecount="2" falsecount="0"/>
      <line num="44" count="7" type="cond" truecount="2" falsecount="0"/>
      <line num="47" count="7" type="cond" truecount="2" falsecount="0"/>
      <line num="48" count="6" type="stmt"/>
      <line num="49" count="6" type="stmt"/>
      <line num="52" count="7" type="cond" truecount="1" falsecount="1"/>
      <line num="53" count="0" type="cond" truecount="0" falsecount="2"/>
      <line num="54" count="0" type="stmt"/>
      <line num="58" count="0" type="stmt"/>
      <line num="62" count="7" type="cond" truecount="2" falsecount="0"/>
      <line num="63" count="1" type="stmt"/>
      <line num="67" count="6" type="stmt"/>
      <line num="75" count="1" type="stmt"/>
    </file>
    <file name="validators.js" path="D:\Fitdesi\functions\src\validators.js">
      <metrics statements="42" coveredstatements="30" conditionals="59" coveredconditionals="44" methods="4" coveredmethods="4"/>
      <line num="16" count="1" type="stmt"/>
      <line num="22" count="1" type="stmt"/>
      <line num="26" count="1" type="stmt"/>
      <line num="29" count="1" type="stmt"/>
      <line num="48" count="7" type="cond" truecount="3" falsecount="1"/>
      <line num="49" count="0" type="stmt"/>
      <line num="51" count="7" type="cond" truecount="1" falsecount="1"/>
      <line num="52" count="0" type="stmt"/>
      <line num="72" count="7" type="cond" truecount="3" falsecount="1"/>
      <line num="73" count="7" type="cond" truecount="3" falsecount="1"/>
      <line num="74" count="0" type="stmt"/>
      <line num="78" count="7" type="cond" truecount="1" falsecount="1"/>
      <line num="79" count="0" type="stmt"/>
      <line num="86" count="7" type="stmt"/>
      <line num="87" count="7" type="cond" truecount="1" falsecount="1"/>
      <line num="88" count="0" type="stmt"/>
      <line num="92" count="7" type="cond" truecount="1" falsecount="1"/>
      <line num="93" count="7" type="stmt"/>
      <line num="94" count="7" type="cond" truecount="3" falsecount="1"/>
      <line num="95" count="0" type="stmt"/>
      <line num="118" count="4" type="cond" truecount="5" falsecount="0"/>
      <line num="119" count="1" type="stmt"/>
      <line num="121" count="3" type="cond" truecount="1" falsecount="1"/>
      <line num="122" count="0" type="stmt"/>
      <line num="125" count="3" type="stmt"/>
      <line num="126" count="15" type="stmt"/>
      <line num="127" count="15" type="cond" truecount="3" falsecount="1"/>
      <line num="128" count="0" type="stmt"/>
      <line num="130" count="15" type="cond" truecount="3" falsecount="1"/>
      <line num="131" count="0" type="stmt"/>
      <line num="135" count="15" type="cond" truecount="2" falsecount="0"/>
      <line num="137" count="13" type="cond" truecount="1" falsecount="1"/>
      <line num="138" count="13" type="stmt"/>
      <line num="139" count="13" type="cond" truecount="3" falsecount="1"/>
      <line num="140" count="0" type="stmt"/>
      <line num="142" count="13" type="cond" truecount="4" falsecount="0"/>
      <line num="143" count="1" type="stmt"/>
      <line num="145" count="12" type="cond" truecount="3" falsecount="1"/>
      <line num="146" count="0" type="stmt"/>
      <line num="148" count="12" type="cond" truecount="3" falsecount="1"/>
      <line num="149" count="0" type="stmt"/>
      <line num="155" count="1" type="stmt"/>
    </file>
    <file name="verifyGymImage.js" path="D:\Fitdesi\functions\src\verifyGymImage.js">
      <metrics statements="59" coveredstatements="53" conditionals="24" coveredconditionals="16" methods="1" coveredmethods="1"/>
      <line num="3" count="1" type="stmt"/>
      <line num="4" count="1" type="stmt"/>
      <line num="6" count="1" type="stmt"/>
      <line num="8" count="1" type="stmt"/>
      <line num="9" count="8" type="cond" truecount="1" falsecount="1"/>
      <line num="10" count="0" type="stmt"/>
      <line num="13" count="8" type="stmt"/>
      <line num="14" count="8" type="cond" truecount="2" falsecount="0"/>
      <line num="15" count="1" type="stmt"/>
      <line num="18" count="7" type="stmt"/>
      <line num="19" count="7" type="cond" truecount="2" falsecount="0"/>
      <line num="20" count="1" type="stmt"/>
      <line num="23" count="6" type="stmt"/>
      <line num="25" count="6" type="stmt"/>
      <line num="26" count="6" type="cond" truecount="2" falsecount="0"/>
      <line num="27" count="1" type="stmt"/>
      <line num="30" count="5" type="stmt"/>
      <line num="31" count="5" type="stmt"/>
      <line num="33" count="5" type="stmt"/>
      <line num="35" count="5" type="stmt"/>
      <line num="36" count="5" type="stmt"/>
      <line num="37" count="5" type="stmt"/>
      <line num="40" count="5" type="cond" truecount="1" falsecount="1"/>
      <line num="41" count="5" type="stmt"/>
      <line num="42" count="5" type="stmt"/>
      <line num="43" count="5" type="stmt"/>
      <line num="44" count="5" type="stmt"/>
      <line num="51" count="5" type="stmt"/>
      <line num="61" count="2" type="stmt"/>
      <line num="62" count="2" type="stmt"/>
      <line num="63" count="2" type="cond" truecount="2" falsecount="0"/>
      <line num="64" count="1" type="stmt"/>
      <line num="66" count="2" type="stmt"/>
      <line num="67" count="2" type="stmt"/>
      <line num="69" count="3" type="stmt"/>
      <line num="70" count="3" type="stmt"/>
      <line num="73" count="0" type="stmt"/>
      <line num="77" count="3" type="stmt"/>
      <line num="78" count="3" type="cond" truecount="1" falsecount="1"/>
      <line num="79" count="3" type="stmt"/>
      <line num="80" count="3" type="stmt"/>
      <line num="81" count="3" type="stmt"/>
      <line num="110" count="2" type="cond" truecount="1" falsecount="1"/>
      <line num="111" count="2" type="stmt"/>
      <line num="112" count="2" type="cond" truecount="1" falsecount="1"/>
      <line num="113" count="2" type="stmt"/>
      <line num="114" count="2" type="cond" truecount="2" falsecount="0"/>
      <line num="115" count="1" type="stmt"/>
      <line num="117" count="2" type="stmt"/>
      <line num="118" count="2" type="stmt"/>
      <line num="120" count="0" type="stmt"/>
      <line num="121" count="0" type="stmt"/>
      <line num="124" count="1" type="stmt"/>
      <line num="125" count="1" type="stmt"/>
      <line num="128" count="0" type="stmt"/>
      <line num="132" count="1" type="stmt"/>
      <line num="135" count="2" type="stmt"/>
      <line num="136" count="2" type="cond" truecount="1" falsecount="1"/>
      <line num="137" count="0" type="cond" truecount="0" falsecount="2"/>
    </file>
  </project>
</coverage>
