TN:
SF:src\generatePlan.js
FN:12,getISOWeek
FN:20,parseGeminiJSON
FN:29,(anonymous_2)
FN:67,(anonymous_3)
FN:74,(anonymous_4)
FN:78,(anonymous_5)
FN:78,(anonymous_6)
FN:83,(anonymous_7)
FN:143,(anonymous_8)
FN:144,(anonymous_9)
FN:174,(anonymous_10)
FN:175,(anonymous_11)
FN:181,(anonymous_12)
FN:217,(anonymous_13)
FNF:14
FNH:7
FNDA:0,getISOWeek
FNDA:5,parseGeminiJSON
FNDA:8,(anonymous_2)
FNDA:0,(anonymous_3)
FNDA:0,(anonymous_4)
FNDA:0,(anonymous_5)
FNDA:0,(anonymous_6)
FNDA:0,(anonymous_7)
FNDA:6,(anonymous_8)
FNDA:1,(anonymous_9)
FNDA:1,(anonymous_10)
FNDA:0,(anonymous_11)
FNDA:1,(anonymous_12)
FNDA:1,(anonymous_13)
DA:3,1
DA:4,1
DA:5,1
DA:7,1
DA:8,1
DA:10,1
DA:13,0
DA:14,0
DA:15,0
DA:16,0
DA:17,0
DA:21,5
DA:22,5
DA:23,5
DA:25,1
DA:29,1
DA:30,8
DA:31,0
DA:34,8
DA:35,8
DA:36,1
DA:39,7
DA:40,7
DA:41,7
DA:43,7
DA:44,7
DA:46,6
DA:47,6
DA:48,0
DA:58,6
DA:60,6
DA:66,6
DA:68,0
DA:69,0
DA:72,0
DA:75,0
DA:76,0
DA:78,0
DA:83,0
DA:88,6
DA:89,6
DA:90,0
DA:93,6
DA:126,6
DA:127,6
DA:128,6
DA:131,6
DA:132,6
DA:133,6
DA:134,6
DA:135,6
DA:142,6
DA:143,6
DA:144,6
DA:145,1
DA:146,1
DA:150,6
DA:156,6
DA:157,4
DA:158,4
DA:159,4
DA:161,2
DA:162,2
DA:165,0
DA:169,6
DA:170,6
DA:171,1
DA:172,1
DA:173,1
DA:174,1
DA:175,1
DA:176,0
DA:177,0
DA:181,1
DA:182,1
DA:196,1
DA:197,1
DA:198,1
DA:200,0
DA:201,0
DA:205,1
DA:206,1
DA:207,1
DA:209,0
DA:210,0
DA:212,5
DA:213,1
DA:216,6
DA:217,1
DA:218,1
DA:219,1
DA:221,0
DA:224,5
DA:225,4
DA:228,2
DA:232,2
DA:239,2
DA:242,5
DA:243,5
DA:245,3
DA:246,3
DA:248,0
LF:102
LH:78
BRDA:12,0,0,0
BRDA:14,1,0,0
BRDA:14,1,1,0
BRDA:30,2,0,0
BRDA:30,2,1,8
BRDA:35,3,0,1
BRDA:35,3,1,7
BRDA:47,4,0,0
BRDA:47,4,1,6
BRDA:51,5,0,0
BRDA:52,6,0,0
BRDA:53,7,0,0
BRDA:54,8,0,6
BRDA:55,9,0,6
BRDA:56,10,0,6
BRDA:57,11,0,6
BRDA:77,12,0,0
BRDA:77,12,1,0
BRDA:78,13,0,0
BRDA:78,13,1,0
BRDA:79,14,0,0
BRDA:79,14,1,0
BRDA:80,15,0,0
BRDA:80,15,1,0
BRDA:89,16,0,0
BRDA:89,16,1,6
BRDA:100,17,0,6
BRDA:100,17,1,0
BRDA:101,18,0,0
BRDA:101,18,1,6
BRDA:121,19,0,0
BRDA:121,19,1,6
BRDA:131,20,0,6
BRDA:131,20,1,0
BRDA:170,21,0,1
BRDA:170,21,1,5
BRDA:170,22,0,6
BRDA:170,22,1,2
BRDA:196,23,0,1
BRDA:196,23,1,0
BRDA:198,24,0,1
BRDA:198,24,1,0
BRDA:212,25,0,1
BRDA:212,25,1,4
BRDA:216,26,0,1
BRDA:216,26,1,5
BRDA:218,27,0,1
BRDA:218,27,1,0
BRDA:228,28,0,2
BRDA:228,28,1,0
BRDA:228,29,0,2
BRDA:228,29,1,2
BRDA:228,29,2,2
BRDA:243,30,0,2
BRDA:243,30,1,3
BRDA:245,31,0,3
BRDA:245,31,1,0
BRF:57
BRH:31
end_of_record
TN:
SF:src\rateLimiter.js
FN:29,checkRateLimit
FN:32,(anonymous_1)
FNF:2
FNH:2
FNDA:7,checkRateLimit
FNDA:7,(anonymous_1)
DA:18,1
DA:30,7
DA:32,7
DA:33,7
DA:34,7
DA:35,0
DA:38,7
DA:39,7
DA:40,7
DA:42,7
DA:43,7
DA:44,7
DA:47,7
DA:48,6
DA:49,6
DA:52,7
DA:53,0
DA:54,0
DA:58,0
DA:62,7
DA:63,1
DA:67,6
DA:75,1
LF:23
LH:19
BRDA:29,0,0,0
BRDA:34,1,0,0
BRDA:34,1,1,7
BRDA:39,2,0,7
BRDA:39,2,1,0
BRDA:40,3,0,7
BRDA:40,3,1,7
BRDA:43,4,0,7
BRDA:43,4,1,6
BRDA:44,5,0,7
BRDA:44,5,1,6
BRDA:47,6,0,6
BRDA:47,6,1,1
BRDA:52,7,0,0
BRDA:52,7,1,7
BRDA:53,8,0,0
BRDA:53,8,1,0
BRDA:62,9,0,1
BRDA:62,9,1,6
BRF:19
BRH:13
end_of_record
TN:
SF:src\validators.js
FN:47,validateUID
FN:71,validatePlanRequest
FN:86,(anonymous_2)
FN:117,validatePlan
FNF:4
FNH:4
FNDA:7,validateUID
FNDA:7,validatePlanRequest
FNDA:7,(anonymous_2)
FNDA:4,validatePlan
DA:16,1
DA:22,1
DA:26,1
DA:29,1
DA:48,7
DA:49,0
DA:51,7
DA:52,0
DA:72,7
DA:73,7
DA:74,0
DA:78,7
DA:79,0
DA:86,7
DA:87,7
DA:88,0
DA:92,7
DA:93,7
DA:94,7
DA:95,0
DA:118,4
DA:119,1
DA:121,3
DA:122,0
DA:125,3
DA:126,15
DA:127,15
DA:128,0
DA:130,15
DA:131,0
DA:135,15
DA:137,13
DA:138,13
DA:139,13
DA:140,0
DA:142,13
DA:143,1
DA:145,12
DA:146,0
DA:148,12
DA:149,0
DA:155,1
LF:42
LH:30
BRDA:48,0,0,0
BRDA:48,0,1,7
BRDA:48,1,0,7
BRDA:48,1,1,7
BRDA:51,2,0,0
BRDA:51,2,1,7
BRDA:72,3,0,0
BRDA:72,3,1,7
BRDA:72,4,0,7
BRDA:72,4,1,7
BRDA:73,5,0,0
BRDA:73,5,1,7
BRDA:73,6,0,7
BRDA:73,6,1,7
BRDA:78,7,0,0
BRDA:78,7,1,7
BRDA:87,8,0,0
BRDA:87,8,1,7
BRDA:92,9,0,7
BRDA:92,9,1,0
BRDA:94,10,0,0
BRDA:94,10,1,7
BRDA:94,11,0,7
BRDA:94,11,1,7
BRDA:118,12,0,1
BRDA:118,12,1,3
BRDA:118,13,0,4
BRDA:118,13,1,4
BRDA:118,13,2,4
BRDA:121,14,0,0
BRDA:121,14,1,3
BRDA:127,15,0,0
BRDA:127,15,1,15
BRDA:127,16,0,15
BRDA:127,16,1,15
BRDA:130,17,0,0
BRDA:130,17,1,15
BRDA:130,18,0,15
BRDA:130,18,1,15
BRDA:135,19,0,2
BRDA:135,19,1,13
BRDA:137,20,0,13
BRDA:137,20,1,0
BRDA:139,21,0,0
BRDA:139,21,1,13
BRDA:139,22,0,13
BRDA:139,22,1,13
BRDA:142,23,0,1
BRDA:142,23,1,12
BRDA:142,24,0,13
BRDA:142,24,1,13
BRDA:145,25,0,0
BRDA:145,25,1,12
BRDA:145,26,0,12
BRDA:145,26,1,12
BRDA:148,27,0,0
BRDA:148,27,1,12
BRDA:148,28,0,12
BRDA:148,28,1,12
BRF:59
BRH:44
end_of_record
TN:
SF:src\verifyGymImage.js
FN:8,(anonymous_0)
FNF:1
FNH:1
FNDA:8,(anonymous_0)
DA:3,1
DA:4,1
DA:6,1
DA:8,1
DA:9,8
DA:10,0
DA:13,8
DA:14,8
DA:15,1
DA:18,7
DA:19,7
DA:20,1
DA:23,6
DA:25,6
DA:26,6
DA:27,1
DA:30,5
DA:31,5
DA:33,5
DA:35,5
DA:36,5
DA:37,5
DA:40,5
DA:41,5
DA:42,5
DA:43,5
DA:44,5
DA:51,5
DA:61,2
DA:62,2
DA:63,2
DA:64,1
DA:66,2
DA:67,2
DA:69,3
DA:70,3
DA:73,0
DA:77,3
DA:78,3
DA:79,3
DA:80,3
DA:81,3
DA:110,2
DA:111,2
DA:112,2
DA:113,2
DA:114,2
DA:115,1
DA:117,2
DA:118,2
DA:120,0
DA:121,0
DA:124,1
DA:125,1
DA:128,0
DA:132,1
DA:135,2
DA:136,2
DA:137,0
LF:59
LH:53
BRDA:9,0,0,0
BRDA:9,0,1,8
BRDA:14,1,0,1
BRDA:14,1,1,7
BRDA:19,2,0,1
BRDA:19,2,1,6
BRDA:26,3,0,1
BRDA:26,3,1,5
BRDA:40,4,0,5
BRDA:40,4,1,0
BRDA:63,5,0,1
BRDA:63,5,1,1
BRDA:78,6,0,3
BRDA:78,6,1,0
BRDA:110,7,0,2
BRDA:110,7,1,0
BRDA:112,8,0,2
BRDA:112,8,1,0
BRDA:114,9,0,1
BRDA:114,9,1,1
BRDA:136,10,0,2
BRDA:136,10,1,0
BRDA:137,11,0,0
BRDA:137,11,1,0
BRF:24
BRH:16
end_of_record
