{"total": {"lines":{"total":2946,"covered":2560,"skipped":0,"pct":86.89},"statements":{"total":3207,"covered":2701,"skipped":0,"pct":84.22},"functions":{"total":598,"covered":502,"skipped":0,"pct":83.94},"branches":{"total":2424,"covered":1700,"skipped":0,"pct":70.13},"branchesTrue":{"total":0,"covered":0,"skipped":0,"pct":100}}
,"D:\\Fitdesi\\functions\\src\\rateLimiter.js": {"lines":{"total":23,"covered":23,"skipped":0,"pct":100},"functions":{"total":2,"covered":2,"skipped":0,"pct":100},"statements":{"total":23,"covered":23,"skipped":0,"pct":100},"branches":{"total":19,"covered":16,"skipped":0,"pct":84.21}}
,"D:\\Fitdesi\\functions\\src\\validators.js": {"lines":{"total":42,"covered":40,"skipped":0,"pct":95.23},"functions":{"total":4,"covered":4,"skipped":0,"pct":100},"statements":{"total":46,"covered":44,"skipped":0,"pct":95.65},"branches":{"total":59,"covered":56,"skipped":0,"pct":94.91}}
,"D:\\Fitdesi\\src\\__mocks__\\firebase.js": {"lines":{"total":47,"covered":44,"skipped":0,"pct":93.61},"functions":{"total":20,"covered":15,"skipped":0,"pct":75},"statements":{"total":53,"covered":49,"skipped":0,"pct":92.45},"branches":{"total":4,"covered":3,"skipped":0,"pct":75}}
,"D:\\Fitdesi\\src\\components\\desktop\\SquadMatchmaker.jsx": {"lines":{"total":586,"covered":508,"skipped":0,"pct":86.68},"functions":{"total":141,"covered":119,"skipped":0,"pct":84.39},"statements":{"total":648,"covered":538,"skipped":0,"pct":83.02},"branches":{"total":476,"covered":336,"skipped":0,"pct":70.58}}
,"D:\\Fitdesi\\src\\components\\mobile\\MobileLogger.jsx": {"lines":{"total":278,"covered":202,"skipped":0,"pct":72.66},"functions":{"total":77,"covered":49,"skipped":0,"pct":63.63},"statements":{"total":308,"covered":214,"skipped":0,"pct":69.48},"branches":{"total":227,"covered":127,"skipped":0,"pct":55.94}}
,"D:\\Fitdesi\\src\\components\\shared\\GuestRoute.jsx": {"lines":{"total":9,"covered":9,"skipped":0,"pct":100},"functions":{"total":1,"covered":1,"skipped":0,"pct":100},"statements":{"total":9,"covered":9,"skipped":0,"pct":100},"branches":{"total":6,"covered":6,"skipped":0,"pct":100}}
,"D:\\Fitdesi\\src\\components\\shared\\LoginPage.jsx": {"lines":{"total":96,"covered":95,"skipped":0,"pct":98.95},"functions":{"total":13,"covered":13,"skipped":0,"pct":100},"statements":{"total":102,"covered":98,"skipped":0,"pct":96.07},"branches":{"total":77,"covered":73,"skipped":0,"pct":94.8}}
,"D:\\Fitdesi\\src\\components\\shared\\NeubrutalistCalendar.jsx": {"lines":{"total":85,"covered":85,"skipped":0,"pct":100},"functions":{"total":25,"covered":25,"skipped":0,"pct":100},"statements":{"total":94,"covered":92,"skipped":0,"pct":97.87},"branches":{"total":68,"covered":64,"skipped":0,"pct":94.11}}
,"D:\\Fitdesi\\src\\components\\shared\\OnboardingGuard.jsx": {"lines":{"total":28,"covered":28,"skipped":0,"pct":100},"functions":{"total":4,"covered":4,"skipped":0,"pct":100},"statements":{"total":33,"covered":31,"skipped":0,"pct":93.93},"branches":{"total":20,"covered":16,"skipped":0,"pct":80}}
,"D:\\Fitdesi\\src\\components\\shared\\ProtectedRoute.jsx": {"lines":{"total":10,"covered":10,"skipped":0,"pct":100},"functions":{"total":2,"covered":2,"skipped":0,"pct":100},"statements":{"total":10,"covered":10,"skipped":0,"pct":100},"branches":{"total":5,"covered":5,"skipped":0,"pct":100}}
,"D:\\Fitdesi\\src\\components\\shared\\SetRow.jsx": {"lines":{"total":167,"covered":126,"skipped":0,"pct":75.44},"functions":{"total":37,"covered":23,"skipped":0,"pct":62.16},"statements":{"total":176,"covered":127,"skipped":0,"pct":72.15},"branches":{"total":185,"covered":115,"skipped":0,"pct":62.16}}
,"D:\\Fitdesi\\src\\components\\shared\\StrengthChart.jsx": {"lines":{"total":27,"covered":13,"skipped":0,"pct":48.14},"functions":{"total":6,"covered":4,"skipped":0,"pct":66.66},"statements":{"total":33,"covered":16,"skipped":0,"pct":48.48},"branches":{"total":24,"covered":11,"skipped":0,"pct":45.83}}
,"D:\\Fitdesi\\src\\components\\shared\\VolumeChart.jsx": {"lines":{"total":23,"covered":13,"skipped":0,"pct":56.52},"functions":{"total":6,"covered":4,"skipped":0,"pct":66.66},"statements":{"total":27,"covered":16,"skipped":0,"pct":59.25},"branches":{"total":19,"covered":9,"skipped":0,"pct":47.36}}
,"D:\\Fitdesi\\src\\components\\shared\\WeeklyRecapScreen.jsx": {"lines":{"total":30,"covered":27,"skipped":0,"pct":90},"functions":{"total":4,"covered":3,"skipped":0,"pct":75},"statements":{"total":34,"covered":28,"skipped":0,"pct":82.35},"branches":{"total":31,"covered":21,"skipped":0,"pct":67.74}}
,"D:\\Fitdesi\\src\\data\\exercises.json": {"lines":{"total":0,"covered":0,"skipped":0,"pct":0},"functions":{"total":0,"covered":0,"skipped":0,"pct":0},"statements":{"total":0,"covered":0,"skipped":0,"pct":0},"branches":{"total":0,"covered":0,"skipped":0,"pct":0}}
,"D:\\Fitdesi\\src\\hooks\\useAuth.js": {"lines":{"total":75,"covered":75,"skipped":0,"pct":100},"functions":{"total":6,"covered":6,"skipped":0,"pct":100},"statements":{"total":75,"covered":75,"skipped":0,"pct":100},"branches":{"total":21,"covered":21,"skipped":0,"pct":100}}
,"D:\\Fitdesi\\src\\hooks\\useChallenges.js": {"lines":{"total":504,"covered":398,"skipped":0,"pct":78.96},"functions":{"total":46,"covered":34,"skipped":0,"pct":73.91},"statements":{"total":535,"covered":410,"skipped":0,"pct":76.63},"branches":{"total":517,"covered":295,"skipped":0,"pct":57.05}}
,"D:\\Fitdesi\\src\\hooks\\useExerciseSearch.js": {"lines":{"total":68,"covered":61,"skipped":0,"pct":89.7},"functions":{"total":18,"covered":14,"skipped":0,"pct":77.77},"statements":{"total":90,"covered":78,"skipped":0,"pct":86.66},"branches":{"total":70,"covered":57,"skipped":0,"pct":81.42}}
,"D:\\Fitdesi\\src\\hooks\\useOnboarding.js": {"lines":{"total":113,"covered":111,"skipped":0,"pct":98.23},"functions":{"total":24,"covered":22,"skipped":0,"pct":91.66},"statements":{"total":126,"covered":116,"skipped":0,"pct":92.06},"branches":{"total":65,"covered":52,"skipped":0,"pct":80}}
,"D:\\Fitdesi\\src\\hooks\\usePRDetection.js": {"lines":{"total":32,"covered":31,"skipped":0,"pct":96.87},"functions":{"total":2,"covered":2,"skipped":0,"pct":100},"statements":{"total":32,"covered":31,"skipped":0,"pct":96.87},"branches":{"total":33,"covered":24,"skipped":0,"pct":72.72}}
,"D:\\Fitdesi\\src\\hooks\\useProgress.js": {"lines":{"total":160,"covered":160,"skipped":0,"pct":100},"functions":{"total":29,"covered":29,"skipped":0,"pct":100},"statements":{"total":169,"covered":165,"skipped":0,"pct":97.63},"branches":{"total":87,"covered":61,"skipped":0,"pct":70.11}}
,"D:\\Fitdesi\\src\\hooks\\useWeeklyRecap.js": {"lines":{"total":82,"covered":82,"skipped":0,"pct":100},"functions":{"total":8,"covered":8,"skipped":0,"pct":100},"statements":{"total":82,"covered":82,"skipped":0,"pct":100},"branches":{"total":48,"covered":41,"skipped":0,"pct":85.41}}
,"D:\\Fitdesi\\src\\lib\\apiClient.js": {"lines":{"total":24,"covered":24,"skipped":0,"pct":100},"functions":{"total":7,"covered":6,"skipped":0,"pct":85.71},"statements":{"total":27,"covered":26,"skipped":0,"pct":96.29},"branches":{"total":15,"covered":14,"skipped":0,"pct":93.33}}
,"D:\\Fitdesi\\src\\lib\\firebase.js": {"lines":{"total":21,"covered":19,"skipped":0,"pct":90.47},"functions":{"total":2,"covered":1,"skipped":0,"pct":50},"statements":{"total":21,"covered":19,"skipped":0,"pct":90.47},"branches":{"total":19,"covered":17,"skipped":0,"pct":89.47}}
,"D:\\Fitdesi\\src\\lib\\firebaseConfig.js": {"lines":{"total":5,"covered":4,"skipped":0,"pct":80},"functions":{"total":1,"covered":1,"skipped":0,"pct":100},"statements":{"total":5,"covered":4,"skipped":0,"pct":80},"branches":{"total":2,"covered":1,"skipped":0,"pct":50}}
,"D:\\Fitdesi\\src\\lib\\firestoreUtils.js": {"lines":{"total":129,"covered":94,"skipped":0,"pct":72.86},"functions":{"total":13,"covered":12,"skipped":0,"pct":92.3},"statements":{"total":135,"covered":96,"skipped":0,"pct":71.11},"branches":{"total":133,"covered":96,"skipped":0,"pct":72.18}}
,"D:\\Fitdesi\\src\\lib\\xpHelpers.js": {"lines":{"total":43,"covered":43,"skipped":0,"pct":100},"functions":{"total":2,"covered":2,"skipped":0,"pct":100},"statements":{"total":44,"covered":44,"skipped":0,"pct":100},"branches":{"total":22,"covered":20,"skipped":0,"pct":90.9}}
,"D:\\Fitdesi\\src\\stores\\authStore.js": {"lines":{"total":7,"covered":7,"skipped":0,"pct":100},"functions":{"total":7,"covered":7,"skipped":0,"pct":100},"statements":{"total":8,"covered":8,"skipped":0,"pct":100},"branches":{"total":2,"covered":2,"skipped":0,"pct":100}}
,"D:\\Fitdesi\\src\\stores\\useAuthStore.js": {"lines":{"total":0,"covered":0,"skipped":0,"pct":0},"functions":{"total":0,"covered":0,"skipped":0,"pct":0},"statements":{"total":0,"covered":0,"skipped":0,"pct":0},"branches":{"total":0,"covered":0,"skipped":0,"pct":0}}
,"D:\\Fitdesi\\src\\stores\\usePlanStore.js": {"lines":{"total":10,"covered":10,"skipped":0,"pct":100},"functions":{"total":6,"covered":6,"skipped":0,"pct":100},"statements":{"total":11,"covered":11,"skipped":0,"pct":100},"branches":{"total":5,"covered":5,"skipped":0,"pct":100}}
,"D:\\Fitdesi\\src\\stores\\useSquadStore.js": {"lines":{"total":5,"covered":5,"skipped":0,"pct":100},"functions":{"total":5,"covered":5,"skipped":0,"pct":100},"statements":{"total":6,"covered":6,"skipped":0,"pct":100},"branches":{"total":10,"covered":10,"skipped":0,"pct":100}}
,"D:\\Fitdesi\\src\\stores\\useUIStore.js": {"lines":{"total":15,"covered":15,"skipped":0,"pct":100},"functions":{"total":18,"covered":18,"skipped":0,"pct":100},"statements":{"total":22,"covered":22,"skipped":0,"pct":100},"branches":{"total":3,"covered":3,"skipped":0,"pct":100}}
,"D:\\Fitdesi\\src\\stores\\useVideoBayStore.js": {"lines":{"total":7,"covered":7,"skipped":0,"pct":100},"functions":{"total":8,"covered":8,"skipped":0,"pct":100},"statements":{"total":9,"covered":9,"skipped":0,"pct":100},"branches":{"total":0,"covered":0,"skipped":0,"pct":100}}
,"D:\\Fitdesi\\src\\stores\\useWorkoutStore.js": {"lines":{"total":98,"covered":96,"skipped":0,"pct":97.95},"functions":{"total":44,"covered":43,"skipped":0,"pct":97.72},"statements":{"total":112,"covered":104,"skipped":0,"pct":92.85},"branches":{"total":93,"covered":67,"skipped":0,"pct":72.04}}
,"D:\\Fitdesi\\src\\stores\\useXPStore.js": {"lines":{"total":11,"covered":11,"skipped":0,"pct":100},"functions":{"total":5,"covered":5,"skipped":0,"pct":100},"statements":{"total":12,"covered":12,"skipped":0,"pct":100},"branches":{"total":1,"covered":1,"skipped":0,"pct":100}}
,"D:\\Fitdesi\\src\\utils\\audioBeep.js": {"lines":{"total":15,"covered":15,"skipped":0,"pct":100},"functions":{"total":1,"covered":1,"skipped":0,"pct":100},"statements":{"total":16,"covered":16,"skipped":0,"pct":100},"branches":{"total":4,"covered":4,"skipped":0,"pct":100}}
,"D:\\Fitdesi\\src\\utils\\nlpParser.js": {"lines":{"total":71,"covered":69,"skipped":0,"pct":97.18},"functions":{"total":4,"covered":4,"skipped":0,"pct":100},"statements":{"total":74,"covered":72,"skipped":0,"pct":97.29},"branches":{"total":54,"covered":51,"skipped":0,"pct":94.44}}
}
