{"total": {"lines":{"total":3376,"covered":2971,"skipped":0,"pct":88},"statements":{"total":3675,"covered":3137,"skipped":0,"pct":85.36},"functions":{"total":651,"covered":554,"skipped":0,"pct":85.09},"branches":{"total":2969,"covered":2135,"skipped":0,"pct":71.9},"branchesTrue":{"total":0,"covered":0,"skipped":0,"pct":100}}
,"D:\\Fitdesi\\backend\\lib\\validators.js": {"lines":{"total":44,"covered":38,"skipped":0,"pct":86.36},"functions":{"total":5,"covered":2,"skipped":0,"pct":40},"statements":{"total":48,"covered":41,"skipped":0,"pct":85.41},"branches":{"total":61,"covered":51,"skipped":0,"pct":83.6}}
,"D:\\Fitdesi\\backend\\middleware\\rateLimiter.js": {"lines":{"total":81,"covered":78,"skipped":0,"pct":96.29},"functions":{"total":11,"covered":10,"skipped":0,"pct":90.9},"statements":{"total":86,"covered":80,"skipped":0,"pct":93.02},"branches":{"total":54,"covered":39,"skipped":0,"pct":72.22}}
,"D:\\Fitdesi\\src\\__mocks__\\firebase.js": {"lines":{"total":47,"covered":44,"skipped":0,"pct":93.61},"functions":{"total":20,"covered":15,"skipped":0,"pct":75},"statements":{"total":53,"covered":49,"skipped":0,"pct":92.45},"branches":{"total":4,"covered":3,"skipped":0,"pct":75}}
,"D:\\Fitdesi\\src\\components\\desktop\\SquadMatchmaker.jsx": {"lines":{"total":576,"covered":497,"skipped":0,"pct":86.28},"functions":{"total":142,"covered":123,"skipped":0,"pct":86.61},"statements":{"total":638,"covered":531,"skipped":0,"pct":83.22},"branches":{"total":476,"covered":336,"skipped":0,"pct":70.58}}
,"D:\\Fitdesi\\src\\components\\mobile\\MobileLogger.jsx": {"lines":{"total":275,"covered":201,"skipped":0,"pct":73.09},"functions":{"total":77,"covered":49,"skipped":0,"pct":63.63},"statements":{"total":304,"covered":213,"skipped":0,"pct":70.06},"branches":{"total":231,"covered":127,"skipped":0,"pct":54.97}}
,"D:\\Fitdesi\\src\\components\\shared\\GuestRoute.jsx": {"lines":{"total":9,"covered":9,"skipped":0,"pct":100},"functions":{"total":1,"covered":1,"skipped":0,"pct":100},"statements":{"total":9,"covered":9,"skipped":0,"pct":100},"branches":{"total":6,"covered":6,"skipped":0,"pct":100}}
,"D:\\Fitdesi\\src\\components\\shared\\LoginPage.jsx": {"lines":{"total":96,"covered":95,"skipped":0,"pct":98.95},"functions":{"total":13,"covered":13,"skipped":0,"pct":100},"statements":{"total":102,"covered":98,"skipped":0,"pct":96.07},"branches":{"total":77,"covered":73,"skipped":0,"pct":94.8}}
,"D:\\Fitdesi\\src\\components\\shared\\NeubrutalistCalendar.jsx": {"lines":{"total":104,"covered":100,"skipped":0,"pct":96.15},"functions":{"total":31,"covered":28,"skipped":0,"pct":90.32},"statements":{"total":117,"covered":108,"skipped":0,"pct":92.3},"branches":{"total":81,"covered":75,"skipped":0,"pct":92.59}}
,"D:\\Fitdesi\\src\\components\\shared\\OnboardingGuard.jsx": {"lines":{"total":12,"covered":11,"skipped":0,"pct":91.66},"functions":{"total":1,"covered":1,"skipped":0,"pct":100},"statements":{"total":12,"covered":11,"skipped":0,"pct":91.66},"branches":{"total":13,"covered":12,"skipped":0,"pct":92.3}}
,"D:\\Fitdesi\\src\\components\\shared\\ProtectedRoute.jsx": {"lines":{"total":10,"covered":10,"skipped":0,"pct":100},"functions":{"total":2,"covered":2,"skipped":0,"pct":100},"statements":{"total":10,"covered":10,"skipped":0,"pct":100},"branches":{"total":5,"covered":5,"skipped":0,"pct":100}}
,"D:\\Fitdesi\\src\\components\\shared\\SetRow.jsx": {"lines":{"total":167,"covered":143,"skipped":0,"pct":85.62},"functions":{"total":37,"covered":28,"skipped":0,"pct":75.67},"statements":{"total":176,"covered":144,"skipped":0,"pct":81.81},"branches":{"total":185,"covered":139,"skipped":0,"pct":75.13}}
,"D:\\Fitdesi\\src\\components\\shared\\StrengthChart.jsx": {"lines":{"total":27,"covered":13,"skipped":0,"pct":48.14},"functions":{"total":6,"covered":4,"skipped":0,"pct":66.66},"statements":{"total":33,"covered":16,"skipped":0,"pct":48.48},"branches":{"total":24,"covered":11,"skipped":0,"pct":45.83}}
,"D:\\Fitdesi\\src\\components\\shared\\VolumeChart.jsx": {"lines":{"total":23,"covered":13,"skipped":0,"pct":56.52},"functions":{"total":6,"covered":4,"skipped":0,"pct":66.66},"statements":{"total":27,"covered":16,"skipped":0,"pct":59.25},"branches":{"total":19,"covered":9,"skipped":0,"pct":47.36}}
,"D:\\Fitdesi\\src\\components\\shared\\WeeklyRecapScreen.jsx": {"lines":{"total":41,"covered":41,"skipped":0,"pct":100},"functions":{"total":4,"covered":4,"skipped":0,"pct":100},"statements":{"total":44,"covered":42,"skipped":0,"pct":95.45},"branches":{"total":32,"covered":26,"skipped":0,"pct":81.25}}
,"D:\\Fitdesi\\src\\data\\exercises.json": {"lines":{"total":0,"covered":0,"skipped":0,"pct":0},"functions":{"total":0,"covered":0,"skipped":0,"pct":0},"statements":{"total":0,"covered":0,"skipped":0,"pct":0},"branches":{"total":0,"covered":0,"skipped":0,"pct":0}}
,"D:\\Fitdesi\\src\\hooks\\useAuth.js": {"lines":{"total":77,"covered":77,"skipped":0,"pct":100},"functions":{"total":6,"covered":6,"skipped":0,"pct":100},"statements":{"total":77,"covered":77,"skipped":0,"pct":100},"branches":{"total":21,"covered":21,"skipped":0,"pct":100}}
,"D:\\Fitdesi\\src\\hooks\\useChallenges.js": {"lines":{"total":551,"covered":441,"skipped":0,"pct":80.03},"functions":{"total":53,"covered":38,"skipped":0,"pct":71.69},"statements":{"total":587,"covered":454,"skipped":0,"pct":77.34},"branches":{"total":551,"covered":316,"skipped":0,"pct":57.35}}
,"D:\\Fitdesi\\src\\hooks\\useExerciseSearch.js": {"lines":{"total":68,"covered":61,"skipped":0,"pct":89.7},"functions":{"total":18,"covered":14,"skipped":0,"pct":77.77},"statements":{"total":90,"covered":78,"skipped":0,"pct":86.66},"branches":{"total":70,"covered":57,"skipped":0,"pct":81.42}}
,"D:\\Fitdesi\\src\\hooks\\useOnboarding.js": {"lines":{"total":113,"covered":111,"skipped":0,"pct":98.23},"functions":{"total":24,"covered":22,"skipped":0,"pct":91.66},"statements":{"total":126,"covered":116,"skipped":0,"pct":92.06},"branches":{"total":65,"covered":52,"skipped":0,"pct":80}}
,"D:\\Fitdesi\\src\\hooks\\usePRDetection.js": {"lines":{"total":33,"covered":33,"skipped":0,"pct":100},"functions":{"total":3,"covered":3,"skipped":0,"pct":100},"statements":{"total":33,"covered":33,"skipped":0,"pct":100},"branches":{"total":33,"covered":22,"skipped":0,"pct":66.66}}
,"D:\\Fitdesi\\src\\hooks\\useProgress.js": {"lines":{"total":164,"covered":164,"skipped":0,"pct":100},"functions":{"total":28,"covered":28,"skipped":0,"pct":100},"statements":{"total":171,"covered":167,"skipped":0,"pct":97.66},"branches":{"total":93,"covered":67,"skipped":0,"pct":72.04}}
,"D:\\Fitdesi\\src\\hooks\\useWeeklyRecap.js": {"lines":{"total":68,"covered":68,"skipped":0,"pct":100},"functions":{"total":8,"covered":8,"skipped":0,"pct":100},"statements":{"total":68,"covered":68,"skipped":0,"pct":100},"branches":{"total":28,"covered":26,"skipped":0,"pct":92.85}}
,"D:\\Fitdesi\\src\\lib\\apiClient.js": {"lines":{"total":21,"covered":20,"skipped":0,"pct":95.23},"functions":{"total":3,"covered":2,"skipped":0,"pct":66.66},"statements":{"total":24,"covered":22,"skipped":0,"pct":91.66},"branches":{"total":19,"covered":16,"skipped":0,"pct":84.21}}
,"D:\\Fitdesi\\src\\lib\\firebase.js": {"lines":{"total":15,"covered":13,"skipped":0,"pct":86.66},"functions":{"total":1,"covered":0,"skipped":0,"pct":0},"statements":{"total":15,"covered":13,"skipped":0,"pct":86.66},"branches":{"total":15,"covered":14,"skipped":0,"pct":93.33}}
,"D:\\Fitdesi\\src\\lib\\firebaseConfig.js": {"lines":{"total":5,"covered":4,"skipped":0,"pct":80},"functions":{"total":1,"covered":1,"skipped":0,"pct":100},"statements":{"total":5,"covered":4,"skipped":0,"pct":80},"branches":{"total":2,"covered":1,"skipped":0,"pct":50}}
,"D:\\Fitdesi\\src\\lib\\firestoreUtils.js": {"lines":{"total":140,"covered":105,"skipped":0,"pct":75},"functions":{"total":14,"covered":13,"skipped":0,"pct":92.85},"statements":{"total":147,"covered":108,"skipped":0,"pct":73.46},"branches":{"total":150,"covered":107,"skipped":0,"pct":71.33}}
,"D:\\Fitdesi\\src\\lib\\xpHelpers.js": {"lines":{"total":43,"covered":43,"skipped":0,"pct":100},"functions":{"total":2,"covered":2,"skipped":0,"pct":100},"statements":{"total":44,"covered":44,"skipped":0,"pct":100},"branches":{"total":20,"covered":20,"skipped":0,"pct":100}}
,"D:\\Fitdesi\\src\\stores\\authStore.js": {"lines":{"total":7,"covered":7,"skipped":0,"pct":100},"functions":{"total":7,"covered":7,"skipped":0,"pct":100},"statements":{"total":8,"covered":8,"skipped":0,"pct":100},"branches":{"total":2,"covered":2,"skipped":0,"pct":100}}
,"D:\\Fitdesi\\src\\stores\\useAuthStore.js": {"lines":{"total":0,"covered":0,"skipped":0,"pct":0},"functions":{"total":0,"covered":0,"skipped":0,"pct":0},"statements":{"total":0,"covered":0,"skipped":0,"pct":0},"branches":{"total":0,"covered":0,"skipped":0,"pct":0}}
,"D:\\Fitdesi\\src\\stores\\usePlanStore.js": {"lines":{"total":10,"covered":10,"skipped":0,"pct":100},"functions":{"total":6,"covered":6,"skipped":0,"pct":100},"statements":{"total":11,"covered":11,"skipped":0,"pct":100},"branches":{"total":5,"covered":5,"skipped":0,"pct":100}}
,"D:\\Fitdesi\\src\\stores\\useSquadStore.js": {"lines":{"total":5,"covered":5,"skipped":0,"pct":100},"functions":{"total":5,"covered":5,"skipped":0,"pct":100},"statements":{"total":6,"covered":6,"skipped":0,"pct":100},"branches":{"total":10,"covered":10,"skipped":0,"pct":100}}
,"D:\\Fitdesi\\src\\stores\\useUIStore.js": {"lines":{"total":15,"covered":15,"skipped":0,"pct":100},"functions":{"total":18,"covered":18,"skipped":0,"pct":100},"statements":{"total":22,"covered":22,"skipped":0,"pct":100},"branches":{"total":3,"covered":3,"skipped":0,"pct":100}}
,"D:\\Fitdesi\\src\\stores\\useVideoBayStore.js": {"lines":{"total":7,"covered":7,"skipped":0,"pct":100},"functions":{"total":8,"covered":8,"skipped":0,"pct":100},"statements":{"total":9,"covered":9,"skipped":0,"pct":100},"branches":{"total":0,"covered":0,"skipped":0,"pct":100}}
,"D:\\Fitdesi\\src\\stores\\useWorkoutStore.js": {"lines":{"total":98,"covered":96,"skipped":0,"pct":97.95},"functions":{"total":44,"covered":43,"skipped":0,"pct":97.72},"statements":{"total":112,"covered":104,"skipped":0,"pct":92.85},"branches":{"total":93,"covered":67,"skipped":0,"pct":72.04}}
,"D:\\Fitdesi\\src\\stores\\useXPStore.js": {"lines":{"total":12,"covered":12,"skipped":0,"pct":100},"functions":{"total":5,"covered":5,"skipped":0,"pct":100},"statements":{"total":13,"covered":13,"skipped":0,"pct":100},"branches":{"total":7,"covered":5,"skipped":0,"pct":71.42}}
,"D:\\Fitdesi\\src\\utils\\audioBeep.js": {"lines":{"total":15,"covered":15,"skipped":0,"pct":100},"functions":{"total":1,"covered":1,"skipped":0,"pct":100},"statements":{"total":16,"covered":16,"skipped":0,"pct":100},"branches":{"total":4,"covered":4,"skipped":0,"pct":100}}
,"D:\\Fitdesi\\src\\utils\\bwEffectiveLoad.js": {"lines":{"total":18,"covered":18,"skipped":0,"pct":100},"functions":{"total":10,"covered":10,"skipped":0,"pct":100},"statements":{"total":19,"covered":19,"skipped":0,"pct":100},"branches":{"total":14,"covered":14,"skipped":0,"pct":100}}
,"D:\\Fitdesi\\src\\utils\\fatigueCalculator.js": {"lines":{"total":176,"covered":153,"skipped":0,"pct":86.93},"functions":{"total":8,"covered":8,"skipped":0,"pct":100},"statements":{"total":190,"covered":158,"skipped":0,"pct":83.15},"branches":{"total":242,"covered":165,"skipped":0,"pct":68.18}}
,"D:\\Fitdesi\\src\\utils\\nlpParser.js": {"lines":{"total":71,"covered":69,"skipped":0,"pct":97.18},"functions":{"total":4,"covered":4,"skipped":0,"pct":100},"statements":{"total":74,"covered":72,"skipped":0,"pct":97.29},"branches":{"total":54,"covered":51,"skipped":0,"pct":94.44}}
,"D:\\Fitdesi\\src\\utils\\strengthCalculator.js": {"lines":{"total":132,"covered":131,"skipped":0,"pct":99.24},"functions":{"total":18,"covered":18,"skipped":0,"pct":100},"statements":{"total":149,"covered":147,"skipped":0,"pct":98.65},"branches":{"total":200,"covered":178,"skipped":0,"pct":89}}
}
