TN:
SF:backend\lib\validators.js
FN:11,constructor
FN:35,validateUID
FN:47,validatePlanRequest
FN:60,(anonymous_3)
FN:76,validatePlan
FNF:5
FNH:2
FNDA:38,constructor
FNDA:0,validateUID
FNDA:0,validatePlanRequest
FNDA:15,(anonymous_3)
FNDA:0,validatePlan
DA:12,38
DA:13,38
DA:14,38
DA:23,38
DA:27,0
DA:30,0
DA:36,0
DA:37,14
DA:39,4
DA:40,2
DA:48,2
DA:49,24
DA:50,4
DA:53,20
DA:54,4
DA:60,16
DA:61,16
DA:62,2
DA:65,14
DA:66,13
DA:67,13
DA:68,12
DA:77,0
DA:78,2
DA:80,7
DA:81,1
DA:84,6
DA:85,20
DA:86,20
DA:87,1
DA:89,19
DA:90,1
DA:94,18
DA:96,16
DA:97,20
DA:98,16
DA:99,0
DA:101,16
DA:102,1
DA:104,15
DA:105,0
DA:107,15
DA:108,1
DA:114,1
LF:44
LH:38
BRDA:23,0,0,38
BRDA:23,0,1,0
BRDA:36,1,0,14
BRDA:36,1,1,-14
BRDA:36,2,0,0
BRDA:36,2,1,8
BRDA:39,3,0,2
BRDA:39,3,1,2
BRDA:48,4,0,2
BRDA:48,4,1,-2
BRDA:48,5,0,0
BRDA:48,5,1,25
BRDA:49,6,0,4
BRDA:49,6,1,20
BRDA:49,7,0,24
BRDA:49,7,1,22
BRDA:53,8,0,4
BRDA:53,8,1,16
BRDA:61,9,0,2
BRDA:61,9,1,14
BRDA:65,10,0,13
BRDA:65,10,1,1
BRDA:67,11,0,12
BRDA:67,11,1,1
BRDA:67,12,0,13
BRDA:67,12,1,11
BRDA:77,13,0,2
BRDA:77,13,1,-2
BRDA:77,14,0,0
BRDA:77,14,1,8
BRDA:77,14,2,8
BRDA:80,15,0,1
BRDA:80,15,1,6
BRDA:86,16,0,1
BRDA:86,16,1,19
BRDA:86,17,0,20
BRDA:86,17,1,20
BRDA:89,18,0,1
BRDA:89,18,1,18
BRDA:89,19,0,19
BRDA:89,19,1,18
BRDA:94,20,0,2
BRDA:94,20,1,16
BRDA:96,21,0,16
BRDA:96,21,1,0
BRDA:98,22,0,0
BRDA:98,22,1,16
BRDA:98,23,0,16
BRDA:98,23,1,16
BRDA:101,24,0,1
BRDA:101,24,1,15
BRDA:101,25,0,16
BRDA:101,25,1,16
BRDA:104,26,0,0
BRDA:104,26,1,15
BRDA:104,27,0,15
BRDA:104,27,1,15
BRDA:107,28,0,1
BRDA:107,28,1,14
BRDA:107,29,0,15
BRDA:107,29,1,14
BRF:61
BRH:51
end_of_record
TN:
SF:backend\middleware\rateLimiter.js
FN:15,checkRateLimit
FN:18,(anonymous_1)
FN:36,(anonymous_2)
FN:79,checkGymCheckinRateLimit
FN:82,(anonymous_4)
FN:96,(anonymous_5)
FN:99,(anonymous_6)
FN:120,rollbackRateLimit
FN:124,(anonymous_8)
FN:160,rollbackGymCheckinRateLimit
FN:164,(anonymous_10)
FNF:11
FNH:10
FNDA:9,checkRateLimit
FNDA:9,(anonymous_1)
FNDA:0,(anonymous_2)
FNDA:8,checkGymCheckinRateLimit
FNDA:8,(anonymous_4)
FNDA:19,(anonymous_5)
FNDA:15,(anonymous_6)
FNDA:2,rollbackRateLimit
FNDA:2,(anonymous_8)
FNDA:1,rollbackGymCheckinRateLimit
FNDA:1,(anonymous_10)
DA:10,1
DA:16,9
DA:18,9
DA:19,9
DA:20,9
DA:21,2
DA:24,7
DA:25,7
DA:26,9
DA:28,9
DA:29,9
DA:30,9
DA:33,9
DA:34,9
DA:35,9
DA:36,9
DA:38,9
DA:39,0
DA:42,7
DA:45,7
DA:46,1
DA:47,1
DA:50,7
DA:51,3
DA:52,2
DA:56,1
DA:61,4
DA:62,2
DA:66,2
DA:80,8
DA:82,8
DA:83,8
DA:84,8
DA:85,2
DA:88,6
DA:89,6
DA:90,6
DA:91,6
DA:93,6
DA:96,19
DA:99,15
DA:100,8
DA:101,2
DA:105,4
DA:106,2
DA:109,2
DA:111,2
DA:121,2
DA:123,2
DA:124,2
DA:125,2
DA:126,2
DA:128,2
DA:129,2
DA:132,2
DA:133,2
DA:134,2
DA:135,2
DA:138,2
DA:139,1
DA:140,1
DA:141,1
DA:143,1
DA:144,1
DA:145,1
DA:149,2
DA:151,2
DA:153,0
DA:161,1
DA:163,1
DA:164,1
DA:165,1
DA:166,1
DA:168,1
DA:169,1
DA:171,1
DA:172,1
DA:173,1
DA:178,1
DA:180,0
DA:184,1
LF:81
LH:78
BRDA:15,0,0,9
BRDA:20,1,0,2
BRDA:20,1,1,7
BRDA:25,2,0,7
BRDA:25,2,1,0
BRDA:26,3,0,9
BRDA:26,3,1,6
BRDA:29,4,0,9
BRDA:29,4,1,0
BRDA:30,5,0,9
BRDA:30,5,1,0
BRDA:35,6,0,9
BRDA:35,6,1,7
BRDA:38,7,0,0
BRDA:38,7,1,9
BRDA:45,8,0,1
BRDA:45,8,1,6
BRDA:50,9,0,3
BRDA:50,9,1,4
BRDA:51,10,0,2
BRDA:51,10,1,1
BRDA:61,11,0,2
BRDA:61,11,1,2
BRDA:84,12,0,2
BRDA:84,12,1,6
BRDA:93,13,0,6
BRDA:93,13,1,0
BRDA:100,14,0,2
BRDA:100,14,1,6
BRDA:105,15,0,2
BRDA:105,15,1,2
BRDA:120,16,0,2
BRDA:126,17,0,0
BRDA:126,17,1,2
BRDA:132,18,0,2
BRDA:132,18,1,0
BRDA:133,19,0,2
BRDA:133,19,1,0
BRDA:138,20,0,1
BRDA:138,20,1,1
BRDA:139,21,0,1
BRDA:139,21,1,0
BRDA:140,22,0,1
BRDA:140,22,1,0
BRDA:143,23,0,1
BRDA:143,23,1,0
BRDA:144,24,0,1
BRDA:144,24,1,0
BRDA:166,25,0,0
BRDA:166,25,1,1
BRDA:169,26,0,1
BRDA:169,26,1,0
BRDA:171,27,0,1
BRDA:171,27,1,0
BRF:54
BRH:39
end_of_record
TN:
SF:src\__mocks__\firebase.js
FN:61,(anonymous_0)
FN:69,(anonymous_1)
FN:79,(anonymous_2)
FN:83,(anonymous_3)
FN:96,(anonymous_4)
FN:97,(anonymous_5)
FN:104,(anonymous_6)
FN:106,(anonymous_7)
FN:110,(anonymous_8)
FN:114,(anonymous_9)
FN:117,(anonymous_10)
FN:129,(anonymous_11)
FN:131,(anonymous_12)
FN:20,(anonymous_13)
FN:31,(anonymous_14)
FN:41,(anonymous_15)
FN:44,(anonymous_16)
FN:45,(anonymous_17)
FN:47,(anonymous_18)
FN:48,(anonymous_19)
FNF:20
FNH:15
FNDA:12,(anonymous_0)
FNDA:1,(anonymous_1)
FNDA:0,(anonymous_2)
FNDA:12,(anonymous_3)
FNDA:0,(anonymous_4)
FNDA:257,(anonymous_5)
FNDA:0,(anonymous_6)
FNDA:0,(anonymous_7)
FNDA:5,(anonymous_8)
FNDA:308,(anonymous_9)
FNDA:281,(anonymous_10)
FNDA:309,(anonymous_11)
FNDA:92,(anonymous_12)
FNDA:289,(anonymous_13)
FNDA:340,(anonymous_14)
FNDA:25,(anonymous_15)
FNDA:68,(anonymous_16)
FNDA:68,(anonymous_17)
FNDA:0,(anonymous_18)
FNDA:68,(anonymous_19)
DA:10,15
DA:11,15
DA:12,15
DA:13,15
DA:14,15
DA:15,15
DA:16,15
DA:17,15
DA:20,15
DA:21,289
DA:22,289
DA:23,289
DA:28,15
DA:29,15
DA:30,15
DA:31,15
DA:32,340
DA:33,340
DA:34,340
DA:39,15
DA:40,15
DA:41,25
DA:42,15
DA:43,15
DA:44,15
DA:45,68
DA:46,68
DA:48,68
DA:52,15
DA:53,15
DA:54,15
DA:61,15
DA:69,15
DA:79,0
DA:83,15
DA:96,0
DA:97,257
DA:104,15
DA:106,0
DA:110,15
DA:116,308
DA:117,308
DA:122,281
DA:123,281
DA:124,281
DA:129,309
DA:131,92
LF:47
LH:44
BRDA:25,0,0,289
BRDA:25,0,1,5
BRDA:36,1,0,340
BRDA:36,1,1,0
BRF:4
BRH:3
end_of_record
TN:
SF:src\components\desktop\SquadMatchmaker.jsx
FN:15,(anonymous_0)
FN:64,(anonymous_1)
FN:67,(anonymous_2)
FN:105,(anonymous_3)
FN:156,(anonymous_4)
FN:165,(anonymous_5)
FN:166,(anonymous_6)
FN:169,(anonymous_7)
FN:174,(anonymous_8)
FN:178,(anonymous_9)
FN:187,(anonymous_10)
FN:192,(anonymous_11)
FN:206,(anonymous_12)
FN:210,(anonymous_13)
FN:220,(anonymous_14)
FN:222,(anonymous_15)
FN:238,(anonymous_16)
FN:245,(anonymous_17)
FN:246,(anonymous_18)
FN:251,(anonymous_19)
FN:262,(anonymous_20)
FN:264,(anonymous_21)
FN:280,(anonymous_22)
FN:285,(anonymous_23)
FN:287,(anonymous_24)
FN:303,(anonymous_25)
FN:307,(anonymous_26)
FN:314,(anonymous_27)
FN:329,(anonymous_28)
FN:331,(anonymous_29)
FN:354,(anonymous_30)
FN:358,(anonymous_31)
FN:362,(anonymous_32)
FN:374,(anonymous_33)
FN:376,(anonymous_34)
FN:380,(anonymous_35)
FN:384,(anonymous_36)
FN:388,(anonymous_37)
FN:400,(anonymous_38)
FN:402,(anonymous_39)
FN:406,(anonymous_40)
FN:410,(anonymous_41)
FN:414,(anonymous_42)
FN:416,(anonymous_43)
FN:427,(anonymous_44)
FN:463,(anonymous_45)
FN:475,(anonymous_46)
FN:521,(anonymous_47)
FN:533,(anonymous_48)
FN:548,(anonymous_49)
FN:549,(anonymous_50)
FN:567,(anonymous_51)
FN:579,(anonymous_52)
FN:586,(anonymous_53)
FN:587,(anonymous_54)
FN:603,(anonymous_55)
FN:616,(anonymous_56)
FN:624,(anonymous_57)
FN:632,(anonymous_58)
FN:633,(anonymous_59)
FN:657,(anonymous_60)
FN:667,(anonymous_61)
FN:683,(anonymous_62)
FN:692,(anonymous_63)
FN:703,(anonymous_64)
FN:712,(anonymous_65)
FN:730,(anonymous_66)
FN:734,(anonymous_67)
FN:745,(anonymous_68)
FN:805,(anonymous_69)
FN:814,(anonymous_70)
FN:816,(anonymous_71)
FN:819,(anonymous_72)
FN:832,(anonymous_73)
FN:833,(anonymous_74)
FN:840,(anonymous_75)
FN:841,(anonymous_76)
FN:851,(anonymous_77)
FN:857,(anonymous_78)
FN:876,(anonymous_79)
FN:883,(anonymous_80)
FN:888,(anonymous_81)
FN:890,(anonymous_82)
FN:891,(anonymous_83)
FN:916,(anonymous_84)
FN:923,(anonymous_85)
FN:956,(anonymous_86)
FN:964,(anonymous_87)
FN:969,(anonymous_88)
FN:975,(anonymous_89)
FN:996,(anonymous_90)
FN:1003,(anonymous_91)
FN:1025,(anonymous_92)
FN:1032,(anonymous_93)
FN:1036,(anonymous_94)
FN:1053,(anonymous_95)
FN:1105,(anonymous_96)
FN:1114,(anonymous_97)
FN:1122,(anonymous_98)
FN:1130,(anonymous_99)
FN:1136,(anonymous_100)
FN:1156,(anonymous_101)
FN:1161,(anonymous_102)
FN:1170,(anonymous_103)
FN:1201,(anonymous_104)
FN:1210,(anonymous_105)
FN:1213,(anonymous_106)
FN:1242,(anonymous_107)
FN:1290,(anonymous_108)
FN:1293,(anonymous_109)
FN:1359,(anonymous_110)
FN:1388,(anonymous_111)
FN:1426,(anonymous_112)
FN:1447,(anonymous_113)
FN:1541,(anonymous_114)
FN:1568,(anonymous_115)
FN:1592,(anonymous_116)
FN:1604,(anonymous_117)
FN:1605,(anonymous_118)
FN:1612,(anonymous_119)
FN:1656,(anonymous_120)
FN:1668,(anonymous_121)
FN:1700,(anonymous_122)
FN:1727,(anonymous_123)
FN:1730,(anonymous_124)
FN:1751,(anonymous_125)
FN:1782,(anonymous_126)
FN:1788,(anonymous_127)
FN:1789,(anonymous_128)
FN:1793,(anonymous_129)
FN:1893,(anonymous_130)
FN:1924,(anonymous_131)
FN:1927,(anonymous_132)
FN:1971,(anonymous_133)
FN:1981,(anonymous_134)
FN:2002,(anonymous_135)
FN:2059,(anonymous_136)
FN:2080,(anonymous_137)
FN:2116,(anonymous_138)
FN:2119,(anonymous_139)
FN:2119,(anonymous_140)
FN:2129,(anonymous_141)
FNF:142
FNH:123
FNDA:238,(anonymous_0)
FNDA:28,(anonymous_1)
FNDA:28,(anonymous_2)
FNDA:0,(anonymous_3)
FNDA:49,(anonymous_4)
FNDA:25,(anonymous_5)
FNDA:22,(anonymous_6)
FNDA:0,(anonymous_7)
FNDA:25,(anonymous_8)
FNDA:80,(anonymous_9)
FNDA:27,(anonymous_10)
FNDA:49,(anonymous_11)
FNDA:60,(anonymous_12)
FNDA:60,(anonymous_13)
FNDA:59,(anonymous_14)
FNDA:73,(anonymous_15)
FNDA:0,(anonymous_16)
FNDA:48,(anonymous_17)
FNDA:60,(anonymous_18)
FNDA:55,(anonymous_19)
FNDA:27,(anonymous_20)
FNDA:1,(anonymous_21)
FNDA:0,(anonymous_22)
FNDA:27,(anonymous_23)
FNDA:1,(anonymous_24)
FNDA:0,(anonymous_25)
FNDA:27,(anonymous_26)
FNDA:34,(anonymous_27)
FNDA:7,(anonymous_28)
FNDA:6,(anonymous_29)
FNDA:0,(anonymous_30)
FNDA:7,(anonymous_31)
FNDA:55,(anonymous_32)
FNDA:27,(anonymous_33)
FNDA:3,(anonymous_34)
FNDA:0,(anonymous_35)
FNDA:27,(anonymous_36)
FNDA:24,(anonymous_37)
FNDA:24,(anonymous_38)
FNDA:2,(anonymous_39)
FNDA:0,(anonymous_40)
FNDA:24,(anonymous_41)
FNDA:104,(anonymous_42)
FNDA:59,(anonymous_43)
FNDA:1,(anonymous_44)
FNDA:1,(anonymous_45)
FNDA:1,(anonymous_46)
FNDA:1,(anonymous_47)
FNDA:1,(anonymous_48)
FNDA:1,(anonymous_49)
FNDA:1,(anonymous_50)
FNDA:1,(anonymous_51)
FNDA:1,(anonymous_52)
FNDA:2,(anonymous_53)
FNDA:2,(anonymous_54)
FNDA:2,(anonymous_55)
FNDA:1,(anonymous_56)
FNDA:1,(anonymous_57)
FNDA:3,(anonymous_58)
FNDA:3,(anonymous_59)
FNDA:1,(anonymous_60)
FNDA:1,(anonymous_61)
FNDA:1,(anonymous_62)
FNDA:0,(anonymous_63)
FNDA:1,(anonymous_64)
FNDA:0,(anonymous_65)
FNDA:0,(anonymous_66)
FNDA:0,(anonymous_67)
FNDA:1,(anonymous_68)
FNDA:0,(anonymous_69)
FNDA:191,(anonymous_70)
FNDA:191,(anonymous_71)
FNDA:102,(anonymous_72)
FNDA:102,(anonymous_73)
FNDA:59,(anonymous_74)
FNDA:35,(anonymous_75)
FNDA:4,(anonymous_76)
FNDA:4,(anonymous_77)
FNDA:6,(anonymous_78)
FNDA:1,(anonymous_79)
FNDA:1,(anonymous_80)
FNDA:2,(anonymous_81)
FNDA:3,(anonymous_82)
FNDA:3,(anonymous_83)
FNDA:0,(anonymous_84)
FNDA:1,(anonymous_85)
FNDA:1,(anonymous_86)
FNDA:1,(anonymous_87)
FNDA:0,(anonymous_88)
FNDA:1,(anonymous_89)
FNDA:1,(anonymous_90)
FNDA:1,(anonymous_91)
FNDA:1,(anonymous_92)
FNDA:25,(anonymous_93)
FNDA:25,(anonymous_94)
FNDA:2,(anonymous_95)
FNDA:0,(anonymous_96)
FNDA:15,(anonymous_97)
FNDA:1,(anonymous_98)
FNDA:1,(anonymous_99)
FNDA:1,(anonymous_100)
FNDA:1,(anonymous_101)
FNDA:179,(anonymous_102)
FNDA:1,(anonymous_103)
FNDA:1,(anonymous_104)
FNDA:1,(anonymous_105)
FNDA:369,(anonymous_106)
FNDA:1,(anonymous_107)
FNDA:432,(anonymous_108)
FNDA:9,(anonymous_109)
FNDA:9,(anonymous_110)
FNDA:18,(anonymous_111)
FNDA:12,(anonymous_112)
FNDA:12,(anonymous_113)
FNDA:132,(anonymous_114)
FNDA:1,(anonymous_115)
FNDA:2,(anonymous_116)
FNDA:4,(anonymous_117)
FNDA:0,(anonymous_118)
FNDA:1,(anonymous_119)
FNDA:1,(anonymous_120)
FNDA:1,(anonymous_121)
FNDA:3,(anonymous_122)
FNDA:1,(anonymous_123)
FNDA:1872,(anonymous_124)
FNDA:1,(anonymous_125)
FNDA:2,(anonymous_126)
FNDA:1,(anonymous_127)
FNDA:1,(anonymous_128)
FNDA:0,(anonymous_129)
FNDA:0,(anonymous_130)
FNDA:148,(anonymous_131)
FNDA:3,(anonymous_132)
FNDA:22,(anonymous_133)
FNDA:2,(anonymous_134)
FNDA:3,(anonymous_135)
FNDA:1,(anonymous_136)
FNDA:1,(anonymous_137)
FNDA:1,(anonymous_138)
FNDA:9,(anonymous_139)
FNDA:6,(anonymous_140)
FNDA:1,(anonymous_141)
DA:15,1
DA:16,238
DA:17,238
DA:18,238
DA:21,238
DA:22,238
DA:23,238
DA:24,238
DA:25,238
DA:26,238
DA:29,238
DA:30,238
DA:31,238
DA:32,238
DA:35,238
DA:36,238
DA:37,238
DA:38,238
DA:39,238
DA:42,238
DA:43,238
DA:44,238
DA:47,238
DA:48,238
DA:49,238
DA:50,238
DA:51,238
DA:52,238
DA:55,238
DA:58,238
DA:59,238
DA:60,238
DA:64,238
DA:65,28
DA:67,28
DA:68,28
DA:69,28
DA:70,28
DA:71,28
DA:74,28
DA:75,1
DA:76,1
DA:77,1
DA:82,28
DA:84,3
DA:85,3
DA:86,3
DA:87,3
DA:88,3
DA:91,28
DA:94,28
DA:95,28
DA:96,28
DA:97,28
DA:98,28
DA:99,28
DA:101,28
DA:102,28
DA:103,28
DA:104,28
DA:105,28
DA:106,0
DA:110,28
DA:111,28
DA:112,28
DA:113,28
DA:114,28
DA:117,28
DA:118,28
DA:119,28
DA:121,28
DA:122,28
DA:125,28
DA:126,28
DA:147,0
DA:151,28
DA:156,238
DA:157,49
DA:159,25
DA:160,25
DA:165,25
DA:166,25
DA:167,25
DA:168,25
DA:170,0
DA:171,0
DA:174,25
DA:178,238
DA:179,80
DA:180,32
DA:181,32
DA:182,32
DA:183,32
DA:186,48
DA:187,48
DA:188,23
DA:189,23
DA:192,49
DA:193,48
DA:195,48
DA:196,0
DA:197,0
DA:201,48
DA:202,48
DA:204,48
DA:206,48
DA:207,60
DA:209,60
DA:210,60
DA:211,60
DA:212,60
DA:213,60
DA:214,60
DA:215,48
DA:216,0
DA:220,60
DA:221,59
DA:222,73
DA:223,59
DA:224,59
DA:235,59
DA:239,0
DA:242,60
DA:245,48
DA:246,60
DA:251,238
DA:252,55
DA:253,28
DA:254,28
DA:255,28
DA:259,27
DA:261,27
DA:262,27
DA:263,27
DA:264,27
DA:265,1
DA:266,1
DA:269,1
DA:272,1
DA:273,1
DA:279,27
DA:281,0
DA:284,27
DA:285,27
DA:286,27
DA:287,27
DA:288,1
DA:289,1
DA:292,1
DA:295,1
DA:296,1
DA:302,27
DA:304,0
DA:307,27
DA:308,27
DA:309,27
DA:314,238
DA:315,34
DA:317,8
DA:318,34
DA:319,1
DA:320,1
DA:323,7
DA:329,7
DA:330,7
DA:331,7
DA:332,6
DA:333,6
DA:334,6
DA:353,7
DA:355,0
DA:358,7
DA:362,238
DA:363,55
DA:364,28
DA:365,28
DA:368,27
DA:374,27
DA:375,27
DA:376,27
DA:377,3
DA:379,27
DA:381,0
DA:384,27
DA:388,238
DA:389,24
DA:390,0
DA:391,0
DA:394,24
DA:400,24
DA:401,24
DA:402,24
DA:403,2
DA:405,24
DA:407,0
DA:410,24
DA:414,238
DA:415,104
DA:416,59
DA:417,47
DA:418,47
DA:427,238
DA:428,1
DA:429,1
DA:431,1
DA:432,1
DA:433,1
DA:434,1
DA:435,1
DA:436,1
DA:437,3
DA:438,3
DA:440,1
DA:442,1
DA:449,1
DA:460,1
DA:461,1
DA:462,1
DA:463,1
DA:465,1
DA:467,0
DA:468,0
DA:470,1
DA:475,238
DA:476,1
DA:477,1
DA:479,1
DA:480,1
DA:481,1
DA:482,1
DA:483,1
DA:485,1
DA:486,0
DA:487,0
DA:490,1
DA:492,1
DA:493,0
DA:494,0
DA:495,0
DA:496,0
DA:499,1
DA:500,1
DA:501,0
DA:502,0
DA:505,1
DA:512,1
DA:518,1
DA:519,1
DA:520,1
DA:521,1
DA:523,1
DA:525,0
DA:526,0
DA:528,1
DA:533,238
DA:534,1
DA:535,1
DA:536,1
DA:539,1
DA:541,0
DA:542,0
DA:545,1
DA:546,1
DA:547,1
DA:548,1
DA:549,1
DA:551,1
DA:552,1
DA:554,0
DA:555,0
DA:556,0
DA:559,0
DA:566,1
DA:567,1
DA:568,1
DA:569,1
DA:571,0
DA:572,0
DA:574,1
DA:579,238
DA:580,1
DA:581,1
DA:582,1
DA:584,1
DA:585,1
DA:586,2
DA:587,2
DA:589,1
DA:594,1
DA:596,0
DA:603,238
DA:604,2
DA:605,2
DA:607,2
DA:608,2
DA:609,2
DA:615,2
DA:616,2
DA:618,0
DA:619,0
DA:624,238
DA:625,1
DA:626,1
DA:628,1
DA:629,1
DA:630,1
DA:632,3
DA:633,3
DA:635,1
DA:636,0
DA:637,0
DA:638,0
DA:641,1
DA:642,1
DA:644,1
DA:654,1
DA:655,1
DA:656,1
DA:657,1
DA:659,0
DA:660,0
DA:662,1
DA:667,238
DA:668,1
DA:670,1
DA:671,1
DA:672,1
DA:678,0
DA:683,238
DA:684,1
DA:685,1
DA:686,1
DA:687,1
DA:690,1
DA:691,1
DA:692,1
DA:695,0
DA:696,0
DA:698,1
DA:703,238
DA:704,1
DA:705,1
DA:706,0
DA:707,0
DA:710,1
DA:711,1
DA:712,0
DA:715,1
DA:716,1
DA:717,1
DA:719,1
DA:720,1
DA:722,1
DA:723,1
DA:724,1
DA:728,1
DA:729,1
DA:730,1
DA:733,0
DA:734,0
DA:737,0
DA:738,0
DA:740,1
DA:745,238
DA:746,1
DA:747,1
DA:748,1
DA:749,1
DA:750,0
DA:751,0
DA:754,1
DA:755,1
DA:756,1
DA:758,1
DA:759,1
DA:761,1
DA:762,1
DA:764,1
DA:765,1
DA:766,1
DA:767,1
DA:772,0
DA:773,0
DA:775,0
DA:776,0
DA:783,1
DA:784,1
DA:785,1
DA:793,1
DA:794,1
DA:795,1
DA:797,1
DA:804,1
DA:805,1
DA:807,0
DA:808,0
DA:813,238
DA:814,238
DA:815,238
DA:816,238
DA:819,238
DA:820,102
DA:821,102
DA:832,238
DA:833,102
DA:834,59
DA:835,59
DA:836,59
DA:840,238
DA:841,35
DA:842,4
DA:843,4
DA:844,4
DA:845,0
DA:847,4
DA:851,238
DA:852,4
DA:853,4
DA:854,2
DA:855,2
DA:856,2
DA:857,6
DA:859,2
DA:862,2
DA:863,2
DA:864,2
DA:865,2
DA:875,2
DA:876,2
DA:878,0
DA:879,0
DA:883,238
DA:884,1
DA:886,1
DA:887,1
DA:888,2
DA:890,3
DA:891,3
DA:894,1
DA:900,1
DA:901,1
DA:902,1
DA:913,1
DA:914,1
DA:915,1
DA:916,1
DA:918,0
DA:919,0
DA:923,238
DA:924,1
DA:925,1
DA:926,1
DA:927,1
DA:928,0
DA:929,0
DA:931,1
DA:932,1
DA:933,0
DA:934,0
DA:937,1
DA:944,1
DA:950,1
DA:952,1
DA:953,1
DA:955,1
DA:956,1
DA:957,1
DA:959,0
DA:960,0
DA:964,238
DA:965,1
DA:966,1
DA:967,1
DA:968,1
DA:969,1
DA:971,0
DA:975,238
DA:976,1
DA:977,1
DA:978,1
DA:980,1
DA:981,1
DA:983,1
DA:990,1
DA:991,1
DA:992,1
DA:995,1
DA:996,1
DA:998,0
DA:999,0
DA:1003,238
DA:1004,1
DA:1005,1
DA:1006,1
DA:1008,1
DA:1009,1
DA:1010,1
DA:1012,1
DA:1019,1
DA:1020,1
DA:1021,1
DA:1024,1
DA:1025,1
DA:1027,0
DA:1028,0
DA:1032,238
DA:1033,25
DA:1036,238
DA:1037,25
DA:1040,238
DA:1054,2
DA:1055,2
DA:1056,2
DA:1105,0
DA:1115,15
DA:1122,1
DA:1130,1
DA:1136,1
DA:1157,1
DA:1162,179
DA:1171,1
DA:1172,1
DA:1201,1
DA:1210,1
DA:1214,369
DA:1242,1
DA:1291,432
DA:1293,9
DA:1360,9
DA:1361,9
DA:1362,9
DA:1363,9
DA:1389,18
DA:1390,18
DA:1427,12
DA:1428,12
DA:1448,12
DA:1449,12
DA:1542,132
DA:1568,1
DA:1593,2
DA:1594,2
DA:1605,4
DA:1606,4
DA:1607,4
DA:1609,4
DA:1612,1
DA:1656,1
DA:1668,1
DA:1701,3
DA:1727,1
DA:1731,1872
DA:1752,1
DA:1753,1
DA:1782,2
DA:1789,1
DA:1790,1
DA:1791,1
DA:1792,1
DA:1793,1
DA:1893,0
DA:1925,148
DA:1928,3
DA:1929,1
DA:1931,2
DA:1932,2
DA:1972,22
DA:1981,2
DA:2002,3
DA:2059,1
DA:2080,1
DA:2116,1
DA:2119,9
DA:2120,6
DA:2130,1
DA:2131,1
LF:576
LH:497
BRDA:65,0,0,0
BRDA:65,0,1,28
BRDA:65,1,0,28
BRDA:65,1,1,28
BRDA:70,2,0,28
BRDA:70,2,1,3
BRDA:74,3,0,1
BRDA:74,3,1,27
BRDA:82,4,0,3
BRDA:82,4,1,25
BRDA:84,5,0,3
BRDA:84,5,1,0
BRDA:96,6,0,0
BRDA:96,6,1,28
BRDA:106,7,0,0
BRDA:106,7,1,0
BRDA:121,8,0,27
BRDA:121,8,1,1
BRDA:121,9,0,27
BRDA:121,9,1,2
BRDA:122,10,0,27
BRDA:122,10,1,1
BRDA:122,11,0,27
BRDA:122,11,1,2
BRDA:128,12,0,28
BRDA:128,12,1,0
BRDA:129,13,0,28
BRDA:129,13,1,3
BRDA:130,14,0,28
BRDA:130,14,1,3
BRDA:131,15,0,28
BRDA:131,15,1,3
BRDA:134,16,0,28
BRDA:134,16,1,3
BRDA:135,17,0,28
BRDA:135,17,1,3
BRDA:137,18,0,28
BRDA:137,18,1,0
BRDA:138,19,0,28
BRDA:138,19,1,2
BRDA:139,20,0,28
BRDA:139,20,1,2
BRDA:143,21,0,28
BRDA:143,21,1,28
BRDA:157,22,0,24
BRDA:157,22,1,25
BRDA:157,23,0,49
BRDA:157,23,1,49
BRDA:179,24,0,32
BRDA:179,24,1,48
BRDA:187,25,0,23
BRDA:187,25,1,25
BRDA:187,26,0,48
BRDA:187,26,1,26
BRDA:195,27,0,0
BRDA:195,27,1,48
BRDA:195,28,0,48
BRDA:195,28,1,48
BRDA:207,29,0,0
BRDA:207,29,1,60
BRDA:211,30,0,60
BRDA:211,30,1,0
BRDA:213,31,0,60
BRDA:213,31,1,0
BRDA:214,32,0,48
BRDA:214,32,1,12
BRDA:214,33,0,60
BRDA:214,33,1,12
BRDA:215,34,0,0
BRDA:215,34,1,48
BRDA:223,35,0,59
BRDA:223,35,1,0
BRDA:227,36,0,59
BRDA:227,36,1,0
BRDA:228,37,0,59
BRDA:228,37,1,0
BRDA:229,38,0,59
BRDA:229,38,1,0
BRDA:230,39,0,59
BRDA:230,39,1,0
BRDA:231,40,0,59
BRDA:231,40,1,0
BRDA:232,41,0,59
BRDA:232,41,1,0
BRDA:232,42,0,0
BRDA:232,42,1,59
BRDA:252,43,0,28
BRDA:252,43,1,27
BRDA:269,44,0,0
BRDA:269,44,1,1
BRDA:271,45,0,1
BRDA:271,45,1,1
BRDA:272,46,0,1
BRDA:272,46,1,0
BRDA:272,47,0,1
BRDA:272,47,1,1
BRDA:292,48,0,0
BRDA:292,48,1,1
BRDA:294,49,0,1
BRDA:294,49,1,1
BRDA:295,50,0,1
BRDA:295,50,1,0
BRDA:295,51,0,1
BRDA:295,51,1,1
BRDA:315,52,0,26
BRDA:315,52,1,8
BRDA:315,53,0,34
BRDA:315,53,1,34
BRDA:317,54,0,8
BRDA:317,54,1,1
BRDA:318,55,0,1
BRDA:318,55,1,33
BRDA:333,56,0,6
BRDA:333,56,1,0
BRDA:338,57,0,6
BRDA:338,57,1,0
BRDA:339,58,0,6
BRDA:339,58,1,0
BRDA:340,59,0,6
BRDA:340,59,1,0
BRDA:341,60,0,6
BRDA:341,60,1,0
BRDA:342,61,0,6
BRDA:342,61,1,0
BRDA:344,62,0,6
BRDA:344,62,1,0
BRDA:344,63,0,6
BRDA:344,63,1,0
BRDA:345,64,0,6
BRDA:345,64,1,0
BRDA:346,65,0,6
BRDA:346,65,1,0
BRDA:347,66,0,6
BRDA:347,66,1,0
BRDA:348,67,0,6
BRDA:348,67,1,0
BRDA:363,68,0,28
BRDA:363,68,1,27
BRDA:363,69,0,55
BRDA:363,69,1,55
BRDA:389,70,0,0
BRDA:389,70,1,24
BRDA:415,71,0,57
BRDA:415,71,1,47
BRDA:429,72,0,0
BRDA:429,72,1,1
BRDA:429,73,0,1
BRDA:429,73,1,1
BRDA:429,73,2,1
BRDA:444,74,0,1
BRDA:444,74,1,0
BRDA:453,75,0,1
BRDA:453,75,1,0
BRDA:477,76,0,0
BRDA:477,76,1,1
BRDA:477,77,0,1
BRDA:477,77,1,1
BRDA:477,77,2,1
BRDA:485,78,0,0
BRDA:485,78,1,1
BRDA:492,79,0,0
BRDA:492,79,1,1
BRDA:500,80,0,0
BRDA:500,80,1,1
BRDA:507,81,0,1
BRDA:507,81,1,0
BRDA:534,82,0,0
BRDA:534,82,1,1
BRDA:534,83,0,1
BRDA:534,83,1,1
BRDA:535,84,0,1
BRDA:535,84,1,0
BRDA:539,85,0,0
BRDA:539,85,1,1
BRDA:542,86,0,0
BRDA:542,86,1,0
BRDA:551,87,0,1
BRDA:551,87,1,0
BRDA:555,88,0,0
BRDA:555,88,1,0
BRDA:580,89,0,0
BRDA:580,89,1,1
BRDA:582,90,0,0
BRDA:582,90,1,1
BRDA:605,91,0,0
BRDA:605,91,1,2
BRDA:605,92,0,2
BRDA:605,92,1,2
BRDA:611,93,0,2
BRDA:611,93,1,0
BRDA:626,94,0,0
BRDA:626,94,1,1
BRDA:626,95,0,1
BRDA:626,95,1,1
BRDA:626,95,2,1
BRDA:635,96,0,0
BRDA:635,96,1,1
BRDA:649,97,0,1
BRDA:649,97,1,0
BRDA:668,98,0,0
BRDA:668,98,1,1
BRDA:668,99,0,1
BRDA:668,99,1,1
BRDA:684,100,0,0
BRDA:684,100,1,1
BRDA:690,101,0,1
BRDA:690,101,1,0
BRDA:690,102,0,1
BRDA:690,102,1,1
BRDA:696,103,0,0
BRDA:696,103,1,0
BRDA:704,104,0,0
BRDA:704,104,1,1
BRDA:704,105,0,1
BRDA:704,105,1,1
BRDA:704,105,2,1
BRDA:705,106,0,0
BRDA:705,106,1,1
BRDA:710,107,0,1
BRDA:710,107,1,0
BRDA:711,108,0,0
BRDA:711,108,1,1
BRDA:719,109,0,1
BRDA:719,109,1,0
BRDA:722,110,0,1
BRDA:722,110,1,0
BRDA:728,111,0,1
BRDA:728,111,1,0
BRDA:728,112,0,1
BRDA:728,112,1,1
BRDA:733,113,0,0
BRDA:733,113,1,0
BRDA:738,114,0,0
BRDA:738,114,1,0
BRDA:746,115,0,0
BRDA:746,115,1,1
BRDA:746,116,0,1
BRDA:746,116,1,1
BRDA:746,116,2,1
BRDA:748,117,0,0
BRDA:748,117,1,1
BRDA:749,118,0,0
BRDA:749,118,1,1
BRDA:755,119,0,1
BRDA:755,119,1,0
BRDA:756,120,0,1
BRDA:756,120,1,0
BRDA:759,121,0,1
BRDA:759,121,1,0
BRDA:761,122,0,1
BRDA:761,122,1,0
BRDA:762,123,0,1
BRDA:762,123,1,0
BRDA:764,124,0,1
BRDA:764,124,1,0
BRDA:765,125,0,1
BRDA:765,125,1,1
BRDA:772,126,0,0
BRDA:772,126,1,0
BRDA:783,127,0,1
BRDA:783,127,1,0
BRDA:794,128,0,1
BRDA:794,128,1,0
BRDA:816,129,0,191
BRDA:816,129,1,0
BRDA:834,130,0,0
BRDA:834,130,1,59
BRDA:836,131,0,59
BRDA:836,131,1,12
BRDA:844,132,0,0
BRDA:844,132,1,4
BRDA:845,133,0,0
BRDA:845,133,1,0
BRDA:847,134,0,1
BRDA:847,134,1,3
BRDA:852,135,0,0
BRDA:852,135,1,4
BRDA:853,136,0,2
BRDA:853,136,1,2
BRDA:856,137,0,2
BRDA:856,137,1,0
BRDA:857,138,0,2
BRDA:857,138,1,0
BRDA:870,139,0,2
BRDA:870,139,1,0
BRDA:884,140,0,0
BRDA:884,140,1,1
BRDA:884,141,0,1
BRDA:884,141,1,1
BRDA:884,141,2,1
BRDA:888,142,0,1
BRDA:888,142,1,0
BRDA:907,143,0,1
BRDA:907,143,1,0
BRDA:927,144,0,0
BRDA:927,144,1,1
BRDA:932,145,0,0
BRDA:932,145,1,1
BRDA:939,146,0,1
BRDA:939,146,1,0
BRDA:946,147,0,1
BRDA:946,147,1,0
BRDA:947,148,0,1
BRDA:947,148,1,0
BRDA:990,149,0,1
BRDA:990,149,1,0
BRDA:1004,150,0,0
BRDA:1004,150,1,1
BRDA:1004,151,0,1
BRDA:1004,151,1,1
BRDA:1019,152,0,1
BRDA:1019,152,1,0
BRDA:1024,153,0,0
BRDA:1024,153,1,1
BRDA:1056,154,0,1
BRDA:1056,154,1,1
BRDA:1059,155,0,1
BRDA:1059,155,1,237
BRDA:1061,156,0,1
BRDA:1061,156,1,237
BRDA:1074,157,0,238
BRDA:1074,157,1,145
BRDA:1083,158,0,53
BRDA:1083,158,1,185
BRDA:1091,159,0,185
BRDA:1091,159,1,15
BRDA:1098,160,0,15
BRDA:1098,160,1,0
BRDA:1124,161,0,0
BRDA:1124,161,1,15
BRDA:1150,162,0,185
BRDA:1150,162,1,166
BRDA:1155,163,0,166
BRDA:1155,163,1,22
BRDA:1168,164,0,166
BRDA:1168,164,1,144
BRDA:1183,165,0,41
BRDA:1183,165,1,144
BRDA:1295,166,0,144
BRDA:1295,166,1,288
BRDA:1306,167,0,144
BRDA:1306,167,1,104
BRDA:1315,168,0,104
BRDA:1315,168,1,21
BRDA:1317,169,0,6
BRDA:1317,169,1,15
BRDA:1326,170,0,21
BRDA:1326,170,1,83
BRDA:1328,171,0,9
BRDA:1328,171,1,12
BRDA:1360,172,0,9
BRDA:1360,172,1,9
BRDA:1361,173,0,9
BRDA:1361,173,1,0
BRDA:1374,174,0,9
BRDA:1374,174,1,9
BRDA:1389,175,0,18
BRDA:1389,175,1,0
BRDA:1420,176,0,6
BRDA:1420,176,1,6
BRDA:1448,177,0,12
BRDA:1448,177,1,12
BRDA:1462,178,0,21
BRDA:1462,178,1,6
BRDA:1467,179,0,0
BRDA:1467,179,1,6
BRDA:1469,180,0,6
BRDA:1469,180,1,0
BRDA:1469,181,0,6
BRDA:1469,181,1,0
BRDA:1469,182,0,6
BRDA:1469,182,1,0
BRDA:1473,183,0,6
BRDA:1473,183,1,6
BRDA:1477,184,0,0
BRDA:1477,184,1,6
BRDA:1478,185,0,6
BRDA:1478,185,1,0
BRDA:1483,186,0,0
BRDA:1483,186,1,6
BRDA:1483,187,0,6
BRDA:1483,187,1,0
BRDA:1489,188,0,21
BRDA:1489,188,1,6
BRDA:1494,189,0,0
BRDA:1494,189,1,6
BRDA:1520,190,0,1
BRDA:1520,190,1,82
BRDA:1521,191,0,1
BRDA:1521,191,1,82
BRDA:1544,192,0,132
BRDA:1544,192,1,0
BRDA:1548,193,0,132
BRDA:1548,193,1,132
BRDA:1548,193,2,0
BRDA:1554,194,0,132
BRDA:1554,194,1,0
BRDA:1564,195,0,132
BRDA:1564,195,1,0
BRDA:1565,196,0,132
BRDA:1565,196,1,0
BRDA:1566,197,0,132
BRDA:1566,197,1,71
BRDA:1566,197,2,28
BRDA:1590,198,0,2
BRDA:1590,198,1,102
BRDA:1593,199,0,2
BRDA:1593,199,1,0
BRDA:1605,200,0,4
BRDA:1605,200,1,0
BRDA:1606,201,0,0
BRDA:1606,201,1,4
BRDA:1614,202,0,0
BRDA:1614,202,1,4
BRDA:1618,203,0,0
BRDA:1618,203,1,4
BRDA:1622,204,0,4
BRDA:1622,204,1,0
BRDA:1698,205,0,3
BRDA:1698,205,1,101
BRDA:1769,206,0,144
BRDA:1769,206,1,3
BRDA:1773,207,0,3
BRDA:1773,207,1,2
BRDA:1782,208,0,2
BRDA:1782,208,1,0
BRDA:1842,209,0,2
BRDA:1842,209,1,1
BRDA:1843,210,0,2
BRDA:1843,210,1,1
BRDA:1846,211,0,2
BRDA:1846,211,1,1
BRDA:1865,212,0,144
BRDA:1865,212,1,37
BRDA:1881,213,0,3
BRDA:1881,213,1,34
BRDA:1905,214,0,34
BRDA:1905,214,1,0
BRDA:1911,215,0,31
BRDA:1911,215,1,3
BRDA:1916,216,0,31
BRDA:1916,216,1,3
BRDA:1928,217,0,1
BRDA:1928,217,1,2
BRDA:1936,218,0,37
BRDA:1936,218,1,111
BRDA:1939,219,0,37
BRDA:1939,219,1,111
BRDA:1940,220,0,37
BRDA:1940,220,1,74
BRDA:1941,221,0,37
BRDA:1941,221,1,37
BRDA:1942,222,0,148
BRDA:1942,222,1,37
BRDA:1942,223,0,1
BRDA:1942,223,1,36
BRDA:1962,224,0,19
BRDA:1962,224,1,18
BRDA:1965,225,0,3
BRDA:1965,225,1,16
BRDA:1986,226,0,0
BRDA:1986,226,1,22
BRDA:1993,227,0,0
BRDA:1993,227,1,22
BRDA:2019,228,0,37
BRDA:2019,228,1,6
BRDA:2019,228,2,3
BRDA:2064,229,0,0
BRDA:2064,229,1,3
BRDA:2071,230,0,0
BRDA:2071,230,1,3
BRDA:2094,231,0,37
BRDA:2094,231,1,3
BRDA:2094,231,2,3
BRDA:2156,232,0,185
BRDA:2156,232,1,26
BRF:476
BRH:336
end_of_record
TN:
SF:src\components\mobile\MobileLogger.jsx
FN:19,(anonymous_0)
FN:54,(anonymous_1)
FN:56,(anonymous_2)
FN:57,(anonymous_3)
FN:60,(anonymous_4)
FN:61,(anonymous_5)
FN:64,(anonymous_6)
FN:65,(anonymous_7)
FN:89,(anonymous_8)
FN:90,(anonymous_9)
FN:90,(anonymous_10)
FN:101,(anonymous_11)
FN:103,(anonymous_12)
FN:110,(anonymous_13)
FN:139,(anonymous_14)
FN:141,(anonymous_15)
FN:146,(anonymous_16)
FN:160,(anonymous_17)
FN:171,(anonymous_18)
FN:184,(anonymous_19)
FN:190,(anonymous_20)
FN:196,(anonymous_21)
FN:197,(anonymous_22)
FN:204,(anonymous_23)
FN:213,(anonymous_24)
FN:220,(anonymous_25)
FN:223,(anonymous_26)
FN:235,(anonymous_27)
FN:239,(anonymous_28)
FN:240,(anonymous_29)
FN:241,(anonymous_30)
FN:246,(anonymous_31)
FN:247,(anonymous_32)
FN:251,(anonymous_33)
FN:252,(anonymous_34)
FN:262,(anonymous_35)
FN:267,(anonymous_36)
FN:282,(anonymous_37)
FN:286,(anonymous_38)
FN:315,(anonymous_39)
FN:319,(anonymous_40)
FN:320,(anonymous_41)
FN:337,(anonymous_42)
FN:341,(anonymous_43)
FN:345,(anonymous_44)
FN:358,(anonymous_45)
FN:369,(anonymous_46)
FN:373,(anonymous_47)
FN:379,(anonymous_48)
FN:380,(anonymous_49)
FN:402,(anonymous_50)
FN:406,(anonymous_51)
FN:415,(anonymous_52)
FN:456,(anonymous_53)
FN:536,(anonymous_54)
FN:542,(anonymous_55)
FN:564,(anonymous_56)
FN:604,(anonymous_57)
FN:646,(anonymous_58)
FN:669,(anonymous_59)
FN:696,(anonymous_60)
FN:719,(anonymous_61)
FN:740,(anonymous_62)
FN:748,(anonymous_63)
FN:759,(anonymous_64)
FN:790,(anonymous_65)
FN:794,(anonymous_66)
FN:822,(anonymous_67)
FN:853,(anonymous_68)
FN:884,(anonymous_69)
FN:958,(anonymous_70)
FN:966,(anonymous_71)
FN:986,(anonymous_72)
FN:994,(anonymous_73)
FN:1014,(anonymous_74)
FN:1022,(anonymous_75)
FN:1085,(anonymous_76)
FNF:77
FNH:49
FNDA:68,(anonymous_0)
FNDA:2,(anonymous_1)
FNDA:1,(anonymous_2)
FNDA:0,(anonymous_3)
FNDA:1,(anonymous_4)
FNDA:0,(anonymous_5)
FNDA:0,(anonymous_6)
FNDA:0,(anonymous_7)
FNDA:26,(anonymous_8)
FNDA:18,(anonymous_9)
FNDA:18,(anonymous_10)
FNDA:21,(anonymous_11)
FNDA:3,(anonymous_12)
FNDA:0,(anonymous_13)
FNDA:21,(anonymous_14)
FNDA:21,(anonymous_15)
FNDA:0,(anonymous_16)
FNDA:18,(anonymous_17)
FNDA:24,(anonymous_18)
FNDA:21,(anonymous_19)
FNDA:21,(anonymous_20)
FNDA:21,(anonymous_21)
FNDA:0,(anonymous_22)
FNDA:0,(anonymous_23)
FNDA:21,(anonymous_24)
FNDA:20,(anonymous_25)
FNDA:0,(anonymous_26)
FNDA:1,(anonymous_27)
FNDA:26,(anonymous_28)
FNDA:18,(anonymous_29)
FNDA:19,(anonymous_30)
FNDA:26,(anonymous_31)
FNDA:18,(anonymous_32)
FNDA:19,(anonymous_33)
FNDA:14,(anonymous_34)
FNDA:52,(anonymous_35)
FNDA:44,(anonymous_36)
FNDA:46,(anonymous_37)
FNDA:44,(anonymous_38)
FNDA:0,(anonymous_39)
FNDA:2,(anonymous_40)
FNDA:2,(anonymous_41)
FNDA:0,(anonymous_42)
FNDA:2,(anonymous_43)
FNDA:0,(anonymous_44)
FNDA:0,(anonymous_45)
FNDA:0,(anonymous_46)
FNDA:0,(anonymous_47)
FNDA:0,(anonymous_48)
FNDA:0,(anonymous_49)
FNDA:2,(anonymous_50)
FNDA:8,(anonymous_51)
FNDA:7,(anonymous_52)
FNDA:1,(anonymous_53)
FNDA:21,(anonymous_54)
FNDA:1,(anonymous_55)
FNDA:1,(anonymous_56)
FNDA:0,(anonymous_57)
FNDA:0,(anonymous_58)
FNDA:0,(anonymous_59)
FNDA:58,(anonymous_60)
FNDA:50,(anonymous_61)
FNDA:0,(anonymous_62)
FNDA:0,(anonymous_63)
FNDA:0,(anonymous_64)
FNDA:52,(anonymous_65)
FNDA:0,(anonymous_66)
FNDA:1,(anonymous_67)
FNDA:0,(anonymous_68)
FNDA:0,(anonymous_69)
FNDA:22,(anonymous_70)
FNDA:1,(anonymous_71)
FNDA:22,(anonymous_72)
FNDA:1,(anonymous_73)
FNDA:22,(anonymous_74)
FNDA:0,(anonymous_75)
FNDA:0,(anonymous_76)
DA:19,1
DA:20,68
DA:21,68
DA:22,68
DA:23,68
DA:36,68
DA:41,68
DA:43,68
DA:46,68
DA:47,68
DA:50,68
DA:51,68
DA:52,68
DA:54,68
DA:55,2
DA:56,1
DA:57,1
DA:59,1
DA:60,1
DA:61,1
DA:63,0
DA:64,0
DA:65,0
DA:71,68
DA:72,68
DA:75,68
DA:76,68
DA:79,68
DA:80,68
DA:81,68
DA:82,68
DA:83,68
DA:84,68
DA:87,68
DA:89,68
DA:90,26
DA:93,68
DA:96,68
DA:97,68
DA:101,68
DA:102,21
DA:103,3
DA:104,3
DA:105,3
DA:106,3
DA:108,3
DA:109,3
DA:110,3
DA:111,0
DA:112,0
DA:113,0
DA:114,0
DA:115,0
DA:116,0
DA:117,0
DA:119,0
DA:128,3
DA:130,0
DA:132,3
DA:135,3
DA:139,68
DA:140,21
DA:141,21
DA:142,21
DA:143,21
DA:144,21
DA:145,21
DA:146,21
DA:147,0
DA:149,21
DA:151,0
DA:154,21
DA:158,68
DA:160,68
DA:161,18
DA:162,0
DA:163,0
DA:164,0
DA:166,0
DA:171,68
DA:172,24
DA:173,0
DA:174,0
DA:175,0
DA:176,0
DA:178,0
DA:184,68
DA:185,21
DA:186,18
DA:188,3
DA:190,21
DA:191,21
DA:196,68
DA:197,21
DA:198,0
DA:199,0
DA:200,0
DA:204,21
DA:205,0
DA:206,0
DA:207,0
DA:211,21
DA:212,21
DA:213,21
DA:214,21
DA:215,21
DA:220,68
DA:221,20
DA:223,1
DA:224,0
DA:225,0
DA:227,0
DA:228,0
DA:229,0
DA:230,0
DA:231,0
DA:235,1
DA:239,68
DA:240,26
DA:241,19
DA:246,68
DA:247,26
DA:249,18
DA:251,19
DA:254,14
DA:262,68
DA:263,52
DA:264,52
DA:267,44
DA:268,44
DA:270,44
DA:271,52
DA:272,52
DA:273,52
DA:274,52
DA:277,44
DA:279,44
DA:280,52
DA:282,52
DA:283,52
DA:285,44
DA:286,44
DA:287,44
DA:288,44
DA:289,44
DA:290,44
DA:291,44
DA:296,44
DA:299,44
DA:300,52
DA:301,52
DA:303,0
DA:310,52
DA:315,68
DA:316,0
DA:319,68
DA:320,2
DA:321,2
DA:322,2
DA:324,2
DA:325,2
DA:326,2
DA:327,1
DA:330,1
DA:331,2
DA:332,2
DA:333,2
DA:337,68
DA:338,0
DA:341,68
DA:342,2
DA:345,68
DA:346,0
DA:347,0
DA:353,0
DA:354,0
DA:355,0
DA:358,68
DA:359,0
DA:360,0
DA:361,0
DA:362,0
DA:363,0
DA:365,0
DA:366,0
DA:369,68
DA:370,0
DA:372,0
DA:373,0
DA:376,0
DA:379,0
DA:380,0
DA:387,0
DA:395,0
DA:397,0
DA:398,0
DA:402,68
DA:403,2
DA:406,68
DA:407,8
DA:408,1
DA:409,1
DA:411,7
DA:412,7
DA:415,68
DA:416,7
DA:417,7
DA:418,7
DA:419,7
DA:420,7
DA:421,7
DA:426,7
DA:427,2
DA:428,2
DA:429,2
DA:430,2
DA:431,2
DA:433,5
DA:434,5
DA:436,5
DA:440,5
DA:441,0
DA:443,5
DA:444,5
DA:445,5
DA:452,7
DA:456,68
DA:457,1
DA:458,1
DA:459,1
DA:460,1
DA:461,1
DA:462,1
DA:466,68
DA:473,68
DA:478,68
DA:479,2
DA:489,65
DA:537,21
DA:538,21
DA:542,1
DA:564,1
DA:604,0
DA:646,0
DA:669,0
DA:697,58
DA:700,58
DA:701,58
DA:702,0
DA:720,50
DA:740,0
DA:748,0
DA:759,0
DA:791,52
DA:792,52
DA:794,52
DA:795,0
DA:797,52
DA:799,52
DA:822,1
DA:853,0
DA:884,0
DA:959,22
DA:960,22
DA:961,22
DA:966,1
DA:987,22
DA:988,22
DA:989,22
DA:994,1
DA:1015,22
DA:1016,22
DA:1017,22
DA:1022,0
DA:1085,0
LF:275
LH:201
BRDA:55,0,0,1
BRDA:55,0,1,1
BRDA:57,1,0,0
BRDA:57,1,1,1
BRDA:59,2,0,1
BRDA:59,2,1,0
BRDA:61,3,0,0
BRDA:61,3,1,1
BRDA:63,4,0,0
BRDA:63,4,1,0
BRDA:65,5,0,0
BRDA:65,5,1,0
BRDA:90,6,0,18
BRDA:90,6,1,4
BRDA:102,7,0,18
BRDA:102,7,1,3
BRDA:102,8,0,21
BRDA:102,8,1,21
BRDA:114,9,0,0
BRDA:114,9,1,0
BRDA:115,10,0,0
BRDA:115,10,1,0
BRDA:116,11,0,0
BRDA:116,11,1,0
BRDA:124,12,0,0
BRDA:124,12,1,0
BRDA:125,13,0,0
BRDA:125,13,1,0
BRDA:140,14,0,0
BRDA:140,14,1,21
BRDA:161,15,0,0
BRDA:161,15,1,18
BRDA:161,16,0,18
BRDA:161,16,1,0
BRDA:172,17,0,0
BRDA:172,17,1,24
BRDA:185,18,0,18
BRDA:185,18,1,3
BRDA:198,19,0,0
BRDA:198,19,1,0
BRDA:198,20,0,0
BRDA:198,20,1,0
BRDA:205,21,0,0
BRDA:205,21,1,0
BRDA:221,22,0,19
BRDA:221,22,1,1
BRDA:227,23,0,0
BRDA:227,23,1,0
BRDA:241,24,0,19
BRDA:241,24,1,5
BRDA:251,25,0,19
BRDA:251,25,1,5
BRDA:254,26,0,14
BRDA:254,26,1,0
BRDA:254,27,0,14
BRDA:254,27,1,0
BRDA:263,28,0,52
BRDA:263,28,1,8
BRDA:264,29,0,8
BRDA:264,29,1,44
BRDA:268,30,0,0
BRDA:268,30,1,44
BRDA:270,31,0,44
BRDA:270,31,1,0
BRDA:272,32,0,0
BRDA:272,32,1,44
BRDA:272,33,0,44
BRDA:272,33,1,0
BRDA:273,34,0,52
BRDA:273,34,1,0
BRDA:274,35,0,0
BRDA:274,35,1,52
BRDA:277,36,0,0
BRDA:277,36,1,44
BRDA:277,37,0,44
BRDA:277,37,1,44
BRDA:279,38,0,44
BRDA:279,38,1,0
BRDA:282,39,0,46
BRDA:282,39,1,2
BRDA:283,40,0,0
BRDA:283,40,1,52
BRDA:287,41,0,0
BRDA:287,41,1,44
BRDA:287,42,0,44
BRDA:287,42,1,0
BRDA:288,43,0,44
BRDA:288,43,1,0
BRDA:290,44,0,44
BRDA:290,44,1,0
BRDA:296,45,0,0
BRDA:296,45,1,44
BRDA:299,46,0,44
BRDA:299,46,1,0
BRDA:300,47,0,52
BRDA:300,47,1,44
BRDA:300,47,2,44
BRDA:301,48,0,44
BRDA:301,48,1,8
BRDA:304,49,0,0
BRDA:304,49,1,0
BRDA:304,50,0,0
BRDA:304,50,1,0
BRDA:305,51,0,52
BRDA:305,51,1,0
BRDA:322,52,0,2
BRDA:322,52,1,2
BRDA:325,53,0,2
BRDA:325,53,1,0
BRDA:325,54,0,2
BRDA:325,54,1,2
BRDA:326,55,0,1
BRDA:326,55,1,1
BRDA:330,56,0,1
BRDA:330,56,1,1
BRDA:346,57,0,0
BRDA:346,57,1,0
BRDA:361,58,0,0
BRDA:361,58,1,0
BRDA:376,59,0,0
BRDA:376,59,1,0
BRDA:376,60,0,0
BRDA:376,60,1,0
BRDA:380,61,0,0
BRDA:380,61,1,0
BRDA:381,62,0,0
BRDA:381,62,1,0
BRDA:382,63,0,0
BRDA:382,63,1,0
BRDA:382,64,0,0
BRDA:382,64,1,0
BRDA:395,65,0,0
BRDA:395,65,1,0
BRDA:407,66,0,1
BRDA:407,66,1,7
BRDA:416,67,0,0
BRDA:416,67,1,7
BRDA:433,68,0,5
BRDA:433,68,1,0
BRDA:436,69,0,5
BRDA:436,69,1,5
BRDA:436,69,2,5
BRDA:440,70,0,0
BRDA:440,70,1,5
BRDA:446,71,0,1
BRDA:446,71,1,4
BRDA:467,72,0,0
BRDA:467,72,1,67
BRDA:468,73,0,0
BRDA:468,73,1,67
BRDA:478,74,0,2
BRDA:478,74,1,66
BRDA:494,75,0,65
BRDA:494,75,1,7
BRDA:511,76,0,7
BRDA:511,76,1,0
BRDA:544,77,0,7
BRDA:544,77,1,14
BRDA:569,78,0,2
BRDA:569,78,1,5
BRDA:574,79,0,2
BRDA:574,79,1,5
BRDA:598,80,0,68
BRDA:598,80,1,58
BRDA:643,81,0,58
BRDA:643,81,1,0
BRDA:656,82,0,58
BRDA:656,82,1,0
BRDA:676,83,0,0
BRDA:676,83,1,0
BRDA:690,84,0,58
BRDA:690,84,1,0
BRDA:697,85,0,0
BRDA:697,85,1,58
BRDA:698,86,0,0
BRDA:698,86,1,0
BRDA:701,87,0,58
BRDA:701,87,1,0
BRDA:709,88,0,8
BRDA:709,88,1,50
BRDA:740,89,0,0
BRDA:740,89,1,0
BRDA:745,90,0,50
BRDA:745,90,1,46
BRDA:748,91,0,0
BRDA:748,91,1,0
BRDA:769,92,0,50
BRDA:769,92,1,50
BRDA:772,93,0,0
BRDA:772,93,1,50
BRDA:791,94,0,52
BRDA:791,94,1,52
BRDA:791,94,2,52
BRDA:792,95,0,52
BRDA:792,95,1,52
BRDA:795,96,0,0
BRDA:795,96,1,0
BRDA:795,97,0,0
BRDA:795,97,1,0
BRDA:797,98,0,0
BRDA:797,98,1,52
BRDA:813,99,0,4
BRDA:813,99,1,48
BRDA:838,100,0,58
BRDA:838,100,1,2
BRDA:838,100,2,2
BRDA:876,101,0,58
BRDA:876,101,1,22
BRDA:884,102,0,0
BRDA:884,102,1,0
BRDA:943,103,0,22
BRDA:943,103,1,22
BRDA:959,104,0,22
BRDA:959,104,1,0
BRDA:959,104,2,0
BRDA:968,105,0,3
BRDA:968,105,1,19
BRDA:987,106,0,22
BRDA:987,106,1,0
BRDA:987,106,2,0
BRDA:996,107,0,2
BRDA:996,107,1,20
BRDA:1015,108,0,22
BRDA:1015,108,1,0
BRDA:1015,108,2,0
BRDA:1024,109,0,0
BRDA:1024,109,1,22
BRDA:1039,110,0,22
BRDA:1039,110,1,5
BRDA:1054,111,0,7
BRDA:1054,111,1,15
BRF:231
BRH:127
end_of_record
TN:
SF:src\components\shared\GuestRoute.jsx
FN:9,(anonymous_0)
FNF:1
FNH:1
FNDA:4,(anonymous_0)
DA:9,1
DA:10,4
DA:11,4
DA:13,4
DA:14,1
DA:17,3
DA:20,2
DA:21,2
DA:24,1
LF:9
LH:9
BRDA:13,0,0,1
BRDA:13,0,1,3
BRDA:17,1,0,2
BRDA:17,1,1,1
BRDA:20,2,0,2
BRDA:20,2,1,1
BRF:6
BRH:6
end_of_record
TN:
SF:src\components\shared\LoginPage.jsx
FN:7,(anonymous_0)
FN:30,(anonymous_1)
FN:45,(anonymous_2)
FN:47,(anonymous_3)
FN:48,(anonymous_4)
FN:60,(anonymous_5)
FN:66,(anonymous_6)
FN:81,(anonymous_7)
FN:97,(anonymous_8)
FN:112,(anonymous_9)
FN:187,(anonymous_10)
FN:222,(anonymous_11)
FN:234,(anonymous_12)
FNF:13
FNH:13
FNDA:55,(anonymous_0)
FNDA:10,(anonymous_1)
FNDA:14,(anonymous_2)
FNDA:45,(anonymous_3)
FNDA:45,(anonymous_4)
FNDA:14,(anonymous_5)
FNDA:8,(anonymous_6)
FNDA:9,(anonymous_7)
FNDA:2,(anonymous_8)
FNDA:5,(anonymous_9)
FNDA:5,(anonymous_10)
FNDA:8,(anonymous_11)
FNDA:2,(anonymous_12)
DA:7,1
DA:8,55
DA:11,55
DA:12,55
DA:13,55
DA:14,55
DA:17,55
DA:18,55
DA:20,55
DA:23,55
DA:24,55
DA:27,55
DA:30,55
DA:31,10
DA:32,10
DA:33,1
DA:34,1
DA:35,1
DA:36,1
DA:37,1
DA:39,0
DA:45,55
DA:46,14
DA:47,2
DA:48,45
DA:49,45
DA:50,2
DA:51,2
DA:52,2
DA:53,2
DA:54,2
DA:56,43
DA:60,14
DA:61,14
DA:66,55
DA:67,8
DA:68,8
DA:69,8
DA:70,1
DA:71,1
DA:72,7
DA:73,1
DA:74,1
DA:76,6
DA:77,6
DA:81,55
DA:82,9
DA:83,9
DA:84,1
DA:85,1
DA:86,8
DA:87,1
DA:88,1
DA:89,7
DA:90,1
DA:91,1
DA:93,6
DA:94,6
DA:97,55
DA:98,2
DA:99,2
DA:100,2
DA:101,2
DA:102,2
DA:103,2
DA:106,1
DA:108,2
DA:112,55
DA:113,5
DA:114,5
DA:116,5
DA:117,5
DA:119,5
DA:121,5
DA:122,5
DA:123,5
DA:125,5
DA:126,5
DA:130,4
DA:132,4
DA:133,4
DA:135,4
DA:136,1
DA:137,1
DA:138,1
DA:139,1
DA:141,3
DA:144,5
DA:149,55
DA:150,55
DA:152,55
DA:188,5
DA:189,5
DA:223,8
DA:224,8
DA:234,2
LF:96
LH:95
BRDA:32,0,0,1
BRDA:32,0,1,9
BRDA:34,1,0,1
BRDA:34,1,1,0
BRDA:46,2,0,2
BRDA:46,2,1,12
BRDA:49,3,0,2
BRDA:49,3,1,43
BRDA:61,4,0,4
BRDA:61,4,1,10
BRDA:67,5,0,3
BRDA:67,5,1,5
BRDA:67,6,0,8
BRDA:67,6,1,3
BRDA:69,7,0,1
BRDA:69,7,1,7
BRDA:72,8,0,1
BRDA:72,8,1,6
BRDA:82,9,0,4
BRDA:82,9,1,5
BRDA:82,10,0,9
BRDA:82,10,1,4
BRDA:83,11,0,1
BRDA:83,11,1,8
BRDA:86,12,0,1
BRDA:86,12,1,7
BRDA:89,13,0,1
BRDA:89,13,1,6
BRDA:98,14,0,0
BRDA:98,14,1,2
BRDA:106,15,0,1
BRDA:106,15,1,1
BRDA:114,16,0,0
BRDA:114,16,1,5
BRDA:119,17,0,0
BRDA:119,17,1,5
BRDA:119,18,0,5
BRDA:119,18,1,5
BRDA:135,19,0,1
BRDA:135,19,1,3
BRDA:141,20,0,3
BRDA:141,20,1,3
BRDA:149,21,0,55
BRDA:149,21,1,27
BRDA:149,21,2,14
BRDA:149,21,3,14
BRDA:150,22,0,55
BRDA:150,22,1,44
BRDA:150,22,2,42
BRDA:189,23,0,2
BRDA:189,23,1,3
BRDA:194,24,0,2
BRDA:194,24,1,53
BRDA:198,25,0,55
BRDA:198,25,1,2
BRDA:219,26,0,1
BRDA:219,26,1,54
BRDA:224,27,0,3
BRDA:224,27,1,5
BRDA:229,28,0,3
BRDA:229,28,1,52
BRDA:237,29,0,1
BRDA:237,29,1,54
BRDA:240,30,0,55
BRDA:240,30,1,3
BRDA:249,31,0,55
BRDA:249,31,1,10
BRDA:258,32,0,10
BRDA:258,32,1,2
BRDA:272,33,0,49
BRDA:272,33,1,6
BRDA:277,34,0,11
BRDA:277,34,1,44
BRDA:298,35,0,55
BRDA:298,35,1,44
BRDA:301,36,0,2
BRDA:301,36,1,53
BRF:77
BRH:73
end_of_record
TN:
SF:src\components\shared\NeubrutalistCalendar.jsx
FN:8,(anonymous_0)
FN:18,(anonymous_1)
FN:19,(anonymous_2)
FN:22,(anonymous_3)
FN:32,(anonymous_4)
FN:47,(anonymous_5)
FN:55,(anonymous_6)
FN:57,(anonymous_7)
FN:79,(anonymous_8)
FN:83,(anonymous_9)
FN:87,(anonymous_10)
FN:110,(anonymous_11)
FN:112,(anonymous_12)
FN:115,(anonymous_13)
FN:124,(anonymous_14)
FN:133,(anonymous_15)
FN:135,(anonymous_16)
FN:138,(anonymous_17)
FN:140,(anonymous_18)
FN:180,(anonymous_19)
FN:187,(anonymous_20)
FN:199,(anonymous_21)
FN:230,(anonymous_22)
FN:238,(anonymous_23)
FN:255,(anonymous_24)
FN:261,(anonymous_25)
FN:295,(anonymous_26)
FN:308,(anonymous_27)
FN:312,(anonymous_28)
FN:328,(anonymous_29)
FN:339,(anonymous_30)
FNF:31
FNH:28
FNDA:31,(anonymous_0)
FNDA:15,(anonymous_1)
FNDA:12,(anonymous_2)
FNDA:2,(anonymous_3)
FNDA:1,(anonymous_4)
FNDA:491,(anonymous_5)
FNDA:15,(anonymous_6)
FNDA:10,(anonymous_7)
FNDA:1,(anonymous_8)
FNDA:1,(anonymous_9)
FNDA:15,(anonymous_10)
FNDA:24,(anonymous_11)
FNDA:120,(anonymous_12)
FNDA:8,(anonymous_13)
FNDA:2,(anonymous_14)
FNDA:2,(anonymous_15)
FNDA:0,(anonymous_16)
FNDA:0,(anonymous_17)
FNDA:0,(anonymous_18)
FNDA:210,(anonymous_19)
FNDA:910,(anonymous_20)
FNDA:8,(anonymous_21)
FNDA:1,(anonymous_22)
FNDA:12,(anonymous_23)
FNDA:2,(anonymous_24)
FNDA:1,(anonymous_25)
FNDA:3,(anonymous_26)
FNDA:6,(anonymous_27)
FNDA:2,(anonymous_28)
FNDA:1,(anonymous_29)
FNDA:1,(anonymous_30)
DA:8,2
DA:9,31
DA:10,31
DA:11,31
DA:12,31
DA:14,31
DA:15,31
DA:18,31
DA:19,15
DA:22,31
DA:23,2
DA:24,2
DA:25,2
DA:29,2
DA:30,2
DA:31,1
DA:32,1
DA:33,1
DA:34,1
DA:35,1
DA:38,1
DA:39,1
DA:43,31
DA:44,31
DA:47,31
DA:48,491
DA:49,491
DA:50,491
DA:51,491
DA:55,31
DA:56,15
DA:57,15
DA:58,10
DA:59,10
DA:60,10
DA:61,9
DA:62,9
DA:63,9
DA:65,15
DA:69,31
DA:70,31
DA:72,31
DA:74,31
DA:79,31
DA:80,1
DA:83,31
DA:84,1
DA:87,31
DA:88,15
DA:90,15
DA:91,8
DA:94,15
DA:95,452
DA:96,452
DA:97,452
DA:104,15
DA:108,31
DA:110,31
DA:111,24
DA:112,120
DA:115,31
DA:116,8
DA:117,1
DA:118,1
DA:120,7
DA:123,7
DA:124,2
DA:125,2
DA:127,2
DA:130,2
DA:131,2
DA:132,2
DA:134,2
DA:135,2
DA:138,0
DA:139,0
DA:140,0
DA:141,0
DA:144,2
DA:146,2
DA:150,31
DA:151,31
DA:152,31
DA:154,31
DA:181,210
DA:188,910
DA:189,8
DA:192,902
DA:193,902
DA:194,910
DA:196,910
DA:199,8
DA:230,1
DA:239,12
DA:241,12
DA:255,2
DA:261,1
DA:295,3
DA:310,6
DA:311,6
DA:313,2
DA:328,1
DA:340,1
DA:341,1
LF:104
LH:100
BRDA:8,0,0,31
BRDA:8,1,0,31
BRDA:8,2,0,31
BRDA:19,3,0,12
BRDA:19,3,1,11
BRDA:23,4,0,0
BRDA:23,4,1,2
BRDA:25,5,0,1
BRDA:25,5,1,1
BRDA:58,6,0,0
BRDA:58,6,1,10
BRDA:59,7,0,9
BRDA:59,7,1,1
BRDA:60,8,0,1
BRDA:60,8,1,9
BRDA:62,9,0,9
BRDA:62,9,1,0
BRDA:72,10,0,1
BRDA:72,10,1,29
BRDA:101,11,0,452
BRDA:101,11,1,443
BRDA:111,12,0,16
BRDA:111,12,1,8
BRDA:112,13,0,8
BRDA:112,13,1,0
BRDA:112,14,0,120
BRDA:112,14,1,8
BRDA:116,15,0,1
BRDA:116,15,1,7
BRDA:116,16,0,8
BRDA:116,16,1,8
BRDA:123,17,0,5
BRDA:123,17,1,2
BRDA:125,18,0,2
BRDA:125,18,1,2
BRDA:125,18,2,2
BRDA:125,18,3,2
BRDA:127,19,0,0
BRDA:127,19,1,2
BRDA:127,20,0,2
BRDA:127,20,1,2
BRDA:188,21,0,8
BRDA:188,21,1,902
BRDA:201,22,0,14
BRDA:201,22,1,888
BRDA:203,23,0,29
BRDA:203,23,1,859
BRDA:205,24,0,10
BRDA:205,24,1,849
BRDA:211,25,0,910
BRDA:211,25,1,23
BRDA:214,26,0,12
BRDA:214,26,1,11
BRDA:214,27,0,1
BRDA:214,27,1,10
BRDA:223,28,0,31
BRDA:223,28,1,14
BRDA:223,28,2,12
BRDA:244,29,0,3
BRDA:244,29,1,9
BRDA:276,30,0,4
BRDA:276,30,1,5
BRDA:282,31,0,9
BRDA:282,31,1,8
BRDA:284,32,0,9
BRDA:284,32,1,1
BRDA:289,33,0,9
BRDA:289,33,1,1
BRDA:306,34,0,3
BRDA:306,34,1,6
BRDA:310,35,0,6
BRDA:310,35,1,6
BRDA:310,35,2,0
BRDA:311,36,0,2
BRDA:311,36,1,4
BRDA:314,37,0,2
BRDA:314,37,1,1
BRDA:326,38,0,9
BRDA:326,38,1,2
BRDA:337,39,0,9
BRDA:337,39,1,5
BRF:81
BRH:75
end_of_record
TN:
SF:src\components\shared\OnboardingGuard.jsx
FN:16,(anonymous_0)
FNF:1
FNH:1
FNDA:5,(anonymous_0)
DA:16,2
DA:17,5
DA:18,5
DA:20,5
DA:23,5
DA:24,0
DA:27,5
DA:30,5
DA:31,3
DA:35,2
DA:36,1
DA:39,1
LF:12
LH:11
BRDA:23,0,0,0
BRDA:23,0,1,5
BRDA:23,1,0,5
BRDA:23,1,1,5
BRDA:23,1,2,5
BRDA:30,2,0,3
BRDA:30,2,1,2
BRDA:30,3,0,5
BRDA:30,3,1,3
BRDA:35,4,0,1
BRDA:35,4,1,1
BRDA:35,5,0,2
BRDA:35,5,1,2
BRF:13
BRH:12
end_of_record
TN:
SF:src\components\shared\ProtectedRoute.jsx
FN:6,(anonymous_0)
FN:28,(anonymous_1)
FNF:2
FNH:2
FNDA:2,(anonymous_0)
FNDA:4,(anonymous_1)
DA:6,2
DA:7,2
DA:28,2
DA:29,4
DA:30,4
DA:35,4
DA:36,1
DA:39,3
DA:42,2
DA:51,1
LF:10
LH:10
BRDA:6,0,0,2
BRDA:35,1,0,1
BRDA:35,1,1,3
BRDA:39,2,0,2
BRDA:39,2,1,1
BRF:5
BRH:5
end_of_record
TN:
SF:src\components\shared\SetRow.jsx
FN:20,(anonymous_0)
FN:52,(anonymous_1)
FN:56,(anonymous_2)
FN:61,(anonymous_3)
FN:73,(anonymous_4)
FN:84,(anonymous_5)
FN:96,(anonymous_6)
FN:113,(anonymous_7)
FN:122,(anonymous_8)
FN:143,(anonymous_9)
FN:152,(anonymous_10)
FN:159,(anonymous_11)
FN:167,(anonymous_12)
FN:171,(anonymous_13)
FN:172,(anonymous_14)
FN:196,(anonymous_15)
FN:205,(anonymous_16)
FN:213,(anonymous_17)
FN:235,(anonymous_18)
FN:249,(anonymous_19)
FN:257,(anonymous_20)
FN:278,(anonymous_21)
FN:317,(anonymous_22)
FN:340,(anonymous_23)
FN:341,(anonymous_24)
FN:354,(anonymous_25)
FN:355,(anonymous_26)
FN:378,(anonymous_27)
FN:379,(anonymous_28)
FN:400,(anonymous_29)
FN:401,(anonymous_30)
FN:415,(anonymous_31)
FN:416,(anonymous_32)
FN:443,(anonymous_33)
FN:444,(anonymous_34)
FN:462,(anonymous_35)
FN:514,(anonymous_36)
FNF:37
FNH:28
FNDA:95,(anonymous_0)
FNDA:47,(anonymous_1)
FNDA:46,(anonymous_2)
FNDA:5,(anonymous_3)
FNDA:1,(anonymous_4)
FNDA:1,(anonymous_5)
FNDA:49,(anonymous_6)
FNDA:2,(anonymous_7)
FNDA:2,(anonymous_8)
FNDA:2,(anonymous_9)
FNDA:2,(anonymous_10)
FNDA:1,(anonymous_11)
FNDA:62,(anonymous_12)
FNDA:45,(anonymous_13)
FNDA:1,(anonymous_14)
FNDA:1,(anonymous_15)
FNDA:45,(anonymous_16)
FNDA:4,(anonymous_17)
FNDA:2,(anonymous_18)
FNDA:2,(anonymous_19)
FNDA:1,(anonymous_20)
FNDA:0,(anonymous_21)
FNDA:1,(anonymous_22)
FNDA:0,(anonymous_23)
FNDA:0,(anonymous_24)
FNDA:1,(anonymous_25)
FNDA:2,(anonymous_26)
FNDA:0,(anonymous_27)
FNDA:0,(anonymous_28)
FNDA:0,(anonymous_29)
FNDA:0,(anonymous_30)
FNDA:1,(anonymous_31)
FNDA:2,(anonymous_32)
FNDA:0,(anonymous_33)
FNDA:0,(anonymous_34)
FNDA:4,(anonymous_35)
FNDA:1,(anonymous_36)
DA:20,2
DA:34,95
DA:37,95
DA:38,95
DA:41,95
DA:42,95
DA:45,95
DA:46,95
DA:47,95
DA:49,95
DA:52,95
DA:53,47
DA:56,95
DA:57,46
DA:61,95
DA:62,5
DA:63,5
DA:64,0
DA:65,0
DA:66,0
DA:67,0
DA:69,0
DA:70,0
DA:73,95
DA:74,1
DA:75,1
DA:76,1
DA:77,1
DA:78,1
DA:79,1
DA:80,1
DA:81,1
DA:84,95
DA:85,1
DA:86,1
DA:87,1
DA:88,1
DA:89,1
DA:90,1
DA:91,1
DA:92,1
DA:96,95
DA:97,49
DA:98,2
DA:100,49
DA:104,95
DA:113,95
DA:114,2
DA:116,2
DA:117,2
DA:118,2
DA:122,95
DA:123,2
DA:124,2
DA:125,0
DA:126,0
DA:127,0
DA:129,2
DA:130,2
DA:132,2
DA:134,2
DA:135,0
DA:136,0
DA:138,2
DA:139,2
DA:143,95
DA:144,2
DA:146,2
DA:147,2
DA:148,2
DA:152,95
DA:153,2
DA:154,2
DA:155,2
DA:156,2
DA:159,95
DA:160,1
DA:161,1
DA:166,95
DA:167,95
DA:168,62
DA:171,95
DA:172,45
DA:173,1
DA:176,1
DA:177,1
DA:178,0
DA:180,1
DA:181,1
DA:182,1
DA:183,1
DA:184,0
DA:186,1
DA:191,1
DA:192,1
DA:193,1
DA:196,45
DA:197,1
DA:198,1
DA:202,45
DA:203,45
DA:205,45
DA:206,45
DA:207,45
DA:213,95
DA:214,4
DA:215,4
DA:216,4
DA:217,4
DA:218,2
DA:219,1
DA:220,1
DA:223,2
DA:224,2
DA:225,2
DA:226,0
DA:227,0
DA:229,2
DA:230,2
DA:235,95
DA:236,2
DA:237,2
DA:238,1
DA:239,1
DA:241,1
DA:242,1
DA:243,1
DA:244,1
DA:245,1
DA:249,95
DA:250,2
DA:251,2
DA:252,2
DA:253,2
DA:254,2
DA:257,95
DA:258,1
DA:259,1
DA:260,1
DA:261,1
DA:262,1
DA:267,95
DA:268,95
DA:271,95
DA:275,95
DA:278,0
DA:317,1
DA:340,0
DA:341,0
DA:354,1
DA:356,2
DA:357,2
DA:378,0
DA:379,0
DA:400,0
DA:401,0
DA:415,1
DA:417,2
DA:418,2
DA:443,0
DA:444,0
DA:463,4
DA:464,1
DA:466,4
DA:514,1
DA:530,2
DA:531,2
LF:167
LH:143
BRDA:26,0,0,95
BRDA:27,1,0,95
BRDA:28,2,0,95
BRDA:29,3,0,95
BRDA:30,4,0,95
BRDA:31,5,0,95
BRDA:32,6,0,95
BRDA:37,7,0,95
BRDA:37,7,1,0
BRDA:38,8,0,95
BRDA:38,8,1,0
BRDA:47,9,0,95
BRDA:47,9,1,95
BRDA:47,9,2,95
BRDA:47,9,3,82
BRDA:47,9,4,82
BRDA:47,9,5,82
BRDA:53,10,0,47
BRDA:53,10,1,0
BRDA:57,11,0,46
BRDA:57,11,1,0
BRDA:62,12,0,0
BRDA:62,12,1,5
BRDA:63,13,0,5
BRDA:63,13,1,0
BRDA:66,14,0,0
BRDA:66,14,1,0
BRDA:70,15,0,0
BRDA:70,15,1,0
BRDA:74,16,0,0
BRDA:74,16,1,1
BRDA:85,17,0,0
BRDA:85,17,1,1
BRDA:86,18,0,0
BRDA:86,18,1,1
BRDA:86,19,0,1
BRDA:86,19,1,0
BRDA:86,20,0,1
BRDA:86,20,1,0
BRDA:97,21,0,2
BRDA:97,21,1,47
BRDA:97,22,0,49
BRDA:97,22,1,17
BRDA:104,23,0,0
BRDA:104,23,1,95
BRDA:116,24,0,2
BRDA:116,24,1,0
BRDA:116,25,0,2
BRDA:116,25,1,2
BRDA:116,25,2,0
BRDA:116,25,3,0
BRDA:116,25,4,0
BRDA:123,26,0,1
BRDA:123,26,1,1
BRDA:124,27,0,0
BRDA:124,27,1,2
BRDA:124,28,0,2
BRDA:124,28,1,0
BRDA:130,29,0,0
BRDA:130,29,1,2
BRDA:130,30,0,2
BRDA:130,30,1,2
BRDA:134,31,0,0
BRDA:134,31,1,2
BRDA:134,32,0,2
BRDA:134,32,1,0
BRDA:146,33,0,2
BRDA:146,33,1,0
BRDA:146,34,0,2
BRDA:146,34,1,2
BRDA:154,35,0,0
BRDA:154,35,1,2
BRDA:154,36,0,2
BRDA:154,36,1,2
BRDA:160,37,0,1
BRDA:160,37,1,0
BRDA:176,38,0,1
BRDA:176,38,1,0
BRDA:177,39,0,0
BRDA:177,39,1,1
BRDA:177,40,0,1
BRDA:177,40,1,0
BRDA:181,41,0,0
BRDA:181,41,1,1
BRDA:181,42,0,1
BRDA:181,42,1,1
BRDA:183,43,0,0
BRDA:183,43,1,1
BRDA:183,44,0,1
BRDA:183,44,1,0
BRDA:192,45,0,0
BRDA:192,45,1,1
BRDA:192,46,0,1
BRDA:192,46,1,1
BRDA:197,47,0,1
BRDA:197,47,1,0
BRDA:215,48,0,0
BRDA:215,48,1,4
BRDA:216,49,0,4
BRDA:216,49,1,2
BRDA:217,50,0,2
BRDA:217,50,1,2
BRDA:218,51,0,1
BRDA:218,51,1,1
BRDA:225,52,0,0
BRDA:225,52,1,2
BRDA:225,53,0,2
BRDA:225,53,1,0
BRDA:237,54,0,1
BRDA:237,54,1,1
BRDA:241,55,0,1
BRDA:241,55,1,0
BRDA:251,56,0,2
BRDA:251,56,1,1
BRDA:259,57,0,1
BRDA:259,57,1,0
BRDA:267,58,0,95
BRDA:267,58,1,24
BRDA:268,59,0,95
BRDA:268,59,1,11
BRDA:271,60,0,1
BRDA:271,60,1,94
BRDA:272,61,0,94
BRDA:272,61,1,80
BRDA:273,62,0,9
BRDA:273,62,1,85
BRDA:273,63,0,9
BRDA:273,63,1,4
BRDA:277,64,0,4
BRDA:277,64,1,91
BRDA:279,65,0,0
BRDA:279,65,1,95
BRDA:289,66,0,4
BRDA:289,66,1,91
BRDA:289,67,0,95
BRDA:289,67,1,72
BRDA:289,67,2,7
BRDA:289,67,3,7
BRDA:289,67,4,3
BRDA:291,68,0,4
BRDA:291,68,1,4
BRDA:299,69,0,0
BRDA:299,69,1,4
BRDA:303,70,0,4
BRDA:303,70,1,4
BRDA:303,70,2,0
BRDA:303,70,3,4
BRDA:311,71,0,0
BRDA:311,71,1,4
BRDA:329,72,0,91
BRDA:329,72,1,90
BRDA:332,73,0,2
BRDA:332,73,1,88
BRDA:392,74,0,1
BRDA:392,74,1,90
BRDA:395,75,0,1
BRDA:395,75,1,90
BRDA:402,76,0,1
BRDA:402,76,1,90
BRDA:422,77,0,1
BRDA:422,77,1,90
BRDA:426,78,0,1
BRDA:426,78,1,90
BRDA:427,79,0,1
BRDA:427,79,1,90
BRDA:435,80,0,91
BRDA:435,80,1,1
BRDA:445,81,0,1
BRDA:445,81,1,90
BRDA:463,82,0,1
BRDA:463,82,1,3
BRDA:471,83,0,23
BRDA:471,83,1,72
BRDA:475,84,0,16
BRDA:475,84,1,79
BRDA:485,85,0,23
BRDA:485,85,1,72
BRDA:487,86,0,0
BRDA:487,86,1,95
BRDA:500,87,0,21
BRDA:500,87,1,74
BRDA:500,88,0,95
BRDA:500,88,1,21
BRDA:511,89,0,4
BRDA:511,89,1,91
BRF:185
BRH:139
end_of_record
TN:
SF:src\components\shared\StrengthChart.jsx
FN:15,(anonymous_0)
FN:30,(anonymous_1)
FN:49,(anonymous_2)
FN:64,(anonymous_3)
FN:78,(anonymous_4)
FN:79,(anonymous_5)
FNF:6
FNH:4
FNDA:0,(anonymous_0)
FNDA:0,(anonymous_1)
FNDA:1,(anonymous_2)
FNDA:1,(anonymous_3)
FNDA:3,(anonymous_4)
FNDA:3,(anonymous_5)
DA:15,1
DA:16,0
DA:17,0
DA:18,0
DA:20,0
DA:21,0
DA:23,0
DA:24,0
DA:25,0
DA:26,0
DA:30,1
DA:31,0
DA:32,0
DA:33,0
DA:34,0
DA:45,0
DA:49,1
DA:50,1
DA:64,1
DA:65,1
DA:78,1
DA:79,3
DA:81,3
DA:82,2
DA:84,1
DA:130,1
DA:131,1
LF:27
LH:13
BRDA:16,0,0,0
BRDA:16,0,1,0
BRDA:18,1,0,0
BRDA:18,1,1,0
BRDA:21,2,0,0
BRDA:21,2,1,0
BRDA:31,3,0,0
BRDA:31,3,1,0
BRDA:31,4,0,0
BRDA:31,4,1,0
BRDA:31,4,2,0
BRDA:70,5,0,1
BRDA:70,5,1,0
BRDA:78,6,0,3
BRDA:78,7,0,3
BRDA:78,8,0,3
BRDA:81,9,0,1
BRDA:81,9,1,2
BRDA:82,10,0,1
BRDA:82,10,1,1
BRDA:82,11,0,2
BRDA:82,11,1,2
BRDA:86,12,0,1
BRDA:86,12,1,0
BRF:24
BRH:11
end_of_record
TN:
SF:src\components\shared\VolumeChart.jsx
FN:15,(anonymous_0)
FN:25,(anonymous_1)
FN:42,(anonymous_2)
FN:57,(anonymous_3)
FN:71,(anonymous_4)
FN:72,(anonymous_5)
FNF:6
FNH:4
FNDA:0,(anonymous_0)
FNDA:0,(anonymous_1)
FNDA:1,(anonymous_2)
FNDA:1,(anonymous_3)
FNDA:3,(anonymous_4)
FNDA:3,(anonymous_5)
DA:15,1
DA:16,0
DA:17,0
DA:18,0
DA:19,0
DA:21,0
DA:25,1
DA:26,0
DA:27,0
DA:28,0
DA:29,0
DA:38,0
DA:42,1
DA:43,1
DA:57,1
DA:58,1
DA:71,1
DA:72,3
DA:74,3
DA:75,2
DA:77,1
DA:118,1
DA:119,1
LF:23
LH:13
BRDA:16,0,0,0
BRDA:16,0,1,0
BRDA:18,1,0,0
BRDA:18,1,1,0
BRDA:26,2,0,0
BRDA:26,2,1,0
BRDA:26,3,0,0
BRDA:26,3,1,0
BRDA:26,3,2,0
BRDA:71,4,0,3
BRDA:71,5,0,3
BRDA:74,6,0,1
BRDA:74,6,1,2
BRDA:75,7,0,1
BRDA:75,7,1,1
BRDA:75,8,0,2
BRDA:75,8,1,2
BRDA:79,9,0,1
BRDA:79,9,1,0
BRF:19
BRH:9
end_of_record
TN:
SF:src\components\shared\WeeklyRecapScreen.jsx
FN:7,(anonymous_0)
FN:15,(anonymous_1)
FN:20,(anonymous_2)
FN:73,(anonymous_3)
FNF:4
FNH:4
FNDA:23,(anonymous_0)
FNDA:1,(anonymous_1)
FNDA:6,(anonymous_2)
FNDA:1,(anonymous_3)
DA:7,2
DA:8,23
DA:9,23
DA:11,23
DA:13,23
DA:15,23
DA:16,1
DA:17,1
DA:20,23
DA:21,6
DA:22,6
DA:23,6
DA:24,6
DA:37,4
DA:38,4
DA:39,4
DA:40,4
DA:41,4
DA:42,4
DA:43,44
DA:45,4
DA:47,4
DA:48,4
DA:50,4
DA:51,2
DA:57,2
DA:58,2
DA:59,2
DA:60,2
DA:61,2
DA:62,2
DA:63,2
DA:64,2
DA:67,2
DA:68,1
DA:69,1
DA:71,1
DA:72,1
DA:73,1
DA:75,6
DA:79,23
LF:41
LH:41
BRDA:11,0,0,0
BRDA:11,0,1,23
BRDA:11,1,0,23
BRDA:11,1,1,23
BRDA:13,2,0,23
BRDA:13,2,1,2
BRDA:21,3,0,0
BRDA:21,3,1,6
BRDA:33,4,0,6
BRDA:33,4,1,6
BRDA:50,5,0,2
BRDA:50,5,1,2
BRDA:50,6,0,4
BRDA:50,6,1,2
BRDA:50,6,2,2
BRDA:67,7,0,1
BRDA:67,7,1,1
BRDA:67,8,0,2
BRDA:67,8,1,1
BRDA:67,8,2,1
BRDA:125,9,0,23
BRDA:125,9,1,0
BRDA:154,10,0,7
BRDA:154,10,1,16
BRDA:165,11,0,0
BRDA:165,11,1,7
BRDA:166,12,0,0
BRDA:166,12,1,0
BRDA:185,13,0,23
BRDA:185,13,1,1
BRDA:195,14,0,6
BRDA:195,14,1,17
BRF:32
BRH:26
end_of_record
TN:
SF:src\data\exercises.json
FNF:0
FNH:0
LF:0
LH:0
BRF:0
BRH:0
end_of_record
TN:
SF:src\hooks\useAuth.js
FN:23,mapError
FN:32,useAuth
FN:37,(anonymous_2)
FN:51,(anonymous_3)
FN:119,(anonymous_4)
FN:217,(anonymous_5)
FNF:6
FNH:6
FNDA:14,mapError
FNDA:83,useAuth
FNDA:12,(anonymous_2)
FNDA:6,(anonymous_3)
FNDA:4,(anonymous_4)
FNDA:2,(anonymous_5)
DA:7,1
DA:26,14
DA:27,14
DA:28,14
DA:34,83
DA:37,83
DA:38,12
DA:39,12
DA:40,12
DA:41,12
DA:42,12
DA:45,9
DA:46,9
DA:51,83
DA:52,6
DA:53,6
DA:54,6
DA:55,6
DA:56,6
DA:58,6
DA:59,6
DA:60,4
DA:63,4
DA:64,4
DA:65,4
DA:66,2
DA:67,2
DA:68,2
DA:69,2
DA:71,2
DA:96,2
DA:97,2
DA:110,2
DA:111,2
DA:112,2
DA:113,2
DA:114,2
DA:119,83
DA:120,4
DA:121,4
DA:122,4
DA:123,4
DA:124,4
DA:125,4
DA:128,4
DA:129,4
DA:132,4
DA:135,4
DA:137,4
DA:138,4
DA:139,4
DA:140,4
DA:143,4
DA:185,2
DA:186,2
DA:201,2
DA:202,1
DA:203,1
DA:204,1
DA:207,2
DA:208,2
DA:210,2
DA:211,2
DA:212,2
DA:217,83
DA:218,2
DA:219,2
DA:220,2
DA:221,2
DA:222,2
DA:224,1
DA:225,1
DA:226,1
DA:227,1
DA:229,1
DA:230,1
DA:234,83
LF:77
LH:77
BRDA:26,0,0,14
BRDA:26,0,1,2
BRDA:27,1,0,10
BRDA:27,1,1,4
BRDA:28,2,0,14
BRDA:28,2,1,3
BRDA:28,2,2,3
BRDA:65,3,0,2
BRDA:65,3,1,2
BRDA:66,4,0,2
BRDA:66,4,1,1
BRDA:73,5,0,2
BRDA:73,5,1,1
BRDA:74,6,0,2
BRDA:74,6,1,1
BRDA:99,7,0,2
BRDA:99,7,1,1
BRDA:201,8,0,1
BRDA:201,8,1,1
BRDA:201,9,0,2
BRDA:201,9,1,2
BRF:21
BRH:21
end_of_record
TN:
SF:src\hooks\useChallenges.js
FN:30,calculateProgressPct
FN:41,(anonymous_1)
FN:58,useChallenges
FN:76,(anonymous_3)
FN:79,(anonymous_4)
FN:86,(anonymous_5)
FN:92,(anonymous_6)
FN:108,(anonymous_7)
FN:118,(anonymous_8)
FN:123,(anonymous_9)
FN:142,(anonymous_10)
FN:144,(anonymous_11)
FN:150,(anonymous_12)
FN:153,(anonymous_13)
FN:161,(anonymous_14)
FN:161,(anonymous_15)
FN:164,(anonymous_16)
FN:170,(anonymous_17)
FN:172,(anonymous_18)
FN:191,(anonymous_19)
FN:206,(anonymous_20)
FN:290,(anonymous_21)
FN:341,(anonymous_22)
FN:369,(anonymous_23)
FN:375,(anonymous_24)
FN:380,(anonymous_25)
FN:387,(anonymous_26)
FN:391,(anonymous_27)
FN:438,(anonymous_28)
FN:446,(anonymous_29)
FN:473,(anonymous_30)
FN:519,(anonymous_31)
FN:538,(anonymous_32)
FN:540,(anonymous_33)
FN:569,(anonymous_34)
FN:607,(anonymous_35)
FN:634,(anonymous_36)
FN:697,(anonymous_37)
FN:710,(anonymous_38)
FN:744,(anonymous_39)
FN:744,(anonymous_40)
FN:759,(anonymous_41)
FN:771,(anonymous_42)
FN:778,(anonymous_43)
FN:824,(anonymous_44)
FN:828,(anonymous_45)
FN:833,(anonymous_46)
FN:833,(anonymous_47)
FN:930,(anonymous_48)
FN:940,(anonymous_49)
FN:950,(anonymous_50)
FN:996,(anonymous_51)
FN:1054,(anonymous_52)
FNF:53
FNH:38
FNDA:10,calculateProgressPct
FNDA:8,(anonymous_1)
FNDA:132,useChallenges
FNDA:5,(anonymous_3)
FNDA:0,(anonymous_4)
FNDA:19,(anonymous_5)
FNDA:52,(anonymous_6)
FNDA:2,(anonymous_7)
FNDA:2,(anonymous_8)
FNDA:2,(anonymous_9)
FNDA:27,(anonymous_10)
FNDA:27,(anonymous_11)
FNDA:4,(anonymous_12)
FNDA:0,(anonymous_13)
FNDA:0,(anonymous_14)
FNDA:0,(anonymous_15)
FNDA:0,(anonymous_16)
FNDA:0,(anonymous_17)
FNDA:0,(anonymous_18)
FNDA:68,(anonymous_19)
FNDA:68,(anonymous_20)
FNDA:0,(anonymous_21)
FNDA:5,(anonymous_22)
FNDA:0,(anonymous_23)
FNDA:68,(anonymous_24)
FNDA:4,(anonymous_25)
FNDA:2,(anonymous_26)
FNDA:0,(anonymous_27)
FNDA:7,(anonymous_28)
FNDA:3,(anonymous_29)
FNDA:0,(anonymous_30)
FNDA:12,(anonymous_31)
FNDA:1,(anonymous_32)
FNDA:3,(anonymous_33)
FNDA:11,(anonymous_34)
FNDA:1,(anonymous_35)
FNDA:10,(anonymous_36)
FNDA:3,(anonymous_37)
FNDA:1,(anonymous_38)
FNDA:1,(anonymous_39)
FNDA:0,(anonymous_40)
FNDA:0,(anonymous_41)
FNDA:2,(anonymous_42)
FNDA:2,(anonymous_43)
FNDA:3,(anonymous_44)
FNDA:3,(anonymous_45)
FNDA:3,(anonymous_46)
FNDA:0,(anonymous_47)
FNDA:1,(anonymous_48)
FNDA:3,(anonymous_49)
FNDA:3,(anonymous_50)
FNDA:0,(anonymous_51)
FNDA:56,(anonymous_52)
DA:31,10
DA:32,5
DA:33,5
DA:34,3
DA:35,3
DA:36,3
DA:37,2
DA:38,1
DA:39,1
DA:40,1
DA:41,8
DA:42,1
DA:43,1
DA:44,1
DA:45,1
DA:46,1
DA:48,0
DA:52,2
DA:56,2
DA:59,132
DA:60,132
DA:61,132
DA:63,132
DA:64,132
DA:65,132
DA:66,132
DA:67,132
DA:68,132
DA:70,132
DA:72,132
DA:73,132
DA:76,132
DA:77,5
DA:78,5
DA:79,0
DA:81,5
DA:86,132
DA:92,132
DA:93,52
DA:94,27
DA:95,27
DA:96,27
DA:97,27
DA:98,25
DA:99,25
DA:100,25
DA:101,25
DA:102,25
DA:103,25
DA:104,25
DA:108,2
DA:109,2
DA:110,2
DA:111,2
DA:112,2
DA:113,2
DA:114,2
DA:115,2
DA:116,2
DA:117,2
DA:118,2
DA:119,2
DA:120,2
DA:121,2
DA:123,2
DA:125,2
DA:126,2
DA:127,2
DA:128,2
DA:134,0
DA:135,0
DA:138,2
DA:142,132
DA:143,27
DA:144,27
DA:145,27
DA:146,27
DA:147,27
DA:148,27
DA:149,27
DA:150,27
DA:151,4
DA:152,4
DA:153,4
DA:154,4
DA:155,4
DA:157,0
DA:161,27
DA:164,27
DA:165,27
DA:166,20
DA:167,20
DA:168,20
DA:169,0
DA:170,0
DA:171,0
DA:172,0
DA:173,0
DA:177,20
DA:179,20
DA:182,24
DA:184,3
DA:187,27
DA:191,132
DA:192,68
DA:193,0
DA:194,0
DA:195,0
DA:198,68
DA:199,68
DA:201,68
DA:206,68
DA:207,68
DA:208,68
DA:209,68
DA:211,68
DA:212,68
DA:213,5
DA:214,5
DA:217,5
DA:218,0
DA:221,5
DA:222,5
DA:223,5
DA:224,5
DA:225,3
DA:226,3
DA:227,3
DA:229,5
DA:230,5
DA:231,5
DA:233,5
DA:235,5
DA:236,5
DA:237,5
DA:238,2
DA:239,3
DA:240,0
DA:241,0
DA:243,0
DA:244,0
DA:245,3
DA:246,0
DA:247,0
DA:248,0
DA:251,5
DA:271,5
DA:273,5
DA:274,5
DA:275,5
DA:285,68
DA:286,41
DA:287,41
DA:288,41
DA:289,0
DA:290,0
DA:292,0
DA:295,0
DA:296,0
DA:297,0
DA:298,0
DA:315,0
DA:317,0
DA:328,0
DA:329,0
DA:333,0
DA:340,68
DA:341,68
DA:342,68
DA:343,0
DA:351,68
DA:352,68
DA:361,68
DA:362,68
DA:364,0
DA:365,0
DA:367,68
DA:370,0
DA:371,0
DA:372,0
DA:375,68
DA:380,132
DA:381,4
DA:382,4
DA:383,0
DA:386,4
DA:387,4
DA:388,4
DA:389,2
DA:391,2
DA:392,2
DA:393,0
DA:396,2
DA:397,2
DA:399,2
DA:408,2
DA:409,2
DA:410,2
DA:411,2
DA:412,2
DA:415,0
DA:416,0
DA:417,0
DA:418,0
DA:419,0
DA:422,0
DA:423,0
DA:424,0
DA:425,0
DA:426,0
DA:431,2
DA:432,2
DA:434,2
DA:438,132
DA:439,7
DA:440,7
DA:445,7
DA:446,7
DA:447,3
DA:448,3
DA:450,3
DA:451,3
DA:452,3
DA:453,3
DA:454,1
DA:455,1
DA:456,1
DA:458,3
DA:459,3
DA:460,3
DA:462,3
DA:463,3
DA:464,3
DA:465,0
DA:466,0
DA:467,0
DA:468,0
DA:469,0
DA:470,0
DA:471,0
DA:472,0
DA:473,0
DA:474,0
DA:475,0
DA:476,0
DA:477,0
DA:478,0
DA:482,3
DA:483,3
DA:484,3
DA:485,2
DA:486,1
DA:487,0
DA:488,0
DA:489,0
DA:490,1
DA:491,0
DA:492,0
DA:493,0
DA:496,3
DA:519,132
DA:520,12
DA:521,0
DA:523,12
DA:524,1
DA:527,11
DA:528,11
DA:529,11
DA:530,11
DA:531,11
DA:532,11
DA:533,11
DA:534,12
DA:535,2
DA:536,2
DA:537,2
DA:538,2
DA:539,1
DA:540,3
DA:541,1
DA:547,2
DA:548,1
DA:549,1
DA:550,1
DA:551,1
DA:552,1
DA:553,1
DA:554,1
DA:562,0
DA:565,11
DA:566,11
DA:567,11
DA:569,11
DA:570,11
DA:571,11
DA:572,0
DA:575,11
DA:576,11
DA:578,11
DA:579,11
DA:580,1
DA:583,10
DA:584,11
DA:585,11
DA:586,11
DA:587,11
DA:588,11
DA:590,11
DA:592,11
DA:593,7
DA:594,6
DA:596,7
DA:597,3
DA:598,2
DA:599,2
DA:600,2
DA:601,2
DA:603,2
DA:604,1
DA:605,1
DA:606,1
DA:607,1
DA:608,1
DA:609,1
DA:610,0
DA:611,1
DA:612,0
DA:613,1
DA:614,0
DA:615,1
DA:616,1
DA:617,0
DA:618,0
DA:619,0
DA:620,0
DA:623,1
DA:624,1
DA:627,1
DA:630,10
DA:631,10
DA:632,7
DA:633,3
DA:634,10
DA:635,1
DA:636,1
DA:637,1
DA:640,10
DA:644,10
DA:645,5
DA:646,5
DA:647,5
DA:648,3
DA:649,3
DA:652,3
DA:653,3
DA:654,3
DA:655,3
DA:656,3
DA:657,3
DA:659,3
DA:660,3
DA:661,2
DA:662,2
DA:664,3
DA:665,3
DA:666,3
DA:670,3
DA:679,3
DA:680,2
DA:682,3
DA:686,10
DA:689,10
DA:690,3
DA:693,10
DA:697,132
DA:698,3
DA:700,3
DA:701,3
DA:702,3
DA:703,3
DA:704,2
DA:705,2
DA:706,2
DA:708,2
DA:709,2
DA:710,1
DA:712,2
DA:713,1
DA:716,1
DA:717,1
DA:719,1
DA:736,2
DA:737,1
DA:740,1
DA:741,1
DA:744,1
DA:746,1
DA:747,1
DA:748,1
DA:751,1
DA:752,1
DA:753,1
DA:756,1
DA:757,3
DA:758,3
DA:759,1
DA:760,1
DA:761,0
DA:763,1
DA:764,1
DA:766,0
DA:771,132
DA:772,2
DA:774,2
DA:775,2
DA:776,2
DA:778,2
DA:779,2
DA:780,2
DA:781,0
DA:784,2
DA:785,2
DA:786,2
DA:787,1
DA:791,1
DA:796,1
DA:815,1
DA:818,1
DA:819,1
DA:820,1
DA:824,132
DA:825,3
DA:826,3
DA:828,3
DA:829,3
DA:830,3
DA:831,3
DA:833,3
DA:835,3
DA:839,3
DA:840,3
DA:842,1
DA:843,1
DA:846,2
DA:847,2
DA:848,2
DA:849,2
DA:850,2
DA:855,2
DA:856,2
DA:858,0
DA:859,0
DA:863,2
DA:864,0
DA:865,0
DA:866,0
DA:867,0
DA:877,0
DA:882,2
DA:883,2
DA:884,2
DA:887,2
DA:888,2
DA:890,0
DA:891,0
DA:894,2
DA:895,2
DA:897,2
DA:899,2
DA:900,2
DA:907,0
DA:908,0
DA:912,2
DA:913,2
DA:914,2
DA:924,2
DA:925,2
DA:927,1
DA:928,1
DA:930,1
DA:931,1
DA:932,1
DA:933,1
DA:935,1
DA:940,132
DA:941,3
DA:943,3
DA:944,3
DA:946,3
DA:947,3
DA:949,3
DA:950,3
DA:951,3
DA:952,3
DA:953,0
DA:955,3
DA:956,3
DA:957,3
DA:958,3
DA:959,1
DA:962,2
DA:963,2
DA:964,0
DA:966,2
DA:967,2
DA:968,0
DA:971,2
DA:974,3
DA:975,3
DA:976,3
DA:977,3
DA:978,3
DA:980,3
DA:981,2
DA:982,2
DA:983,0
DA:984,0
DA:985,0
DA:986,0
DA:987,0
DA:988,0
DA:989,0
DA:992,2
DA:993,2
DA:994,2
DA:995,0
DA:996,0
DA:997,0
DA:998,0
DA:999,0
DA:1002,2
DA:1006,2
DA:1007,1
DA:1008,1
DA:1009,1
DA:1010,1
DA:1011,1
DA:1016,2
DA:1024,2
DA:1028,2
DA:1029,2
DA:1030,1
DA:1040,2
DA:1041,1
DA:1044,2
DA:1045,2
DA:1047,1
DA:1048,1
DA:1049,1
DA:1053,132
DA:1054,56
LF:551
LH:441
BRDA:31,0,0,5
BRDA:31,0,1,5
BRDA:31,1,0,10
BRDA:31,1,1,10
BRDA:31,1,2,5
BRDA:33,2,0,3
BRDA:33,2,1,2
BRDA:34,3,0,3
BRDA:34,3,1,0
BRDA:35,4,0,3
BRDA:35,4,1,1
BRDA:37,5,0,1
BRDA:37,5,1,1
BRDA:38,6,0,1
BRDA:38,6,1,0
BRDA:39,7,0,1
BRDA:39,7,1,0
BRDA:41,8,0,1
BRDA:41,8,1,0
BRDA:43,9,0,1
BRDA:43,9,1,0
BRDA:44,10,0,1
BRDA:44,10,1,0
BRDA:45,11,0,1
BRDA:45,11,1,0
BRDA:78,12,0,0
BRDA:78,12,1,5
BRDA:93,13,0,25
BRDA:93,13,1,27
BRDA:93,14,0,52
BRDA:93,14,1,52
BRDA:97,15,0,25
BRDA:97,15,1,2
BRDA:100,16,0,25
BRDA:100,16,1,0
BRDA:101,17,0,25
BRDA:101,17,1,0
BRDA:102,18,0,25
BRDA:102,18,1,0
BRDA:115,19,0,2
BRDA:115,19,1,0
BRDA:117,20,0,0
BRDA:117,20,1,2
BRDA:117,21,0,2
BRDA:117,21,1,2
BRDA:120,22,0,0
BRDA:120,22,1,2
BRDA:120,23,0,2
BRDA:120,23,1,2
BRDA:130,24,0,2
BRDA:130,24,1,0
BRDA:143,25,0,0
BRDA:143,25,1,27
BRDA:152,26,0,4
BRDA:152,26,1,4
BRDA:153,27,0,0
BRDA:153,27,1,0
BRDA:154,28,0,4
BRDA:154,28,1,0
BRDA:155,29,0,4
BRDA:155,29,1,4
BRDA:164,30,0,0
BRDA:164,30,1,0
BRDA:165,31,0,20
BRDA:165,31,1,7
BRDA:165,32,0,27
BRDA:165,32,1,20
BRDA:165,32,2,20
BRDA:169,33,0,0
BRDA:169,33,1,0
BRDA:169,34,0,0
BRDA:169,34,1,0
BRDA:171,35,0,0
BRDA:171,35,1,0
BRDA:172,36,0,0
BRDA:172,36,1,0
BRDA:173,37,0,0
BRDA:173,37,1,0
BRDA:173,38,0,0
BRDA:173,38,1,0
BRDA:192,39,0,0
BRDA:192,39,1,68
BRDA:211,40,0,68
BRDA:211,40,1,0
BRDA:217,41,0,0
BRDA:217,41,1,5
BRDA:217,42,0,5
BRDA:217,42,1,5
BRDA:221,43,0,0
BRDA:221,43,1,5
BRDA:221,44,0,5
BRDA:221,44,1,4
BRDA:223,45,0,5
BRDA:223,45,1,0
BRDA:224,46,0,2
BRDA:224,46,1,3
BRDA:225,47,0,0
BRDA:225,47,1,3
BRDA:226,48,0,0
BRDA:226,48,1,3
BRDA:229,49,0,0
BRDA:229,49,1,5
BRDA:236,50,0,5
BRDA:236,50,1,5
BRDA:237,51,0,2
BRDA:237,51,1,3
BRDA:238,52,0,2
BRDA:238,52,1,2
BRDA:238,53,0,2
BRDA:238,53,1,2
BRDA:239,54,0,0
BRDA:239,54,1,3
BRDA:240,55,0,0
BRDA:240,55,1,0
BRDA:241,56,0,0
BRDA:241,56,1,0
BRDA:243,57,0,0
BRDA:243,57,1,0
BRDA:245,58,0,0
BRDA:245,58,1,3
BRDA:246,59,0,0
BRDA:246,59,1,0
BRDA:247,60,0,0
BRDA:247,60,1,0
BRDA:248,61,0,0
BRDA:248,61,1,0
BRDA:254,62,0,5
BRDA:254,62,1,2
BRDA:255,63,0,2
BRDA:255,63,1,3
BRDA:257,64,0,0
BRDA:257,64,1,3
BRDA:259,65,0,3
BRDA:259,65,1,3
BRDA:260,66,0,2
BRDA:260,66,1,3
BRDA:262,67,0,0
BRDA:262,67,1,3
BRDA:264,68,0,3
BRDA:264,68,1,3
BRDA:279,69,0,5
BRDA:279,69,1,5
BRDA:285,70,0,41
BRDA:285,70,1,27
BRDA:285,71,0,68
BRDA:285,71,1,41
BRDA:288,72,0,0
BRDA:288,72,1,41
BRDA:290,73,0,0
BRDA:290,73,1,0
BRDA:290,73,2,0
BRDA:290,73,3,0
BRDA:292,74,0,0
BRDA:292,74,1,0
BRDA:342,75,0,0
BRDA:342,75,1,68
BRDA:342,76,0,68
BRDA:342,76,1,66
BRDA:351,77,0,68
BRDA:351,77,1,0
BRDA:381,78,0,0
BRDA:381,78,1,4
BRDA:381,79,0,4
BRDA:381,79,1,4
BRDA:382,80,0,0
BRDA:382,80,1,4
BRDA:382,81,0,4
BRDA:382,81,1,0
BRDA:382,81,2,0
BRDA:388,82,0,2
BRDA:388,82,1,2
BRDA:391,83,0,0
BRDA:391,83,1,0
BRDA:392,84,0,0
BRDA:392,84,1,2
BRDA:408,85,0,2
BRDA:408,85,1,0
BRDA:415,86,0,0
BRDA:415,86,1,0
BRDA:422,87,0,0
BRDA:422,87,1,0
BRDA:439,88,0,0
BRDA:439,88,1,7
BRDA:450,89,0,0
BRDA:450,89,1,3
BRDA:450,90,0,3
BRDA:450,90,1,2
BRDA:452,91,0,3
BRDA:452,91,1,0
BRDA:453,92,0,2
BRDA:453,92,1,1
BRDA:454,93,0,0
BRDA:454,93,1,1
BRDA:455,94,0,0
BRDA:455,94,1,1
BRDA:458,95,0,0
BRDA:458,95,1,3
BRDA:464,96,0,0
BRDA:464,96,1,3
BRDA:465,97,0,0
BRDA:465,97,1,0
BRDA:466,98,0,0
BRDA:466,98,1,0
BRDA:467,99,0,0
BRDA:467,99,1,0
BRDA:469,100,0,0
BRDA:469,100,1,0
BRDA:470,101,0,0
BRDA:470,101,1,0
BRDA:471,102,0,0
BRDA:471,102,1,0
BRDA:473,103,0,0
BRDA:473,103,1,0
BRDA:475,104,0,0
BRDA:475,104,1,0
BRDA:476,105,0,0
BRDA:476,105,1,0
BRDA:477,106,0,0
BRDA:477,106,1,0
BRDA:483,107,0,3
BRDA:483,107,1,3
BRDA:484,108,0,2
BRDA:484,108,1,1
BRDA:485,109,0,2
BRDA:485,109,1,2
BRDA:485,110,0,2
BRDA:485,110,1,2
BRDA:486,111,0,0
BRDA:486,111,1,1
BRDA:487,112,0,0
BRDA:487,112,1,0
BRDA:488,113,0,0
BRDA:488,113,1,0
BRDA:490,114,0,0
BRDA:490,114,1,1
BRDA:491,115,0,0
BRDA:491,115,1,0
BRDA:492,116,0,0
BRDA:492,116,1,0
BRDA:493,117,0,0
BRDA:493,117,1,0
BRDA:499,118,0,3
BRDA:499,118,1,2
BRDA:500,119,0,2
BRDA:500,119,1,1
BRDA:502,120,0,0
BRDA:502,120,1,1
BRDA:504,121,0,1
BRDA:504,121,1,1
BRDA:505,122,0,2
BRDA:505,122,1,1
BRDA:507,123,0,0
BRDA:507,123,1,1
BRDA:509,124,0,1
BRDA:509,124,1,1
BRDA:520,125,0,0
BRDA:520,125,1,12
BRDA:520,126,0,12
BRDA:520,126,1,12
BRDA:520,126,2,12
BRDA:523,127,0,1
BRDA:523,127,1,11
BRDA:533,128,0,11
BRDA:533,128,1,0
BRDA:534,129,0,2
BRDA:534,129,1,10
BRDA:540,130,0,1
BRDA:540,130,1,0
BRDA:540,131,0,3
BRDA:540,131,1,3
BRDA:542,132,0,1
BRDA:542,132,1,0
BRDA:547,133,0,1
BRDA:547,133,1,1
BRDA:550,134,0,1
BRDA:550,134,1,0
BRDA:550,135,0,1
BRDA:550,135,1,1
BRDA:551,136,0,1
BRDA:551,136,1,0
BRDA:552,137,0,1
BRDA:552,137,1,0
BRDA:553,138,0,1
BRDA:553,138,1,0
BRDA:553,139,0,1
BRDA:553,139,1,1
BRDA:554,140,0,1
BRDA:554,140,1,1
BRDA:554,140,2,1
BRDA:571,141,0,0
BRDA:571,141,1,11
BRDA:579,142,0,1
BRDA:579,142,1,10
BRDA:583,143,0,6
BRDA:583,143,1,4
BRDA:584,144,0,10
BRDA:584,144,1,0
BRDA:587,145,0,11
BRDA:587,145,1,1
BRDA:587,146,0,0
BRDA:587,146,1,1
BRDA:590,147,0,11
BRDA:590,147,1,0
BRDA:592,148,0,7
BRDA:592,148,1,3
BRDA:593,149,0,6
BRDA:593,149,1,1
BRDA:594,150,0,6
BRDA:594,150,1,0
BRDA:597,151,0,2
BRDA:597,151,1,1
BRDA:598,152,0,2
BRDA:598,152,1,0
BRDA:599,153,0,2
BRDA:599,153,1,0
BRDA:600,154,0,2
BRDA:600,154,1,0
BRDA:604,155,0,1
BRDA:604,155,1,0
BRDA:605,156,0,1
BRDA:605,156,1,0
BRDA:609,157,0,0
BRDA:609,157,1,1
BRDA:609,158,0,1
BRDA:609,158,1,1
BRDA:609,158,2,1
BRDA:609,158,3,1
BRDA:609,158,4,1
BRDA:611,159,0,0
BRDA:611,159,1,1
BRDA:611,160,0,1
BRDA:611,160,1,1
BRDA:613,161,0,0
BRDA:613,161,1,1
BRDA:613,162,0,1
BRDA:613,162,1,1
BRDA:613,162,2,1
BRDA:615,163,0,1
BRDA:615,163,1,0
BRDA:615,164,0,1
BRDA:615,164,1,1
BRDA:615,164,2,0
BRDA:617,165,0,0
BRDA:617,165,1,0
BRDA:617,166,0,0
BRDA:617,166,1,0
BRDA:619,167,0,0
BRDA:619,167,1,0
BRDA:619,168,0,0
BRDA:619,168,1,0
BRDA:619,168,2,0
BRDA:619,168,3,0
BRDA:623,169,0,1
BRDA:623,169,1,0
BRDA:623,170,0,1
BRDA:623,170,1,1
BRDA:623,170,2,1
BRDA:627,171,0,1
BRDA:627,171,1,0
BRDA:631,172,0,7
BRDA:631,172,1,3
BRDA:633,173,0,2
BRDA:633,173,1,1
BRDA:635,174,0,1
BRDA:635,174,1,0
BRDA:636,175,0,1
BRDA:636,175,1,0
BRDA:637,176,0,1
BRDA:637,176,1,0
BRDA:644,177,0,5
BRDA:644,177,1,5
BRDA:647,178,0,3
BRDA:647,178,1,2
BRDA:649,179,0,3
BRDA:649,179,1,3
BRDA:652,180,0,3
BRDA:652,180,1,0
BRDA:653,181,0,3
BRDA:653,181,1,3
BRDA:654,182,0,3
BRDA:654,182,1,3
BRDA:655,183,0,3
BRDA:655,183,1,3
BRDA:656,184,0,3
BRDA:656,184,1,3
BRDA:657,185,0,3
BRDA:657,185,1,3
BRDA:659,186,0,3
BRDA:659,186,1,0
BRDA:660,187,0,2
BRDA:660,187,1,1
BRDA:660,188,0,3
BRDA:660,188,1,3
BRDA:664,189,0,3
BRDA:664,189,1,0
BRDA:664,190,0,3
BRDA:664,190,1,2
BRDA:679,191,0,2
BRDA:679,191,1,1
BRDA:689,192,0,3
BRDA:689,192,1,7
BRDA:698,193,0,0
BRDA:698,193,1,3
BRDA:703,194,0,2
BRDA:703,194,1,1
BRDA:705,195,0,2
BRDA:705,195,1,0
BRDA:706,196,0,2
BRDA:706,196,1,0
BRDA:710,197,0,1
BRDA:710,197,1,0
BRDA:712,198,0,1
BRDA:712,198,1,1
BRDA:729,199,0,1
BRDA:729,199,1,1
BRDA:730,200,0,2
BRDA:730,200,1,1
BRDA:736,201,0,1
BRDA:736,201,1,1
BRDA:752,202,0,1
BRDA:752,202,1,0
BRDA:756,203,0,1
BRDA:756,203,1,0
BRDA:756,204,0,1
BRDA:756,204,1,0
BRDA:759,205,0,0
BRDA:759,205,1,0
BRDA:760,206,0,0
BRDA:760,206,1,1
BRDA:766,207,0,0
BRDA:766,207,1,0
BRDA:772,208,0,0
BRDA:772,208,1,2
BRDA:772,209,0,2
BRDA:772,209,1,2
BRDA:780,210,0,0
BRDA:780,210,1,2
BRDA:785,211,0,2
BRDA:785,211,1,0
BRDA:786,212,0,1
BRDA:786,212,1,1
BRDA:825,213,0,0
BRDA:825,213,1,3
BRDA:825,214,0,3
BRDA:825,214,1,3
BRDA:843,215,0,1
BRDA:843,215,1,0
BRDA:848,216,0,2
BRDA:848,216,1,0
BRDA:848,217,0,2
BRDA:848,217,1,2
BRDA:848,217,2,2
BRDA:859,218,0,0
BRDA:859,218,1,0
BRDA:863,219,0,0
BRDA:863,219,1,2
BRDA:863,220,0,2
BRDA:863,220,1,2
BRDA:869,221,0,0
BRDA:869,221,1,0
BRDA:872,222,0,0
BRDA:872,222,1,0
BRDA:873,223,0,0
BRDA:873,223,1,0
BRDA:874,224,0,0
BRDA:874,224,1,0
BRDA:882,225,0,2
BRDA:882,225,1,0
BRDA:891,226,0,0
BRDA:891,226,1,0
BRDA:894,227,0,2
BRDA:894,227,1,0
BRDA:894,228,0,2
BRDA:894,228,1,2
BRDA:894,228,2,2
BRDA:895,229,0,2
BRDA:895,229,1,0
BRDA:897,230,0,2
BRDA:897,230,1,2
BRDA:908,231,0,0
BRDA:908,231,1,0
BRDA:913,232,0,2
BRDA:913,232,1,0
BRDA:917,233,0,2
BRDA:917,233,1,0
BRDA:928,234,0,1
BRDA:928,234,1,0
BRDA:941,235,0,0
BRDA:941,235,1,3
BRDA:941,236,0,3
BRDA:941,236,1,3
BRDA:952,237,0,0
BRDA:952,237,1,3
BRDA:956,238,0,3
BRDA:956,238,1,0
BRDA:957,239,0,3
BRDA:957,239,1,1
BRDA:958,240,0,1
BRDA:958,240,1,2
BRDA:963,241,0,0
BRDA:963,241,1,2
BRDA:967,242,0,0
BRDA:967,242,1,2
BRDA:971,243,0,2
BRDA:971,243,1,0
BRDA:974,244,0,2
BRDA:974,244,1,0
BRDA:977,245,0,3
BRDA:977,245,1,0
BRDA:977,246,0,0
BRDA:977,246,1,0
BRDA:980,247,0,2
BRDA:980,247,1,0
BRDA:981,248,0,2
BRDA:981,248,1,0
BRDA:983,249,0,0
BRDA:983,249,1,0
BRDA:984,250,0,0
BRDA:984,250,1,0
BRDA:985,251,0,0
BRDA:985,251,1,0
BRDA:988,252,0,0
BRDA:988,252,1,0
BRDA:989,253,0,0
BRDA:989,253,1,0
BRDA:993,254,0,2
BRDA:993,254,1,0
BRDA:995,255,0,0
BRDA:995,255,1,0
BRDA:997,256,0,0
BRDA:997,256,1,0
BRDA:998,257,0,0
BRDA:998,257,1,0
BRDA:999,258,0,0
BRDA:999,258,1,0
BRDA:1006,259,0,1
BRDA:1006,259,1,1
BRDA:1009,260,0,1
BRDA:1009,260,1,0
BRDA:1011,261,0,1
BRDA:1011,261,1,0
BRDA:1029,262,0,1
BRDA:1029,262,1,1
BRDA:1033,263,0,1
BRDA:1033,263,1,0
BRDA:1034,264,0,1
BRDA:1034,264,1,0
BRDA:1040,265,0,1
BRDA:1040,265,1,1
BRDA:1048,266,0,1
BRDA:1048,266,1,0
BRF:551
BRH:316
end_of_record
TN:
SF:src\hooks\useExerciseSearch.js
FN:43,passesEquipmentGate
FN:46,(anonymous_1)
FN:57,passesMedicalGate
FN:61,(anonymous_3)
FN:72,matchesQuery
FN:79,(anonymous_5)
FN:91,mapAvailableEquipment
FN:93,(anonymous_7)
FN:126,mapMedicalFlags
FN:128,(anonymous_9)
FN:154,useExerciseSearch
FN:160,(anonymous_11)
FN:163,(anonymous_12)
FN:167,(anonymous_13)
FN:173,(anonymous_14)
FN:174,(anonymous_15)
FN:177,(anonymous_16)
FN:179,(anonymous_17)
FNF:18
FNH:14
FNDA:0,passesEquipmentGate
FNDA:0,(anonymous_1)
FNDA:0,passesMedicalGate
FNDA:0,(anonymous_3)
FNDA:6726,matchesQuery
FNDA:4980,(anonymous_5)
FNDA:33,mapAvailableEquipment
FNDA:102,(anonymous_7)
FNDA:33,mapMedicalFlags
FNDA:29,(anonymous_9)
FNDA:59,useExerciseSearch
FNDA:21,(anonymous_11)
FNDA:19,(anonymous_12)
FNDA:21,(anonymous_13)
FNDA:33,(anonymous_14)
FNDA:33,(anonymous_15)
FNDA:19,(anonymous_16)
FNDA:6726,(anonymous_17)
DA:32,1
DA:33,1
DA:44,0
DA:45,0
DA:46,0
DA:58,0
DA:59,0
DA:60,0
DA:61,0
DA:73,6726
DA:74,2478
DA:75,2478
DA:76,2442
DA:77,46
DA:79,4980
DA:80,1
DA:82,2395
DA:92,33
DA:93,33
DA:94,102
DA:95,99
DA:96,99
DA:97,72
DA:98,66
DA:99,62
DA:100,57
DA:101,4
DA:102,4
DA:104,53
DA:105,49
DA:106,45
DA:107,41
DA:108,38
DA:110,99
DA:113,33
DA:114,28
DA:117,33
DA:127,33
DA:128,33
DA:129,29
DA:130,26
DA:131,26
DA:132,7
DA:133,19
DA:134,9
DA:135,10
DA:136,4
DA:137,6
DA:138,3
DA:140,26
DA:142,33
DA:156,59
DA:157,59
DA:158,59
DA:160,59
DA:161,21
DA:162,21
DA:163,21
DA:164,19
DA:165,19
DA:167,21
DA:168,21
DA:173,59
DA:174,59
DA:177,59
DA:178,19
DA:179,6726
DA:182,59
LF:68
LH:61
BRDA:44,0,0,0
BRDA:44,0,1,0
BRDA:44,1,0,0
BRDA:44,1,1,0
BRDA:58,2,0,0
BRDA:58,2,1,0
BRDA:58,3,0,0
BRDA:58,3,1,0
BRDA:59,4,0,0
BRDA:59,4,1,0
BRDA:59,5,0,0
BRDA:59,5,1,0
BRDA:73,6,0,4248
BRDA:73,6,1,2478
BRDA:75,7,0,36
BRDA:75,7,1,2442
BRDA:76,8,0,46
BRDA:76,8,1,2396
BRDA:76,9,0,2442
BRDA:76,9,1,2442
BRDA:79,10,0,1
BRDA:79,10,1,2395
BRDA:79,11,0,2396
BRDA:79,11,1,2396
BRDA:94,12,0,3
BRDA:94,12,1,99
BRDA:96,13,0,27
BRDA:96,13,1,72
BRDA:97,14,0,6
BRDA:97,14,1,66
BRDA:98,15,0,4
BRDA:98,15,1,62
BRDA:99,16,0,5
BRDA:99,16,1,57
BRDA:100,17,0,4
BRDA:100,17,1,53
BRDA:104,18,0,4
BRDA:104,18,1,49
BRDA:105,19,0,4
BRDA:105,19,1,45
BRDA:106,20,0,4
BRDA:106,20,1,41
BRDA:107,21,0,38
BRDA:107,21,1,3
BRDA:113,22,0,28
BRDA:113,22,1,5
BRDA:113,23,0,33
BRDA:113,23,1,27
BRDA:129,24,0,3
BRDA:129,24,1,26
BRDA:131,25,0,7
BRDA:131,25,1,19
BRDA:131,26,0,26
BRDA:131,26,1,22
BRDA:133,27,0,9
BRDA:133,27,1,10
BRDA:133,28,0,19
BRDA:133,28,1,16
BRDA:133,28,2,13
BRDA:135,29,0,4
BRDA:135,29,1,6
BRDA:137,30,0,3
BRDA:137,30,1,3
BRDA:154,31,0,59
BRDA:154,32,0,59
BRDA:154,33,0,59
BRDA:162,34,0,4
BRDA:162,34,1,17
BRDA:168,35,0,21
BRDA:168,35,1,0
BRF:70
BRH:57
end_of_record
TN:
SF:src\hooks\useOnboarding.js
FN:22,(anonymous_0)
FN:28,(anonymous_1)
FN:57,(anonymous_2)
FN:58,(anonymous_3)
FN:61,(anonymous_4)
FN:79,(anonymous_5)
FN:81,(anonymous_6)
FN:83,(anonymous_7)
FN:89,(anonymous_8)
FN:90,(anonymous_9)
FN:93,(anonymous_10)
FN:94,(anonymous_11)
FN:96,(anonymous_12)
FN:102,(anonymous_13)
FN:103,(anonymous_14)
FN:105,(anonymous_15)
FN:112,(anonymous_16)
FN:129,(anonymous_17)
FN:156,(anonymous_18)
FN:177,(anonymous_19)
FN:189,(anonymous_20)
FN:194,(anonymous_21)
FN:220,(anonymous_22)
FN:225,(anonymous_23)
FNF:24
FNH:22
FNDA:48,(anonymous_0)
FNDA:2,(anonymous_1)
FNDA:29,(anonymous_2)
FNDA:29,(anonymous_3)
FNDA:2,(anonymous_4)
FNDA:4,(anonymous_5)
FNDA:3,(anonymous_6)
FNDA:1,(anonymous_7)
FNDA:1,(anonymous_8)
FNDA:1,(anonymous_9)
FNDA:2,(anonymous_10)
FNDA:2,(anonymous_11)
FNDA:1,(anonymous_12)
FNDA:2,(anonymous_13)
FNDA:2,(anonymous_14)
FNDA:1,(anonymous_15)
FNDA:10,(anonymous_16)
FNDA:10,(anonymous_17)
FNDA:1,(anonymous_18)
FNDA:7,(anonymous_19)
FNDA:2,(anonymous_20)
FNDA:0,(anonymous_21)
FNDA:2,(anonymous_22)
FNDA:0,(anonymous_23)
DA:7,1
DA:8,1
DA:9,1
DA:11,1
DA:22,1
DA:23,48
DA:24,48
DA:26,48
DA:28,48
DA:29,2
DA:30,2
DA:31,2
DA:32,2
DA:33,0
DA:36,0
DA:39,48
DA:40,48
DA:42,48
DA:57,48
DA:58,29
DA:61,48
DA:62,2
DA:63,2
DA:64,2
DA:65,2
DA:67,2
DA:68,2
DA:69,2
DA:70,1
DA:72,1
DA:73,1
DA:75,2
DA:79,48
DA:80,4
DA:81,3
DA:82,3
DA:83,1
DA:85,3
DA:89,48
DA:90,1
DA:93,48
DA:94,2
DA:95,2
DA:96,1
DA:98,2
DA:102,48
DA:103,2
DA:104,2
DA:105,1
DA:107,2
DA:112,48
DA:113,10
DA:115,4
DA:117,2
DA:119,1
DA:121,1
DA:123,1
DA:125,1
DA:129,48
DA:130,10
DA:131,10
DA:133,10
DA:134,1
DA:135,1
DA:138,9
DA:139,9
DA:140,9
DA:141,9
DA:143,9
DA:144,3
DA:145,6
DA:146,2
DA:152,4
DA:153,1
DA:154,3
DA:156,1
DA:157,1
DA:162,2
DA:163,1
DA:167,1
DA:168,1
DA:174,9
DA:176,8
DA:177,7
DA:179,1
DA:182,1
DA:183,1
DA:185,9
DA:189,48
DA:190,2
DA:191,2
DA:192,2
DA:193,2
DA:194,2
DA:195,2
DA:210,1
DA:211,1
DA:213,1
DA:214,1
DA:216,2
DA:220,48
DA:221,2
DA:222,2
DA:223,2
DA:224,2
DA:225,2
DA:226,2
DA:241,1
DA:242,1
DA:244,1
DA:245,1
DA:247,2
DA:251,48
LF:113
LH:111
BRDA:29,0,0,0
BRDA:29,0,1,2
BRDA:32,1,0,0
BRDA:32,1,1,2
BRDA:32,2,0,2
BRDA:32,2,1,0
BRDA:32,2,2,0
BRDA:62,3,0,0
BRDA:62,3,1,2
BRDA:65,4,0,0
BRDA:65,4,1,2
BRDA:80,5,0,1
BRDA:80,5,1,3
BRDA:82,6,0,1
BRDA:82,6,1,2
BRDA:95,7,0,1
BRDA:95,7,1,1
BRDA:104,8,0,1
BRDA:104,8,1,1
BRDA:113,9,0,4
BRDA:113,9,1,2
BRDA:113,9,2,1
BRDA:113,9,3,1
BRDA:113,9,4,1
BRDA:113,9,5,1
BRDA:115,10,0,4
BRDA:115,10,1,3
BRDA:117,11,0,2
BRDA:117,11,1,2
BRDA:117,11,2,2
BRDA:117,11,3,2
BRDA:119,12,0,1
BRDA:119,12,1,1
BRDA:121,13,0,1
BRDA:121,13,1,1
BRDA:123,14,0,1
BRDA:123,14,1,1
BRDA:130,15,0,0
BRDA:130,15,1,10
BRDA:133,16,0,1
BRDA:133,16,1,9
BRDA:143,17,0,3
BRDA:143,17,1,6
BRDA:145,18,0,2
BRDA:145,18,1,4
BRDA:152,19,0,1
BRDA:152,19,1,3
BRDA:154,20,0,1
BRDA:154,20,1,2
BRDA:162,21,0,1
BRDA:162,21,1,1
BRDA:167,22,0,1
BRDA:167,22,1,0
BRDA:176,23,0,7
BRDA:176,23,1,1
BRDA:190,24,0,0
BRDA:190,24,1,2
BRDA:198,25,0,0
BRDA:198,25,1,2
BRDA:199,26,0,0
BRDA:199,26,1,2
BRDA:200,27,0,0
BRDA:200,27,1,2
BRDA:221,28,0,0
BRDA:221,28,1,2
BRF:65
BRH:52
end_of_record
TN:
SF:src\hooks\usePRDetection.js
FN:24,clearPRCache
FN:28,usePRDetection
FN:29,(anonymous_2)
FNF:3
FNH:3
FNDA:2,clearPRCache
FNDA:7,usePRDetection
FNDA:10,(anonymous_2)
DA:18,2
DA:25,2
DA:29,7
DA:30,10
DA:31,2
DA:36,8
DA:37,10
DA:40,10
DA:42,10
DA:43,10
DA:45,10
DA:47,1
DA:50,7
DA:51,7
DA:52,6
DA:53,5
DA:54,5
DA:61,6
DA:65,7
DA:67,1
DA:68,1
DA:71,1
DA:78,1
DA:84,6
DA:87,10
DA:92,10
DA:94,3
DA:97,3
DA:104,3
DA:107,3
DA:109,1
DA:111,1
DA:115,7
LF:33
LH:33
BRDA:30,0,0,2
BRDA:30,0,1,8
BRDA:30,1,0,10
BRDA:30,1,1,9
BRDA:36,2,0,0
BRDA:36,2,1,8
BRDA:36,3,0,8
BRDA:36,3,1,0
BRDA:37,4,0,10
BRDA:37,4,1,0
BRDA:45,5,0,1
BRDA:45,5,1,7
BRDA:52,6,0,5
BRDA:52,6,1,1
BRDA:55,7,0,0
BRDA:55,7,1,5
BRDA:55,8,0,5
BRDA:55,8,1,0
BRDA:56,9,0,5
BRDA:56,9,1,0
BRDA:65,10,0,1
BRDA:65,10,1,6
BRDA:84,11,0,6
BRDA:84,11,1,3
BRDA:84,11,2,2
BRDA:87,12,0,10
BRDA:87,12,1,0
BRDA:88,13,0,0
BRDA:88,13,1,0
BRDA:88,14,0,0
BRDA:88,14,1,0
BRDA:92,15,0,3
BRDA:92,15,1,7
BRF:33
BRH:22
end_of_record
TN:
SF:src\hooks\useProgress.js
FN:10,clearStrengthCache
FN:15,(anonymous_1)
FN:23,getISOWeek
FN:40,useStrengthData
FN:45,(anonymous_4)
FN:62,fetchStrength
FN:78,(anonymous_6)
FN:88,(anonymous_7)
FN:104,(anonymous_8)
FN:105,(anonymous_9)
FN:135,(anonymous_10)
FN:136,(anonymous_11)
FN:156,(anonymous_12)
FN:172,useVolumeData
FN:177,(anonymous_14)
FN:186,fetchVolume
FN:227,(anonymous_16)
FN:239,(anonymous_17)
FN:240,(anonymous_18)
FN:258,(anonymous_19)
FN:273,usePRList
FN:279,(anonymous_21)
FN:280,(anonymous_22)
FN:283,(anonymous_23)
FN:292,fetchPRs
FN:301,(anonymous_25)
FN:313,(anonymous_26)
FN:335,(anonymous_27)
FNF:28
FNH:28
FNDA:12,clearStrengthCache
FNDA:1,(anonymous_1)
FNDA:6,getISOWeek
FNDA:15,useStrengthData
FNDA:8,(anonymous_4)
FNDA:5,fetchStrength
FNDA:4,(anonymous_6)
FNDA:4,(anonymous_7)
FNDA:4,(anonymous_8)
FNDA:4,(anonymous_9)
FNDA:1,(anonymous_10)
FNDA:4,(anonymous_11)
FNDA:5,(anonymous_12)
FNDA:6,useVolumeData
FNDA:3,(anonymous_14)
FNDA:2,fetchVolume
FNDA:2,(anonymous_16)
FNDA:3,(anonymous_17)
FNDA:2,(anonymous_18)
FNDA:2,(anonymous_19)
FNDA:11,usePRList
FNDA:1,(anonymous_21)
FNDA:1,(anonymous_22)
FNDA:5,(anonymous_23)
FNDA:4,fetchPRs
FNDA:6,(anonymous_25)
FNDA:3,(anonymous_26)
FNDA:4,(anonymous_27)
DA:7,2
DA:8,2
DA:11,12
DA:15,2
DA:16,1
DA:17,1
DA:18,1
DA:19,1
DA:24,6
DA:26,6
DA:27,6
DA:28,6
DA:29,6
DA:41,15
DA:42,15
DA:43,15
DA:45,15
DA:46,8
DA:47,2
DA:48,2
DA:51,6
DA:52,6
DA:53,6
DA:54,1
DA:55,1
DA:56,1
DA:59,5
DA:60,5
DA:63,5
DA:64,5
DA:65,5
DA:66,5
DA:68,5
DA:69,5
DA:71,4
DA:73,3
DA:74,3
DA:75,3
DA:78,3
DA:79,4
DA:80,4
DA:81,4
DA:84,3
DA:87,3
DA:89,4
DA:92,4
DA:96,3
DA:98,3
DA:99,3
DA:100,4
DA:101,4
DA:103,4
DA:104,4
DA:105,4
DA:107,4
DA:108,4
DA:109,4
DA:111,4
DA:112,8
DA:113,8
DA:114,8
DA:116,8
DA:117,6
DA:118,6
DA:119,2
DA:120,2
DA:124,4
DA:134,3
DA:135,1
DA:136,4
DA:138,3
DA:140,3
DA:141,3
DA:144,1
DA:145,1
DA:148,5
DA:149,4
DA:154,5
DA:156,5
DA:157,5
DA:161,15
DA:173,6
DA:174,6
DA:175,6
DA:177,6
DA:178,3
DA:179,1
DA:180,1
DA:183,2
DA:184,2
DA:187,2
DA:188,2
DA:189,2
DA:190,2
DA:191,2
DA:192,2
DA:194,2
DA:195,2
DA:202,2
DA:204,1
DA:207,1
DA:208,1
DA:209,1
DA:214,1
DA:215,22
DA:216,3
DA:217,3
DA:219,22
DA:223,1
DA:224,1
DA:227,1
DA:228,2
DA:229,2
DA:230,2
DA:232,2
DA:233,2
DA:238,1
DA:239,3
DA:240,2
DA:242,1
DA:243,1
DA:246,1
DA:247,1
DA:250,2
DA:251,2
DA:256,2
DA:258,2
DA:259,2
DA:263,6
DA:274,11
DA:275,11
DA:276,11
DA:277,11
DA:279,11
DA:280,1
DA:283,11
DA:284,5
DA:285,1
DA:286,1
DA:289,4
DA:290,4
DA:293,4
DA:294,4
DA:295,4
DA:296,4
DA:297,4
DA:299,3
DA:301,3
DA:302,6
DA:303,6
DA:313,3
DA:314,3
DA:315,3
DA:316,3
DA:319,3
DA:320,3
DA:323,1
DA:324,1
DA:327,4
DA:328,4
DA:333,4
DA:335,4
DA:336,4
DA:340,11
LF:164
LH:164
BRDA:26,0,0,6
BRDA:26,0,1,0
BRDA:40,1,0,15
BRDA:46,2,0,2
BRDA:46,2,1,6
BRDA:46,3,0,8
BRDA:46,3,1,7
BRDA:53,4,0,1
BRDA:53,4,1,5
BRDA:53,5,0,6
BRDA:53,5,1,1
BRDA:71,6,0,1
BRDA:71,6,1,3
BRDA:80,7,0,4
BRDA:80,7,1,3
BRDA:84,8,0,0
BRDA:84,8,1,3
BRDA:96,9,0,0
BRDA:96,9,1,3
BRDA:101,10,0,4
BRDA:101,10,1,3
BRDA:107,11,0,4
BRDA:107,11,1,0
BRDA:107,12,0,4
BRDA:107,12,1,4
BRDA:113,13,0,1
BRDA:113,13,1,7
BRDA:113,14,0,7
BRDA:113,14,1,0
BRDA:114,15,0,8
BRDA:114,15,1,0
BRDA:116,16,0,6
BRDA:116,16,1,2
BRDA:119,17,0,2
BRDA:119,17,1,0
BRDA:119,18,0,2
BRDA:119,18,1,2
BRDA:125,19,0,4
BRDA:125,19,1,1
BRDA:140,20,0,3
BRDA:140,20,1,0
BRDA:144,21,0,1
BRDA:144,21,1,0
BRDA:145,22,0,1
BRDA:145,22,1,0
BRDA:148,23,0,4
BRDA:148,23,1,1
BRDA:172,24,0,6
BRDA:178,25,0,1
BRDA:178,25,1,2
BRDA:204,26,0,0
BRDA:204,26,1,1
BRDA:215,27,0,3
BRDA:215,27,1,19
BRDA:217,28,0,3
BRDA:217,28,1,0
BRDA:229,29,0,2
BRDA:229,29,1,2
[...]
FN:60,(anonymous_15)
FN:61,(anonymous_16)
FN:62,(anonymous_17)
FNF:18
FNH:18
FNDA:2,(anonymous_0)
FNDA:3,(anonymous_1)
FNDA:3,(anonymous_2)
FNDA:1,(anonymous_3)
FNDA:1,(anonymous_4)
FNDA:1,(anonymous_5)
FNDA:1,(anonymous_6)
FNDA:1,(anonymous_7)
FNDA:2,(anonymous_8)
FNDA:1,(anonymous_9)
FNDA:1,(anonymous_10)
FNDA:1,(anonymous_11)
FNDA:2,(anonymous_12)
FNDA:2,(anonymous_13)
FNDA:1,(anonymous_14)
FNDA:1,(anonymous_15)
FNDA:1,(anonymous_16)
FNDA:1,(anonymous_17)
DA:24,2
DA:26,2
DA:41,3
DA:42,3
DA:44,3
DA:45,1
DA:50,2
DA:52,1
DA:53,1
DA:55,1
DA:56,2
DA:59,1
DA:60,1
DA:61,1
DA:62,1
LF:15
LH:15
BRDA:40,0,0,3
BRDA:40,1,0,3
BRDA:52,2,0,1
BRF:3
BRH:3
end_of_record
TN:
SF:src\stores\useVideoBayStore.js
FN:3,(anonymous_0)
FN:9,(anonymous_1)
FN:10,(anonymous_2)
FN:12,(anonymous_3)
FN:13,(anonymous_4)
FN:13,(anonymous_5)
FN:17,(anonymous_6)
FN:18,(anonymous_7)
FNF:8
FNH:8
FNDA:1,(anonymous_0)
FNDA:1,(anonymous_1)
FNDA:1,(anonymous_2)
FNDA:1,(anonymous_3)
FNDA:1,(anonymous_4)
FNDA:1,(anonymous_5)
FNDA:1,(anonymous_6)
FNDA:1,(anonymous_7)
DA:3,1
DA:9,1
DA:10,1
DA:12,1
DA:13,1
DA:17,1
DA:18,1
LF:7
LH:7
BRF:0
BRH:0
end_of_record
TN:
SF:src\stores\useWorkoutStore.js
FN:38,(anonymous_0)
FN:41,(anonymous_1)
FN:48,(anonymous_2)
FN:57,(anonymous_3)
FN:65,(anonymous_4)
FN:67,(anonymous_5)
FN:73,(anonymous_6)
FN:82,(anonymous_7)
FN:94,(anonymous_8)
FN:115,(anonymous_9)
FN:133,(anonymous_10)
FN:134,(anonymous_11)
FN:155,(anonymous_12)
FN:156,(anonymous_13)
FN:157,(anonymous_14)
FN:159,(anonymous_15)
FN:165,(anonymous_16)
FN:166,(anonymous_17)
FN:167,(anonymous_18)
FN:169,(anonymous_19)
FN:178,(anonymous_20)
FN:180,(anonymous_21)
FN:181,(anonymous_22)
FN:184,(anonymous_23)
FN:206,(anonymous_24)
FN:207,(anonymous_25)
FN:208,(anonymous_26)
FN:219,(anonymous_27)
FN:220,(anonymous_28)
FN:221,(anonymous_29)
FN:223,(anonymous_30)
FN:229,(anonymous_31)
FN:229,(anonymous_32)
FN:236,(anonymous_33)
FN:237,(anonymous_34)
FN:239,(anonymous_35)
FN:243,(anonymous_36)
FN:246,(anonymous_37)
FN:247,(anonymous_38)
FN:248,(anonymous_39)
FN:251,(anonymous_40)
FN:252,(anonymous_41)
FN:253,(anonymous_42)
FN:262,(anonymous_43)
FNF:44
FNH:43
FNDA:119,(anonymous_0)
FNDA:815,(anonymous_1)
FNDA:90,(anonymous_2)
FNDA:7,(anonymous_3)
FNDA:1,(anonymous_4)
FNDA:8,(anonymous_5)
FNDA:1,(anonymous_6)
FNDA:1,(anonymous_7)
FNDA:4,(anonymous_8)
FNDA:7,(anonymous_9)
FNDA:5,(anonymous_10)
FNDA:5,(anonymous_11)
FNDA:1,(anonymous_12)
FNDA:1,(anonymous_13)
FNDA:1,(anonymous_14)
FNDA:2,(anonymous_15)
FNDA:3,(anonymous_16)
FNDA:3,(anonymous_17)
FNDA:3,(anonymous_18)
FNDA:6,(anonymous_19)
FNDA:5,(anonymous_20)
FNDA:5,(anonymous_21)
FNDA:5,(anonymous_22)
FNDA:8,(anonymous_23)
FNDA:2,(anonymous_24)
FNDA:2,(anonymous_25)
FNDA:2,(anonymous_26)
FNDA:1,(anonymous_27)
FNDA:1,(anonymous_28)
FNDA:1,(anonymous_29)
FNDA:2,(anonymous_30)
FNDA:1,(anonymous_31)
FNDA:1,(anonymous_32)
FNDA:1,(anonymous_33)
FNDA:1,(anonymous_34)
FNDA:0,(anonymous_35)
FNDA:7,(anonymous_36)
FNDA:1,(anonymous_37)
FNDA:1,(anonymous_38)
FNDA:1,(anonymous_39)
FNDA:1,(anonymous_40)
FNDA:1,(anonymous_41)
FNDA:1,(anonymous_42)
FNDA:74,(anonymous_43)
DA:28,7
DA:38,7
DA:39,119
DA:40,119
DA:41,119
DA:42,815
DA:48,7
DA:49,90
DA:50,90
DA:51,90
DA:52,90
DA:55,7
DA:57,7
DA:65,1
DA:68,8
DA:69,8
DA:71,8
DA:72,1
DA:73,1
DA:83,1
DA:84,1
DA:85,1
DA:88,1
DA:89,1
DA:92,1
DA:94,4
DA:101,1
DA:114,7
DA:115,7
DA:134,5
DA:135,5
DA:136,5
DA:137,5
DA:138,5
DA:139,5
DA:140,5
DA:156,1
DA:157,1
DA:158,1
DA:159,2
DA:160,1
DA:162,1
DA:166,3
DA:167,3
DA:168,3
DA:169,3
DA:170,6
DA:171,3
DA:173,3
DA:175,3
DA:179,5
DA:180,5
DA:181,5
DA:182,5
DA:183,5
DA:184,5
DA:185,8
DA:186,5
DA:187,1
DA:189,4
DA:190,4
DA:191,8
DA:192,8
DA:193,8
DA:194,1
DA:195,1
DA:197,3
DA:199,5
DA:201,5
DA:203,5
DA:207,2
DA:208,2
DA:209,2
DA:210,2
DA:211,2
DA:216,2
DA:220,1
DA:221,1
DA:222,1
DA:223,2
DA:224,1
DA:226,1
DA:229,1
DA:230,1
DA:231,0
DA:233,1
DA:236,1
DA:237,1
DA:240,0
DA:244,7
DA:247,1
DA:248,1
DA:252,1
DA:253,1
DA:254,1
DA:255,1
DA:257,1
DA:262,74
LF:98
LH:96
BRDA:39,0,0,119
BRDA:39,0,1,0
BRDA:40,1,0,119
BRDA:40,1,1,3
BRDA:42,2,0,815
BRDA:42,2,1,812
BRDA:42,2,2,812
BRDA:48,3,0,90
BRDA:49,4,0,90
BRDA:49,4,1,0
BRDA:50,5,0,90
BRDA:50,5,1,0
BRDA:51,6,0,1
BRDA:51,6,1,89
BRDA:67,7,0,8
BRDA:69,8,0,8
BRDA:69,8,1,2
BRDA:71,9,0,1
BRDA:71,9,1,7
BRDA:71,10,0,8
BRDA:71,10,1,1
BRDA:72,11,0,1
BRDA:72,11,1,1
BRDA:72,11,2,0
BRDA:83,12,0,1
BRDA:83,12,1,1
BRDA:83,12,2,1
BRDA:84,13,0,1
BRDA:84,13,1,0
BRDA:88,14,0,1
BRDA:88,14,1,0
BRDA:89,15,0,0
BRDA:89,15,1,1
BRDA:89,16,0,1
BRDA:89,16,1,0
BRDA:92,17,0,1
BRDA:92,17,1,0
BRDA:107,18,0,1
BRDA:107,18,1,0
BRDA:114,19,0,7
BRDA:114,19,1,0
BRDA:136,20,0,5
BRDA:136,20,1,1
BRDA:137,21,0,5
BRDA:137,21,1,0
BRDA:139,22,0,5
BRDA:139,22,1,5
BRDA:139,23,0,0
BRDA:139,23,1,5
BRDA:149,24,0,5
BRDA:149,24,1,4
BRDA:158,25,0,0
BRDA:158,25,1,1
BRDA:159,26,0,1
BRDA:159,26,1,1
BRDA:168,27,0,0
BRDA:168,27,1,3
BRDA:170,28,0,3
BRDA:170,28,1,3
BRDA:182,29,0,0
BRDA:182,29,1,5
BRDA:185,30,0,3
BRDA:185,30,1,5
BRDA:186,31,0,1
BRDA:186,31,1,4
BRDA:186,32,0,5
BRDA:186,32,1,4
BRDA:190,33,0,0
BRDA:190,33,1,4
BRDA:190,34,0,4
BRDA:190,34,1,0
BRDA:191,35,0,8
BRDA:191,35,1,1
BRDA:192,36,0,0
BRDA:192,36,1,4
BRDA:192,37,0,0
BRDA:192,37,1,0
BRDA:193,38,0,1
BRDA:193,38,1,7
BRDA:193,39,0,8
BRDA:193,39,1,4
BRDA:209,40,0,0
BRDA:209,40,1,2
BRDA:213,41,0,0
BRDA:213,41,1,2
BRDA:222,42,0,0
BRDA:222,42,1,1
BRDA:230,43,0,0
BRDA:230,43,1,1
BRDA:230,44,0,1
BRDA:230,44,1,1
BRDA:254,45,0,0
BRDA:254,45,1,1
BRF:93
BRH:67
end_of_record
TN:
SF:src\stores\useXPStore.js
FN:41,(anonymous_0)
FN:50,(anonymous_1)
FN:57,(anonymous_2)
FN:69,(anonymous_3)
FN:76,(anonymous_4)
FNF:5
FNH:5
FNDA:2,(anonymous_0)
FNDA:3,(anonymous_1)
FNDA:3,(anonymous_2)
FNDA:1,(anonymous_3)
FNDA:1,(anonymous_4)
DA:41,2
DA:51,3
DA:53,3
DA:54,3
DA:58,3
DA:59,3
DA:60,3
DA:61,3
DA:69,1
DA:77,1
DA:78,1
DA:79,1
LF:12
LH:12
BRDA:50,0,0,3
BRDA:51,1,0,3
BRDA:51,1,1,0
BRDA:53,2,0,3
BRDA:53,2,1,2
BRDA:54,3,0,3
BRDA:54,3,1,0
BRF:7
BRH:5
end_of_record
TN:
SF:src\utils\audioBeep.js
FN:5,playRestTimerBeep
FNF:1
FNH:1
FNDA:3,playRestTimerBeep
DA:6,3
DA:7,3
DA:8,3
DA:10,2
DA:13,2
DA:14,2
DA:16,2
DA:17,2
DA:20,2
DA:21,2
DA:24,2
DA:25,2
DA:28,2
DA:29,2
DA:31,1
LF:15
LH:15
BRDA:7,0,0,3
BRDA:7,0,1,1
BRDA:8,1,0,1
BRDA:8,1,1,2
BRF:4
BRH:4
end_of_record
TN:
SF:src\utils\bwEffectiveLoad.js
FN:95,(anonymous_0)
FN:96,(anonymous_1)
FN:97,(anonymous_2)
FN:98,(anonymous_3)
FN:99,(anonymous_4)
FN:100,(anonymous_5)
FN:101,(anonymous_6)
FN:102,(anonymous_7)
FN:103,(anonymous_8)
FN:113,getBWEffectiveFraction
FNF:10
FNH:10
FNDA:5,(anonymous_0)
FNDA:4,(anonymous_1)
FNDA:3,(anonymous_2)
FNDA:3,(anonymous_3)
FNDA:3,(anonymous_4)
FNDA:2,(anonymous_5)
FNDA:2,(anonymous_6)
FNDA:2,(anonymous_7)
FNDA:2,(anonymous_8)
FNDA:10,getBWEffectiveFraction
DA:23,2
DA:94,2
DA:95,5
DA:96,4
DA:97,3
DA:98,3
DA:99,3
DA:100,2
DA:101,2
DA:102,2
DA:103,2
DA:106,2
DA:114,10
DA:117,10
DA:118,5
DA:122,5
DA:123,26
DA:126,2
LF:18
LH:18
BRDA:95,0,0,5
BRDA:95,0,1,5
BRDA:99,1,0,3
BRDA:99,1,1,2
BRDA:100,2,0,2
BRDA:100,2,1,2
BRDA:101,3,0,2
BRDA:101,3,1,2
BRDA:114,4,0,10
BRDA:114,4,1,1
BRDA:117,5,0,5
BRDA:117,5,1,5
BRDA:123,6,0,3
BRDA:123,6,1,23
BRF:14
BRH:14
end_of_record
TN:
SF:src\utils\fatigueCalculator.js
FN:56,calculateMuscleFatigue
FN:70,(anonymous_1)
FN:71,(anonymous_2)
FN:90,(anonymous_3)
FN:146,computeEWMA
FN:168,acwrToFatigue
FN:240,_getIndividualMuscleExtended
FN:262,getSecondaryMuscles
FNF:8
FNH:8
FNDA:2,calculateMuscleFatigue
FNDA:12,(anonymous_1)
FNDA:32,(anonymous_2)
FNDA:2,(anonymous_3)
FNDA:44,computeEWMA
FNDA:44,acwrToFatigue
FNDA:1,_getIndividualMuscleExtended
FNDA:24,getSecondaryMuscles
DA:35,1
DA:36,1
DA:37,1
DA:40,1
DA:41,1
DA:57,2
DA:58,2
DA:64,2
DA:65,2
DA:68,2
DA:69,2
DA:70,12
DA:71,32
DA:73,2
DA:76,1
DA:77,1
DA:80,1
DA:82,0
DA:86,1
DA:87,1
DA:89,1
DA:90,2
DA:91,1
DA:94,1
DA:95,1
DA:97,1
DA:98,0
DA:99,0
DA:100,0
DA:101,0
DA:102,0
DA:104,1
DA:107,1
DA:108,1
DA:109,1
DA:110,2
DA:112,2
DA:113,0
DA:115,2
DA:117,2
DA:120,1
DA:123,1
DA:125,1
DA:126,1
DA:127,1
DA:131,1
DA:132,1
DA:133,2
DA:134,2
DA:136,2
DA:137,2
DA:149,44
DA:151,44
DA:152,44
DA:153,44
DA:155,44
DA:156,1232
DA:157,1232
DA:159,1232
DA:160,308
DA:161,308
DA:165,44
DA:171,44
DA:172,44
DA:178,44
DA:179,44
DA:183,2
DA:184,2
DA:185,12
DA:186,12
DA:189,2
DA:190,2
DA:191,32
DA:192,32
DA:196,2
DA:232,2
DA:241,1
DA:244,1
DA:250,0
DA:254,1
DA:255,0
DA:258,1
DA:263,24
DA:264,24
DA:266,24
DA:267,5
DA:268,3
DA:269,3
DA:270,2
DA:271,1
DA:272,1
DA:273,1
DA:274,1
DA:276,19
DA:277,3
DA:278,1
DA:279,1
DA:280,2
DA:281,0
DA:282,0
DA:283,0
DA:284,2
DA:285,1
DA:286,1
DA:287,1
DA:288,1
DA:289,1
DA:290,0
DA:291,0
DA:293,16
DA:294,2
DA:295,1
DA:296,1
DA:297,1
DA:298,1
DA:299,1
DA:300,0
DA:301,0
DA:302,0
DA:303,1
DA:304,1
DA:305,1
DA:306,1
DA:307,1
DA:308,0
DA:309,0
DA:310,0
DA:311,0
DA:312,0
DA:313,0
DA:315,14
DA:316,6
DA:317,2
DA:318,2
DA:319,2
DA:320,1
DA:321,1
DA:323,1
DA:325,4
DA:326,1
DA:327,1
DA:328,1
DA:329,3
DA:330,1
DA:331,1
DA:332,2
DA:333,1
DA:334,1
DA:335,1
DA:336,1
DA:337,1
DA:339,8
DA:340,4
DA:341,1
DA:342,3
DA:343,1
DA:344,2
DA:345,1
DA:346,1
DA:347,1
DA:348,1
DA:349,1
DA:351,4
DA:352,4
DA:353,1
DA:354,1
DA:355,3
DA:356,1
DA:357,1
DA:358,2
DA:359,1
DA:360,1
DA:361,1
DA:362,1
DA:363,1
DA:367,24
LF:176
LH:153
BRDA:56,0,0,2
BRDA:56,1,0,2
BRDA:58,2,0,2
BRDA:58,2,1,0
BRDA:77,3,0,0
BRDA:77,3,1,1
BRDA:79,4,0,1
BRDA:79,4,1,0
BRDA:79,4,2,0
BRDA:80,5,0,0
BRDA:80,5,1,1
BRDA:80,6,0,1
BRDA:80,6,1,1
BRDA:80,6,2,1
BRDA:80,6,3,1
BRDA:89,7,0,1
BRDA:89,7,1,0
BRDA:90,8,0,1
BRDA:90,8,1,0
BRDA:90,9,0,2
BRDA:90,9,1,2
BRDA:91,10,0,0
BRDA:91,10,1,1
BRDA:94,11,0,1
BRDA:94,11,1,0
BRDA:97,12,0,1
BRDA:97,12,1,0
BRDA:97,13,0,1
BRDA:97,13,1,0
BRDA:98,14,0,0
BRDA:98,14,1,0
BRDA:98,15,0,0
BRDA:98,15,1,0
BRDA:98,15,2,0
BRDA:99,16,0,0
BRDA:99,16,1,0
BRDA:99,17,0,0
BRDA:99,17,1,0
BRDA:100,18,0,0
BRDA:100,18,1,0
BRDA:100,19,0,0
BRDA:100,19,1,0
BRDA:100,19,2,0
BRDA:100,19,3,0
BRDA:101,20,0,0
BRDA:101,20,1,0
BRDA:101,21,0,0
BRDA:101,21,1,0
BRDA:101,21,2,0
BRDA:101,21,3,0
BRDA:101,21,4,0
BRDA:102,22,0,0
BRDA:102,22,1,0
BRDA:102,23,0,0
BRDA:102,23,1,0
BRDA:102,23,2,0
BRDA:104,24,0,0
BRDA:104,24,1,1
BRDA:107,25,0,1
BRDA:107,25,1,0
BRDA:107,25,2,0
BRDA:110,26,0,2
BRDA:110,26,1,0
BRDA:112,27,0,0
BRDA:112,27,1,2
BRDA:115,28,0,2
BRDA:115,28,1,0
BRDA:120,29,0,0
BRDA:120,29,1,1
BRDA:126,30,0,1
BRDA:126,30,1,0
BRDA:126,31,0,1
BRDA:126,31,1,1
BRDA:133,32,0,2
BRDA:133,32,1,0
BRDA:136,33,0,2
BRDA:136,33,1,0
BRDA:159,34,0,308
BRDA:159,34,1,924
BRDA:241,35,0,1
BRDA:241,35,1,0
BRDA:244,36,0,0
BRDA:244,36,1,1
BRDA:245,37,0,1
BRDA:245,37,1,1
BRDA:245,37,2,1
BRDA:245,37,3,1
BRDA:245,37,4,1
BRDA:245,37,5,1
BRDA:245,37,6,1
BRDA:254,38,0,0
BRDA:254,38,1,1
BRDA:254,39,0,1
BRDA:254,39,1,1
BRDA:254,39,2,1
BRDA:263,40,0,24
BRDA:263,40,1,0
BRDA:266,41,0,5
BRDA:266,41,1,19
BRDA:267,42,0,3
BRDA:267,42,1,2
BRDA:267,43,0,5
BRDA:267,43,1,2
BRDA:267,43,2,2
BRDA:267,43,3,2
BRDA:270,44,0,1
BRDA:270,44,1,1
BRDA:270,45,0,2
BRDA:270,45,1,1
BRDA:270,45,2,1
BRDA:270,45,3,1
BRDA:272,46,0,1
BRDA:272,46,1,0
BRDA:276,47,0,3
BRDA:276,47,1,16
BRDA:277,48,0,1
BRDA:277,48,1,2
BRDA:277,49,0,3
BRDA:277,49,1,2
BRDA:277,49,2,2
BRDA:277,49,3,2
BRDA:277,49,4,2
BRDA:280,50,0,0
BRDA:280,50,1,2
BRDA:280,51,0,2
BRDA:280,51,1,2
BRDA:280,51,2,2
BRDA:280,51,3,2
BRDA:284,52,0,1
BRDA:284,52,1,1
BRDA:287,53,0,1
BRDA:287,53,1,0
BRDA:287,54,0,1
BRDA:287,54,1,1
BRDA:287,54,2,1
BRDA:287,54,3,0
BRDA:287,54,4,0
BRDA:290,55,0,0
BRDA:290,55,1,0
BRDA:293,56,0,2
BRDA:293,56,1,14
BRDA:294,57,0,1
BRDA:294,57,1,1
BRDA:299,58,0,0
BRDA:299,58,1,1
BRDA:299,59,0,1
BRDA:299,59,1,1
BRDA:299,59,2,1
BRDA:299,59,3,1
BRDA:303,60,0,1
BRDA:303,60,1,0
BRDA:303,61,0,1
BRDA:303,61,1,0
BRDA:303,61,2,0
BRDA:308,62,0,0
BRDA:308,62,1,0
BRDA:308,63,0,0
BRDA:308,63,1,0
BRDA:308,63,2,0
BRDA:311,64,0,0
BRDA:311,64,1,0
BRDA:315,65,0,6
BRDA:315,65,1,8
BRDA:316,66,0,2
BRDA:316,66,1,4
BRDA:316,67,0,6
BRDA:316,67,1,5
BRDA:316,67,2,5
BRDA:316,67,3,5
BRDA:316,67,4,4
BRDA:316,67,5,4
BRDA:316,67,6,4
BRDA:319,68,0,1
BRDA:319,68,1,1
BRDA:319,69,0,2
BRDA:319,69,1,1
BRDA:319,69,2,1
BRDA:325,70,0,1
BRDA:325,70,1,3
BRDA:325,71,0,4
BRDA:325,71,1,3
BRDA:329,72,0,1
BRDA:329,72,1,2
BRDA:329,73,0,3
BRDA:329,73,1,2
BRDA:329,73,2,2
BRDA:332,74,0,1
BRDA:332,74,1,1
BRDA:332,75,0,2
BRDA:332,75,1,1
BRDA:335,76,0,1
BRDA:335,76,1,0
BRDA:335,77,0,1
BRDA:335,77,1,0
BRDA:335,77,2,0
BRDA:339,78,0,4
BRDA:339,78,1,4
BRDA:340,79,0,1
BRDA:340,79,1,3
BRDA:342,80,0,1
BRDA:342,80,1,2
BRDA:342,81,0,3
BRDA:342,81,1,3
BRDA:342,81,2,2
BRDA:342,81,3,2
BRDA:342,81,4,2
BRDA:344,82,0,1
BRDA:344,82,1,1
BRDA:344,83,0,2
BRDA:344,83,1,2
BRDA:344,83,2,1
BRDA:344,83,3,1
BRDA:347,84,0,1
BRDA:347,84,1,0
BRDA:351,85,0,4
BRDA:351,85,1,0
BRDA:352,86,0,1
BRDA:352,86,1,3
BRDA:352,87,0,4
BRDA:352,87,1,3
BRDA:355,88,0,1
BRDA:355,88,1,2
BRDA:355,89,0,3
BRDA:355,89,1,2
BRDA:355,89,2,2
BRDA:355,89,3,2
BRDA:355,89,4,2
BRDA:358,90,0,1
BRDA:358,90,1,1
BRDA:358,91,0,2
BRDA:358,91,1,1
BRDA:358,91,2,1
BRDA:358,91,3,1
BRDA:358,91,4,1
BRDA:358,91,5,1
BRDA:358,91,6,1
BRDA:358,91,7,1
BRDA:358,91,8,1
BRDA:360,92,0,1
BRDA:360,92,1,0
BRDA:360,93,0,1
BRDA:360,93,1,0
BRF:242
BRH:165
end_of_record
TN:
SF:src\utils\nlpParser.js
FN:6,(anonymous_0)
FN:20,parseWorkoutText
FN:63,(anonymous_2)
FN:145,(anonymous_3)
FNF:4
FNH:4
FNDA:6,(anonymous_0)
FNDA:12,parseWorkoutText
FNDA:5,(anonymous_2)
FNDA:19,(anonymous_3)
DA:6,2
DA:7,6
DA:12,6
DA:21,12
DA:23,9
DA:27,9
DA:29,9
DA:30,9
DA:31,4
DA:35,9
DA:36,9
DA:39,9
DA:40,9
DA:41,6
DA:42,6
DA:45,3
DA:46,3
DA:47,1
DA:49,3
DA:50,3
DA:51,1
DA:56,9
DA:57,5
DA:58,5
DA:59,2
DA:60,2
DA:61,2
DA:63,2
DA:64,5
DA:65,2
DA:66,2
DA:68,3
DA:69,2
DA:70,2
DA:72,1
DA:75,2
DA:76,1
DA:81,9
DA:82,4
DA:87,9
DA:94,9
DA:97,7
DA:98,7
DA:100,7
DA:101,2478
DA:104,2478
DA:105,0
DA:106,0
DA:110,2478
DA:111,2
DA:112,2
DA:113,2
DA:114,2
DA:119,2478
DA:120,2478
DA:121,5150
DA:122,5150
DA:123,1
DA:124,1
DA:125,1
DA:127,5149
DA:128,12
DA:129,12
DA:130,4
DA:131,4
DA:138,7
DA:139,1
DA:142,6
DA:143,6
DA:145,19
DA:152,12
LF:71
LH:69
BRDA:21,0,0,3
BRDA:21,0,1,9
BRDA:21,1,0,12
BRDA:21,1,1,10
BRDA:30,2,0,4
BRDA:30,2,1,5
BRDA:40,3,0,6
BRDA:40,3,1,3
BRDA:46,4,0,1
BRDA:46,4,1,2
BRDA:50,5,0,1
BRDA:50,5,1,2
BRDA:56,6,0,5
BRDA:56,6,1,4
BRDA:58,7,0,2
BRDA:58,7,1,3
BRDA:64,8,0,2
BRDA:64,8,1,3
BRDA:64,9,0,5
BRDA:64,9,1,2
BRDA:68,10,0,2
BRDA:68,10,1,1
BRDA:68,11,0,3
BRDA:68,11,1,2
BRDA:75,12,0,1
BRDA:75,12,1,1
BRDA:81,13,0,4
BRDA:81,13,1,5
BRDA:94,14,0,2
BRDA:94,14,1,7
BRDA:104,15,0,0
BRDA:104,15,1,2478
BRDA:110,16,0,2
BRDA:110,16,1,2476
BRDA:110,17,0,2478
BRDA:110,17,1,2478
BRDA:112,18,0,2
BRDA:112,18,1,0
BRDA:119,19,0,2478
BRDA:119,19,1,0
BRDA:122,20,0,1
BRDA:122,20,1,5149
BRDA:127,21,0,12
BRDA:127,21,1,5137
BRDA:127,22,0,5149
BRDA:127,22,1,5143
BRDA:129,23,0,4
BRDA:129,23,1,8
BRDA:138,24,0,1
BRDA:138,24,1,6
BRDA:143,25,0,1
BRDA:143,25,1,5
BRDA:143,26,0,6
BRDA:143,26,1,1
BRF:54
BRH:51
end_of_record
TN:
SF:src\utils\strengthCalculator.js
FN:41,getIndividualMuscle
FN:87,estimate1RM
FN:98,getMultipliersForExercise
FN:123,(anonymous_3)
FN:125,(anonymous_4)
FN:152,(anonymous_5)
FN:167,calculateStrengthScore
FN:193,calculateDetailedMuscleStrength
FN:199,(anonymous_8)
FN:205,(anonymous_9)
FN:222,(anonymous_10)
FN:226,(anonymous_11)
FN:228,(anonymous_12)
FN:260,(anonymous_13)
FN:263,(anonymous_14)
FN:272,(anonymous_15)
FN:275,(anonymous_16)
FN:345,getStrengthTier
FNF:18
FNH:18
FNDA:17,getIndividualMuscle
FNDA:6,estimate1RM
FNDA:11,getMultipliersForExercise
FNDA:5,(anonymous_3)
FNDA:5,(anonymous_4)
FNDA:5,(anonymous_5)
FNDA:9,calculateStrengthScore
FNDA:2,calculateDetailedMuscleStrength
FNDA:708,(anonymous_8)
FNDA:1,(anonymous_9)
FNDA:28,(anonymous_10)
FNDA:1,(anonymous_11)
FNDA:1,(anonymous_12)
FNDA:12,(anonymous_13)
FNDA:1,(anonymous_14)
FNDA:28,(anonymous_15)
FNDA:1,(anonymous_16)
FNDA:5,getStrengthTier
DA:11,2
DA:21,2
DA:42,17
DA:43,17
DA:45,17
DA:46,14
DA:47,1
DA:49,13
DA:50,2
DA:51,1
DA:53,1
DA:55,11
DA:56,3
DA:57,2
DA:58,1
DA:60,1
DA:62,8
DA:63,3
DA:64,1
DA:66,2
DA:67,1
DA:69,1
DA:71,5
DA:72,4
DA:73,3
DA:74,1
DA:76,2
DA:77,1
DA:79,1
DA:81,1
DA:88,6
DA:89,4
DA:90,6
DA:91,6
DA:92,2
DA:99,11
DA:100,11
DA:102,11
DA:104,11
DA:105,4
DA:106,7
DA:107,3
DA:108,4
DA:109,0
DA:110,4
DA:111,1
DA:112,3
DA:113,1
DA:116,11
DA:119,11
DA:120,2
DA:121,2
DA:122,2
DA:123,5
DA:124,1
DA:125,5
DA:135,11
DA:144,11
DA:151,11
DA:152,5
DA:155,11
DA:168,9
DA:170,7
DA:172,7
DA:173,1
DA:174,6
DA:175,1
DA:176,5
DA:177,1
DA:178,4
DA:179,2
DA:180,2
DA:181,1
DA:183,1
DA:184,1
DA:185,1
DA:186,1
DA:194,2
DA:195,2
DA:198,2
DA:199,2
DA:200,708
DA:204,2
DA:205,2
DA:206,1
DA:207,1
DA:212,2
DA:221,2
DA:222,2
DA:223,28
DA:226,2
DA:227,1
DA:228,1
DA:230,1
DA:233,1
DA:236,1
DA:237,1
DA:239,1
DA:240,1
DA:242,1
DA:244,1
DA:245,1
DA:247,1
DA:248,1
DA:249,1
DA:252,1
DA:253,1
DA:254,1
DA:259,2
DA:260,2
DA:261,12
DA:262,12
DA:263,1
DA:265,11
DA:266,11
DA:271,2
DA:272,2
DA:273,28
DA:274,28
DA:275,1
DA:277,27
DA:278,27
DA:279,27
DA:295,27
DA:296,27
DA:301,2
DA:335,2
DA:346,5
DA:347,4
DA:348,3
DA:349,2
DA:350,1
LF:132
LH:131
BRDA:42,0,0,17
BRDA:42,0,1,0
BRDA:43,1,0,17
BRDA:43,1,1,0
BRDA:45,2,0,3
BRDA:45,2,1,14
BRDA:46,3,0,1
BRDA:46,3,1,13
BRDA:46,4,0,14
BRDA:46,4,1,13
BRDA:46,4,2,13
BRDA:46,4,3,13
BRDA:46,4,4,13
BRDA:46,4,5,13
BRDA:49,5,0,2
BRDA:49,5,1,11
BRDA:49,6,0,13
BRDA:49,6,1,11
BRDA:50,7,0,1
BRDA:50,7,1,1
BRDA:50,8,0,2
BRDA:50,8,1,2
BRDA:50,8,2,1
BRDA:50,8,3,1
BRDA:55,9,0,3
BRDA:55,9,1,8
BRDA:56,10,0,1
BRDA:56,10,1,2
BRDA:56,11,0,3
BRDA:56,11,1,2
BRDA:57,12,0,1
BRDA:57,12,1,1
BRDA:57,13,0,2
BRDA:57,13,1,1
BRDA:57,13,2,1
BRDA:57,13,3,1
BRDA:57,13,4,1
BRDA:62,14,0,3
BRDA:62,14,1,5
BRDA:63,15,0,1
BRDA:63,15,1,2
BRDA:63,16,0,3
BRDA:63,16,1,3
BRDA:63,16,2,3
BRDA:63,16,3,3
BRDA:63,16,4,2
BRDA:63,16,5,2
BRDA:66,17,0,1
BRDA:66,17,1,1
BRDA:66,18,0,2
BRDA:66,18,1,2
BRDA:66,18,2,1
BRDA:66,18,3,1
BRDA:66,18,4,1
BRDA:71,19,0,4
BRDA:71,19,1,1
BRDA:72,20,0,1
BRDA:72,20,1,3
BRDA:72,21,0,4
BRDA:72,21,1,3
BRDA:72,21,2,3
BRDA:73,22,0,1
BRDA:73,22,1,2
BRDA:73,23,0,3
BRDA:73,23,1,2
BRDA:73,23,2,2
BRDA:73,23,3,2
BRDA:76,24,0,1
BRDA:76,24,1,1
BRDA:76,25,0,2
BRDA:76,25,1,2
BRDA:76,25,2,1
BRDA:76,25,3,1
BRDA:88,26,0,2
BRDA:88,26,1,4
BRDA:88,27,0,6
BRDA:88,27,1,5
BRDA:89,28,0,4
BRDA:89,28,1,0
BRDA:90,29,0,6
BRDA:90,29,1,1
BRDA:91,30,0,2
BRDA:91,30,1,4
BRDA:98,31,0,11
BRDA:99,32,0,11
BRDA:99,32,1,0
BRDA:102,33,0,11
BRDA:102,33,1,0
BRDA:104,34,0,4
BRDA:104,34,1,7
BRDA:104,35,0,11
BRDA:104,35,1,7
BRDA:106,36,0,3
BRDA:106,36,1,4
BRDA:108,37,0,0
BRDA:108,37,1,4
BRDA:110,38,0,1
BRDA:110,38,1,3
BRDA:110,39,0,4
BRDA:110,39,1,3
BRDA:110,39,2,3
BRDA:112,40,0,1
BRDA:112,40,1,2
BRDA:112,41,0,3
BRDA:112,41,1,2
BRDA:112,41,2,2
BRDA:116,42,0,11
BRDA:116,42,1,0
BRDA:119,43,0,2
BRDA:119,43,1,9
BRDA:122,44,0,1
BRDA:122,44,1,1
BRDA:122,45,0,2
BRDA:122,45,1,1
BRDA:122,45,2,1
BRDA:122,45,3,1
BRDA:124,46,0,1
BRDA:124,46,1,0
BRDA:124,47,0,1
BRDA:124,47,1,0
BRDA:135,48,0,11
BRDA:135,48,1,10
BRDA:135,48,2,10
BRDA:135,48,3,10
BRDA:135,48,4,10
BRDA:135,48,5,10
BRDA:144,49,0,11
BRDA:144,49,1,7
BRDA:144,49,2,7
BRDA:144,49,3,4
BRDA:144,49,4,4
BRDA:144,49,5,3
BRDA:151,50,0,1
BRDA:151,50,1,10
BRDA:151,51,0,11
BRDA:151,51,1,1
BRDA:168,52,0,2
BRDA:168,52,1,7
BRDA:172,53,0,1
BRDA:172,53,1,6
BRDA:174,54,0,1
BRDA:174,54,1,5
BRDA:176,55,0,1
BRDA:176,55,1,4
BRDA:178,56,0,2
BRDA:178,56,1,2
BRDA:180,57,0,1
BRDA:180,57,1,1
BRDA:193,58,0,2
BRDA:193,59,0,2
BRDA:194,60,0,2
BRDA:194,60,1,0
BRDA:195,61,0,2
BRDA:195,61,1,1
BRDA:206,62,0,1
BRDA:206,62,1,0
BRDA:230,63,0,1
BRDA:230,63,1,1
BRDA:230,63,2,1
BRDA:233,64,0,1
BRDA:233,64,1,1
BRDA:236,65,0,1
BRDA:236,65,1,0
BRDA:237,66,0,0
BRDA:237,66,1,1
BRDA:237,67,0,1
BRDA:237,67,1,1
BRDA:239,68,0,0
BRDA:239,68,1,1
BRDA:240,69,0,0
BRDA:240,69,1,1
BRDA:240,70,0,1
BRDA:240,70,1,0
BRDA:242,71,0,0
BRDA:242,71,1,1
BRDA:247,72,0,1
BRDA:247,72,1,0
BRDA:247,72,2,0
BRDA:248,73,0,1
BRDA:248,73,1,0
BRDA:253,74,0,1
BRDA:253,74,1,0
BRDA:253,75,0,1
BRDA:253,75,1,1
BRDA:262,76,0,1
BRDA:262,76,1,11
BRDA:266,77,0,11
BRDA:266,77,1,0
BRDA:274,78,0,1
BRDA:274,78,1,27
BRDA:295,79,0,27
BRDA:295,79,1,7
BRDA:346,80,0,1
BRDA:346,80,1,4
BRDA:347,81,0,1
BRDA:347,81,1,3
BRDA:348,82,0,1
BRDA:348,82,1,2
BRDA:349,83,0,1
BRDA:349,83,1,1
BRF:200
BRH:178
end_of_record
