TN:
SF:functions\src\rateLimiter.js
FN:29,checkRateLimit
FN:32,(anonymous_1)
FNF:2
FNH:2
FNDA:9,checkRateLimit
FNDA:9,(anonymous_1)
DA:18,1
DA:30,9
DA:32,9
DA:33,9
DA:34,9
DA:35,2
DA:38,7
DA:39,7
DA:40,9
DA:42,9
DA:43,9
DA:44,9
DA:47,9
DA:48,1
DA:49,1
DA:52,7
DA:53,3
DA:54,2
DA:58,1
DA:62,4
DA:63,2
DA:67,2
DA:75,1
LF:23
LH:23
BRDA:29,0,0,9
BRDA:34,1,0,2
BRDA:34,1,1,7
BRDA:39,2,0,7
BRDA:39,2,1,0
BRDA:40,3,0,9
BRDA:40,3,1,6
BRDA:43,4,0,9
BRDA:43,4,1,0
BRDA:44,5,0,9
BRDA:44,5,1,0
BRDA:47,6,0,1
BRDA:47,6,1,8
BRDA:52,7,0,3
BRDA:52,7,1,4
BRDA:53,8,0,2
BRDA:53,8,1,1
BRDA:62,9,0,2
BRDA:62,9,1,2
BRF:19
BRH:16
end_of_record
TN:
SF:functions\src\validators.js
FN:47,validateUID
FN:71,validatePlanRequest
FN:86,(anonymous_2)
FN:117,validatePlan
FNF:4
FNH:4
FNDA:18,validateUID
FNDA:26,validatePlanRequest
FNDA:15,(anonymous_2)
FNDA:9,validatePlan
DA:16,1
DA:22,1
DA:26,1
DA:29,1
DA:48,18
DA:49,14
DA:51,4
DA:52,2
DA:72,26
DA:73,24
DA:74,4
DA:78,20
DA:79,4
DA:86,16
DA:87,16
DA:88,2
DA:92,14
DA:93,13
DA:94,13
DA:95,12
DA:118,9
DA:119,2
DA:121,7
DA:122,1
DA:125,6
DA:126,20
DA:127,20
DA:128,1
DA:130,19
DA:131,1
DA:135,18
DA:137,16
DA:138,20
DA:139,16
DA:140,0
DA:142,16
DA:143,1
DA:145,15
DA:146,0
DA:148,15
DA:149,1
DA:155,1
LF:42
LH:40
BRDA:48,0,0,14
BRDA:48,0,1,4
BRDA:48,1,0,18
BRDA:48,1,1,8
BRDA:51,2,0,2
BRDA:51,2,1,2
BRDA:72,3,0,2
BRDA:72,3,1,24
BRDA:72,4,0,26
BRDA:72,4,1,25
BRDA:73,5,0,4
BRDA:73,5,1,20
BRDA:73,6,0,24
BRDA:73,6,1,22
BRDA:78,7,0,4
BRDA:78,7,1,16
BRDA:87,8,0,2
BRDA:87,8,1,14
BRDA:92,9,0,13
BRDA:92,9,1,1
BRDA:94,10,0,12
BRDA:94,10,1,1
BRDA:94,11,0,13
BRDA:94,11,1,11
BRDA:118,12,0,2
BRDA:118,12,1,7
BRDA:118,13,0,9
BRDA:118,13,1,8
BRDA:118,13,2,8
BRDA:121,14,0,1
BRDA:121,14,1,6
BRDA:127,15,0,1
BRDA:127,15,1,19
BRDA:127,16,0,20
BRDA:127,16,1,20
BRDA:130,17,0,1
BRDA:130,17,1,18
BRDA:130,18,0,19
BRDA:130,18,1,18
BRDA:135,19,0,2
BRDA:135,19,1,16
BRDA:137,20,0,16
BRDA:137,20,1,0
BRDA:139,21,0,0
BRDA:139,21,1,16
BRDA:139,22,0,16
BRDA:139,22,1,16
BRDA:142,23,0,1
BRDA:142,23,1,15
BRDA:142,24,0,16
BRDA:142,24,1,16
BRDA:145,25,0,0
BRDA:145,25,1,15
BRDA:145,26,0,15
BRDA:145,26,1,15
BRDA:148,27,0,1
BRDA:148,27,1,14
BRDA:148,28,0,15
BRDA:148,28,1,14
BRF:59
BRH:56
end_of_record
TN:
SF:src\__mocks__\firebase.js
FN:61,(anonymous_0)
FN:69,(anonymous_1)
FN:79,(anonymous_2)
FN:83,(anonymous_3)
FN:96,(anonymous_4)
FN:97,(anonymous_5)
FN:104,(anonymous_6)
FN:106,(anonymous_7)
FN:110,(anonymous_8)
FN:114,(anonymous_9)
FN:117,(anonymous_10)
FN:129,(anonymous_11)
FN:131,(anonymous_12)
FN:20,(anonymous_13)
FN:31,(anonymous_14)
FN:41,(anonymous_15)
FN:44,(anonymous_16)
FN:45,(anonymous_17)
FN:47,(anonymous_18)
FN:48,(anonymous_19)
FNF:20
FNH:15
FNDA:13,(anonymous_0)
FNDA:1,(anonymous_1)
FNDA:0,(anonymous_2)
FNDA:13,(anonymous_3)
FNDA:0,(anonymous_4)
FNDA:246,(anonymous_5)
FNDA:0,(anonymous_6)
FNDA:0,(anonymous_7)
FNDA:5,(anonymous_8)
FNDA:298,(anonymous_9)
FNDA:271,(anonymous_10)
FNDA:311,(anonymous_11)
FNDA:92,(anonymous_12)
FNDA:292,(anonymous_13)
FNDA:338,(anonymous_14)
FNDA:23,(anonymous_15)
FNDA:29,(anonymous_16)
FNDA:29,(anonymous_17)
FNDA:0,(anonymous_18)
FNDA:29,(anonymous_19)
DA:10,15
DA:11,15
DA:12,15
DA:13,15
DA:14,15
DA:15,15
DA:16,15
DA:17,15
DA:20,15
DA:21,292
DA:22,292
DA:23,292
DA:28,15
DA:29,15
DA:30,15
DA:31,15
DA:32,338
DA:33,338
DA:34,338
DA:39,15
DA:40,15
DA:41,23
DA:42,15
DA:43,15
DA:44,15
DA:45,29
DA:46,29
DA:48,29
DA:52,15
DA:53,15
DA:54,15
DA:61,15
DA:69,15
DA:79,0
DA:83,15
DA:96,0
DA:97,246
DA:104,15
DA:106,0
DA:110,15
DA:116,298
DA:117,298
DA:122,271
DA:123,271
DA:124,271
DA:129,311
DA:131,92
LF:47
LH:44
BRDA:25,0,0,292
BRDA:25,0,1,5
BRDA:36,1,0,338
BRDA:36,1,1,0
BRF:4
BRH:3
end_of_record
TN:
SF:src\components\desktop\SquadMatchmaker.jsx
FN:14,(anonymous_0)
FN:61,(anonymous_1)
FN:64,(anonymous_2)
FN:112,(anonymous_3)
FN:122,(anonymous_4)
FN:175,(anonymous_5)
FN:184,(anonymous_6)
FN:185,(anonymous_7)
FN:188,(anonymous_8)
FN:193,(anonymous_9)
FN:197,(anonymous_10)
FN:206,(anonymous_11)
FN:211,(anonymous_12)
FN:225,(anonymous_13)
FN:229,(anonymous_14)
FN:239,(anonymous_15)
FN:241,(anonymous_16)
FN:257,(anonymous_17)
FN:264,(anonymous_18)
FN:265,(anonymous_19)
FN:270,(anonymous_20)
FN:281,(anonymous_21)
FN:283,(anonymous_22)
FN:299,(anonymous_23)
FN:304,(anonymous_24)
FN:306,(anonymous_25)
FN:322,(anonymous_26)
FN:326,(anonymous_27)
FN:333,(anonymous_28)
FN:348,(anonymous_29)
FN:350,(anonymous_30)
FN:373,(anonymous_31)
FN:377,(anonymous_32)
FN:381,(anonymous_33)
FN:393,(anonymous_34)
FN:395,(anonymous_35)
FN:399,(anonymous_36)
FN:403,(anonymous_37)
FN:407,(anonymous_38)
FN:419,(anonymous_39)
FN:421,(anonymous_40)
FN:425,(anonymous_41)
FN:429,(anonymous_42)
FN:433,(anonymous_43)
FN:435,(anonymous_44)
FN:446,(anonymous_45)
FN:482,(anonymous_46)
FN:494,(anonymous_47)
FN:540,(anonymous_48)
FN:552,(anonymous_49)
FN:567,(anonymous_50)
FN:568,(anonymous_51)
FN:586,(anonymous_52)
FN:598,(anonymous_53)
FN:605,(anonymous_54)
FN:606,(anonymous_55)
FN:622,(anonymous_56)
FN:635,(anonymous_57)
FN:643,(anonymous_58)
FN:651,(anonymous_59)
FN:652,(anonymous_60)
FN:676,(anonymous_61)
FN:686,(anonymous_62)
FN:702,(anonymous_63)
FN:711,(anonymous_64)
FN:722,(anonymous_65)
FN:731,(anonymous_66)
FN:749,(anonymous_67)
FN:753,(anonymous_68)
FN:764,(anonymous_69)
FN:824,(anonymous_70)
FN:833,(anonymous_71)
FN:835,(anonymous_72)
FN:838,(anonymous_73)
FN:851,(anonymous_74)
FN:852,(anonymous_75)
FN:859,(anonymous_76)
FN:860,(anonymous_77)
FN:870,(anonymous_78)
FN:876,(anonymous_79)
FN:895,(anonymous_80)
FN:902,(anonymous_81)
FN:907,(anonymous_82)
FN:909,(anonymous_83)
FN:910,(anonymous_84)
FN:935,(anonymous_85)
FN:942,(anonymous_86)
FN:975,(anonymous_87)
FN:983,(anonymous_88)
FN:988,(anonymous_89)
FN:994,(anonymous_90)
FN:1015,(anonymous_91)
FN:1022,(anonymous_92)
FN:1044,(anonymous_93)
FN:1051,(anonymous_94)
FN:1055,(anonymous_95)
FN:1072,(anonymous_96)
FN:1117,(anonymous_97)
FN:1125,(anonymous_98)
FN:1131,(anonymous_99)
FN:1137,(anonymous_100)
FN:1157,(anonymous_101)
FN:1162,(anonymous_102)
FN:1171,(anonymous_103)
FN:1202,(anonymous_104)
FN:1211,(anonymous_105)
FN:1214,(anonymous_106)
FN:1243,(anonymous_107)
FN:1291,(anonymous_108)
FN:1294,(anonymous_109)
FN:1360,(anonymous_110)
FN:1389,(anonymous_111)
FN:1427,(anonymous_112)
FN:1448,(anonymous_113)
FN:1542,(anonymous_114)
FN:1569,(anonymous_115)
FN:1593,(anonymous_116)
FN:1605,(anonymous_117)
FN:1606,(anonymous_118)
FN:1613,(anonymous_119)
FN:1657,(anonymous_120)
FN:1669,(anonymous_121)
FN:1701,(anonymous_122)
FN:1728,(anonymous_123)
FN:1731,(anonymous_124)
FN:1752,(anonymous_125)
FN:1783,(anonymous_126)
FN:1789,(anonymous_127)
FN:1790,(anonymous_128)
FN:1794,(anonymous_129)
FN:1916,(anonymous_130)
FN:1919,(anonymous_131)
FN:1963,(anonymous_132)
FN:1973,(anonymous_133)
FN:1994,(anonymous_134)
FN:2051,(anonymous_135)
FN:2072,(anonymous_136)
FN:2108,(anonymous_137)
FN:2111,(anonymous_138)
FN:2111,(anonymous_139)
FN:2121,(anonymous_140)
FNF:141
FNH:119
FNDA:241,(anonymous_0)
FNDA:29,(anonymous_1)
FNDA:29,(anonymous_2)
FNDA:0,(anonymous_3)
FNDA:0,(anonymous_4)
FNDA:48,(anonymous_5)
FNDA:24,(anonymous_6)
FNDA:21,(anonymous_7)
FNDA:0,(anonymous_8)
FNDA:24,(anonymous_9)
FNDA:79,(anonymous_10)
FNDA:26,(anonymous_11)
FNDA:48,(anonymous_12)
FNDA:59,(anonymous_13)
FNDA:59,(anonymous_14)
FNDA:57,(anonymous_15)
FNDA:71,(anonymous_16)
FNDA:0,(anonymous_17)
FNDA:47,(anonymous_18)
FNDA:59,(anonymous_19)
FNDA:55,(anonymous_20)
FNDA:27,(anonymous_21)
FNDA:1,(anonymous_22)
FNDA:0,(anonymous_23)
FNDA:27,(anonymous_24)
FNDA:1,(anonymous_25)
FNDA:0,(anonymous_26)
FNDA:27,(anonymous_27)
FNDA:34,(anonymous_28)
FNDA:7,(anonymous_29)
FNDA:6,(anonymous_30)
FNDA:0,(anonymous_31)
FNDA:7,(anonymous_32)
FNDA:55,(anonymous_33)
FNDA:27,(anonymous_34)
FNDA:3,(anonymous_35)
FNDA:0,(anonymous_36)
FNDA:27,(anonymous_37)
FNDA:24,(anonymous_38)
FNDA:24,(anonymous_39)
FNDA:2,(anonymous_40)
FNDA:0,(anonymous_41)
FNDA:24,(anonymous_42)
FNDA:101,(anonymous_43)
FNDA:54,(anonymous_44)
FNDA:1,(anonymous_45)
FNDA:1,(anonymous_46)
FNDA:1,(anonymous_47)
FNDA:1,(anonymous_48)
FNDA:1,(anonymous_49)
FNDA:1,(anonymous_50)
FNDA:1,(anonymous_51)
FNDA:0,(anonymous_52)
FNDA:1,(anonymous_53)
FNDA:2,(anonymous_54)
FNDA:2,(anonymous_55)
FNDA:2,(anonymous_56)
FNDA:0,(anonymous_57)
FNDA:1,(anonymous_58)
FNDA:3,(anonymous_59)
FNDA:3,(anonymous_60)
FNDA:0,(anonymous_61)
FNDA:1,(anonymous_62)
FNDA:1,(anonymous_63)
FNDA:0,(anonymous_64)
FNDA:1,(anonymous_65)
FNDA:0,(anonymous_66)
FNDA:0,(anonymous_67)
FNDA:0,(anonymous_68)
FNDA:1,(anonymous_69)
FNDA:0,(anonymous_70)
FNDA:165,(anonymous_71)
FNDA:165,(anonymous_72)
FNDA:99,(anonymous_73)
FNDA:99,(anonymous_74)
FNDA:54,(anonymous_75)
FNDA:35,(anonymous_76)
FNDA:4,(anonymous_77)
FNDA:4,(anonymous_78)
FNDA:6,(anonymous_79)
FNDA:0,(anonymous_80)
FNDA:1,(anonymous_81)
FNDA:2,(anonymous_82)
FNDA:3,(anonymous_83)
FNDA:3,(anonymous_84)
FNDA:0,(anonymous_85)
FNDA:1,(anonymous_86)
FNDA:1,(anonymous_87)
FNDA:1,(anonymous_88)
FNDA:0,(anonymous_89)
FNDA:1,(anonymous_90)
FNDA:1,(anonymous_91)
FNDA:1,(anonymous_92)
FNDA:1,(anonymous_93)
FNDA:28,(anonymous_94)
FNDA:28,(anonymous_95)
FNDA:2,(anonymous_96)
FNDA:12,(anonymous_97)
FNDA:1,(anonymous_98)
FNDA:1,(anonymous_99)
FNDA:1,(anonymous_100)
FNDA:1,(anonymous_101)
FNDA:153,(anonymous_102)
FNDA:1,(anonymous_103)
FNDA:1,(anonymous_104)
FNDA:1,(anonymous_105)
FNDA:378,(anonymous_106)
FNDA:1,(anonymous_107)
FNDA:363,(anonymous_108)
FNDA:9,(anonymous_109)
FNDA:6,(anonymous_110)
FNDA:12,(anonymous_111)
FNDA:10,(anonymous_112)
FNDA:10,(anonymous_113)
FNDA:102,(anonymous_114)
FNDA:1,(anonymous_115)
FNDA:2,(anonymous_116)
FNDA:4,(anonymous_117)
FNDA:0,(anonymous_118)
FNDA:1,(anonymous_119)
FNDA:1,(anonymous_120)
FNDA:1,(anonymous_121)
FNDA:3,(anonymous_122)
FNDA:1,(anonymous_123)
FNDA:1422,(anonymous_124)
FNDA:1,(anonymous_125)
FNDA:2,(anonymous_126)
FNDA:1,(anonymous_127)
FNDA:1,(anonymous_128)
FNDA:0,(anonymous_129)
FNDA:148,(anonymous_130)
FNDA:3,(anonymous_131)
FNDA:25,(anonymous_132)
FNDA:2,(anonymous_133)
FNDA:3,(anonymous_134)
FNDA:1,(anonymous_135)
FNDA:1,(anonymous_136)
FNDA:1,(anonymous_137)
FNDA:9,(anonymous_138)
FNDA:6,(anonymous_139)
FNDA:1,(anonymous_140)
DA:14,1
DA:15,241
DA:16,241
DA:19,241
DA:20,241
DA:21,241
DA:22,241
DA:23,241
DA:24,241
DA:27,241
DA:28,241
DA:29,241
DA:30,241
DA:33,241
DA:34,241
DA:35,241
DA:36,241
DA:37,241
DA:40,241
DA:41,241
DA:42,241
DA:45,241
DA:46,241
DA:47,241
DA:48,241
DA:49,241
DA:50,241
DA:53,241
DA:56,241
DA:57,241
DA:58,241
DA:61,241
DA:62,29
DA:64,29
DA:65,29
DA:66,29
DA:67,29
DA:68,29
DA:69,29
DA:71,29
DA:72,28
DA:73,28
DA:74,28
DA:76,1
DA:77,1
DA:78,1
DA:87,29
DA:89,1
DA:90,1
DA:91,1
DA:92,1
DA:95,1
DA:98,29
DA:101,29
DA:102,29
DA:103,29
DA:104,29
DA:105,29
DA:106,29
DA:108,29
DA:109,29
DA:110,29
DA:111,29
DA:112,29
DA:113,0
DA:117,29
DA:118,29
DA:119,29
DA:120,29
DA:121,29
DA:122,29
DA:123,0
DA:125,29
DA:128,29
DA:129,29
DA:130,29
DA:132,29
DA:133,29
DA:134,28
DA:135,28
DA:138,29
DA:139,29
DA:140,28
DA:141,28
DA:145,29
DA:146,29
DA:167,0
DA:171,29
DA:175,241
DA:176,48
DA:178,24
DA:179,24
DA:184,24
DA:185,24
DA:186,24
DA:187,24
DA:189,0
DA:190,0
DA:193,24
DA:197,241
DA:198,79
DA:199,32
DA:200,32
DA:201,32
DA:202,32
DA:205,47
DA:206,47
DA:207,23
DA:208,23
DA:211,48
DA:212,47
DA:214,47
DA:215,0
DA:216,0
DA:220,47
DA:221,47
DA:223,47
DA:225,47
DA:226,59
DA:228,59
DA:229,59
DA:230,59
DA:231,59
DA:232,59
DA:233,59
DA:234,47
DA:235,0
DA:239,59
DA:240,57
DA:241,71
DA:242,57
DA:243,57
DA:254,57
DA:258,0
DA:261,59
DA:264,47
DA:265,59
DA:270,241
DA:271,55
DA:272,28
DA:273,28
DA:274,28
DA:278,27
DA:280,27
DA:281,27
DA:282,27
DA:283,27
DA:284,1
DA:285,1
DA:288,1
DA:291,1
DA:292,1
DA:298,27
DA:300,0
DA:303,27
DA:304,27
DA:305,27
DA:306,27
DA:307,1
DA:308,1
DA:311,1
DA:314,1
DA:315,1
DA:321,27
DA:323,0
DA:326,27
DA:327,27
DA:328,27
DA:333,241
DA:334,34
DA:336,8
DA:337,34
DA:338,1
DA:339,1
DA:342,7
DA:348,7
DA:349,7
DA:350,7
DA:351,6
DA:352,6
DA:353,6
DA:372,7
DA:374,0
DA:377,7
DA:381,241
DA:382,55
DA:383,28
DA:384,28
DA:387,27
DA:393,27
DA:394,27
DA:395,27
DA:396,3
DA:398,27
DA:400,0
DA:403,27
DA:407,241
DA:408,24
DA:409,0
DA:410,0
DA:413,24
DA:419,24
DA:420,24
DA:421,24
DA:422,2
DA:424,24
DA:426,0
DA:429,24
DA:433,241
DA:434,101
DA:435,54
DA:436,43
DA:437,43
DA:446,241
DA:447,1
DA:448,1
DA:450,1
DA:451,1
DA:452,1
DA:453,1
DA:454,1
DA:455,1
DA:456,3
DA:457,3
DA:459,1
DA:461,1
DA:468,1
DA:479,1
DA:480,1
DA:481,1
DA:482,1
DA:484,1
DA:486,0
DA:487,0
DA:489,1
DA:494,241
DA:495,1
DA:496,1
DA:498,1
DA:499,1
DA:500,1
DA:501,1
DA:502,1
DA:504,1
DA:505,0
DA:506,0
DA:509,1
DA:511,1
DA:512,0
DA:513,0
DA:514,0
DA:515,0
DA:518,1
DA:519,1
DA:520,0
DA:521,0
DA:524,1
DA:531,1
DA:537,1
DA:538,1
DA:539,1
DA:540,1
DA:542,1
DA:544,0
DA:545,0
DA:547,1
DA:552,241
DA:553,1
DA:554,1
DA:555,1
DA:558,1
DA:560,0
DA:561,0
DA:564,1
DA:565,1
DA:566,1
DA:567,1
DA:568,1
DA:570,1
DA:571,1
DA:573,0
DA:574,0
DA:575,0
DA:578,0
DA:585,1
DA:586,1
DA:587,1
DA:588,1
DA:590,0
DA:591,0
DA:593,1
DA:598,241
DA:599,1
DA:600,1
DA:601,1
DA:603,1
DA:604,1
DA:605,2
DA:606,2
DA:608,1
DA:613,1
DA:615,0
DA:622,241
DA:623,2
DA:624,2
DA:626,2
DA:627,2
DA:628,2
DA:634,2
DA:635,2
DA:637,0
DA:638,0
DA:643,241
DA:644,1
DA:645,1
DA:647,1
DA:648,1
DA:649,1
DA:651,3
DA:652,3
DA:654,1
DA:655,0
DA:656,0
DA:657,0
DA:660,1
DA:661,1
DA:663,1
DA:673,1
DA:674,1
DA:675,1
DA:676,1
DA:678,0
DA:679,0
DA:681,1
DA:686,241
DA:687,1
DA:689,1
DA:690,1
DA:691,1
DA:697,0
DA:702,241
DA:703,1
DA:704,1
DA:705,1
DA:706,1
DA:709,1
DA:710,1
DA:711,1
DA:714,0
DA:715,0
DA:717,1
DA:722,241
DA:723,1
DA:724,1
DA:725,0
DA:726,0
DA:729,1
DA:730,1
DA:731,0
DA:734,1
DA:735,1
DA:736,1
DA:738,1
DA:739,1
DA:741,1
DA:742,1
DA:743,1
DA:747,1
DA:748,1
DA:749,1
DA:752,0
DA:753,0
DA:756,0
DA:757,0
DA:759,1
DA:764,241
DA:765,1
DA:766,1
DA:767,1
DA:768,1
DA:769,0
DA:770,0
DA:773,1
DA:774,1
DA:775,1
DA:777,1
DA:778,1
DA:780,1
DA:781,1
DA:783,1
DA:784,1
DA:785,1
DA:786,1
DA:791,0
DA:792,0
DA:794,0
DA:795,0
DA:802,1
DA:803,1
DA:804,1
DA:812,1
DA:813,1
DA:814,1
DA:816,1
DA:823,1
DA:824,1
DA:826,0
DA:827,0
DA:832,241
DA:833,241
DA:834,241
DA:835,241
DA:838,241
DA:839,99
DA:840,99
DA:851,241
DA:852,99
DA:853,54
DA:854,54
DA:855,54
DA:859,241
DA:860,35
DA:861,4
DA:862,4
DA:863,4
DA:864,0
DA:866,4
DA:870,241
DA:871,4
DA:872,4
DA:873,2
DA:874,2
DA:875,2
DA:876,6
DA:878,2
DA:881,2
DA:882,2
DA:883,2
DA:884,2
DA:894,2
DA:895,2
DA:897,0
DA:898,0
DA:902,241
DA:903,1
DA:905,1
DA:906,1
DA:907,2
DA:909,3
DA:910,3
DA:913,1
DA:919,1
DA:920,1
DA:921,1
DA:932,1
DA:933,1
DA:934,1
DA:935,1
DA:937,0
DA:938,0
DA:942,241
DA:943,1
DA:944,1
DA:945,1
DA:946,1
DA:947,0
DA:948,0
DA:950,1
DA:951,1
DA:952,0
DA:953,0
DA:956,1
DA:963,1
DA:969,1
DA:971,1
DA:972,1
DA:974,1
DA:975,1
DA:976,1
DA:978,0
DA:979,0
DA:983,241
DA:984,1
DA:985,1
DA:986,1
DA:987,1
DA:988,1
DA:990,0
DA:994,241
DA:995,1
DA:996,1
DA:997,1
DA:999,1
DA:1000,1
DA:1002,1
DA:1009,1
DA:1010,1
DA:1011,1
DA:1014,1
DA:1015,1
DA:1017,0
DA:1018,0
DA:1022,241
DA:1023,1
DA:1024,1
DA:1025,1
DA:1027,1
DA:1028,1
DA:1029,1
DA:1031,1
DA:1038,1
DA:1039,1
DA:1040,1
DA:1043,1
DA:1044,1
DA:1046,0
DA:1047,0
DA:1051,241
DA:1052,28
DA:1055,241
DA:1056,28
DA:1059,241
DA:1073,2
DA:1074,2
DA:1075,2
DA:1118,12
DA:1125,1
DA:1131,1
DA:1137,1
DA:1158,1
DA:1163,153
DA:1172,1
DA:1173,1
DA:1202,1
DA:1211,1
DA:1215,378
DA:1243,1
DA:1292,363
DA:1294,9
DA:1361,6
DA:1362,6
DA:1363,6
DA:1364,6
DA:1390,12
DA:1391,12
DA:1428,10
DA:1429,10
DA:1449,10
DA:1450,10
DA:1543,102
DA:1569,1
DA:1594,2
DA:1595,2
DA:1606,4
DA:1607,4
DA:1608,4
DA:1610,4
DA:1613,1
DA:1657,1
DA:1669,1
DA:1702,3
DA:1728,1
DA:1732,1422
DA:1753,1
DA:1754,1
DA:1783,2
DA:1790,1
DA:1791,1
DA:1792,1
DA:1793,1
DA:1794,1
DA:1917,148
DA:1920,3
DA:1921,1
DA:1923,2
DA:1924,2
DA:1964,25
DA:1973,2
DA:1994,3
DA:2051,1
DA:2072,1
DA:2108,1
DA:2111,9
DA:2112,6
DA:2122,1
DA:2123,1
LF:586
LH:508
BRDA:62,0,0,0
BRDA:62,0,1,29
BRDA:62,1,0,29
BRDA:62,1,1,29
BRDA:71,2,0,28
BRDA:71,2,1,1
BRDA:74,3,0,1
BRDA:74,3,1,27
BRDA:87,4,0,1
BRDA:87,4,1,28
BRDA:89,5,0,1
BRDA:89,5,1,0
BRDA:103,6,0,0
BRDA:103,6,1,29
BRDA:113,7,0,0
BRDA:113,7,1,0
BRDA:133,8,0,28
BRDA:133,8,1,1
BRDA:135,9,0,0
BRDA:135,9,1,28
BRDA:135,10,0,28
BRDA:135,10,1,2
BRDA:139,11,0,28
BRDA:139,11,1,1
BRDA:141,12,0,0
BRDA:141,12,1,28
BRDA:141,13,0,28
BRDA:141,13,1,2
BRDA:148,14,0,29
BRDA:148,14,1,0
BRDA:149,15,0,29
BRDA:149,15,1,3
BRDA:150,16,0,29
BRDA:150,16,1,3
BRDA:151,17,0,29
BRDA:151,17,1,3
BRDA:154,18,0,29
BRDA:154,18,1,3
BRDA:155,19,0,29
BRDA:155,19,1,3
BRDA:157,20,0,29
BRDA:157,20,1,0
BRDA:158,21,0,29
BRDA:158,21,1,2
BRDA:159,22,0,29
BRDA:159,22,1,2
BRDA:163,23,0,29
BRDA:163,23,1,29
BRDA:176,24,0,24
BRDA:176,24,1,24
BRDA:176,25,0,48
BRDA:176,25,1,48
BRDA:198,26,0,32
BRDA:198,26,1,47
BRDA:206,27,0,23
BRDA:206,27,1,24
BRDA:206,28,0,47
BRDA:206,28,1,25
BRDA:214,29,0,0
BRDA:214,29,1,47
BRDA:214,30,0,47
BRDA:214,30,1,47
BRDA:226,31,0,0
BRDA:226,31,1,59
BRDA:230,32,0,59
BRDA:230,32,1,0
BRDA:232,33,0,59
BRDA:232,33,1,0
BRDA:233,34,0,47
BRDA:233,34,1,12
BRDA:233,35,0,59
BRDA:233,35,1,12
BRDA:234,36,0,0
BRDA:234,36,1,47
BRDA:242,37,0,57
BRDA:242,37,1,0
BRDA:246,38,0,57
BRDA:246,38,1,0
BRDA:247,39,0,57
BRDA:247,39,1,0
BRDA:248,40,0,57
BRDA:248,40,1,0
BRDA:249,41,0,57
BRDA:249,41,1,0
BRDA:250,42,0,57
BRDA:250,42,1,0
BRDA:251,43,0,57
BRDA:251,43,1,0
BRDA:251,44,0,0
BRDA:251,44,1,57
BRDA:271,45,0,28
BRDA:271,45,1,27
BRDA:288,46,0,0
BRDA:288,46,1,1
BRDA:290,47,0,1
BRDA:290,47,1,1
BRDA:291,48,0,1
BRDA:291,48,1,0
BRDA:291,49,0,1
BRDA:291,49,1,1
BRDA:311,50,0,0
BRDA:311,50,1,1
BRDA:313,51,0,1
BRDA:313,51,1,1
BRDA:314,52,0,1
BRDA:314,52,1,0
BRDA:314,53,0,1
BRDA:314,53,1,1
BRDA:334,54,0,26
BRDA:334,54,1,8
BRDA:334,55,0,34
BRDA:334,55,1,34
BRDA:336,56,0,8
BRDA:336,56,1,1
BRDA:337,57,0,1
BRDA:337,57,1,33
BRDA:352,58,0,6
BRDA:352,58,1,0
BRDA:357,59,0,6
BRDA:357,59,1,0
BRDA:358,60,0,6
BRDA:358,60,1,0
BRDA:359,61,0,6
BRDA:359,61,1,0
BRDA:360,62,0,6
BRDA:360,62,1,0
BRDA:361,63,0,6
BRDA:361,63,1,0
BRDA:363,64,0,6
BRDA:363,64,1,0
BRDA:363,65,0,6
BRDA:363,65,1,0
BRDA:364,66,0,6
BRDA:364,66,1,0
BRDA:365,67,0,6
BRDA:365,67,1,0
BRDA:366,68,0,6
BRDA:366,68,1,0
BRDA:367,69,0,6
BRDA:367,69,1,0
BRDA:382,70,0,28
BRDA:382,70,1,27
BRDA:382,71,0,55
BRDA:382,71,1,55
BRDA:408,72,0,0
BRDA:408,72,1,24
BRDA:434,73,0,58
BRDA:434,73,1,43
BRDA:448,74,0,0
BRDA:448,74,1,1
BRDA:448,75,0,1
BRDA:448,75,1,1
BRDA:448,75,2,1
BRDA:463,76,0,1
BRDA:463,76,1,0
BRDA:472,77,0,1
BRDA:472,77,1,0
BRDA:496,78,0,0
BRDA:496,78,1,1
BRDA:496,79,0,1
BRDA:496,79,1,1
BRDA:496,79,2,1
BRDA:504,80,0,0
BRDA:504,80,1,1
BRDA:511,81,0,0
BRDA:511,81,1,1
BRDA:519,82,0,0
BRDA:519,82,1,1
BRDA:526,83,0,1
BRDA:526,83,1,0
BRDA:553,84,0,0
BRDA:553,84,1,1
BRDA:553,85,0,1
BRDA:553,85,1,1
BRDA:554,86,0,1
BRDA:554,86,1,0
BRDA:558,87,0,0
BRDA:558,87,1,1
BRDA:561,88,0,0
BRDA:561,88,1,0
BRDA:570,89,0,1
BRDA:570,89,1,0
BRDA:574,90,0,0
BRDA:574,90,1,0
BRDA:599,91,0,0
BRDA:599,91,1,1
BRDA:601,92,0,0
BRDA:601,92,1,1
BRDA:624,93,0,0
BRDA:624,93,1,2
BRDA:624,94,0,2
BRDA:624,94,1,2
BRDA:630,95,0,2
BRDA:630,95,1,0
BRDA:645,96,0,0
BRDA:645,96,1,1
BRDA:645,97,0,1
BRDA:645,97,1,1
BRDA:645,97,2,1
BRDA:654,98,0,0
BRDA:654,98,1,1
BRDA:668,99,0,1
BRDA:668,99,1,0
BRDA:687,100,0,0
BRDA:687,100,1,1
BRDA:687,101,0,1
BRDA:687,101,1,1
BRDA:703,102,0,0
BRDA:703,102,1,1
BRDA:709,103,0,1
BRDA:709,103,1,0
BRDA:709,104,0,1
BRDA:709,104,1,1
BRDA:715,105,0,0
BRDA:715,105,1,0
BRDA:723,106,0,0
BRDA:723,106,1,1
BRDA:723,107,0,1
BRDA:723,107,1,1
BRDA:723,107,2,1
BRDA:724,108,0,0
BRDA:724,108,1,1
BRDA:729,109,0,1
BRDA:729,109,1,0
BRDA:730,110,0,0
BRDA:730,110,1,1
BRDA:738,111,0,1
BRDA:738,111,1,0
BRDA:741,112,0,1
BRDA:741,112,1,0
BRDA:747,113,0,1
BRDA:747,113,1,0
BRDA:747,114,0,1
BRDA:747,114,1,1
BRDA:752,115,0,0
BRDA:752,115,1,0
BRDA:757,116,0,0
BRDA:757,116,1,0
BRDA:765,117,0,0
BRDA:765,117,1,1
BRDA:765,118,0,1
BRDA:765,118,1,1
BRDA:765,118,2,1
BRDA:767,119,0,0
BRDA:767,119,1,1
BRDA:768,120,0,0
BRDA:768,120,1,1
BRDA:774,121,0,1
BRDA:774,121,1,0
BRDA:775,122,0,1
BRDA:775,122,1,0
BRDA:778,123,0,1
BRDA:778,123,1,0
BRDA:780,124,0,1
BRDA:780,124,1,0
BRDA:781,125,0,1
BRDA:781,125,1,0
BRDA:783,126,0,1
BRDA:783,126,1,0
BRDA:784,127,0,1
BRDA:784,127,1,1
BRDA:791,128,0,0
BRDA:791,128,1,0
BRDA:802,129,0,1
BRDA:802,129,1,0
BRDA:813,130,0,1
BRDA:813,130,1,0
BRDA:835,131,0,165
BRDA:835,131,1,0
BRDA:853,132,0,0
BRDA:853,132,1,54
BRDA:855,133,0,54
BRDA:855,133,1,11
BRDA:863,134,0,0
BRDA:863,134,1,4
BRDA:864,135,0,0
BRDA:864,135,1,0
BRDA:866,136,0,1
BRDA:866,136,1,3
BRDA:871,137,0,0
BRDA:871,137,1,4
BRDA:872,138,0,2
BRDA:872,138,1,2
BRDA:875,139,0,2
BRDA:875,139,1,0
BRDA:876,140,0,2
BRDA:876,140,1,0
BRDA:889,141,0,2
BRDA:889,141,1,0
BRDA:903,142,0,0
BRDA:903,142,1,1
BRDA:903,143,0,1
BRDA:903,143,1,1
BRDA:903,143,2,1
BRDA:907,144,0,1
BRDA:907,144,1,0
BRDA:926,145,0,1
BRDA:926,145,1,0
BRDA:946,146,0,0
BRDA:946,146,1,1
BRDA:951,147,0,0
BRDA:951,147,1,1
BRDA:958,148,0,1
BRDA:958,148,1,0
BRDA:965,149,0,1
BRDA:965,149,1,0
BRDA:966,150,0,1
BRDA:966,150,1,0
BRDA:1009,151,0,1
BRDA:1009,151,1,0
BRDA:1023,152,0,0
BRDA:1023,152,1,1
BRDA:1023,153,0,1
BRDA:1023,153,1,1
BRDA:1038,154,0,1
BRDA:1038,154,1,0
BRDA:1043,155,0,0
BRDA:1043,155,1,1
BRDA:1075,156,0,1
BRDA:1075,156,1,1
BRDA:1078,157,0,1
BRDA:1078,157,1,240
BRDA:1080,158,0,1
BRDA:1080,158,1,240
BRDA:1093,159,0,241
BRDA:1093,159,1,124
BRDA:1102,160,0,78
BRDA:1102,160,1,163
BRDA:1110,161,0,163
BRDA:1110,161,1,12
BRDA:1151,162,0,163
BRDA:1151,162,1,143
BRDA:1156,163,0,143
BRDA:1156,163,1,22
BRDA:1169,164,0,143
BRDA:1169,164,1,121
BRDA:1184,165,0,42
BRDA:1184,165,1,121
BRDA:1296,166,0,121
BRDA:1296,166,1,242
BRDA:1307,167,0,121
BRDA:1307,167,1,79
BRDA:1316,168,0,79
BRDA:1316,168,1,16
BRDA:1318,169,0,5
BRDA:1318,169,1,11
BRDA:1327,170,0,16
BRDA:1327,170,1,63
BRDA:1329,171,0,6
BRDA:1329,171,1,10
BRDA:1361,172,0,6
BRDA:1361,172,1,6
BRDA:1362,173,0,6
BRDA:1362,173,1,0
BRDA:1375,174,0,6
BRDA:1375,174,1,6
BRDA:1390,175,0,12
BRDA:1390,175,1,0
BRDA:1421,176,0,5
BRDA:1421,176,1,5
BRDA:1449,177,0,10
BRDA:1449,177,1,10
BRDA:1463,178,0,16
BRDA:1463,178,1,5
BRDA:1468,179,0,0
BRDA:1468,179,1,5
BRDA:1470,180,0,5
BRDA:1470,180,1,0
BRDA:1470,181,0,5
BRDA:1470,181,1,0
BRDA:1470,182,0,5
BRDA:1470,182,1,0
BRDA:1474,183,0,5
BRDA:1474,183,1,5
BRDA:1478,184,0,0
BRDA:1478,184,1,5
BRDA:1479,185,0,5
BRDA:1479,185,1,0
BRDA:1484,186,0,0
BRDA:1484,186,1,5
BRDA:1484,187,0,5
BRDA:1484,187,1,0
BRDA:1490,188,0,16
BRDA:1490,188,1,5
BRDA:1495,189,0,0
BRDA:1495,189,1,5
BRDA:1521,190,0,3
BRDA:1521,190,1,60
BRDA:1522,191,0,3
BRDA:1522,191,1,60
BRDA:1545,192,0,102
BRDA:1545,192,1,0
BRDA:1549,193,0,102
BRDA:1549,193,1,102
BRDA:1549,193,2,0
BRDA:1555,194,0,102
BRDA:1555,194,1,0
BRDA:1565,195,0,102
BRDA:1565,195,1,0
BRDA:1566,196,0,102
BRDA:1566,196,1,0
BRDA:1567,197,0,102
BRDA:1567,197,1,58
BRDA:1567,197,2,23
BRDA:1591,198,0,2
BRDA:1591,198,1,77
BRDA:1594,199,0,2
BRDA:1594,199,1,0
BRDA:1606,200,0,4
BRDA:1606,200,1,0
BRDA:1607,201,0,0
BRDA:1607,201,1,4
BRDA:1615,202,0,0
BRDA:1615,202,1,4
BRDA:1619,203,0,0
BRDA:1619,203,1,4
BRDA:1623,204,0,4
BRDA:1623,204,1,0
BRDA:1699,205,0,3
BRDA:1699,205,1,76
BRDA:1770,206,0,121
BRDA:1770,206,1,5
BRDA:1774,207,0,5
BRDA:1774,207,1,2
BRDA:1783,208,0,2
BRDA:1783,208,1,0
BRDA:1843,209,0,2
BRDA:1843,209,1,3
BRDA:1844,210,0,2
BRDA:1844,210,1,3
BRDA:1847,211,0,2
BRDA:1847,211,1,3
BRDA:1866,212,0,121
BRDA:1866,212,1,37
BRDA:1882,213,0,3
BRDA:1882,213,1,34
BRDA:1897,214,0,34
BRDA:1897,214,1,0
BRDA:1903,215,0,32
BRDA:1903,215,1,2
BRDA:1908,216,0,32
BRDA:1908,216,1,2
BRDA:1920,217,0,1
BRDA:1920,217,1,2
BRDA:1928,218,0,37
BRDA:1928,218,1,111
BRDA:1931,219,0,37
BRDA:1931,219,1,111
BRDA:1932,220,0,37
BRDA:1932,220,1,74
BRDA:1933,221,0,37
BRDA:1933,221,1,37
BRDA:1934,222,0,148
BRDA:1934,222,1,37
BRDA:1934,223,0,1
BRDA:1934,223,1,36
BRDA:1954,224,0,16
BRDA:1954,224,1,21
BRDA:1957,225,0,3
BRDA:1957,225,1,13
BRDA:1978,226,0,0
BRDA:1978,226,1,25
BRDA:1985,227,0,0
BRDA:1985,227,1,25
BRDA:2011,228,0,37
BRDA:2011,228,1,6
BRDA:2011,228,2,3
BRDA:2056,229,0,0
BRDA:2056,229,1,3
BRDA:2063,230,0,0
BRDA:2063,230,1,3
BRDA:2086,231,0,37
BRDA:2086,231,1,3
BRDA:2086,231,2,3
BRDA:2148,232,0,163
BRDA:2148,232,1,29
BRF:476
BRH:336
end_of_record
TN:
SF:src\components\mobile\MobileLogger.jsx
FN:19,(anonymous_0)
FN:54,(anonymous_1)
FN:56,(anonymous_2)
FN:57,(anonymous_3)
FN:60,(anonymous_4)
FN:61,(anonymous_5)
FN:64,(anonymous_6)
FN:65,(anonymous_7)
FN:89,(anonymous_8)
FN:90,(anonymous_9)
FN:90,(anonymous_10)
FN:100,(anonymous_11)
FN:102,(anonymous_12)
FN:115,(anonymous_13)
FN:142,(anonymous_14)
FN:144,(anonymous_15)
FN:149,(anonymous_16)
FN:163,(anonymous_17)
FN:174,(anonymous_18)
FN:187,(anonymous_19)
FN:193,(anonymous_20)
FN:199,(anonymous_21)
FN:200,(anonymous_22)
FN:207,(anonymous_23)
FN:216,(anonymous_24)
FN:223,(anonymous_25)
FN:226,(anonymous_26)
FN:238,(anonymous_27)
FN:242,(anonymous_28)
FN:243,(anonymous_29)
FN:244,(anonymous_30)
FN:249,(anonymous_31)
FN:250,(anonymous_32)
FN:254,(anonymous_33)
FN:255,(anonymous_34)
FN:265,(anonymous_35)
FN:270,(anonymous_36)
FN:285,(anonymous_37)
FN:289,(anonymous_38)
FN:318,(anonymous_39)
FN:322,(anonymous_40)
FN:323,(anonymous_41)
FN:340,(anonymous_42)
FN:344,(anonymous_43)
FN:348,(anonymous_44)
FN:361,(anonymous_45)
FN:372,(anonymous_46)
FN:376,(anonymous_47)
FN:382,(anonymous_48)
FN:383,(anonymous_49)
FN:405,(anonymous_50)
FN:409,(anonymous_51)
FN:418,(anonymous_52)
FN:459,(anonymous_53)
FN:539,(anonymous_54)
FN:545,(anonymous_55)
FN:567,(anonymous_56)
FN:607,(anonymous_57)
FN:649,(anonymous_58)
FN:672,(anonymous_59)
FN:699,(anonymous_60)
FN:722,(anonymous_61)
FN:743,(anonymous_62)
FN:751,(anonymous_63)
FN:762,(anonymous_64)
FN:793,(anonymous_65)
FN:797,(anonymous_66)
FN:825,(anonymous_67)
FN:856,(anonymous_68)
FN:887,(anonymous_69)
FN:961,(anonymous_70)
FN:969,(anonymous_71)
FN:989,(anonymous_72)
FN:997,(anonymous_73)
FN:1017,(anonymous_74)
FN:1025,(anonymous_75)
FN:1088,(anonymous_76)
FNF:77
FNH:49
FNDA:68,(anonymous_0)
FNDA:2,(anonymous_1)
FNDA:1,(anonymous_2)
FNDA:0,(anonymous_3)
FNDA:1,(anonymous_4)
FNDA:0,(anonymous_5)
FNDA:0,(anonymous_6)
FNDA:0,(anonymous_7)
FNDA:26,(anonymous_8)
FNDA:18,(anonymous_9)
FNDA:18,(anonymous_10)
FNDA:21,(anonymous_11)
FNDA:3,(anonymous_12)
FNDA:0,(anonymous_13)
FNDA:21,(anonymous_14)
FNDA:21,(anonymous_15)
FNDA:0,(anonymous_16)
FNDA:18,(anonymous_17)
FNDA:24,(anonymous_18)
FNDA:21,(anonymous_19)
FNDA:21,(anonymous_20)
FNDA:21,(anonymous_21)
FNDA:0,(anonymous_22)
FNDA:0,(anonymous_23)
FNDA:21,(anonymous_24)
FNDA:20,(anonymous_25)
FNDA:0,(anonymous_26)
FNDA:1,(anonymous_27)
FNDA:26,(anonymous_28)
FNDA:18,(anonymous_29)
FNDA:19,(anonymous_30)
FNDA:26,(anonymous_31)
FNDA:18,(anonymous_32)
FNDA:19,(anonymous_33)
FNDA:14,(anonymous_34)
FNDA:52,(anonymous_35)
FNDA:44,(anonymous_36)
FNDA:46,(anonymous_37)
FNDA:44,(anonymous_38)
FNDA:0,(anonymous_39)
FNDA:2,(anonymous_40)
FNDA:2,(anonymous_41)
FNDA:0,(anonymous_42)
FNDA:2,(anonymous_43)
FNDA:0,(anonymous_44)
FNDA:0,(anonymous_45)
FNDA:0,(anonymous_46)
FNDA:0,(anonymous_47)
FNDA:0,(anonymous_48)
FNDA:0,(anonymous_49)
FNDA:2,(anonymous_50)
FNDA:8,(anonymous_51)
FNDA:7,(anonymous_52)
FNDA:1,(anonymous_53)
FNDA:21,(anonymous_54)
FNDA:1,(anonymous_55)
FNDA:1,(anonymous_56)
FNDA:0,(anonymous_57)
FNDA:0,(anonymous_58)
FNDA:0,(anonymous_59)
FNDA:58,(anonymous_60)
FNDA:50,(anonymous_61)
FNDA:0,(anonymous_62)
FNDA:0,(anonymous_63)
FNDA:0,(anonymous_64)
FNDA:52,(anonymous_65)
FNDA:0,(anonymous_66)
FNDA:1,(anonymous_67)
FNDA:0,(anonymous_68)
FNDA:0,(anonymous_69)
FNDA:22,(anonymous_70)
FNDA:1,(anonymous_71)
FNDA:22,(anonymous_72)
FNDA:1,(anonymous_73)
FNDA:22,(anonymous_74)
FNDA:0,(anonymous_75)
FNDA:0,(anonymous_76)
DA:19,1
DA:20,68
DA:21,68
DA:22,68
DA:23,68
DA:36,68
DA:41,68
DA:43,68
DA:46,68
DA:47,68
DA:50,68
DA:51,68
DA:52,68
DA:54,68
DA:55,2
DA:56,1
DA:57,1
DA:59,1
DA:60,1
DA:61,1
DA:63,0
DA:64,0
DA:65,0
DA:71,68
DA:72,68
DA:75,68
DA:76,68
DA:79,68
DA:80,68
DA:81,68
DA:82,68
DA:83,68
DA:84,68
DA:87,68
DA:89,68
DA:90,26
DA:93,68
DA:96,68
DA:97,68
DA:100,68
DA:101,21
DA:102,3
DA:103,3
DA:104,3
DA:105,3
DA:107,3
DA:108,3
DA:109,3
DA:110,3
DA:111,0
DA:114,0
DA:115,0
DA:117,0
DA:118,0
DA:119,0
DA:120,0
DA:121,0
DA:122,0
DA:124,0
DA:131,3
DA:133,0
DA:135,3
DA:138,3
DA:142,68
DA:143,21
DA:144,21
DA:145,21
DA:146,21
DA:147,21
DA:148,21
DA:149,21
DA:150,0
DA:152,21
DA:154,0
DA:157,21
DA:161,68
DA:163,68
DA:164,18
DA:165,0
DA:166,0
DA:167,0
DA:169,0
DA:174,68
DA:175,24
DA:176,0
DA:177,0
DA:178,0
DA:179,0
DA:181,0
DA:187,68
DA:188,21
DA:189,18
DA:191,3
DA:193,21
DA:194,21
DA:199,68
DA:200,21
DA:201,0
DA:202,0
DA:203,0
DA:207,21
DA:208,0
DA:209,0
DA:210,0
DA:214,21
DA:215,21
DA:216,21
DA:217,21
DA:218,21
DA:223,68
DA:224,20
DA:226,1
DA:227,0
DA:228,0
DA:230,0
DA:231,0
DA:232,0
DA:233,0
DA:234,0
DA:238,1
DA:242,68
DA:243,26
DA:244,19
DA:249,68
DA:250,26
DA:252,18
DA:254,19
DA:257,14
DA:265,68
DA:266,52
DA:267,52
DA:270,44
DA:271,44
DA:273,44
DA:274,52
DA:275,52
DA:276,52
DA:277,52
DA:280,44
DA:282,44
DA:283,52
DA:285,52
DA:286,52
DA:288,44
DA:289,44
DA:290,44
DA:291,44
DA:292,44
DA:293,44
DA:294,44
DA:299,44
DA:302,44
DA:303,52
DA:304,52
DA:306,0
DA:313,52
DA:318,68
DA:319,0
DA:322,68
DA:323,2
DA:324,2
DA:325,2
DA:327,2
DA:328,2
DA:329,2
DA:330,1
DA:333,1
DA:334,2
DA:335,2
DA:336,2
DA:340,68
DA:341,0
DA:344,68
DA:345,2
DA:348,68
DA:349,0
DA:350,0
DA:356,0
DA:357,0
DA:358,0
DA:361,68
DA:362,0
DA:363,0
DA:364,0
DA:365,0
DA:366,0
DA:368,0
DA:369,0
DA:372,68
DA:373,0
DA:375,0
DA:376,0
DA:379,0
DA:382,0
DA:383,0
DA:390,0
DA:398,0
DA:400,0
DA:401,0
DA:405,68
DA:406,2
DA:409,68
DA:410,8
DA:411,1
DA:412,1
DA:414,7
DA:415,7
DA:418,68
DA:419,7
DA:420,7
DA:421,7
DA:422,7
DA:423,7
DA:424,7
DA:429,7
DA:430,2
DA:431,2
DA:432,2
DA:433,2
DA:434,2
DA:436,5
DA:437,5
DA:439,5
DA:443,5
DA:444,0
DA:446,5
DA:447,5
DA:448,5
DA:455,7
DA:459,68
DA:460,1
DA:461,1
DA:462,1
DA:463,1
DA:464,1
DA:465,1
DA:469,68
DA:476,68
DA:481,68
DA:482,2
DA:492,65
DA:540,21
DA:541,21
DA:545,1
DA:567,1
DA:607,0
DA:649,0
DA:672,0
DA:700,58
DA:703,58
DA:704,58
DA:705,0
DA:723,50
DA:743,0
DA:751,0
DA:762,0
DA:794,52
DA:795,52
DA:797,52
DA:798,0
DA:800,52
DA:802,52
DA:825,1
DA:856,0
DA:887,0
DA:962,22
DA:963,22
DA:964,22
DA:969,1
DA:990,22
DA:991,22
DA:992,22
DA:997,1
DA:1018,22
DA:1019,22
DA:1020,22
DA:1025,0
DA:1088,0
LF:278
LH:202
BRDA:55,0,0,1
BRDA:55,0,1,1
BRDA:57,1,0,0
BRDA:57,1,1,1
BRDA:59,2,0,1
BRDA:59,2,1,0
BRDA:61,3,0,0
BRDA:61,3,1,1
BRDA:63,4,0,0
BRDA:63,4,1,0
BRDA:65,5,0,0
BRDA:65,5,1,0
BRDA:90,6,0,18
BRDA:90,6,1,4
BRDA:101,7,0,18
BRDA:101,7,1,3
BRDA:101,8,0,21
BRDA:101,8,1,21
BRDA:119,9,0,0
BRDA:119,9,1,0
BRDA:120,10,0,0
BRDA:120,10,1,0
BRDA:121,11,0,0
BRDA:121,11,1,0
BRDA:143,12,0,0
BRDA:143,12,1,21
BRDA:164,13,0,0
BRDA:164,13,1,18
BRDA:164,14,0,18
BRDA:164,14,1,0
BRDA:175,15,0,0
BRDA:175,15,1,24
BRDA:188,16,0,18
BRDA:188,16,1,3
BRDA:201,17,0,0
BRDA:201,17,1,0
BRDA:201,18,0,0
BRDA:201,18,1,0
BRDA:208,19,0,0
BRDA:208,19,1,0
BRDA:224,20,0,19
BRDA:224,20,1,1
BRDA:230,21,0,0
BRDA:230,21,1,0
BRDA:244,22,0,19
BRDA:244,22,1,5
BRDA:254,23,0,19
BRDA:254,23,1,5
BRDA:257,24,0,14
BRDA:257,24,1,0
BRDA:257,25,0,14
BRDA:257,25,1,0
BRDA:266,26,0,52
BRDA:266,26,1,8
BRDA:267,27,0,8
BRDA:267,27,1,44
BRDA:271,28,0,0
BRDA:271,28,1,44
BRDA:273,29,0,44
BRDA:273,29,1,0
BRDA:275,30,0,0
BRDA:275,30,1,44
BRDA:275,31,0,44
BRDA:275,31,1,0
BRDA:276,32,0,52
BRDA:276,32,1,0
BRDA:277,33,0,0
BRDA:277,33,1,52
BRDA:280,34,0,0
BRDA:280,34,1,44
BRDA:280,35,0,44
BRDA:280,35,1,44
BRDA:282,36,0,44
BRDA:282,36,1,0
BRDA:285,37,0,46
BRDA:285,37,1,2
BRDA:286,38,0,0
BRDA:286,38,1,52
BRDA:290,39,0,0
BRDA:290,39,1,44
BRDA:290,40,0,44
BRDA:290,40,1,0
BRDA:291,41,0,44
BRDA:291,41,1,0
BRDA:293,42,0,44
BRDA:293,42,1,0
BRDA:299,43,0,0
BRDA:299,43,1,44
BRDA:302,44,0,44
BRDA:302,44,1,0
BRDA:303,45,0,52
BRDA:303,45,1,44
BRDA:303,45,2,44
BRDA:304,46,0,44
BRDA:304,46,1,8
BRDA:307,47,0,0
BRDA:307,47,1,0
BRDA:307,48,0,0
BRDA:307,48,1,0
BRDA:308,49,0,52
BRDA:308,49,1,0
BRDA:325,50,0,2
BRDA:325,50,1,2
BRDA:328,51,0,2
BRDA:328,51,1,0
BRDA:328,52,0,2
BRDA:328,52,1,2
BRDA:329,53,0,1
BRDA:329,53,1,1
BRDA:333,54,0,1
BRDA:333,54,1,1
BRDA:349,55,0,0
BRDA:349,55,1,0
BRDA:364,56,0,0
BRDA:364,56,1,0
BRDA:379,57,0,0
BRDA:379,57,1,0
BRDA:379,58,0,0
BRDA:379,58,1,0
BRDA:383,59,0,0
BRDA:383,59,1,0
BRDA:384,60,0,0
BRDA:384,60,1,0
BRDA:385,61,0,0
BRDA:385,61,1,0
BRDA:385,62,0,0
BRDA:385,62,1,0
BRDA:398,63,0,0
BRDA:398,63,1,0
BRDA:410,64,0,1
BRDA:410,64,1,7
BRDA:419,65,0,0
BRDA:419,65,1,7
BRDA:436,66,0,5
BRDA:436,66,1,0
BRDA:439,67,0,5
BRDA:439,67,1,5
BRDA:439,67,2,5
BRDA:443,68,0,0
BRDA:443,68,1,5
BRDA:449,69,0,1
BRDA:449,69,1,4
BRDA:470,70,0,0
BRDA:470,70,1,67
BRDA:471,71,0,0
BRDA:471,71,1,67
BRDA:481,72,0,2
BRDA:481,72,1,66
BRDA:497,73,0,65
BRDA:497,73,1,7
BRDA:514,74,0,7
BRDA:514,74,1,0
BRDA:547,75,0,7
BRDA:547,75,1,14
BRDA:572,76,0,2
BRDA:572,76,1,5
BRDA:577,77,0,2
BRDA:577,77,1,5
BRDA:601,78,0,68
BRDA:601,78,1,58
BRDA:646,79,0,58
BRDA:646,79,1,0
BRDA:659,80,0,58
BRDA:659,80,1,0
BRDA:679,81,0,0
BRDA:679,81,1,0
BRDA:693,82,0,58
BRDA:693,82,1,0
BRDA:700,83,0,0
BRDA:700,83,1,58
BRDA:701,84,0,0
BRDA:701,84,1,0
BRDA:704,85,0,58
BRDA:704,85,1,0
BRDA:712,86,0,8
BRDA:712,86,1,50
BRDA:743,87,0,0
BRDA:743,87,1,0
BRDA:748,88,0,50
BRDA:748,88,1,46
BRDA:751,89,0,0
BRDA:751,89,1,0
BRDA:772,90,0,50
BRDA:772,90,1,50
BRDA:775,91,0,0
BRDA:775,91,1,50
BRDA:794,92,0,52
BRDA:794,92,1,52
BRDA:794,92,2,52
BRDA:795,93,0,52
BRDA:795,93,1,52
BRDA:798,94,0,0
BRDA:798,94,1,0
BRDA:798,95,0,0
BRDA:798,95,1,0
BRDA:800,96,0,0
BRDA:800,96,1,52
BRDA:816,97,0,4
BRDA:816,97,1,48
BRDA:841,98,0,58
BRDA:841,98,1,2
BRDA:841,98,2,2
BRDA:879,99,0,58
BRDA:879,99,1,22
BRDA:887,100,0,0
BRDA:887,100,1,0
BRDA:946,101,0,22
BRDA:946,101,1,22
BRDA:962,102,0,22
BRDA:962,102,1,0
BRDA:962,102,2,0
BRDA:971,103,0,3
BRDA:971,103,1,19
BRDA:990,104,0,22
BRDA:990,104,1,0
BRDA:990,104,2,0
BRDA:999,105,0,2
BRDA:999,105,1,20
BRDA:1018,106,0,22
BRDA:1018,106,1,0
BRDA:1018,106,2,0
BRDA:1027,107,0,0
BRDA:1027,107,1,22
BRDA:1042,108,0,22
BRDA:1042,108,1,5
BRDA:1057,109,0,7
BRDA:1057,109,1,15
BRF:227
BRH:127
end_of_record
TN:
SF:src\components\shared\GuestRoute.jsx
FN:9,(anonymous_0)
FNF:1
FNH:1
FNDA:4,(anonymous_0)
DA:9,1
DA:10,4
DA:11,4
DA:13,4
DA:14,1
DA:17,3
DA:20,2
DA:21,2
DA:24,1
LF:9
LH:9
BRDA:13,0,0,1
BRDA:13,0,1,3
BRDA:17,1,0,2
BRDA:17,1,1,1
BRDA:20,2,0,2
BRDA:20,2,1,1
BRF:6
BRH:6
end_of_record
TN:
SF:src\components\shared\LoginPage.jsx
FN:7,(anonymous_0)
FN:30,(anonymous_1)
FN:45,(anonymous_2)
FN:47,(anonymous_3)
FN:48,(anonymous_4)
FN:60,(anonymous_5)
FN:66,(anonymous_6)
FN:81,(anonymous_7)
FN:97,(anonymous_8)
FN:112,(anonymous_9)
FN:187,(anonymous_10)
FN:222,(anonymous_11)
FN:234,(anonymous_12)
FNF:13
FNH:13
FNDA:55,(anonymous_0)
FNDA:10,(anonymous_1)
FNDA:14,(anonymous_2)
FNDA:45,(anonymous_3)
FNDA:45,(anonymous_4)
FNDA:14,(anonymous_5)
FNDA:8,(anonymous_6)
FNDA:9,(anonymous_7)
FNDA:2,(anonymous_8)
FNDA:5,(anonymous_9)
FNDA:5,(anonymous_10)
FNDA:8,(anonymous_11)
FNDA:2,(anonymous_12)
DA:7,1
DA:8,55
DA:11,55
DA:12,55
DA:13,55
DA:14,55
DA:17,55
DA:18,55
DA:20,55
DA:23,55
DA:24,55
DA:27,55
DA:30,55
DA:31,10
DA:32,10
DA:33,1
DA:34,1
DA:35,1
DA:36,1
DA:37,1
DA:39,0
DA:45,55
DA:46,14
DA:47,2
DA:48,45
DA:49,45
DA:50,2
DA:51,2
DA:52,2
DA:53,2
DA:54,2
DA:56,43
DA:60,14
DA:61,14
DA:66,55
DA:67,8
DA:68,8
DA:69,8
DA:70,1
DA:71,1
DA:72,7
DA:73,1
DA:74,1
DA:76,6
DA:77,6
DA:81,55
DA:82,9
DA:83,9
DA:84,1
DA:85,1
DA:86,8
DA:87,1
DA:88,1
DA:89,7
DA:90,1
DA:91,1
DA:93,6
DA:94,6
DA:97,55
DA:98,2
DA:99,2
DA:100,2
DA:101,2
DA:102,2
DA:103,2
DA:106,1
DA:108,2
DA:112,55
DA:113,5
DA:114,5
DA:116,5
DA:117,5
DA:119,5
DA:121,5
DA:122,5
DA:123,5
DA:125,5
DA:126,5
DA:130,4
DA:132,4
DA:133,4
DA:135,4
DA:136,1
DA:137,1
DA:138,1
DA:139,1
DA:141,3
DA:144,5
DA:149,55
DA:150,55
DA:152,55
DA:188,5
DA:189,5
DA:223,8
DA:224,8
DA:234,2
LF:96
LH:95
BRDA:32,0,0,1
BRDA:32,0,1,9
BRDA:34,1,0,1
BRDA:34,1,1,0
BRDA:46,2,0,2
BRDA:46,2,1,12
BRDA:49,3,0,2
BRDA:49,3,1,43
BRDA:61,4,0,4
BRDA:61,4,1,10
BRDA:67,5,0,3
BRDA:67,5,1,5
BRDA:67,6,0,8
BRDA:67,6,1,3
BRDA:69,7,0,1
BRDA:69,7,1,7
BRDA:72,8,0,1
BRDA:72,8,1,6
BRDA:82,9,0,4
BRDA:82,9,1,5
BRDA:82,10,0,9
BRDA:82,10,1,4
BRDA:83,11,0,1
BRDA:83,11,1,8
BRDA:86,12,0,1
BRDA:86,12,1,7
BRDA:89,13,0,1
BRDA:89,13,1,6
BRDA:98,14,0,0
BRDA:98,14,1,2
BRDA:106,15,0,1
BRDA:106,15,1,1
BRDA:114,16,0,0
BRDA:114,16,1,5
BRDA:119,17,0,0
BRDA:119,17,1,5
BRDA:119,18,0,5
BRDA:119,18,1,5
BRDA:135,19,0,1
BRDA:135,19,1,3
BRDA:141,20,0,3
BRDA:141,20,1,3
BRDA:149,21,0,55
BRDA:149,21,1,27
BRDA:149,21,2,14
BRDA:149,21,3,14
BRDA:150,22,0,55
BRDA:150,22,1,44
BRDA:150,22,2,42
BRDA:189,23,0,2
BRDA:189,23,1,3
BRDA:194,24,0,2
BRDA:194,24,1,53
BRDA:198,25,0,55
BRDA:198,25,1,2
BRDA:219,26,0,1
BRDA:219,26,1,54
BRDA:224,27,0,3
BRDA:224,27,1,5
BRDA:229,28,0,3
BRDA:229,28,1,52
BRDA:237,29,0,1
BRDA:237,29,1,54
BRDA:240,30,0,55
BRDA:240,30,1,3
BRDA:249,31,0,55
BRDA:249,31,1,10
BRDA:258,32,0,10
BRDA:258,32,1,2
BRDA:272,33,0,49
BRDA:272,33,1,6
BRDA:277,34,0,11
BRDA:277,34,1,44
BRDA:298,35,0,55
BRDA:298,35,1,44
BRDA:301,36,0,2
BRDA:301,36,1,53
BRF:77
BRH:73
end_of_record
TN:
SF:src\components\shared\NeubrutalistCalendar.jsx
FN:8,(anonymous_0)
FN:15,(anonymous_1)
FN:16,(anonymous_2)
FN:19,(anonymous_3)
FN:29,(anonymous_4)
FN:44,(anonymous_5)
FN:52,(anonymous_6)
FN:54,(anonymous_7)
FN:76,(anonymous_8)
FN:80,(anonymous_9)
FN:84,(anonymous_10)
FN:107,(anonymous_11)
FN:109,(anonymous_12)
FN:112,(anonymous_13)
FN:150,(anonymous_14)
FN:157,(anonymous_15)
FN:169,(anonymous_16)
FN:200,(anonymous_17)
FN:208,(anonymous_18)
FN:225,(anonymous_19)
FN:231,(anonymous_20)
FN:265,(anonymous_21)
FN:277,(anonymous_22)
FN:292,(anonymous_23)
FN:303,(anonymous_24)
FNF:25
FNH:25
FNDA:28,(anonymous_0)
FNDA:15,(anonymous_1)
FNDA:12,(anonymous_2)
FNDA:2,(anonymous_3)
FNDA:1,(anonymous_4)
FNDA:489,(anonymous_5)
FNDA:15,(anonymous_6)
FNDA:10,(anonymous_7)
FNDA:1,(anonymous_8)
FNDA:1,(anonymous_9)
FNDA:15,(anonymous_10)
FNDA:24,(anonymous_11)
FNDA:120,(anonymous_12)
FNDA:8,(anonymous_13)
FNDA:196,(anonymous_14)
FNDA:850,(anonymous_15)
FNDA:8,(anonymous_16)
FNDA:1,(anonymous_17)
FNDA:11,(anonymous_18)
FNDA:2,(anonymous_19)
FNDA:1,(anonymous_20)
FNDA:3,(anonymous_21)
FNDA:2,(anonymous_22)
FNDA:1,(anonymous_23)
FNDA:1,(anonymous_24)
DA:8,2
DA:9,28
DA:10,28
DA:11,28
DA:12,28
DA:15,28
DA:16,15
DA:19,28
DA:20,2
DA:21,2
DA:22,2
DA:26,2
DA:27,2
DA:28,1
DA:29,1
DA:30,1
DA:31,1
DA:32,1
DA:35,1
DA:36,1
DA:40,28
DA:41,28
DA:44,28
DA:45,489
DA:46,489
DA:47,489
DA:48,489
DA:52,28
DA:53,15
DA:54,15
DA:55,10
DA:56,10
DA:57,10
DA:58,9
DA:59,9
DA:60,9
DA:62,15
DA:66,28
DA:67,28
DA:69,28
DA:71,28
DA:76,28
DA:77,1
DA:80,28
DA:81,1
DA:84,28
DA:85,15
DA:87,15
DA:88,8
DA:91,15
DA:92,452
DA:93,452
DA:94,452
DA:101,15
DA:105,28
DA:107,28
DA:108,24
DA:109,120
DA:112,28
DA:113,8
DA:114,1
DA:115,1
DA:117,7
DA:120,28
DA:121,28
DA:122,28
DA:124,28
DA:151,196
DA:158,850
DA:159,8
DA:162,842
DA:163,842
DA:164,850
DA:166,850
DA:169,8
DA:200,1
DA:209,11
DA:211,11
DA:225,2
DA:231,1
DA:265,3
DA:278,2
DA:292,1
DA:304,1
DA:305,1
LF:85
LH:85
BRDA:8,0,0,28
BRDA:8,1,0,28
BRDA:8,2,0,28
BRDA:16,3,0,12
BRDA:16,3,1,11
BRDA:20,4,0,0
BRDA:20,4,1,2
BRDA:22,5,0,1
BRDA:22,5,1,1
BRDA:55,6,0,0
BRDA:55,6,1,10
BRDA:56,7,0,9
BRDA:56,7,1,1
BRDA:57,8,0,1
BRDA:57,8,1,9
BRDA:59,9,0,9
BRDA:59,9,1,0
BRDA:69,10,0,1
BRDA:69,10,1,27
BRDA:98,11,0,452
BRDA:98,11,1,443
BRDA:108,12,0,16
BRDA:108,12,1,8
BRDA:109,13,0,8
BRDA:109,13,1,0
BRDA:109,14,0,120
BRDA:109,14,1,8
BRDA:113,15,0,1
BRDA:113,15,1,7
BRDA:113,16,0,8
BRDA:113,16,1,8
BRDA:158,17,0,8
BRDA:158,17,1,842
BRDA:171,18,0,12
BRDA:171,18,1,830
BRDA:173,19,0,27
BRDA:173,19,1,803
BRDA:175,20,0,10
BRDA:175,20,1,793
BRDA:181,21,0,850
BRDA:181,21,1,22
BRDA:184,22,0,11
BRDA:184,22,1,11
BRDA:184,23,0,1
BRDA:184,23,1,10
BRDA:193,24,0,28
BRDA:193,24,1,12
BRDA:193,24,2,11
BRDA:214,25,0,3
BRDA:214,25,1,8
BRDA:246,26,0,4
BRDA:246,26,1,4
BRDA:252,27,0,8
BRDA:252,27,1,7
BRDA:254,28,0,8
BRDA:254,28,1,1
BRDA:259,29,0,8
BRDA:259,29,1,1
BRDA:276,30,0,2
BRDA:276,30,1,6
BRDA:276,31,0,8
BRDA:276,31,1,8
BRDA:279,32,0,2
BRDA:279,32,1,1
BRDA:290,33,0,8
BRDA:290,33,1,1
BRDA:301,34,0,8
BRDA:301,34,1,5
BRF:68
BRH:64
end_of_record
TN:
SF:src\components\shared\OnboardingGuard.jsx
FN:16,(anonymous_0)
FN:25,(anonymous_1)
FN:30,(anonymous_2)
FN:52,(anonymous_3)
FNF:4
FNH:4
FNDA:10,(anonymous_0)
FNDA:5,(anonymous_1)
FNDA:5,(anonymous_2)
FNDA:5,(anonymous_3)
DA:16,2
DA:17,10
DA:18,10
DA:20,10
DA:21,10
DA:23,10
DA:25,10
DA:26,5
DA:28,5
DA:30,5
DA:31,5
DA:32,5
DA:33,4
DA:35,4
DA:36,3
DA:39,1
DA:44,1
DA:45,1
DA:47,5
DA:51,5
DA:52,5
DA:56,10
DA:57,5
DA:61,5
DA:62,2
DA:66,3
DA:67,1
DA:70,2
LF:28
LH:28
BRDA:26,0,0,0
BRDA:26,0,1,5
BRDA:33,1,0,0
BRDA:33,1,1,4
BRDA:35,2,0,3
BRDA:35,2,1,1
BRDA:45,3,0,1
BRDA:45,3,1,0
BRDA:47,4,0,5
BRDA:47,4,1,0
BRDA:56,5,0,5
BRDA:56,5,1,5
BRDA:61,6,0,2
BRDA:61,6,1,3
BRDA:61,7,0,5
BRDA:61,7,1,2
BRDA:66,8,0,1
BRDA:66,8,1,2
BRDA:66,9,0,3
BRDA:66,9,1,3
BRF:20
BRH:16
end_of_record
TN:
SF:src\components\shared\ProtectedRoute.jsx
FN:6,(anonymous_0)
FN:28,(anonymous_1)
FNF:2
FNH:2
FNDA:7,(anonymous_0)
FNDA:4,(anonymous_1)
DA:6,2
DA:7,7
DA:28,2
DA:29,4
DA:30,4
DA:35,4
DA:36,1
DA:39,3
DA:42,2
DA:51,1
LF:10
LH:10
BRDA:6,0,0,7
BRDA:35,1,0,1
BRDA:35,1,1,3
BRDA:39,2,0,2
BRDA:39,2,1,1
BRF:5
BRH:5
end_of_record
TN:
SF:src\components\shared\SetRow.jsx
FN:20,(anonymous_0)
FN:52,(anonymous_1)
FN:56,(anonymous_2)
FN:61,(anonymous_3)
FN:73,(anonymous_4)
FN:84,(anonymous_5)
FN:96,(anonymous_6)
FN:113,(anonymous_7)
FN:122,(anonymous_8)
FN:143,(anonymous_9)
FN:152,(anonymous_10)
FN:159,(anonymous_11)
FN:167,(anonymous_12)
FN:171,(anonymous_13)
FN:172,(anonymous_14)
FN:196,(anonymous_15)
FN:205,(anonymous_16)
FN:213,(anonymous_17)
FN:235,(anonymous_18)
FN:249,(anonymous_19)
FN:257,(anonymous_20)
FN:278,(anonymous_21)
FN:317,(anonymous_22)
FN:340,(anonymous_23)
FN:341,(anonymous_24)
FN:354,(anonymous_25)
FN:355,(anonymous_26)
FN:378,(anonymous_27)
FN:379,(anonymous_28)
FN:400,(anonymous_29)
FN:401,(anonymous_30)
FN:415,(anonymous_31)
FN:416,(anonymous_32)
FN:443,(anonymous_33)
FN:444,(anonymous_34)
FN:462,(anonymous_35)
FN:514,(anonymous_36)
FNF:37
FNH:23
FNDA:80,(anonymous_0)
FNDA:42,(anonymous_1)
FNDA:41,(anonymous_2)
FNDA:5,(anonymous_3)
FNDA:1,(anonymous_4)
FNDA:1,(anonymous_5)
FNDA:44,(anonymous_6)
FNDA:1,(anonymous_7)
FNDA:1,(anonymous_8)
FNDA:1,(anonymous_9)
FNDA:1,(anonymous_10)
FNDA:1,(anonymous_11)
FNDA:55,(anonymous_12)
FNDA:40,(anonymous_13)
FNDA:0,(anonymous_14)
FNDA:0,(anonymous_15)
FNDA:40,(anonymous_16)
FNDA:4,(anonymous_17)
FNDA:2,(anonymous_18)
FNDA:2,(anonymous_19)
FNDA:1,(anonymous_20)
FNDA:0,(anonymous_21)
FNDA:1,(anonymous_22)
FNDA:0,(anonymous_23)
FNDA:0,(anonymous_24)
FNDA:0,(anonymous_25)
FNDA:1,(anonymous_26)
FNDA:0,(anonymous_27)
FNDA:0,(anonymous_28)
FNDA:0,(anonymous_29)
FNDA:0,(anonymous_30)
FNDA:0,(anonymous_31)
FNDA:1,(anonymous_32)
FNDA:0,(anonymous_33)
FNDA:0,(anonymous_34)
FNDA:3,(anonymous_35)
FNDA:0,(anonymous_36)
DA:20,2
DA:34,80
DA:37,80
DA:38,80
DA:41,80
DA:42,80
DA:45,80
DA:46,80
DA:47,80
DA:49,80
DA:52,80
DA:53,42
DA:56,80
DA:57,41
DA:61,80
DA:62,5
DA:63,5
DA:64,0
DA:65,0
DA:66,0
DA:67,0
DA:69,0
DA:70,0
DA:73,80
DA:74,1
DA:75,1
DA:76,1
DA:77,1
DA:78,1
DA:79,1
DA:80,1
DA:81,1
DA:84,80
DA:85,1
DA:86,1
DA:87,1
DA:88,1
DA:89,1
DA:90,1
DA:91,1
DA:92,1
DA:96,80
DA:97,44
DA:98,2
DA:100,44
DA:104,80
DA:113,80
DA:114,1
DA:116,1
DA:117,1
DA:118,1
DA:122,80
DA:123,1
DA:124,1
DA:125,0
DA:126,0
DA:127,0
DA:129,1
DA:130,1
DA:132,1
DA:134,1
DA:135,0
DA:136,0
DA:138,1
DA:139,1
DA:143,80
DA:144,1
DA:146,1
DA:147,1
DA:148,1
DA:152,80
DA:153,1
DA:154,1
DA:155,1
DA:156,1
DA:159,80
DA:160,1
DA:161,1
DA:166,80
DA:167,80
DA:168,55
DA:171,80
DA:172,40
DA:173,0
DA:176,0
DA:177,0
DA:178,0
DA:180,0
DA:181,0
DA:182,0
DA:183,0
DA:184,0
DA:186,0
DA:191,0
DA:192,0
DA:193,0
DA:196,40
DA:197,0
DA:198,0
DA:202,40
DA:203,40
DA:205,40
DA:206,40
DA:207,40
DA:213,80
DA:214,4
DA:215,4
DA:216,4
DA:217,4
DA:218,2
DA:219,1
DA:220,1
DA:223,2
DA:224,2
DA:225,2
DA:226,0
DA:227,0
DA:229,2
DA:230,2
DA:235,80
DA:236,2
DA:237,2
DA:238,1
DA:239,1
DA:241,1
DA:242,1
DA:243,1
DA:244,1
DA:245,1
DA:249,80
DA:250,2
DA:251,2
DA:252,2
DA:253,2
DA:254,2
DA:257,80
DA:258,1
DA:259,1
DA:260,1
DA:261,1
DA:262,1
DA:267,80
DA:268,80
DA:271,80
DA:275,80
DA:278,0
DA:317,1
DA:340,0
DA:341,0
DA:354,0
DA:356,1
DA:357,1
DA:378,0
DA:379,0
DA:400,0
DA:401,0
DA:415,0
DA:417,1
DA:418,1
DA:443,0
DA:444,0
DA:463,3
DA:464,0
DA:466,3
DA:514,0
DA:530,2
DA:531,2
LF:167
LH:126
BRDA:26,0,0,80
BRDA:27,1,0,80
BRDA:28,2,0,80
BRDA:29,3,0,80
BRDA:30,4,0,80
BRDA:31,5,0,80
BRDA:32,6,0,80
BRDA:37,7,0,80
BRDA:37,7,1,0
BRDA:38,8,0,80
BRDA:38,8,1,0
BRDA:47,9,0,80
BRDA:47,9,1,80
BRDA:47,9,2,80
BRDA:47,9,3,67
BRDA:47,9,4,67
BRDA:47,9,5,67
BRDA:53,10,0,42
BRDA:53,10,1,0
BRDA:57,11,0,41
BRDA:57,11,1,0
BRDA:62,12,0,0
BRDA:62,12,1,5
BRDA:63,13,0,5
BRDA:63,13,1,0
BRDA:66,14,0,0
BRDA:66,14,1,0
BRDA:70,15,0,0
BRDA:70,15,1,0
BRDA:74,16,0,0
BRDA:74,16,1,1
BRDA:85,17,0,0
BRDA:85,17,1,1
BRDA:86,18,0,0
BRDA:86,18,1,1
BRDA:86,19,0,1
BRDA:86,19,1,0
BRDA:86,20,0,1
BRDA:86,20,1,0
BRDA:97,21,0,2
BRDA:97,21,1,42
BRDA:97,22,0,44
BRDA:97,22,1,16
BRDA:104,23,0,0
BRDA:104,23,1,80
BRDA:116,24,0,1
BRDA:116,24,1,0
BRDA:116,25,0,1
BRDA:116,25,1,1
BRDA:116,25,2,0
BRDA:116,25,3,0
BRDA:116,25,4,0
BRDA:123,26,0,1
BRDA:123,26,1,0
BRDA:124,27,0,0
BRDA:124,27,1,1
BRDA:124,28,0,1
BRDA:124,28,1,0
BRDA:130,29,0,0
BRDA:130,29,1,1
BRDA:130,30,0,1
BRDA:130,30,1,1
BRDA:134,31,0,0
BRDA:134,31,1,1
BRDA:134,32,0,1
BRDA:134,32,1,0
BRDA:146,33,0,1
BRDA:146,33,1,0
BRDA:146,34,0,1
BRDA:146,34,1,1
BRDA:154,35,0,0
BRDA:154,35,1,1
BRDA:154,36,0,1
BRDA:154,36,1,1
BRDA:160,37,0,1
BRDA:160,37,1,0
BRDA:176,38,0,0
BRDA:176,38,1,0
BRDA:177,39,0,0
BRDA:177,39,1,0
BRDA:177,40,0,0
BRDA:177,40,1,0
BRDA:181,41,0,0
BRDA:181,41,1,0
BRDA:181,42,0,0
BRDA:181,42,1,0
BRDA:183,43,0,0
BRDA:183,43,1,0
BRDA:183,44,0,0
BRDA:183,44,1,0
BRDA:192,45,0,0
BRDA:192,45,1,0
BRDA:192,46,0,0
BRDA:192,46,1,0
BRDA:197,47,0,0
BRDA:197,47,1,0
BRDA:215,48,0,0
BRDA:215,48,1,4
BRDA:216,49,0,4
BRDA:216,49,1,2
BRDA:217,50,0,2
BRDA:217,50,1,2
BRDA:218,51,0,1
BRDA:218,51,1,1
BRDA:225,52,0,0
BRDA:225,52,1,2
BRDA:225,53,0,2
BRDA:225,53,1,0
BRDA:237,54,0,1
BRDA:237,54,1,1
BRDA:241,55,0,1
BRDA:241,55,1,0
BRDA:251,56,0,2
BRDA:251,56,1,1
BRDA:259,57,0,1
BRDA:259,57,1,0
BRDA:267,58,0,80
BRDA:267,58,1,23
BRDA:268,59,0,80
BRDA:268,59,1,11
BRDA:271,60,0,0
BRDA:271,60,1,80
BRDA:272,61,0,80
BRDA:272,61,1,66
BRDA:273,62,0,9
BRDA:273,62,1,71
BRDA:273,63,0,9
BRDA:273,63,1,4
BRDA:277,64,0,4
BRDA:277,64,1,76
BRDA:279,65,0,0
BRDA:279,65,1,80
BRDA:289,66,0,4
BRDA:289,66,1,76
BRDA:289,67,0,80
BRDA:289,67,1,60
BRDA:289,67,2,7
BRDA:289,67,3,7
BRDA:289,67,4,3
BRDA:291,68,0,4
BRDA:291,68,1,4
BRDA:299,69,0,0
BRDA:299,69,1,4
BRDA:303,70,0,4
BRDA:303,70,1,4
BRDA:303,70,2,0
BRDA:303,70,3,4
BRDA:311,71,0,0
BRDA:311,71,1,4
BRDA:329,72,0,76
BRDA:329,72,1,76
BRDA:332,73,0,0
BRDA:332,73,1,76
BRDA:392,74,0,0
BRDA:392,74,1,76
BRDA:395,75,0,0
BRDA:395,75,1,76
BRDA:402,76,0,0
BRDA:402,76,1,76
BRDA:422,77,0,0
BRDA:422,77,1,76
BRDA:426,78,0,0
BRDA:426,78,1,76
BRDA:427,79,0,0
BRDA:427,79,1,76
BRDA:435,80,0,76
BRDA:435,80,1,0
BRDA:445,81,0,0
BRDA:445,81,1,76
BRDA:463,82,0,0
BRDA:463,82,1,3
BRDA:471,83,0,20
BRDA:471,83,1,60
BRDA:475,84,0,16
BRDA:475,84,1,64
BRDA:485,85,0,20
BRDA:485,85,1,60
BRDA:487,86,0,0
BRDA:487,86,1,80
BRDA:500,87,0,21
BRDA:500,87,1,59
BRDA:500,88,0,80
BRDA:500,88,1,21
BRDA:511,89,0,3
BRDA:511,89,1,77
BRF:185
BRH:115
end_of_record
TN:
SF:src\components\shared\StrengthChart.jsx
FN:15,(anonymous_0)
FN:30,(anonymous_1)
FN:49,(anonymous_2)
FN:64,(anonymous_3)
FN:78,(anonymous_4)
FN:79,(anonymous_5)
FNF:6
FNH:4
FNDA:0,(anonymous_0)
FNDA:0,(anonymous_1)
FNDA:1,(anonymous_2)
FNDA:1,(anonymous_3)
FNDA:3,(anonymous_4)
FNDA:3,(anonymous_5)
DA:15,1
DA:16,0
DA:17,0
DA:18,0
DA:20,0
DA:21,0
DA:23,0
DA:24,0
DA:25,0
DA:26,0
DA:30,1
DA:31,0
DA:32,0
DA:33,0
DA:34,0
DA:45,0
DA:49,1
DA:50,1
DA:64,1
DA:65,1
DA:78,1
DA:79,3
DA:81,3
DA:82,2
DA:84,1
DA:130,1
DA:131,1
LF:27
LH:13
BRDA:16,0,0,0
BRDA:16,0,1,0
BRDA:18,1,0,0
BRDA:18,1,1,0
BRDA:21,2,0,0
BRDA:21,2,1,0
BRDA:31,3,0,0
BRDA:31,3,1,0
BRDA:31,4,0,0
BRDA:31,4,1,0
BRDA:31,4,2,0
BRDA:70,5,0,1
BRDA:70,5,1,0
BRDA:78,6,0,3
BRDA:78,7,0,3
BRDA:78,8,0,3
BRDA:81,9,0,1
BRDA:81,9,1,2
BRDA:82,10,0,1
BRDA:82,10,1,1
BRDA:82,11,0,2
BRDA:82,11,1,2
BRDA:86,12,0,1
BRDA:86,12,1,0
BRF:24
BRH:11
end_of_record
TN:
SF:src\components\shared\VolumeChart.jsx
FN:15,(anonymous_0)
FN:25,(anonymous_1)
FN:42,(anonymous_2)
FN:57,(anonymous_3)
FN:71,(anonymous_4)
FN:72,(anonymous_5)
FNF:6
FNH:4
FNDA:0,(anonymous_0)
FNDA:0,(anonymous_1)
FNDA:1,(anonymous_2)
FNDA:1,(anonymous_3)
FNDA:3,(anonymous_4)
FNDA:3,(anonymous_5)
DA:15,1
DA:16,0
DA:17,0
DA:18,0
DA:19,0
DA:21,0
DA:25,1
DA:26,0
DA:27,0
DA:28,0
DA:29,0
DA:38,0
DA:42,1
DA:43,1
DA:57,1
DA:58,1
DA:71,1
DA:72,3
DA:74,3
DA:75,2
DA:77,1
DA:118,1
DA:119,1
LF:23
LH:13
BRDA:16,0,0,0
BRDA:16,0,1,0
BRDA:18,1,0,0
BRDA:18,1,1,0
BRDA:26,2,0,0
BRDA:26,2,1,0
BRDA:26,3,0,0
BRDA:26,3,1,0
BRDA:26,3,2,0
BRDA:71,4,0,3
BRDA:71,5,0,3
BRDA:74,6,0,1
BRDA:74,6,1,2
BRDA:75,7,0,1
BRDA:75,7,1,1
BRDA:75,8,0,2
BRDA:75,8,1,2
BRDA:79,9,0,1
BRDA:79,9,1,0
BRF:19
BRH:9
end_of_record
TN:
SF:src\components\shared\WeeklyRecapScreen.jsx
FN:6,(anonymous_0)
FN:14,(anonymous_1)
FN:19,(anonymous_2)
FN:31,(anonymous_3)
FNF:4
FNH:3
FNDA:13,(anonymous_0)
FNDA:0,(anonymous_1)
FNDA:4,(anonymous_2)
FNDA:4,(anonymous_3)
DA:6,2
DA:7,13
DA:8,13
DA:10,13
DA:12,13
DA:14,13
DA:15,0
DA:16,0
DA:19,13
DA:20,4
DA:21,4
DA:22,4
DA:24,4
DA:31,4
DA:32,4
DA:34,4
DA:35,4
DA:37,4
DA:38,2
DA:45,2
DA:46,2
DA:47,2
DA:48,2
DA:49,2
DA:50,2
DA:51,2
DA:52,2
DA:55,0
DA:57,4
DA:61,13
LF:30
LH:27
BRDA:10,0,0,0
BRDA:10,0,1,13
BRDA:10,1,0,13
BRDA:10,1,1,13
BRDA:12,2,0,13
BRDA:12,2,1,0
BRDA:20,3,0,0
BRDA:20,3,1,4
BRDA:20,4,0,4
BRDA:20,4,1,4
BRDA:32,5,0,0
BRDA:32,5,1,4
BRDA:37,6,0,2
BRDA:37,6,1,2
BRDA:37,7,0,4
BRDA:37,7,1,2
BRDA:37,7,2,2
BRDA:153,8,0,7
BRDA:153,8,1,6
BRDA:163,9,0,0
BRDA:163,9,1,7
BRDA:163,10,0,0
BRDA:163,10,1,0
BRDA:190,11,0,4
BRDA:190,11,1,9
BRDA:292,12,0,7
BRDA:292,12,1,6
BRDA:298,13,0,0
BRDA:298,13,1,7
BRDA:298,14,0,0
BRDA:298,14,1,0
BRF:31
BRH:21
end_of_record
TN:
SF:src\data\exercises.json
FNF:0
FNH:0
LF:0
LH:0
BRF:0
BRH:0
end_of_record
TN:
SF:src\hooks\useAuth.js
FN:21,mapError
FN:30,useAuth
FN:35,(anonymous_2)
FN:49,(anonymous_3)
FN:117,(anonymous_4)
FN:215,(anonymous_5)
FNF:6
FNH:6
FNDA:14,mapError
FNDA:83,useAuth
FNDA:12,(anonymous_2)
FNDA:6,(anonymous_3)
FNDA:4,(anonymous_4)
FNDA:2,(anonymous_5)
DA:5,1
DA:24,14
DA:25,14
DA:26,14
DA:32,83
DA:35,83
DA:36,12
DA:37,12
DA:38,12
DA:39,12
DA:40,12
DA:43,9
DA:44,9
DA:49,83
DA:50,6
DA:51,6
DA:52,6
DA:53,6
DA:54,6
DA:56,6
DA:57,6
DA:58,4
DA:61,4
DA:62,4
DA:63,4
DA:64,2
DA:65,2
DA:66,2
DA:67,2
DA:69,2
DA:94,2
DA:95,2
DA:108,2
DA:109,2
DA:110,2
DA:111,2
DA:112,2
DA:117,83
DA:118,4
DA:119,4
DA:120,4
DA:121,4
DA:122,4
DA:123,4
DA:126,4
DA:127,4
DA:130,4
DA:133,4
DA:135,4
DA:136,4
DA:137,4
DA:138,4
DA:141,4
DA:183,2
DA:184,2
DA:199,2
DA:200,1
DA:201,1
DA:202,1
DA:205,2
DA:206,2
DA:208,2
DA:209,2
DA:210,2
DA:215,83
DA:216,2
DA:217,2
DA:218,2
DA:219,2
DA:220,2
DA:221,1
DA:222,1
DA:224,1
DA:225,1
DA:229,83
LF:75
LH:75
BRDA:24,0,0,14
BRDA:24,0,1,2
BRDA:25,1,0,10
BRDA:25,1,1,4
BRDA:26,2,0,14
BRDA:26,2,1,3
BRDA:26,2,2,3
BRDA:63,3,0,2
BRDA:63,3,1,2
BRDA:64,4,0,2
BRDA:64,4,1,1
BRDA:71,5,0,2
BRDA:71,5,1,1
BRDA:72,6,0,2
BRDA:72,6,1,1
BRDA:97,7,0,2
BRDA:97,7,1,1
BRDA:199,8,0,1
BRDA:199,8,1,1
BRDA:199,9,0,2
BRDA:199,9,1,2
BRF:21
BRH:21
end_of_record
TN:
SF:src\hooks\useChallenges.js
FN:30,calculateProgressPct
FN:41,(anonymous_1)
FN:54,useChallenges
FN:67,(anonymous_3)
FN:70,(anonymous_4)
FN:77,(anonymous_5)
FN:81,(anonymous_6)
FN:96,(anonymous_7)
FN:183,(anonymous_8)
FN:188,(anonymous_9)
FN:197,(anonymous_10)
FN:238,(anonymous_11)
FN:241,(anonymous_12)
FN:250,(anonymous_13)
FN:255,(anonymous_14)
FN:261,(anonymous_15)
FN:263,(anonymous_16)
FN:281,(anonymous_17)
FN:309,(anonymous_18)
FN:315,(anonymous_19)
FN:319,(anonymous_20)
FN:326,(anonymous_21)
FN:330,(anonymous_22)
FN:377,(anonymous_23)
FN:385,(anonymous_24)
FN:412,(anonymous_25)
FN:458,(anonymous_26)
FN:477,(anonymous_27)
FN:479,(anonymous_28)
FN:508,(anonymous_29)
FN:546,(anonymous_30)
FN:573,(anonymous_31)
FN:636,(anonymous_32)
FN:649,(anonymous_33)
FN:694,(anonymous_34)
FN:706,(anonymous_35)
FN:713,(anonymous_36)
FN:759,(anonymous_37)
FN:763,(anonymous_38)
FN:768,(anonymous_39)
FN:768,(anonymous_40)
FN:842,(anonymous_41)
FN:852,(anonymous_42)
FN:862,(anonymous_43)
FN:908,(anonymous_44)
FN:966,(anonymous_45)
FNF:46
FNH:34
FNDA:9,calculateProgressPct
FNDA:8,(anonymous_1)
FNDA:77,useChallenges
FNDA:5,(anonymous_3)
FNDA:0,(anonymous_4)
FNDA:18,(anonymous_5)
FNDA:29,(anonymous_6)
FNDA:29,(anonymous_7)
FNDA:4,(anonymous_8)
FNDA:4,(anonymous_9)
FNDA:0,(anonymous_10)
FNDA:3,(anonymous_11)
FNDA:0,(anonymous_12)
FNDA:0,(anonymous_13)
FNDA:4,(anonymous_14)
FNDA:0,(anonymous_15)
FNDA:0,(anonymous_16)
FNDA:4,(anonymous_17)
FNDA:0,(anonymous_18)
FNDA:29,(anonymous_19)
FNDA:4,(anonymous_20)
FNDA:2,(anonymous_21)
FNDA:0,(anonymous_22)
FNDA:7,(anonymous_23)
FNDA:3,(anonymous_24)
FNDA:0,(anonymous_25)
FNDA:12,(anonymous_26)
FNDA:1,(anonymous_27)
FNDA:3,(anonymous_28)
FNDA:11,(anonymous_29)
FNDA:1,(anonymous_30)
FNDA:10,(anonymous_31)
FNDA:3,(anonymous_32)
FNDA:1,(anonymous_33)
FNDA:0,(anonymous_34)
FNDA:2,(anonymous_35)
FNDA:2,(anonymous_36)
FNDA:3,(anonymous_37)
FNDA:3,(anonymous_38)
FNDA:3,(anonymous_39)
FNDA:0,(anonymous_40)
FNDA:1,(anonymous_41)
FNDA:2,(anonymous_42)
FNDA:2,(anonymous_43)
FNDA:0,(anonymous_44)
FNDA:27,(anonymous_45)
DA:31,9
DA:32,6
DA:33,6
DA:34,4
DA:35,4
DA:36,4
DA:37,2
DA:38,1
DA:39,1
DA:40,1
DA:41,8
DA:42,1
DA:43,1
DA:44,1
DA:45,1
DA:46,1
DA:48,0
DA:52,2
DA:55,77
DA:56,77
DA:57,77
DA:59,77
DA:60,77
DA:61,77
DA:62,77
DA:63,77
DA:64,77
DA:67,77
DA:68,5
DA:69,5
DA:70,0
DA:72,5
DA:77,77
DA:81,77
DA:82,29
DA:83,0
DA:84,0
DA:85,0
DA:88,29
DA:89,29
DA:91,29
DA:96,29
DA:97,29
DA:98,29
DA:99,29
DA:101,29
DA:102,29
DA:103,4
DA:104,4
DA:107,4
DA:108,0
DA:111,4
DA:112,4
DA:113,4
DA:114,4
DA:115,1
DA:116,1
DA:117,1
DA:119,4
DA:120,4
DA:121,4
DA:123,4
DA:125,4
DA:126,4
DA:127,4
DA:128,3
DA:129,1
DA:130,0
DA:131,0
DA:132,0
DA:133,1
DA:134,0
DA:135,0
DA:136,0
DA:139,4
DA:159,4
DA:161,4
DA:162,4
DA:163,4
DA:172,29
DA:173,29
DA:174,29
DA:175,29
DA:176,29
DA:178,29
DA:179,4
DA:180,4
DA:181,4
DA:183,4
DA:184,4
DA:185,4
DA:186,4
DA:188,4
DA:190,29
DA:192,29
DA:193,4
DA:194,4
DA:195,4
DA:196,0
DA:197,0
DA:199,0
DA:200,0
DA:201,0
DA:218,0
DA:220,0
DA:234,29
DA:235,29
DA:236,29
DA:238,29
DA:239,3
DA:240,3
DA:241,3
DA:242,3
DA:243,3
DA:249,0
DA:250,0
DA:255,29
DA:256,29
DA:257,26
DA:258,26
DA:259,26
DA:260,0
DA:261,0
DA:262,0
DA:263,0
DA:264,0
DA:265,0
DA:274,26
DA:276,26
DA:280,29
DA:281,29
DA:282,29
DA:283,0
DA:291,29
DA:292,29
DA:301,29
DA:302,29
DA:304,0
DA:305,0
DA:307,29
DA:310,0
DA:311,0
DA:312,0
DA:315,29
DA:319,77
DA:320,4
DA:321,4
DA:322,0
DA:325,4
DA:326,4
DA:327,4
DA:328,2
DA:330,2
DA:331,2
DA:332,0
DA:335,2
DA:336,2
DA:338,2
DA:347,2
DA:348,2
DA:349,2
DA:350,2
DA:351,2
DA:354,0
DA:355,0
DA:356,0
DA:357,0
DA:358,0
DA:361,0
DA:362,0
DA:363,0
DA:364,0
DA:365,0
DA:370,2
DA:371,2
DA:373,2
DA:377,77
DA:378,7
DA:379,7
DA:384,7
DA:385,7
DA:386,3
DA:387,3
DA:389,3
DA:390,3
DA:391,3
DA:392,3
DA:393,1
DA:394,1
DA:395,1
DA:397,3
DA:398,3
DA:399,3
DA:401,3
DA:402,3
DA:403,3
DA:404,0
DA:405,0
DA:406,0
DA:407,0
DA:408,0
DA:409,0
DA:410,0
DA:411,0
DA:412,0
DA:413,0
DA:414,0
DA:415,0
DA:416,0
DA:417,0
DA:421,3
DA:422,3
DA:423,3
DA:424,2
DA:425,1
DA:426,0
DA:427,0
DA:428,0
DA:429,1
DA:430,0
DA:431,0
DA:432,0
DA:435,3
DA:458,77
DA:459,12
DA:460,0
DA:462,12
DA:463,1
DA:466,11
DA:467,11
DA:468,11
DA:469,11
DA:470,11
DA:471,11
DA:472,11
DA:473,12
DA:474,2
DA:475,2
DA:476,2
DA:477,2
DA:478,1
DA:479,3
DA:480,1
DA:486,2
DA:487,1
DA:488,1
DA:489,1
DA:490,1
DA:491,1
DA:492,1
DA:493,1
DA:501,0
DA:504,11
DA:505,11
DA:506,11
DA:508,11
DA:509,11
DA:510,11
DA:511,0
DA:514,11
DA:515,11
DA:517,11
DA:518,11
DA:519,1
DA:522,10
DA:523,11
DA:524,11
DA:525,11
DA:526,11
DA:527,11
DA:529,11
DA:531,11
DA:532,7
DA:533,6
DA:535,7
DA:536,3
DA:537,2
DA:538,2
DA:539,2
DA:540,2
DA:542,2
DA:543,1
DA:544,1
DA:545,1
DA:546,1
DA:547,1
DA:548,1
DA:549,0
DA:550,1
DA:551,0
DA:552,1
DA:553,0
DA:554,1
DA:555,1
DA:556,0
DA:557,0
DA:558,0
DA:559,0
DA:562,1
DA:563,1
DA:566,1
DA:569,10
DA:570,10
DA:571,7
DA:572,3
DA:573,10
DA:574,1
DA:575,1
DA:576,1
DA:579,10
DA:583,10
DA:584,5
DA:585,5
DA:586,5
DA:587,3
DA:588,3
DA:591,3
DA:592,3
DA:593,3
DA:594,3
DA:595,3
DA:596,3
DA:598,3
DA:599,3
DA:600,2
DA:601,2
DA:603,3
DA:604,3
DA:605,3
DA:609,3
DA:618,3
DA:619,2
DA:621,3
DA:625,10
DA:628,10
DA:629,3
DA:632,10
DA:636,77
DA:637,3
DA:639,3
DA:640,3
DA:641,3
DA:642,3
DA:643,2
DA:644,2
DA:645,2
DA:647,2
DA:648,2
DA:649,1
DA:651,2
DA:652,1
DA:655,1
DA:656,1
DA:658,1
DA:674,2
DA:675,1
DA:678,1
DA:679,1
DA:681,1
DA:682,1
DA:683,1
DA:686,1
DA:687,1
DA:688,1
DA:691,1
DA:692,3
DA:693,3
DA:694,1
DA:695,1
DA:696,0
DA:698,1
DA:699,1
DA:701,0
DA:706,77
DA:707,2
DA:709,2
DA:710,2
DA:711,2
DA:713,2
DA:714,2
DA:715,2
DA:716,0
DA:719,2
DA:720,2
DA:721,2
DA:722,1
DA:726,1
DA:731,1
DA:750,1
DA:753,1
DA:754,1
DA:755,1
DA:759,77
DA:760,3
DA:761,3
DA:763,3
DA:764,3
DA:765,3
DA:766,3
DA:768,3
DA:770,3
DA:774,3
DA:775,3
DA:777,1
DA:778,1
DA:781,2
DA:782,2
DA:783,2
DA:788,2
DA:789,2
DA:791,0
DA:792,0
DA:796,2
DA:797,2
DA:798,2
DA:801,2
DA:802,2
DA:804,0
DA:805,0
DA:808,2
DA:809,2
DA:811,2
DA:812,2
DA:819,0
DA:820,0
DA:824,2
DA:825,2
DA:826,2
DA:836,2
DA:837,2
DA:839,1
DA:840,1
DA:842,1
DA:843,1
DA:844,1
DA:845,1
DA:847,1
DA:852,77
DA:853,2
DA:855,2
DA:856,2
DA:858,2
DA:859,2
DA:861,2
DA:862,2
DA:863,2
DA:864,2
DA:865,0
DA:867,2
DA:868,2
DA:869,2
DA:870,2
DA:871,1
DA:874,1
DA:875,1
DA:876,0
DA:878,1
DA:879,1
DA:880,0
DA:883,1
DA:886,2
DA:887,2
DA:888,2
DA:889,2
DA:890,2
DA:892,2
DA:893,1
DA:894,1
DA:895,0
DA:896,0
DA:897,0
DA:898,0
DA:899,0
DA:900,0
DA:901,0
DA:904,1
DA:905,1
DA:906,1
DA:907,0
DA:908,0
DA:909,0
DA:910,0
DA:911,0
DA:914,1
DA:918,1
DA:919,0
DA:920,0
DA:921,0
DA:922,0
DA:923,0
DA:928,1
DA:936,1
DA:940,1
DA:941,1
DA:942,0
DA:952,1
DA:953,0
DA:956,1
DA:957,1
DA:959,1
DA:960,1
DA:961,1
DA:965,77
DA:966,27
LF:504
LH:398
BRDA:31,0,0,3
BRDA:31,0,1,6
BRDA:31,1,0,9
BRDA:31,1,1,9
BRDA:31,1,2,6
BRDA:33,2,0,4
BRDA:33,2,1,2
BRDA:34,3,0,4
BRDA:34,3,1,0
BRDA:35,4,0,4
BRDA:35,4,1,1
BRDA:37,5,0,1
BRDA:37,5,1,1
BRDA:38,6,0,1
BRDA:38,6,1,0
BRDA:39,7,0,1
BRDA:39,7,1,0
BRDA:41,8,0,1
BRDA:41,8,1,0
BRDA:43,9,0,1
BRDA:43,9,1,0
BRDA:44,10,0,1
BRDA:44,10,1,0
BRDA:45,11,0,1
BRDA:45,11,1,0
BRDA:69,12,0,0
BRDA:69,12,1,5
BRDA:82,13,0,0
BRDA:82,13,1,29
BRDA:101,14,0,29
BRDA:101,14,1,3
BRDA:107,15,0,0
BRDA:107,15,1,4
BRDA:107,16,0,4
BRDA:107,16,1,4
BRDA:111,17,0,1
BRDA:111,17,1,3
BRDA:111,18,0,3
BRDA:111,18,1,2
BRDA:113,19,0,4
BRDA:113,19,1,0
BRDA:114,20,0,3
BRDA:114,20,1,1
BRDA:115,21,0,0
BRDA:115,21,1,1
BRDA:116,22,0,0
BRDA:116,22,1,1
BRDA:119,23,0,0
BRDA:119,23,1,4
BRDA:126,24,0,4
BRDA:126,24,1,3
BRDA:127,25,0,3
BRDA:127,25,1,1
BRDA:128,26,0,3
BRDA:128,26,1,2
BRDA:128,27,0,3
BRDA:128,27,1,2
BRDA:129,28,0,0
BRDA:129,28,1,1
BRDA:130,29,0,0
BRDA:130,29,1,0
BRDA:131,30,0,0
BRDA:131,30,1,0
BRDA:133,31,0,0
BRDA:133,31,1,1
BRDA:134,32,0,0
BRDA:134,32,1,0
BRDA:135,33,0,0
BRDA:135,33,1,0
BRDA:136,34,0,0
BRDA:136,34,1,0
BRDA:142,35,0,4
BRDA:142,35,1,3
BRDA:143,36,0,3
BRDA:143,36,1,1
BRDA:145,37,0,0
BRDA:145,37,1,1
BRDA:147,38,0,1
BRDA:147,38,1,1
BRDA:148,39,0,3
BRDA:148,39,1,1
BRDA:150,40,0,0
BRDA:150,40,1,1
BRDA:152,41,0,1
BRDA:152,41,1,1
BRDA:167,42,0,4
BRDA:167,42,1,3
BRDA:178,43,0,4
BRDA:178,43,1,25
BRDA:181,44,0,0
BRDA:181,44,1,4
BRDA:181,45,0,4
BRDA:181,45,1,3
BRDA:185,46,0,0
BRDA:185,46,1,4
BRDA:185,47,0,4
BRDA:185,47,1,3
BRDA:192,48,0,4
BRDA:192,48,1,25
BRDA:195,49,0,0
BRDA:195,49,1,4
BRDA:197,50,0,0
BRDA:197,50,1,0
BRDA:197,50,2,0
BRDA:197,50,3,0
BRDA:199,51,0,0
BRDA:199,51,1,0
BRDA:240,52,0,3
BRDA:240,52,1,3
BRDA:241,53,0,0
BRDA:241,53,1,0
BRDA:242,54,0,3
BRDA:242,54,1,0
BRDA:246,55,0,3
BRDA:246,55,1,3
BRDA:255,56,0,4
BRDA:255,56,1,0
BRDA:256,57,0,26
BRDA:256,57,1,3
BRDA:256,58,0,29
BRDA:256,58,1,26
BRDA:256,58,2,26
BRDA:260,59,0,0
BRDA:260,59,1,0
BRDA:260,60,0,0
BRDA:260,60,1,0
BRDA:262,61,0,0
BRDA:262,61,1,0
BRDA:263,62,0,0
BRDA:263,62,1,0
BRDA:264,63,0,0
BRDA:264,63,1,0
BRDA:268,64,0,0
BRDA:268,64,1,0
BRDA:282,65,0,0
BRDA:282,65,1,29
BRDA:282,66,0,29
BRDA:282,66,1,26
BRDA:291,67,0,29
BRDA:291,67,1,0
BRDA:320,68,0,0
BRDA:320,68,1,4
BRDA:320,69,0,4
BRDA:320,69,1,4
BRDA:321,70,0,0
BRDA:321,70,1,4
BRDA:321,71,0,4
BRDA:321,71,1,0
BRDA:321,71,2,0
BRDA:327,72,0,2
BRDA:327,72,1,2
BRDA:330,73,0,0
BRDA:330,73,1,0
BRDA:331,74,0,0
BRDA:331,74,1,2
BRDA:347,75,0,2
BRDA:347,75,1,0
BRDA:354,76,0,0
BRDA:354,76,1,0
BRDA:361,77,0,0
BRDA:361,77,1,0
BRDA:378,78,0,0
BRDA:378,78,1,7
BRDA:389,79,0,0
BRDA:389,79,1,3
BRDA:389,80,0,3
BRDA:389,80,1,2
BRDA:391,81,0,3
BRDA:391,81,1,0
BRDA:392,82,0,2
BRDA:392,82,1,1
BRDA:393,83,0,0
BRDA:393,83,1,1
BRDA:394,84,0,0
BRDA:394,84,1,1
BRDA:397,85,0,0
BRDA:397,85,1,3
BRDA:403,86,0,0
BRDA:403,86,1,3
BRDA:404,87,0,0
BRDA:404,87,1,0
BRDA:405,88,0,0
BRDA:405,88,1,0
BRDA:406,89,0,0
BRDA:406,89,1,0
BRDA:408,90,0,0
BRDA:408,90,1,0
BRDA:409,91,0,0
BRDA:409,91,1,0
BRDA:410,92,0,0
BRDA:410,92,1,0
BRDA:412,93,0,0
BRDA:412,93,1,0
BRDA:414,94,0,0
BRDA:414,94,1,0
BRDA:415,95,0,0
BRDA:415,95,1,0
BRDA:416,96,0,0
BRDA:416,96,1,0
BRDA:422,97,0,3
BRDA:422,97,1,3
BRDA:423,98,0,2
BRDA:423,98,1,1
BRDA:424,99,0,2
BRDA:424,99,1,2
BRDA:424,100,0,2
BRDA:424,100,1,2
BRDA:425,101,0,0
BRDA:425,101,1,1
BRDA:426,102,0,0
BRDA:426,102,1,0
BRDA:427,103,0,0
BRDA:427,103,1,0
BRDA:429,104,0,0
BRDA:429,104,1,1
BRDA:430,105,0,0
BRDA:430,105,1,0
BRDA:431,106,0,0
BRDA:431,106,1,0
BRDA:432,107,0,0
BRDA:432,107,1,0
BRDA:438,108,0,3
BRDA:438,108,1,2
BRDA:439,109,0,2
BRDA:439,109,1,1
BRDA:441,110,0,0
BRDA:441,110,1,1
BRDA:443,111,0,1
BRDA:443,111,1,1
BRDA:444,112,0,2
BRDA:444,112,1,1
BRDA:446,113,0,0
BRDA:446,113,1,1
BRDA:448,114,0,1
BRDA:448,114,1,1
BRDA:459,115,0,0
BRDA:459,115,1,12
BRDA:459,116,0,12
BRDA:459,116,1,12
BRDA:459,116,2,12
BRDA:462,117,0,1
BRDA:462,117,1,11
BRDA:472,118,0,11
BRDA:472,118,1,0
BRDA:473,119,0,2
BRDA:473,119,1,10
BRDA:479,120,0,1
BRDA:479,120,1,0
BRDA:479,121,0,3
BRDA:479,121,1,3
BRDA:481,122,0,1
BRDA:481,122,1,0
BRDA:486,123,0,1
BRDA:486,123,1,1
BRDA:489,124,0,1
BRDA:489,124,1,0
BRDA:489,125,0,1
BRDA:489,125,1,1
BRDA:490,126,0,0
BRDA:490,126,1,1
BRDA:491,127,0,0
BRDA:491,127,1,1
BRDA:492,128,0,1
BRDA:492,128,1,0
BRDA:492,129,0,1
BRDA:492,129,1,1
BRDA:493,130,0,1
BRDA:493,130,1,1
BRDA:493,130,2,1
BRDA:510,131,0,0
BRDA:510,131,1,11
BRDA:518,132,0,1
BRDA:518,132,1,10
BRDA:522,133,0,6
BRDA:522,133,1,4
BRDA:523,134,0,10
BRDA:523,134,1,0
BRDA:526,135,0,11
BRDA:526,135,1,1
BRDA:526,136,0,0
BRDA:526,136,1,1
BRDA:529,137,0,11
BRDA:529,137,1,0
BRDA:531,138,0,7
BRDA:531,138,1,3
BRDA:532,139,0,6
BRDA:532,139,1,1
BRDA:533,140,0,6
BRDA:533,140,1,0
BRDA:536,141,0,2
BRDA:536,141,1,1
BRDA:537,142,0,2
BRDA:537,142,1,0
BRDA:538,143,0,2
BRDA:538,143,1,0
BRDA:539,144,0,2
BRDA:539,144,1,0
BRDA:543,145,0,1
BRDA:543,145,1,0
BRDA:544,146,0,1
BRDA:544,146,1,0
BRDA:548,147,0,0
BRDA:548,147,1,1
BRDA:548,148,0,1
BRDA:548,148,1,1
BRDA:548,148,2,1
BRDA:548,148,3,1
BRDA:548,148,4,1
BRDA:550,149,0,0
BRDA:550,149,1,1
BRDA:550,150,0,1
BRDA:550,150,1,1
BRDA:552,151,0,0
BRDA:552,151,1,1
BRDA:552,152,0,1
BRDA:552,152,1,1
BRDA:552,152,2,1
BRDA:554,153,0,1
BRDA:554,153,1,0
BRDA:554,154,0,1
BRDA:554,154,1,1
BRDA:554,154,2,0
BRDA:556,155,0,0
BRDA:556,155,1,0
BRDA:556,156,0,0
BRDA:556,156,1,0
BRDA:558,157,0,0
BRDA:558,157,1,0
BRDA:558,158,0,0
BRDA:558,158,1,0
BRDA:558,158,2,0
BRDA:558,158,3,0
BRDA:562,159,0,1
BRDA:562,159,1,0
BRDA:562,160,0,1
BRDA:562,160,1,1
BRDA:562,160,2,1
BRDA:566,161,0,1
BRDA:566,161,1,0
BRDA:570,162,0,7
BRDA:570,162,1,3
BRDA:572,163,0,2
BRDA:572,163,1,1
BRDA:574,164,0,1
BRDA:574,164,1,0
BRDA:575,165,0,1
BRDA:575,165,1,0
BRDA:576,166,0,1
BRDA:576,166,1,0
BRDA:583,167,0,5
BRDA:583,167,1,5
BRDA:586,168,0,3
BRDA:586,168,1,2
BRDA:588,169,0,3
BRDA:588,169,1,3
BRDA:591,170,0,3
BRDA:591,170,1,0
BRDA:592,171,0,3
BRDA:592,171,1,3
BRDA:593,172,0,3
BRDA:593,172,1,3
BRDA:594,173,0,3
BRDA:594,173,1,3
BRDA:595,174,0,3
BRDA:595,174,1,3
BRDA:596,175,0,3
BRDA:596,175,1,3
BRDA:598,176,0,3
BRDA:598,176,1,0
BRDA:599,177,0,2
BRDA:599,177,1,1
BRDA:599,178,0,3
BRDA:599,178,1,3
BRDA:603,179,0,3
BRDA:603,179,1,0
BRDA:603,180,0,3
BRDA:603,180,1,2
BRDA:618,181,0,2
BRDA:618,181,1,1
BRDA:628,182,0,3
BRDA:628,182,1,7
BRDA:637,183,0,0
BRDA:637,183,1,3
BRDA:642,184,0,2
BRDA:642,184,1,1
BRDA:644,185,0,2
BRDA:644,185,1,0
BRDA:645,186,0,2
BRDA:645,186,1,0
BRDA:649,187,0,1
BRDA:649,187,1,0
BRDA:651,188,0,1
BRDA:651,188,1,1
BRDA:667,189,0,1
BRDA:667,189,1,1
BRDA:668,190,0,2
BRDA:668,190,1,1
BRDA:674,191,0,1
BRDA:674,191,1,1
BRDA:687,192,0,1
BRDA:687,192,1,0
BRDA:691,193,0,1
BRDA:691,193,1,0
BRDA:691,194,0,1
BRDA:691,194,1,0
BRDA:694,195,0,0
BRDA:694,195,1,0
BRDA:695,196,0,0
BRDA:695,196,1,1
BRDA:701,197,0,0
BRDA:701,197,1,0
BRDA:707,198,0,0
BRDA:707,198,1,2
BRDA:707,199,0,2
BRDA:707,199,1,2
BRDA:715,200,0,0
BRDA:715,200,1,2
BRDA:720,201,0,2
BRDA:720,201,1,0
BRDA:721,202,0,1
BRDA:721,202,1,1
BRDA:760,203,0,0
BRDA:760,203,1,3
BRDA:760,204,0,3
BRDA:760,204,1,3
BRDA:778,205,0,1
BRDA:778,205,1,0
BRDA:782,206,0,2
BRDA:782,206,1,0
BRDA:782,207,0,2
BRDA:782,207,1,2
BRDA:782,207,2,2
BRDA:792,208,0,0
BRDA:792,208,1,0
BRDA:796,209,0,2
BRDA:796,209,1,0
BRDA:805,210,0,0
BRDA:805,210,1,0
BRDA:808,211,0,2
BRDA:808,211,1,0
BRDA:808,212,0,2
BRDA:808,212,1,2
BRDA:808,212,2,2
BRDA:809,213,0,2
BRDA:809,213,1,0
BRDA:820,214,0,0
BRDA:820,214,1,0
BRDA:825,215,0,2
BRDA:825,215,1,0
BRDA:829,216,0,2
BRDA:829,216,1,0
BRDA:840,217,0,1
BRDA:840,217,1,0
BRDA:853,218,0,0
BRDA:853,218,1,2
BRDA:853,219,0,2
BRDA:853,219,1,2
BRDA:864,220,0,0
BRDA:864,220,1,2
BRDA:868,221,0,2
BRDA:868,221,1,0
BRDA:869,222,0,2
BRDA:869,222,1,1
BRDA:870,223,0,1
BRDA:870,223,1,1
BRDA:875,224,0,0
BRDA:875,224,1,1
BRDA:879,225,0,0
BRDA:879,225,1,1
BRDA:883,226,0,1
BRDA:883,226,1,0
BRDA:886,227,0,1
BRDA:886,227,1,0
BRDA:889,228,0,2
BRDA:889,228,1,0
BRDA:889,229,0,0
BRDA:889,229,1,0
BRDA:892,230,0,1
BRDA:892,230,1,0
BRDA:893,231,0,1
BRDA:893,231,1,0
BRDA:895,232,0,0
BRDA:895,232,1,0
BRDA:896,233,0,0
BRDA:896,233,1,0
BRDA:897,234,0,0
BRDA:897,234,1,0
BRDA:900,235,0,0
BRDA:900,235,1,0
BRDA:901,236,0,0
BRDA:901,236,1,0
BRDA:905,237,0,1
BRDA:905,237,1,0
BRDA:907,238,0,0
BRDA:907,238,1,0
BRDA:909,239,0,0
BRDA:909,239,1,0
BRDA:910,240,0,0
BRDA:910,240,1,0
BRDA:911,241,0,0
BRDA:911,241,1,0
BRDA:918,242,0,0
BRDA:918,242,1,1
BRDA:921,243,0,0
BRDA:921,243,1,0
BRDA:923,244,0,0
BRDA:923,244,1,0
BRDA:941,245,0,0
BRDA:941,245,1,1
BRDA:945,246,0,0
BRDA:945,246,1,0
BRDA:946,247,0,0
BRDA:946,247,1,0
BRDA:952,248,0,0
BRDA:952,248,1,1
BRDA:960,249,0,1
BRDA:960,249,1,0
BRF:517
BRH:295
end_of_record
TN:
SF:src\hooks\useExerciseSearch.js
FN:43,passesEquipmentGate
FN:46,(anonymous_1)
FN:57,passesMedicalGate
FN:61,(anonymous_3)
FN:72,matchesQuery
FN:79,(anonymous_5)
FN:91,mapAvailableEquipment
FN:93,(anonymous_7)
FN:126,mapMedicalFlags
FN:128,(anonymous_9)
FN:154,useExerciseSearch
FN:160,(anonymous_11)
FN:163,(anonymous_12)
FN:167,(anonymous_13)
FN:173,(anonymous_14)
FN:174,(anonymous_15)
FN:177,(anonymous_16)
FN:179,(anonymous_17)
FNF:18
FNH:14
FNDA:0,passesEquipmentGate
FNDA:0,(anonymous_1)
FNDA:0,passesMedicalGate
FNDA:0,(anonymous_3)
FNDA:6726,matchesQuery
FNDA:4980,(anonymous_5)
FNDA:33,mapAvailableEquipment
FNDA:102,(anonymous_7)
FNDA:33,mapMedicalFlags
FNDA:29,(anonymous_9)
FNDA:59,useExerciseSearch
FNDA:21,(anonymous_11)
FNDA:19,(anonymous_12)
FNDA:21,(anonymous_13)
FNDA:33,(anonymous_14)
FNDA:33,(anonymous_15)
FNDA:19,(anonymous_16)
FNDA:6726,(anonymous_17)
DA:32,1
DA:33,1
DA:44,0
DA:45,0
DA:46,0
DA:58,0
DA:59,0
DA:60,0
DA:61,0
DA:73,6726
DA:74,2478
DA:75,2478
DA:76,2442
DA:77,46
DA:79,4980
DA:80,1
DA:82,2395
DA:92,33
DA:93,33
DA:94,102
DA:95,99
DA:96,99
DA:97,72
DA:98,66
DA:99,62
DA:100,57
DA:101,4
DA:102,4
DA:104,53
DA:105,49
DA:106,45
DA:107,41
DA:108,38
DA:110,99
DA:113,33
DA:114,28
DA:117,33
DA:127,33
DA:128,33
DA:129,29
DA:130,26
DA:131,26
DA:132,7
DA:133,19
DA:134,9
DA:135,10
DA:136,4
DA:137,6
DA:138,3
DA:140,26
DA:142,33
DA:156,59
DA:157,59
DA:158,59
DA:160,59
DA:161,21
DA:162,21
DA:163,21
DA:164,19
DA:165,19
DA:167,21
DA:168,21
DA:173,59
DA:174,59
DA:177,59
DA:178,19
DA:179,6726
DA:182,59
LF:68
LH:61
BRDA:44,0,0,0
BRDA:44,0,1,0
BRDA:44,1,0,0
BRDA:44,1,1,0
BRDA:58,2,0,0
BRDA:58,2,1,0
BRDA:58,3,0,0
BRDA:58,3,1,0
BRDA:59,4,0,0
BRDA:59,4,1,0
BRDA:59,5,0,0
BRDA:59,5,1,0
BRDA:73,6,0,4248
BRDA:73,6,1,2478
BRDA:75,7,0,36
BRDA:75,7,1,2442
BRDA:76,8,0,46
BRDA:76,8,1,2396
BRDA:76,9,0,2442
BRDA:76,9,1,2442
BRDA:79,10,0,1
BRDA:79,10,1,2395
BRDA:79,11,0,2396
BRDA:79,11,1,2396
BRDA:94,12,0,3
BRDA:94,12,1,99
BRDA:96,13,0,27
BRDA:96,13,1,72
BRDA:97,14,0,6
BRDA:97,14,1,66
BRDA:98,15,0,4
BRDA:98,15,1,62
BRDA:99,16,0,5
BRDA:99,16,1,57
BRDA:100,17,0,4
BRDA:100,17,1,53
BRDA:104,18,0,4
BRDA:104,18,1,49
BRDA:105,19,0,4
BRDA:105,19,1,45
BRDA:106,20,0,4
BRDA:106,20,1,41
BRDA:107,21,0,38
BRDA:107,21,1,3
BRDA:113,22,0,28
BRDA:113,22,1,5
BRDA:113,23,0,33
BRDA:113,23,1,27
BRDA:129,24,0,3
BRDA:129,24,1,26
BRDA:131,25,0,7
BRDA:131,25,1,19
BRDA:131,26,0,26
BRDA:131,26,1,22
BRDA:133,27,0,9
BRDA:133,27,1,10
BRDA:133,28,0,19
BRDA:133,28,1,16
BRDA:133,28,2,13
BRDA:135,29,0,4
BRDA:135,29,1,6
BRDA:137,30,0,3
BRDA:137,30,1,3
BRDA:154,31,0,59
BRDA:154,32,0,59
BRDA:154,33,0,59
BRDA:162,34,0,4
BRDA:162,34,1,17
BRDA:168,35,0,21
BRDA:168,35,1,0
BRF:70
BRH:57
end_of_record
TN:
SF:src\hooks\useOnboarding.js
FN:22,(anonymous_0)
FN:28,(anonymous_1)
FN:57,(anonymous_2)
FN:58,(anonymous_3)
FN:61,(anonymous_4)
FN:79,(anonymous_5)
FN:81,(anonymous_6)
FN:83,(anonymous_7)
FN:89,(anonymous_8)
FN:90,(anonymous_9)
FN:93,(anonymous_10)
FN:94,(anonymous_11)
FN:96,(anonymous_12)
FN:102,(anonymous_13)
FN:103,(anonymous_14)
FN:105,(anonymous_15)
FN:112,(anonymous_16)
FN:129,(anonymous_17)
FN:156,(anonymous_18)
FN:177,(anonymous_19)
FN:189,(anonymous_20)
FN:194,(anonymous_21)
FN:220,(anonymous_22)
FN:225,(anonymous_23)
FNF:24
FNH:22
FNDA:48,(anonymous_0)
FNDA:2,(anonymous_1)
FNDA:29,(anonymous_2)
FNDA:29,(anonymous_3)
FNDA:2,(anonymous_4)
FNDA:4,(anonymous_5)
FNDA:3,(anonymous_6)
FNDA:1,(anonymous_7)
FNDA:1,(anonymous_8)
FNDA:1,(anonymous_9)
FNDA:2,(anonymous_10)
FNDA:2,(anonymous_11)
FNDA:1,(anonymous_12)
FNDA:2,(anonymous_13)
FNDA:2,(anonymous_14)
FNDA:1,(anonymous_15)
FNDA:10,(anonymous_16)
FNDA:10,(anonymous_17)
FNDA:1,(anonymous_18)
FNDA:7,(anonymous_19)
FNDA:2,(anonymous_20)
FNDA:0,(anonymous_21)
FNDA:2,(anonymous_22)
FNDA:0,(anonymous_23)
DA:7,1
DA:8,1
DA:9,1
DA:11,1
DA:22,1
DA:23,48
DA:24,48
DA:26,48
DA:28,48
DA:29,2
DA:30,2
DA:31,2
DA:32,2
DA:33,0
DA:36,0
DA:39,48
DA:40,48
DA:42,48
DA:57,48
DA:58,29
DA:61,48
DA:62,2
DA:63,2
DA:64,2
DA:65,2
DA:67,2
DA:68,2
DA:69,2
DA:70,1
DA:72,1
DA:73,1
DA:75,2
DA:79,48
DA:80,4
DA:81,3
DA:82,3
DA:83,1
DA:85,3
DA:89,48
DA:90,1
DA:93,48
DA:94,2
DA:95,2
DA:96,1
DA:98,2
DA:102,48
DA:103,2
DA:104,2
DA:105,1
DA:107,2
DA:112,48
DA:113,10
DA:115,4
DA:117,2
DA:119,1
DA:121,1
DA:123,1
DA:125,1
DA:129,48
DA:130,10
DA:131,10
DA:133,10
DA:134,1
DA:135,1
DA:138,9
DA:139,9
DA:140,9
DA:141,9
DA:143,9
DA:144,3
DA:145,6
DA:146,2
DA:152,4
DA:153,1
DA:154,3
DA:156,1
DA:157,1
DA:162,2
DA:163,1
DA:167,1
DA:168,1
DA:174,9
DA:176,8
DA:177,7
DA:179,1
DA:182,1
DA:183,1
DA:185,9
DA:189,48
DA:190,2
DA:191,2
DA:192,2
DA:193,2
DA:194,2
DA:195,2
DA:210,1
DA:211,1
DA:213,1
DA:214,1
DA:216,2
DA:220,48
DA:221,2
DA:222,2
DA:223,2
DA:224,2
DA:225,2
DA:226,2
DA:241,1
DA:242,1
DA:244,1
DA:245,1
DA:247,2
DA:251,48
LF:113
LH:111
BRDA:29,0,0,0
BRDA:29,0,1,2
BRDA:32,1,0,0
BRDA:32,1,1,2
BRDA:32,2,0,2
BRDA:32,2,1,0
BRDA:32,2,2,0
BRDA:62,3,0,0
BRDA:62,3,1,2
BRDA:65,4,0,0
BRDA:65,4,1,2
BRDA:80,5,0,1
BRDA:80,5,1,3
BRDA:82,6,0,1
BRDA:82,6,1,2
BRDA:95,7,0,1
BRDA:95,7,1,1
BRDA:104,8,0,1
BRDA:104,8,1,1
BRDA:113,9,0,4
BRDA:113,9,1,2
BRDA:113,9,2,1
BRDA:113,9,3,1
BRDA:113,9,4,1
BRDA:113,9,5,1
BRDA:115,10,0,4
BRDA:115,10,1,3
BRDA:117,11,0,2
BRDA:117,11,1,2
BRDA:117,11,2,2
BRDA:117,11,3,2
BRDA:119,12,0,1
BRDA:119,12,1,1
BRDA:121,13,0,1
BRDA:121,13,1,1
BRDA:123,14,0,1
BRDA:123,14,1,1
BRDA:130,15,0,0
BRDA:130,15,1,10
BRDA:133,16,0,1
BRDA:133,16,1,9
BRDA:143,17,0,3
BRDA:143,17,1,6
BRDA:145,18,0,2
BRDA:145,18,1,4
BRDA:152,19,0,1
BRDA:152,19,1,3
BRDA:154,20,0,1
BRDA:154,20,1,2
BRDA:162,21,0,1
BRDA:162,21,1,1
BRDA:167,22,0,1
BRDA:167,22,1,0
BRDA:176,23,0,7
BRDA:176,23,1,1
BRDA:190,24,0,0
BRDA:190,24,1,2
BRDA:198,25,0,0
BRDA:198,25,1,2
BRDA:199,26,0,0
BRDA:199,26,1,2
BRDA:200,27,0,0
BRDA:200,27,1,2
BRDA:221,28,0,0
BRDA:221,28,1,2
BRF:65
BRH:52
end_of_record
TN:
SF:src\hooks\usePRDetection.js
FN:16,usePRDetection
FN:17,(anonymous_1)
FNF:2
FNH:2
FNDA:5,usePRDetection
FNDA:6,(anonymous_1)
DA:7,1
DA:17,5
DA:18,6
DA:19,0
DA:24,6
DA:25,6
DA:27,6
DA:28,6
DA:30,6
DA:32,1
DA:35,5
DA:36,5
DA:37,4
DA:38,3
DA:39,3
DA:46,4
DA:50,5
DA:52,1
DA:53,1
DA:56,1
DA:63,1
DA:69,4
DA:72,6
DA:77,6
DA:79,2
DA:80,2
DA:83,2
DA:90,2
DA:93,2
DA:95,1
DA:97,1
DA:101,5
LF:32
LH:31
BRDA:18,0,0,0
BRDA:18,0,1,6
BRDA:18,1,0,6
BRDA:18,1,1,6
BRDA:24,2,0,0
BRDA:24,2,1,6
BRDA:24,3,0,6
BRDA:24,3,1,0
BRDA:25,4,0,6
BRDA:25,4,1,0
BRDA:30,5,0,1
BRDA:30,5,1,5
BRDA:37,6,0,3
BRDA:37,6,1,1
BRDA:40,7,0,0
BRDA:40,7,1,3
BRDA:40,8,0,3
BRDA:40,8,1,0
BRDA:41,9,0,3
BRDA:41,9,1,0
BRDA:50,10,0,1
BRDA:50,10,1,4
BRDA:69,11,0,4
BRDA:69,11,1,2
BRDA:69,11,2,1
BRDA:72,12,0,6
BRDA:72,12,1,1
BRDA:73,13,0,0
BRDA:73,13,1,1
BRDA:73,14,0,1
BRDA:73,14,1,0
BRDA:77,15,0,2
BRDA:77,15,1,4
BRF:33
BRH:24
end_of_record
TN:
SF:src\hooks\useProgress.js
FN:8,clearStrengthCache
FN:13,(anonymous_1)
FN:21,getISOWeek
FN:38,useStrengthData
FN:43,(anonymous_4)
FN:59,fetchStrength
FN:88,(anonymous_6)
FN:89,(anonymous_7)
FN:120,(anonymous_8)
FN:121,(anonymous_9)
FN:141,(anonymous_10)
FN:146,(anonymous_11)
FN:159,useVolumeData
FN:164,(anonymous_13)
FN:173,fetchVolume
FN:209,(anonymous_15)
FN:221,(anonymous_16)
FN:222,(anonymous_17)
FN:240,(anonymous_18)
FN:245,(anonymous_19)
FN:257,usePRList
FN:263,(anonymous_21)
FN:264,(anonymous_22)
FN:267,(anonymous_23)
FN:276,fetchPRs
FN:285,(anonymous_25)
FN:297,(anonymous_26)
FN:319,(anonymous_27)
FN:324,(anonymous_28)
FNF:29
FNH:29
FNDA:11,clearStrengthCache
FNDA:1,(anonymous_1)
FNDA:7,getISOWeek
FNDA:15,useStrengthData
FNDA:8,(anonymous_4)
FNDA:5,fetchStrength
FNDA:4,(anonymous_6)
FNDA:4,(anonymous_7)
FNDA:1,(anonymous_8)
FNDA:4,(anonymous_9)
FNDA:5,(anonymous_10)
FNDA:12,(anonymous_11)
FNDA:6,useVolumeData
FNDA:3,(anonymous_13)
FNDA:2,fetchVolume
FNDA:2,(anonymous_15)
FNDA:4,(anonymous_16)
FNDA:3,(anonymous_17)
FNDA:2,(anonymous_18)
FNDA:4,(anonymous_19)
FNDA:11,usePRList
FNDA:1,(anonymous_21)
FNDA:1,(anonymous_22)
FNDA:5,(anonymous_23)
FNDA:4,fetchPRs
FNDA:6,(anonymous_25)
FNDA:3,(anonymous_26)
FNDA:4,(anonymous_27)
FNDA:7,(anonymous_28)
DA:6,1
DA:9,11
DA:13,1
DA:14,1
DA:15,1
DA:16,1
DA:17,1
DA:22,7
DA:24,7
DA:25,7
DA:26,7
DA:27,7
DA:39,15
DA:40,15
DA:41,15
DA:43,15
DA:44,8
DA:45,2
DA:46,2
DA:49,6
DA:50,6
DA:51,1
DA:52,1
DA:53,1
DA:56,5
DA:57,5
DA:60,5
DA:61,5
DA:62,5
DA:63,5
DA:64,5
DA:65,5
DA:67,4
DA:69,3
DA:70,3
DA:71,3
DA:73,3
DA:76,3
DA:77,4
DA:78,4
DA:79,4
DA:81,4
DA:82,4
DA:83,4
DA:85,4
DA:87,4
DA:88,4
DA:89,4
DA:91,4
DA:92,4
DA:93,4
DA:95,4
DA:96,8
DA:97,8
DA:98,8
DA:100,8
DA:101,6
DA:102,6
DA:103,2
DA:104,2
DA:108,4
DA:119,3
DA:120,1
DA:121,4
DA:123,3
DA:125,3
DA:126,3
DA:129,1
DA:130,1
DA:133,5
DA:134,4
DA:139,5
DA:141,5
DA:142,5
DA:146,15
DA:148,15
DA:160,6
DA:161,6
DA:162,6
DA:164,6
DA:165,3
DA:166,1
DA:167,1
DA:170,2
DA:171,2
DA:174,2
DA:175,2
DA:176,2
DA:177,2
DA:178,2
DA:179,2
DA:181,2
DA:182,2
DA:189,2
DA:191,1
DA:194,1
DA:195,1
DA:196,1
DA:198,1
DA:199,4
DA:200,4
DA:201,4
DA:205,1
DA:206,1
DA:209,1
DA:210,2
DA:211,2
DA:212,2
DA:214,2
DA:215,2
DA:220,1
DA:221,4
DA:222,3
DA:224,1
DA:225,1
DA:228,1
DA:229,1
DA:232,2
DA:233,2
DA:238,2
DA:240,2
DA:241,2
DA:245,6
DA:247,6
DA:258,11
DA:259,11
DA:260,11
DA:261,11
DA:263,11
DA:264,1
DA:267,11
DA:268,5
DA:269,1
DA:270,1
DA:273,4
DA:274,4
DA:277,4
DA:278,4
DA:279,4
DA:280,4
DA:281,4
DA:283,3
DA:285,3
DA:286,6
DA:287,6
DA:297,3
DA:298,3
DA:299,3
DA:300,3
DA:303,3
DA:304,3
DA:307,1
DA:308,1
DA:311,4
DA:312,4
DA:317,4
DA:319,4
DA:320,4
DA:324,11
DA:326,11
LF:160
LH:160
BRDA:24,0,0,7
BRDA:24,0,1,0
BRDA:38,1,0,15
BRDA:44,2,0,2
BRDA:44,2,1,6
BRDA:44,3,0,8
BRDA:44,3,1,7
BRDA:50,4,0,1
BRDA:50,4,1,5
BRDA:67,5,0,1
BRDA:67,5,1,3
BRDA:77,6,0,0
BRDA:77,6,1,4
BRDA:79,7,0,4
BRDA:79,7,1,3
BRDA:81,8,0,4
BRDA:81,8,1,0
BRDA:85,9,0,0
BRDA:85,9,1,4
BRDA:91,10,0,4
BRDA:91,10,1,0
BRDA:91,11,0,4
BRDA:91,11,1,4
BRDA:97,12,0,1
BRDA:97,12,1,7
BRDA:97,13,0,7
BRDA:97,13,1,0
BRDA:98,14,0,8
BRDA:98,14,1,0
BRDA:100,15,0,6
BRDA:100,15,1,2
BRDA:103,16,0,2
BRDA:103,16,1,0
BRDA:103,17,0,2
BRDA:103,17,1,2
BRDA:109,18,0,4
BRDA:109,18,1,1
BRDA:125,19,0,3
BRDA:125,19,1,0
BRDA:129,20,0,1
BRDA:129,20,1,0
BRDA:130,21,0,1
BRDA:130,21,1,0
BRDA:133,22,0,4
BRDA:133,22,1,1
BRDA:159,23,0,6
BRDA:165,24,0,1
BRDA:165,24,1,2
BRDA:191,25,0,0
BRDA:191,25,1,1
BRDA:211,26,0,2
BRDA:211,26,1,2
BRDA:214,27,0,2
BRDA:214,27,1,0
BRDA:215,28,0,2
BRDA:215,28,1,0
BRDA:224,29,0,1
BRDA:224,29,1,0
BRDA:228,30,0,1
BRDA:228,30,1,0
BRDA:229,31,0,1
BRDA:229,31,1,0
BRDA:232,32,0,2
BRDA:232,32,1,0
BRDA:268,33,0,1
BRDA:268,33,1,4
BRDA:283,34,0,0
BRDA:283,34,1,3
BRDA:289,35,0,6
BRDA:289,35,1,3
BRDA:289,35,2,0
BRDA:298,36,0,0
BRDA:298,36,1,3
BRDA:298,37,0,2
BRDA:298,37,1,1
BRDA:299,38,0,1
BRDA:299,38,1,2
BRDA:299,39,0,2
BRDA:299,39,1,0
BRDA:303,40,0,3
BRDA:303,40,1,0
BRDA:307,41,0,1
BRDA:307,41,1,0
BRDA:308,42,0,1
BRDA:308,42,1,0
BRDA:311,43,0,4
BRDA:311,43,1,0
BRF:87
BRH:61
end_of_record
TN:
SF:src\hooks\useWeeklyRecap.js
FN:8,getISOWeek
FN:17,useWeeklyRecap
FN:29,(anonymous_2)
FN:33,(anonymous_3)
FN:72,(anonymous_4)
FN:74,(anonymous_5)
FN:137,(anonymous_6)
FN:141,(anonymous_7)
FNF:8
FNH:8
FNDA:22,getISOWeek
FNDA:22,useWeeklyRecap
FNDA:13,(anonymous_2)
FNDA:13,(anonymous_3)
FNDA:3,(anonymous_4)
FNDA:5,(anonymous_5)
FNDA:13,(anonymous_6)
FNDA:2,(anonymous_7)
DA:9,22
DA:11,22
DA:12,22
DA:13,22
DA:14,22
DA:18,22
DA:19,22
DA:21,22
DA:22,22
DA:23,22
DA:25,22
DA:26,22
DA:27,22
DA:29,22
DA:30,13
DA:33,22
DA:34,13
DA:35,1
DA:36,1
DA:38,12
DA:39,12
DA:40,12
DA:41,12
DA:42,12
DA:43,12
DA:46,12
DA:47,12
DA:53,12
DA:55,11
DA:56,11
DA:57,11
DA:58,11
DA:59,11
DA:60,11
DA:61,11
DA:64,11
DA:65,10
DA:66,10
DA:67,10
DA:69,10
DA:70,10
DA:72,10
DA:73,3
DA:74,3
DA:75,5
DA:76,4
DA:77,4
DA:78,4
DA:80,4
DA:81,2
DA:82,2
DA:83,2
DA:84,2
DA:85,2
DA:92,8
DA:93,8
DA:94,1
DA:95,7
DA:96,1
DA:100,8
DA:101,8
DA:105,8
DA:106,8
DA:109,8
DA:110,8
DA:111,1
DA:112,7
DA:113,1
DA:114,6
DA:115,1
DA:116,5
DA:117,1
DA:120,8
DA:130,4
DA:131,4
DA:133,12
DA:137,22
DA:138,13
DA:141,22
DA:142,2
DA:143,2
DA:146,22
LF:82
LH:82
BRDA:11,0,0,22
BRDA:11,0,1,16
BRDA:34,1,0,1
BRDA:34,1,1,12
BRDA:66,2,0,10
BRDA:66,2,1,6
BRDA:67,3,0,10
BRDA:67,3,1,4
BRDA:74,4,0,3
BRDA:74,4,1,0
BRDA:75,5,0,4
BRDA:75,5,1,1
BRDA:75,6,0,5
BRDA:75,6,1,3
BRDA:77,7,0,2
BRDA:77,7,1,2
BRDA:77,8,0,2
BRDA:77,8,1,0
BRDA:78,9,0,4
BRDA:78,9,1,0
BRDA:80,10,0,2
BRDA:80,10,1,2
BRDA:82,11,0,2
BRDA:82,11,1,0
BRDA:83,12,0,2
BRDA:83,12,1,0
BRDA:83,13,0,2
BRDA:83,13,1,2
BRDA:85,14,0,2
BRDA:85,14,1,0
BRDA:93,15,0,1
BRDA:93,15,1,7
BRDA:93,16,0,8
BRDA:93,16,1,1
BRDA:95,17,0,1
BRDA:95,17,1,6
BRDA:95,18,0,7
BRDA:95,18,1,1
BRDA:110,19,0,1
BRDA:110,19,1,7
BRDA:112,20,0,1
BRDA:112,20,1,6
BRDA:114,21,0,1
BRDA:114,21,1,5
BRDA:116,22,0,1
BRDA:116,22,1,4
BRDA:131,23,0,4
BRDA:131,23,1,0
BRF:48
BRH:41
end_of_record
TN:
SF:src\lib\apiClient.js
FN:12,(anonymous_0)
FN:20,(anonymous_1)
FN:36,(anonymous_2)
FN:55,(anonymous_3)
FN:57,(anonymous_4)
FN:58,(anonymous_5)
FN:59,(anonymous_6)
FNF:7
FNH:6
FNDA:32,(anonymous_0)
FNDA:0,(anonymous_1)
FNDA:1,(anonymous_2)
FNDA:2,(anonymous_3)
FNDA:1,(anonymous_4)
FNDA:1,(anonymous_5)
FNDA:1,(anonymous_6)
DA:3,3
DA:12,3
DA:13,32
DA:14,32
DA:17,5
DA:19,5
DA:20,5
DA:22,5
DA:23,5
DA:33,3
DA:35,3
DA:36,2
DA:37,2
DA:40,1
DA:41,1
DA:43,4
DA:44,4
DA:45,1
DA:47,3
DA:55,3
DA:56,2
DA:57,1
DA:58,1
DA:59,1
LF:24
LH:24
BRDA:3,0,0,3
BRDA:3,0,1,3
BRDA:3,1,0,3
BRDA:3,1,1,0
BRDA:12,2,0,32
BRDA:12,3,0,32
BRDA:14,4,0,27
BRDA:14,4,1,5
BRDA:35,5,0,2
BRDA:35,5,1,1
BRDA:37,6,0,2
BRDA:37,6,1,1
BRDA:37,6,2,1
BRDA:44,7,0,1
BRDA:44,7,1,3
BRF:15
BRH:14
end_of_record
TN:
SF:src\lib\firebase.js
FN:41,(anonymous_0)
FN:50,(anonymous_1)
FNF:2
FNH:1
FNDA:0,(anonymous_0)
FNDA:2,(anonymous_1)
DA:17,7
DA:19,7
DA:21,7
DA:24,2
DA:25,1
DA:29,7
DA:31,7
DA:32,7
DA:34,7
DA:35,2
DA:36,2
DA:37,2
DA:40,2
DA:41,0
DA:43,0
DA:48,7
DA:49,7
DA:51,2
DA:52,1
DA:53,1
DA:54,1
LF:21
LH:19
BRDA:19,0,0,7
BRDA:19,0,1,5
BRDA:19,0,2,5
BRDA:21,1,0,2
BRDA:21,1,1,5
BRDA:24,2,0,1
BRDA:24,2,1,1
BRDA:24,3,0,2
BRDA:24,3,1,2
BRDA:29,4,0,1
BRDA:29,4,1,6
BRDA:34,5,0,2
BRDA:34,5,1,5
BRDA:48,6,0,7
BRDA:48,6,1,0
BRDA:51,7,0,1
BRDA:51,7,1,1
BRDA:53,8,0,1
BRDA:53,8,1,0
BRF:19
BRH:17
end_of_record
TN:
SF:src\lib\firebaseConfig.js
FN:14,(anonymous_0)
FNF:1
FNH:1
FNDA:28,(anonymous_0)
DA:7,7
DA:14,7
DA:15,28
DA:16,0
DA:28,7
LF:5
LH:4
BRDA:15,0,0,0
BRDA:15,0,1,28
BRF:2
BRH:1
end_of_record
TN:
SF:src\lib\firestoreUtils.js
FN:7,(anonymous_0)
FN:12,(anonymous_1)
FN:17,(anonymous_2)
FN:23,(anonymous_3)
FN:26,(anonymous_4)
FN:48,(anonymous_5)
FN:58,(anonymous_6)
FN:88,(anonymous_7)
FN:134,(anonymous_8)
FN:150,(anonymous_9)
FN:190,(anonymous_10)
FN:239,(anonymous_11)
FN:276,(anonymous_12)
FNF:13
FNH:12
FNDA:61,(anonymous_0)
FNDA:7,(anonymous_1)
FNDA:45,(anonymous_2)
FNDA:1,(anonymous_3)
FNDA:3,(anonymous_4)
FNDA:5,(anonymous_5)
FNDA:42,(anonymous_6)
FNDA:5,(anonymous_7)
FNDA:4,(anonymous_8)
FNDA:4,(anonymous_9)
FNDA:6,(anonymous_10)
FNDA:2,(anonymous_11)
FNDA:0,(anonymous_12)
DA:7,4
DA:8,61
DA:9,61
DA:12,4
DA:13,7
DA:14,7
DA:17,4
DA:18,45
DA:19,45
DA:20,35
DA:23,4
DA:24,1
DA:25,1
DA:26,3
DA:30,4
DA:38,4
DA:48,4
DA:49,5
DA:50,3
DA:52,2
DA:53,0
DA:56,2
DA:58,2
DA:59,42
DA:60,7
DA:62,1
DA:63,1
DA:64,6
DA:65,3
DA:66,3
DA:67,3
DA:68,0
DA:69,0
DA:70,0
DA:72,0
DA:77,2
DA:78,2
DA:80,0
DA:81,0
DA:88,4
DA:89,5
DA:90,0
DA:92,5
DA:93,0
DA:95,5
DA:96,0
DA:100,5
DA:101,5
DA:102,0
DA:105,5
DA:106,5
DA:108,5
DA:109,1
DA:111,4
DA:112,0
DA:115,4
DA:127,5
DA:130,5
DA:131,5
DA:134,5
DA:135,4
DA:136,4
DA:137,0
DA:140,4
DA:141,4
DA:142,4
DA:143,0
DA:146,4
DA:147,0
DA:150,4
DA:151,4
DA:152,4
DA:153,4
DA:154,2
DA:156,2
DA:157,0
DA:159,2
DA:166,4
DA:175,4
DA:176,4
DA:179,5
DA:180,5
DA:182,0
DA:183,0
DA:190,4
DA:191,6
DA:192,0
DA:195,6
DA:196,6
DA:197,1
DA:200,5
DA:201,0
DA:204,5
DA:205,5
DA:206,6
DA:208,6
DA:209,1
DA:211,4
DA:212,1
DA:215,3
DA:223,6
DA:224,3
DA:227,3
DA:228,3
DA:229,3
DA:231,0
DA:232,0
DA:239,4
DA:240,2
DA:241,0
DA:244,2
DA:245,2
DA:246,1
DA:249,1
DA:250,1
DA:251,1
DA:254,0
DA:260,0
DA:261,0
DA:263,0
DA:264,0
DA:267,0
DA:268,0
DA:269,0
DA:271,0
DA:272,0
DA:276,4
DA:277,0
DA:278,0
LF:129
LH:94
BRDA:7,0,0,61
BRDA:8,1,0,0
BRDA:8,1,1,61
BRDA:13,2,0,0
BRDA:13,2,1,7
BRDA:17,3,0,45
BRDA:18,4,0,26
BRDA:18,4,1,19
BRDA:19,5,0,10
BRDA:19,5,1,35
BRDA:19,6,0,45
BRDA:19,6,1,35
BRDA:23,7,0,1
BRDA:24,8,0,0
BRDA:24,8,1,1
BRDA:26,9,0,3
BRDA:26,9,1,0
BRDA:49,10,0,3
BRDA:49,10,1,2
BRDA:49,11,0,5
BRDA:49,11,1,2
BRDA:49,11,2,2
BRDA:52,12,0,0
BRDA:52,12,1,2
BRDA:52,13,0,2
BRDA:52,13,1,2
BRDA:59,14,0,7
BRDA:59,14,1,35
BRDA:60,15,0,1
BRDA:60,15,1,6
BRDA:62,16,0,1
BRDA:62,16,1,0
BRDA:64,17,0,3
BRDA:64,17,1,3
BRDA:66,18,0,3
BRDA:66,18,1,0
BRDA:68,19,0,0
BRDA:68,19,1,0
BRDA:70,20,0,0
BRDA:70,20,1,0
BRDA:70,21,0,0
BRDA:70,21,1,0
BRDA:89,22,0,0
BRDA:89,22,1,5
BRDA:89,23,0,5
BRDA:89,23,1,5
BRDA:89,23,2,5
BRDA:92,24,0,0
BRDA:92,24,1,5
BRDA:92,25,0,5
BRDA:92,25,1,5
BRDA:95,26,0,0
BRDA:95,26,1,5
BRDA:95,27,0,5
BRDA:95,27,1,5
BRDA:101,28,0,0
BRDA:101,28,1,5
BRDA:108,29,0,1
BRDA:108,29,1,4
BRDA:111,30,0,0
BRDA:111,30,1,4
BRDA:117,31,0,4
BRDA:117,31,1,4
BRDA:118,32,0,5
BRDA:118,32,1,4
BRDA:119,33,0,5
BRDA:119,33,1,4
BRDA:136,34,0,0
BRDA:136,34,1,4
BRDA:140,35,0,4
BRDA:140,35,1,0
BRDA:142,36,0,0
BRDA:142,36,1,4
BRDA:146,37,0,0
BRDA:146,37,1,4
BRDA:146,38,0,4
BRDA:146,38,1,4
BRDA:153,39,0,2
BRDA:153,39,1,2
BRDA:156,40,0,0
BRDA:156,40,1,2
BRDA:169,41,0,4
BRDA:169,41,1,2
BRDA:170,42,0,4
BRDA:170,42,1,2
BRDA:191,43,0,0
BRDA:191,43,1,6
BRDA:191,44,0,6
BRDA:191,44,1,6
BRDA:191,44,2,6
BRDA:195,45,0,6
BRDA:195,45,1,0
BRDA:196,46,0,1
BRDA:196,46,1,5
BRDA:196,47,0,6
BRDA:196,47,1,6
BRDA:200,48,0,0
BRDA:200,48,1,5
BRDA:200,49,0,5
BRDA:200,49,1,5
BRDA:205,50,0,0
BRDA:205,50,1,5
BRDA:208,51,0,1
BRDA:208,51,1,5
BRDA:208,52,0,6
BRDA:208,52,1,5
BRDA:208,52,2,5
BRDA:211,53,0,1
BRDA:211,53,1,3
BRDA:217,54,0,3
BRDA:217,54,1,3
BRDA:220,55,0,6
BRDA:220,55,1,0
BRDA:223,56,0,3
BRDA:223,56,1,3
BRDA:224,57,0,0
BRDA:224,57,1,3
BRDA:239,58,0,2
BRDA:240,59,0,0
BRDA:240,59,1,2
BRDA:240,60,0,2
BRDA:240,60,1,2
BRDA:240,60,2,2
BRDA:245,61,0,1
BRDA:245,61,1,1
BRDA:250,62,0,1
BRDA:250,62,1,0
BRDA:260,63,0,0
BRDA:260,63,1,0
BRDA:263,64,0,0
BRDA:263,64,1,0
BRDA:277,65,0,0
BRDA:277,65,1,0
BRF:133
BRH:96
end_of_record
TN:
SF:src\lib\xpHelpers.js
FN:23,deriveLevelFromXP
FN:70,evaluateStreak
FNF:2
FNH:2
FNDA:21,deriveLevelFromXP
FNDA:7,evaluateStreak
DA:8,3
DA:24,21
DA:27,21
DA:28,21
DA:29,63
DA:30,21
DA:31,21
DA:35,21
DA:36,21
DA:38,21
DA:40,3
DA:41,3
DA:42,3
DA:43,3
DA:44,3
DA:45,3
DA:49,18
DA:50,18
DA:51,18
DA:52,18
DA:53,18
DA:54,18
DA:55,18
DA:56,18
DA:58,18
DA:71,7
DA:72,7
DA:74,7
DA:75,2
DA:78,5
DA:79,5
DA:81,5
DA:84,5
DA:86,1
DA:87,4
DA:88,3
DA:90,1
DA:93,5
DA:94,5
DA:95,1
DA:96,4
DA:97,1
DA:100,5
LF:43
LH:43
BRDA:29,0,0,21
BRDA:29,0,1,42
BRDA:36,1,0,21
BRDA:36,1,1,3
BRDA:38,2,0,3
BRDA:38,2,1,18
BRDA:74,3,0,2
BRDA:74,3,1,5
BRDA:84,4,0,1
BRDA:84,4,1,4
BRDA:87,5,0,3
BRDA:87,5,1,1
BRDA:94,6,0,1
BRDA:94,6,1,4
BRDA:94,7,0,5
BRDA:94,7,1,1
BRDA:94,7,2,0
BRDA:96,8,0,1
BRDA:96,8,1,3
BRDA:96,9,0,4
BRDA:96,9,1,1
BRDA:96,9,2,0
BRF:22
BRH:20
end_of_record
TN:
SF:src\stores\authStore.js
FN:3,(anonymous_0)
FN:10,(anonymous_1)
FN:16,(anonymous_2)
FN:18,(anonymous_3)
FN:20,(anonymous_4)
FN:22,(anonymous_5)
FN:24,(anonymous_6)
FNF:7
FNH:7
FNDA:13,(anonymous_0)
FNDA:3,(anonymous_1)
FNDA:3,(anonymous_2)
FNDA:2,(anonymous_3)
FNDA:16,(anonymous_4)
FNDA:32,(anonymous_5)
FNDA:1,(anonymous_6)
DA:3,13
DA:10,3
DA:16,3
DA:18,2
DA:20,16
DA:22,32
DA:24,1
LF:7
LH:7
BRDA:12,0,0,3
BRDA:12,0,1,2
BRF:2
BRH:2
end_of_record
TN:
SF:src\stores\useAuthStore.js
FNF:0
FNH:0
LF:0
LH:0
BRF:0
BRH:0
end_of_record
TN:
SF:src\stores\usePlanStore.js
FN:22,currentWeekId
FN:31,(anonymous_1)
FN:39,(anonymous_2)
FN:47,(anonymous_3)
FN:48,(anonymous_4)
FN:50,(anonymous_5)
FNF:6
FNH:6
FNDA:1,currentWeekId
FNDA:1,(anonymous_1)
FNDA:3,(anonymous_2)
FNDA:1,(anonymous_3)
FNDA:1,(anonymous_4)
FNDA:4,(anonymous_5)
DA:23,1
DA:24,1
DA:26,1
DA:27,1
DA:28,1
DA:31,1
DA:40,3
DA:47,1
DA:48,1
DA:51,4
LF:10
LH:10
BRDA:42,0,0,3
BRDA:42,0,1,2
BRDA:42,0,2,1
BRDA:43,1,0,3
BRDA:43,1,1,1
BRF:5
BRH:5
end_of_record
TN:
SF:src\stores\useSquadStore.js
FN:3,(anonymous_0)
FN:12,(anonymous_1)
FN:22,(anonymous_2)
FN:23,(anonymous_3)
FN:25,(anonymous_4)
FNF:5
FNH:5
FNDA:2,(anonymous_0)
FNDA:45,(anonymous_1)
FNDA:1,(anonymous_2)
FNDA:1,(anonymous_3)
FNDA:1,(anonymous_4)
DA:3,2
DA:13,45
DA:22,1
DA:23,1
DA:26,1
LF:5
LH:5
BRDA:14,0,0,45
BRDA:14,0,1,1
BRDA:15,1,0,45
BRDA:15,1,1,1
BRDA:16,2,0,45
BRDA:16,2,1,1
BRDA:17,3,0,45
BRDA:17,3,1,1
BRDA:18,4,0,45
BRDA:18,4,1,44
BRF:10
BRH:10
end_of_record
TN:
SF:src\stores\useUIStore.js
FN:26,(anonymous_0)
FN:40,(anonymous_1)
FN:42,(anonymous_2)
FN:44,(anonymous_3)
FN:45,(anonymous_4)
FN:45,(anonymous_5)
FN:49,(anonymous_6)
FN:50,(anonymous_7)
FN:50,(anonymous_8)
FN:52,(anonymous_9)
FN:53,(anonymous_10)
FN:55,(anonymous_11)
FN:56,(anonymous_12)
FN:56,(anonymous_13)
FN:59,(anonymous_14)
FN:60,(anonymous_15)
FN:61,(anonymous_16)
FN:62,(anonymous_17)
FNF:18
FNH:18
FNDA:2,(anonymous_0)
FNDA:3,(anonymous_1)
FNDA:3,(anonymous_2)
FNDA:1,(anonymous_3)
FNDA:1,(anonymous_4)
FNDA:1,(anonymous_5)
FNDA:1,(anonymous_6)
FNDA:1,(anonymous_7)
FNDA:2,(anonymous_8)
FNDA:1,(anonymous_9)
FNDA:1,(anonymous_10)
FNDA:1,(anonymous_11)
FNDA:2,(anonymous_12)
FNDA:2,(anonymous_13)
FNDA:1,(anonymous_14)
FNDA:1,(anonymous_15)
FNDA:1,(anonymous_16)
FNDA:1,(anonymous_17)
DA:24,2
DA:26,2
DA:41,3
DA:42,3
DA:44,3
DA:45,1
DA:50,2
DA:52,1
DA:53,1
DA:55,1
DA:56,2
DA:59,1
DA:60,1
DA:61,1
DA:62,1
LF:15
LH:15
BRDA:40,0,0,3
BRDA:40,1,0,3
BRDA:52,2,0,1
BRF:3
BRH:3
end_of_record
TN:
SF:src\stores\useVideoBayStore.js
FN:3,(anonymous_0)
FN:9,(anonymous_1)
FN:10,(anonymous_2)
FN:12,(anonymous_3)
FN:13,(anonymous_4)
FN:13,(anonymous_5)
FN:17,(anonymous_6)
FN:18,(anonymous_7)
FNF:8
FNH:8
FNDA:1,(anonymous_0)
FNDA:1,(anonymous_1)
FNDA:1,(anonymous_2)
FNDA:1,(anonymous_3)
FNDA:1,(anonymous_4)
FNDA:1,(anonymous_5)
FNDA:1,(anonymous_6)
FNDA:1,(anonymous_7)
DA:3,1
DA:9,1
DA:10,1
DA:12,1
DA:13,1
DA:17,1
DA:18,1
LF:7
LH:7
BRF:0
BRH:0
end_of_record
TN:
SF:src\stores\useWorkoutStore.js
FN:38,(anonymous_0)
FN:41,(anonymous_1)
FN:48,(anonymous_2)
FN:57,(anonymous_3)
FN:65,(anonymous_4)
FN:67,(anonymous_5)
FN:73,(anonymous_6)
FN:82,(anonymous_7)
FN:94,(anonymous_8)
FN:115,(anonymous_9)
FN:133,(anonymous_10)
FN:134,(anonymous_11)
FN:155,(anonymous_12)
FN:156,(anonymous_13)
FN:157,(anonymous_14)
FN:159,(anonymous_15)
FN:165,(anonymous_16)
FN:166,(anonymous_17)
FN:167,(anonymous_18)
FN:169,(anonymous_19)
FN:178,(anonymous_20)
FN:180,(anonymous_21)
FN:181,(anonymous_22)
FN:184,(anonymous_23)
FN:206,(anonymous_24)
FN:207,(anonymous_25)
FN:208,(anonymous_26)
FN:219,(anonymous_27)
FN:220,(anonymous_28)
FN:221,(anonymous_29)
FN:223,(anonymous_30)
FN:229,(anonymous_31)
FN:229,(anonymous_32)
FN:236,(anonymous_33)
FN:237,(anonymous_34)
FN:239,(anonymous_35)
FN:242,(anonymous_36)
FN:245,(anonymous_37)
FN:246,(anonymous_38)
FN:247,(anonymous_39)
FN:250,(anonymous_40)
FN:251,(anonymous_41)
FN:252,(anonymous_42)
FN:261,(anonymous_43)
FNF:44
FNH:43
FNDA:118,(anonymous_0)
FNDA:808,(anonymous_1)
FNDA:90,(anonymous_2)
FNDA:6,(anonymous_3)
FNDA:1,(anonymous_4)
FNDA:8,(anonymous_5)
FNDA:1,(anonymous_6)
FNDA:1,(anonymous_7)
FNDA:4,(anonymous_8)
FNDA:7,(anonymous_9)
FNDA:5,(anonymous_10)
FNDA:5,(anonymous_11)
FNDA:1,(anonymous_12)
FNDA:1,(anonymous_13)
FNDA:1,(anonymous_14)
FNDA:2,(anonymous_15)
FNDA:3,(anonymous_16)
FNDA:3,(anonymous_17)
FNDA:3,(anonymous_18)
FNDA:6,(anonymous_19)
FNDA:5,(anonymous_20)
FNDA:5,(anonymous_21)
FNDA:5,(anonymous_22)
FNDA:8,(anonymous_23)
FNDA:2,(anonymous_24)
FNDA:2,(anonymous_25)
FNDA:2,(anonymous_26)
FNDA:1,(anonymous_27)
FNDA:1,(anonymous_28)
FNDA:1,(anonymous_29)
FNDA:2,(anonymous_30)
FNDA:1,(anonymous_31)
FNDA:1,(anonymous_32)
FNDA:1,(anonymous_33)
FNDA:1,(anonymous_34)
FNDA:0,(anonymous_35)
FNDA:7,(anonymous_36)
FNDA:1,(anonymous_37)
FNDA:1,(anonymous_38)
FNDA:1,(anonymous_39)
FNDA:1,(anonymous_40)
FNDA:1,(anonymous_41)
FNDA:1,(anonymous_42)
FNDA:74,(anonymous_43)
DA:28,6
DA:38,6
DA:39,118
DA:40,118
DA:41,118
DA:42,808
DA:48,6
DA:49,90
DA:50,90
DA:51,90
DA:52,90
DA:55,6
DA:57,6
DA:65,1
DA:68,8
DA:69,8
DA:71,8
DA:72,1
DA:73,1
DA:83,1
DA:84,1
DA:85,1
DA:88,1
DA:89,1
DA:92,1
DA:94,4
DA:101,1
DA:114,7
DA:115,7
DA:134,5
DA:135,5
DA:136,5
DA:137,5
DA:138,5
DA:139,5
DA:140,5
DA:156,1
DA:157,1
DA:158,1
DA:159,2
DA:160,1
DA:162,1
DA:166,3
DA:167,3
DA:168,3
DA:169,3
DA:170,6
DA:171,3
DA:173,3
DA:175,3
DA:179,5
DA:180,5
DA:181,5
DA:182,5
DA:183,5
DA:184,5
DA:185,8
DA:186,5
DA:187,1
DA:189,4
DA:190,4
DA:191,8
DA:192,8
DA:193,8
DA:194,1
DA:195,1
DA:197,3
DA:199,5
DA:201,5
DA:203,5
DA:207,2
DA:208,2
DA:209,2
DA:210,2
DA:211,2
DA:216,2
DA:220,1
DA:221,1
DA:222,1
DA:223,2
DA:224,1
DA:226,1
DA:229,1
DA:230,1
DA:231,0
DA:233,1
DA:236,1
DA:237,1
DA:240,0
DA:243,7
DA:246,1
DA:247,1
DA:251,1
DA:252,1
DA:253,1
DA:254,1
DA:256,1
DA:261,74
LF:98
LH:96
BRDA:39,0,0,118
BRDA:39,0,1,0
BRDA:40,1,0,118
BRDA:40,1,1,3
BRDA:42,2,0,808
BRDA:42,2,1,805
BRDA:42,2,2,805
BRDA:48,3,0,90
BRDA:49,4,0,90
BRDA:49,4,1,0
BRDA:50,5,0,90
BRDA:50,5,1,0
BRDA:51,6,0,1
BRDA:51,6,1,89
BRDA:67,7,0,8
BRDA:69,8,0,8
BRDA:69,8,1,2
BRDA:71,9,0,1
BRDA:71,9,1,7
BRDA:71,10,0,8
BRDA:71,10,1,1
BRDA:72,11,0,1
BRDA:72,11,1,1
BRDA:72,11,2,0
BRDA:83,12,0,1
BRDA:83,12,1,1
BRDA:83,12,2,1
BRDA:84,13,0,1
BRDA:84,13,1,0
BRDA:88,14,0,1
BRDA:88,14,1,0
BRDA:89,15,0,0
BRDA:89,15,1,1
BRDA:89,16,0,1
BRDA:89,16,1,0
BRDA:92,17,0,1
BRDA:92,17,1,0
BRDA:107,18,0,1
BRDA:107,18,1,0
BRDA:114,19,0,7
BRDA:114,19,1,0
BRDA:136,20,0,5
BRDA:136,20,1,1
BRDA:137,21,0,5
BRDA:137,21,1,0
BRDA:139,22,0,5
BRDA:139,22,1,5
BRDA:139,23,0,0
BRDA:139,23,1,5
BRDA:149,24,0,5
BRDA:149,24,1,4
BRDA:158,25,0,0
BRDA:158,25,1,1
BRDA:159,26,0,1
BRDA:159,26,1,1
BRDA:168,27,0,0
BRDA:168,27,1,3
BRDA:170,28,0,3
BRDA:170,28,1,3
BRDA:182,29,0,0
BRDA:182,29,1,5
BRDA:185,30,0,3
BRDA:185,30,1,5
BRDA:186,31,0,1
BRDA:186,31,1,4
BRDA:186,32,0,5
BRDA:186,32,1,4
BRDA:190,33,0,0
BRDA:190,33,1,4
BRDA:190,34,0,4
BRDA:190,34,1,0
BRDA:191,35,0,8
BRDA:191,35,1,1
BRDA:192,36,0,0
BRDA:192,36,1,4
BRDA:192,37,0,0
BRDA:192,37,1,0
BRDA:193,38,0,1
BRDA:193,38,1,7
BRDA:193,39,0,8
BRDA:193,39,1,4
BRDA:209,40,0,0
BRDA:209,40,1,2
BRDA:213,41,0,0
BRDA:213,41,1,2
BRDA:222,42,0,0
BRDA:222,42,1,1
BRDA:230,43,0,0
BRDA:230,43,1,1
BRDA:230,44,0,1
BRDA:230,44,1,1
BRDA:253,45,0,0
BRDA:253,45,1,1
BRF:93
BRH:67
end_of_record
TN:
SF:src\stores\useXPStore.js
FN:41,(anonymous_0)
FN:50,(anonymous_1)
FN:55,(anonymous_2)
FN:67,(anonymous_3)
FN:74,(anonymous_4)
FNF:5
FNH:5
FNDA:2,(anonymous_0)
FNDA:3,(anonymous_1)
FNDA:3,(anonymous_2)
FNDA:1,(anonymous_3)
FNDA:1,(anonymous_4)
DA:41,2
DA:51,3
DA:52,3
DA:56,3
DA:57,3
DA:58,3
DA:59,3
DA:67,1
DA:75,1
DA:76,1
DA:77,1
LF:11
LH:11
BRDA:50,0,0,3
BRF:1
BRH:1
end_of_record
TN:
SF:src\utils\audioBeep.js
FN:5,playRestTimerBeep
FNF:1
FNH:1
FNDA:3,playRestTimerBeep
DA:6,3
DA:7,3
DA:8,3
DA:10,2
DA:13,2
DA:14,2
DA:16,2
DA:17,2
DA:20,2
DA:21,2
DA:24,2
DA:25,2
DA:28,2
DA:29,2
DA:31,1
LF:15
LH:15
BRDA:7,0,0,3
BRDA:7,0,1,1
BRDA:8,1,0,1
BRDA:8,1,1,2
BRF:4
BRH:4
end_of_record
TN:
SF:src\utils\nlpParser.js
FN:6,(anonymous_0)
FN:20,parseWorkoutText
FN:63,(anonymous_2)
FN:145,(anonymous_3)
FNF:4
FNH:4
FNDA:6,(anonymous_0)
FNDA:12,parseWorkoutText
FNDA:5,(anonymous_2)
FNDA:19,(anonymous_3)
DA:6,2
DA:7,6
DA:12,6
DA:21,12
DA:23,9
DA:27,9
DA:29,9
DA:30,9
DA:31,4
DA:35,9
DA:36,9
DA:39,9
DA:40,9
DA:41,6
DA:42,6
DA:45,3
DA:46,3
DA:47,1
DA:49,3
DA:50,3
DA:51,1
DA:56,9
DA:57,5
DA:58,5
DA:59,2
DA:60,2
DA:61,2
DA:63,2
DA:64,5
DA:65,2
DA:66,2
DA:68,3
DA:69,2
DA:70,2
DA:72,1
DA:75,2
DA:76,1
DA:81,9
DA:82,4
DA:87,9
DA:94,9
DA:97,7
DA:98,7
DA:100,7
DA:101,2478
DA:104,2478
DA:105,0
DA:106,0
DA:110,2478
DA:111,2
DA:112,2
DA:113,2
DA:114,2
DA:119,2478
DA:120,2478
DA:121,5150
DA:122,5150
DA:123,1
DA:124,1
DA:125,1
DA:127,5149
DA:128,12
DA:129,12
DA:130,4
DA:131,4
DA:138,7
DA:139,1
DA:142,6
DA:143,6
DA:145,19
DA:152,12
LF:71
LH:69
BRDA:21,0,0,3
BRDA:21,0,1,9
BRDA:21,1,0,12
BRDA:21,1,1,10
BRDA:30,2,0,4
BRDA:30,2,1,5
BRDA:40,3,0,6
BRDA:40,3,1,3
BRDA:46,4,0,1
BRDA:46,4,1,2
BRDA:50,5,0,1
BRDA:50,5,1,2
BRDA:56,6,0,5
BRDA:56,6,1,4
BRDA:58,7,0,2
BRDA:58,7,1,3
BRDA:64,8,0,2
BRDA:64,8,1,3
BRDA:64,9,0,5
BRDA:64,9,1,2
BRDA:68,10,0,2
BRDA:68,10,1,1
BRDA:68,11,0,3
BRDA:68,11,1,2
BRDA:75,12,0,1
BRDA:75,12,1,1
BRDA:81,13,0,4
BRDA:81,13,1,5
BRDA:94,14,0,2
BRDA:94,14,1,7
BRDA:104,15,0,0
BRDA:104,15,1,2478
BRDA:110,16,0,2
BRDA:110,16,1,2476
BRDA:110,17,0,2478
BRDA:110,17,1,2478
BRDA:112,18,0,2
BRDA:112,18,1,0
BRDA:119,19,0,2478
BRDA:119,19,1,0
BRDA:122,20,0,1
BRDA:122,20,1,5149
BRDA:127,21,0,12
BRDA:127,21,1,5137
BRDA:127,22,0,5149
BRDA:127,22,1,5143
BRDA:129,23,0,4
BRDA:129,23,1,8
BRDA:138,24,0,1
BRDA:138,24,1,6
BRDA:143,25,0,1
BRDA:143,25,1,5
BRDA:143,26,0,6
BRDA:143,26,1,1
BRF:54
BRH:51
end_of_record
